#
# There is insufficient memory for the Java Runtime Environment to continue.
# Native memory allocation (malloc) failed to allocate 155424 bytes. Error detail: Chunk::new
# Possible reasons:
#   The system is out of physical RAM or swap space
#   This process is running with CompressedOops enabled, and the Java Heap may be blocking the growth of the native heap
# Possible solutions:
#   Reduce memory load on the system
#   Increase physical memory or swap space
#   Check if swap backing store is full
#   Decrease Java heap size (-Xmx/-Xms)
#   Decrease number of Java threads
#   Decrease Java thread stack sizes (-Xss)
#   Set larger code cache with -XX:ReservedCodeCacheSize=
#   JVM is running with Unscaled Compressed Oops mode in which the Java heap is
#     placed in the first 4GB address space. The Java Heap base address is the
#     maximum limit for the native heap growth. Please use -XX:HeapBaseMinAddress
#     to set the Java Heap base and to place the Java Heap above 4GB virtual address.
# This output file may be truncated or incomplete.
#
#  Out of Memory Error (arena.cpp:191), pid=12836, tid=12136
#
# JRE version: OpenJDK Runtime Environment Temurin-17.0.11+9 (17.0.11+9) (build 17.0.11+9)
# Java VM: OpenJDK 64-Bit Server VM Temurin-17.0.11+9 (17.0.11+9, mixed mode, tiered, compressed oops, compressed class ptrs, parallel gc, windows-amd64)
# No core dump will be written. Minidumps are not enabled by default on client versions of Windows
#

---------------  S U M M A R Y ------------

Command Line: --add-modules=ALL-SYSTEM --add-opens=java.base/java.util=ALL-UNNAMED --add-opens=java.base/java.lang=ALL-UNNAMED --add-opens=java.base/sun.nio.fs=ALL-UNNAMED -Declipse.application=org.eclipse.jdt.ls.core.id1 -Dosgi.bundles.defaultStartLevel=4 -Declipse.product=org.eclipse.jdt.ls.core.product -Djava.import.generatesMetadataFilesAtProjectRoot=false -DDetectVMInstallationsJob.disabled=true -Dfile.encoding=utf8 -XX:+UseParallelGC -XX:GCTimeRatio=4 -XX:AdaptiveSizePolicyWeight=90 -Dsun.zip.disableMemoryMapping=true -Xmx1G -Xms100m -Xlog:disable -javaagent:c:\Users\ROHIT\.vscode\extensions\redhat.java-1.31.0-win32-x64\lombok\lombok-1.18.32.jar -XX:+HeapDumpOnOutOfMemoryError -XX:HeapDumpPath=c:\Users\ROHIT\AppData\Roaming\Code\User\workspaceStorage\813d845fcb32d119c74e015412746bff\redhat.java -Daether.dependencyCollector.impl=bf c:\Users\ROHIT\.vscode\extensions\redhat.java-1.31.0-win32-x64\server\plugins\org.eclipse.equinox.launcher_1.6.800.v20240513-1750.jar -configuration c:\Users\ROHIT\AppData\Roaming\Code\User\globalStorage\redhat.java\1.31.0\config_win -data c:\Users\ROHIT\AppData\Roaming\Code\User\workspaceStorage\813d845fcb32d119c74e015412746bff\redhat.java\jdt_ws --pipe=\\.\pipe\lsp-ea285ed6a682deb0014660d5dcf97733-sock

Host: Intel(R) Core(TM) i3-5005U CPU @ 2.00GHz, 4 cores, 3G,  Windows 10 , 64 bit Build 19041 (10.0.19041.3636)
Time: Mon Jun 24 16:28:17 2024 India Standard Time elapsed time: 5.077091 seconds (0d 0h 0m 5s)

---------------  T H R E A D  ---------------

Current thread (0x000001ca9c1d4590):  JavaThread "C2 CompilerThread0" daemon [_thread_in_native, id=12136, stack(0x0000006414900000,0x0000006414a00000)]


Current CompileTask:
C2:   5077  498   !   4       java.lang.String::replace (258 bytes)

Stack: [0x0000006414900000,0x0000006414a00000]
Native frames: (J=compiled Java code, j=interpreted, Vv=VM code, C=native code)
V  [jvm.dll+0x67d429]
V  [jvm.dll+0x834b7a]
V  [jvm.dll+0x83663e]
V  [jvm.dll+0x836ca3]
V  [jvm.dll+0x247dbf]
V  [jvm.dll+0xac534]
V  [jvm.dll+0xacb7c]
V  [jvm.dll+0x366647]
V  [jvm.dll+0x330bba]
V  [jvm.dll+0x33005a]
V  [jvm.dll+0x21a471]
V  [jvm.dll+0x2198b1]
V  [jvm.dll+0x1a534d]
V  [jvm.dll+0x2295cd]
V  [jvm.dll+0x22779c]
V  [jvm.dll+0x7e9d07]
V  [jvm.dll+0x7e410a]
V  [jvm.dll+0x67c315]
C  [ucrtbase.dll+0x21bb2]
C  [KERNEL32.DLL+0x17344]
C  [ntdll.dll+0x4cc91]


---------------  P R O C E S S  ---------------

Threads class SMR info:
_java_thread_list=0x000001caa163c5e0, length=12, elements={
0x000001ca88363980, 0x000001ca9c1a3740, 0x000001ca9c1a4ac0, 0x000001ca9c1cc260,
0x000001ca9c1cd0e0, 0x000001ca9c1cee10, 0x000001ca9c1d17e0, 0x000001ca9c1d4590,
0x000001caa1350f80, 0x000001caa1370130, 0x000001caa1467fb0, 0x000001caa15aace0
}

Java Threads: ( => current thread )
  0x000001ca88363980 JavaThread "main" [_thread_in_vm, id=10624, stack(0x0000006414000000,0x0000006414100000)]
  0x000001ca9c1a3740 JavaThread "Reference Handler" daemon [_thread_blocked, id=16204, stack(0x0000006414300000,0x0000006414400000)]
  0x000001ca9c1a4ac0 JavaThread "Finalizer" daemon [_thread_blocked, id=14280, stack(0x0000006414400000,0x0000006414500000)]
  0x000001ca9c1cc260 JavaThread "Signal Dispatcher" daemon [_thread_blocked, id=7136, stack(0x0000006414500000,0x0000006414600000)]
  0x000001ca9c1cd0e0 JavaThread "Attach Listener" daemon [_thread_blocked, id=12660, stack(0x0000006414600000,0x0000006414700000)]
  0x000001ca9c1cee10 JavaThread "Service Thread" daemon [_thread_blocked, id=9084, stack(0x0000006414700000,0x0000006414800000)]
  0x000001ca9c1d17e0 JavaThread "Monitor Deflation Thread" daemon [_thread_blocked, id=4232, stack(0x0000006414800000,0x0000006414900000)]
=>0x000001ca9c1d4590 JavaThread "C2 CompilerThread0" daemon [_thread_in_native, id=12136, stack(0x0000006414900000,0x0000006414a00000)]
  0x000001caa1350f80 JavaThread "C1 CompilerThread0" daemon [_thread_blocked, id=8824, stack(0x0000006414a00000,0x0000006414b00000)]
  0x000001caa1370130 JavaThread "Sweeper thread" daemon [_thread_blocked, id=2196, stack(0x0000006414b00000,0x0000006414c00000)]
  0x000001caa1467fb0 JavaThread "Common-Cleaner" daemon [_thread_blocked, id=4220, stack(0x0000006414c00000,0x0000006414d00000)]
  0x000001caa15aace0 JavaThread "Notification Thread" daemon [_thread_blocked, id=13508, stack(0x0000006414d00000,0x0000006414e00000)]

Other Threads:
  0x000001ca8841eaf0 VMThread "VM Thread" [stack: 0x0000006414200000,0x0000006414300000] [id=14652]
  0x000001caa15ab1c0 WatcherThread [stack: 0x0000006414e00000,0x0000006414f00000] [id=16328]
  0x000001ca88379400 GCTaskThread "GC Thread#0" [stack: 0x0000006414100000,0x0000006414200000] [id=16564]

Threads with active compile tasks:
C2 CompilerThread0     5250  498   !   4       java.lang.String::replace (258 bytes)

VM state: not at safepoint (normal execution)

VM Mutex/Monitor currently owned by a thread:  ([mutex/lock_event])
[0x000001ca8835ecd0] Metaspace_lock - owner thread: 0x000001ca88363980

Heap address: 0x00000000c0000000, size: 1024 MB, Compressed Oops mode: 32-bit

CDS archive(s) not mapped
Compressed class space mapped at: 0x0000000100000000-0x0000000140000000, reserved size: 1073741824
Narrow klass base: 0x0000000000000000, Narrow klass shift: 3, Narrow klass range: 0x140000000

GC Precious Log:
 CPUs: 4 total, 4 available
 Memory: 4007M
 Large Page Support: Disabled
 NUMA Support: Disabled
 Compressed Oops: Enabled (32-bit)
 Alignments: Space 512K, Generation 512K, Heap 2M
 Heap Min Capacity: 100M
 Heap Initial Capacity: 100M
 Heap Max Capacity: 1G
 Pre-touch: Disabled
 Parallel Workers: 4

Heap:
 PSYoungGen      total 29696K, used 10265K [0x00000000eab00000, 0x00000000ecc00000, 0x0000000100000000)
  eden space 25600K, 40% used [0x00000000eab00000,0x00000000eb5065b8,0x00000000ec400000)
  from space 4096K, 0% used [0x00000000ec800000,0x00000000ec800000,0x00000000ecc00000)
  to   space 4096K, 0% used [0x00000000ec400000,0x00000000ec400000,0x00000000ec800000)
 ParOldGen       total 68608K, used 0K [0x00000000c0000000, 0x00000000c4300000, 0x00000000eab00000)
  object space 68608K, 0% used [0x00000000c0000000,0x00000000c0000000,0x00000000c4300000)
 Metaspace       used 7503K, committed 7616K, reserved 1114112K
  class space    used 733K, committed 832K, reserved 1048576K

Card table byte_map: [0x000001ca87d00000,0x000001ca87f10000] _byte_map_base: 0x000001ca87700000

Marking Bits: (ParMarkBitMap*) 0x00007fffee2bd820
 Begin Bits: [0x000001ca9a000000, 0x000001ca9b000000)
 End Bits:   [0x000001ca9b000000, 0x000001ca9c000000)

Polling page: 0x000001ca862c0000

Metaspace:

Usage:
  Non-class:      6.61 MB used.
      Class:    733.87 KB used.
       Both:      7.33 MB used.

Virtual space:
  Non-class space:       64.00 MB reserved,       6.62 MB ( 10%) committed,  1 nodes.
      Class space:        1.00 GB reserved,     832.00 KB ( <1%) committed,  1 nodes.
             Both:        1.06 GB reserved,       7.44 MB ( <1%) committed. 

Chunk freelists:
   Non-Class:  9.00 MB
       Class:  15.21 MB
        Both:  24.21 MB

MaxMetaspaceSize: unlimited
CompressedClassSpaceSize: 1.00 GB
Initial GC threshold: 21.00 MB
Current GC threshold: 21.00 MB
CDS: off
MetaspaceReclaimPolicy: balanced
 - commit_granule_bytes: 65536.
 - commit_granule_words: 8192.
 - virtual_space_node_default_size: 8388608.
 - enlarge_chunks_in_place: 1.
 - new_chunks_are_fully_committed: 0.
 - uncommit_free_chunks: 1.
 - use_allocation_guard: 0.
 - handle_deallocations: 1.


Internal statistics:

num_allocs_failed_limit: 0.
num_arena_births: 10.
num_arena_deaths: 0.
num_vsnodes_births: 2.
num_vsnodes_deaths: 0.
num_space_committed: 119.
num_space_uncommitted: 0.
num_chunks_returned_to_freelist: 0.
num_chunks_taken_from_freelist: 40.
num_chunk_merges: 0.
num_chunk_splits: 23.
num_chunks_enlarged: 21.
num_inconsistent_stats: 0.

CodeHeap 'non-profiled nmethods': size=120000Kb used=165Kb max_used=165Kb free=119834Kb
 bounds [0x000001ca92ad0000, 0x000001ca92d40000, 0x000001ca9a000000]
CodeHeap 'profiled nmethods': size=120000Kb used=700Kb max_used=700Kb free=119299Kb
 bounds [0x000001ca8b000000, 0x000001ca8b270000, 0x000001ca92530000]
CodeHeap 'non-nmethods': size=5760Kb used=1120Kb max_used=1120Kb free=4639Kb
 bounds [0x000001ca92530000, 0x000001ca927a0000, 0x000001ca92ad0000]
 total_blobs=904 nmethods=499 adapters=320
 compilation: enabled
              stopped_count=0, restarted_count=0
 full_count=0

Compilation events (20 events):
Event: 4.973 Thread 0x000001ca9c1d4590 nmethod 489 0x000001ca92af7a10 code [0x000001ca92af7ba0, 0x000001ca92af7d58]
Event: 4.973 Thread 0x000001ca9c1d4590  490       4       jdk.internal.misc.Unsafe::allocateUninitializedArray0 (90 bytes)
Event: 4.976 Thread 0x000001ca9c1d4590 nmethod 490 0x000001ca92af7e90 code [0x000001ca92af8020, 0x000001ca92af81d8]
Event: 4.977 Thread 0x000001ca9c1d4590  491       4       jdk.internal.misc.Unsafe::allocateUninitializedArray (55 bytes)
Event: 4.980 Thread 0x000001ca9c1d4590 nmethod 491 0x000001ca92af8290 code [0x000001ca92af8420, 0x000001ca92af85d8]
Event: 5.004 Thread 0x000001caa1350f80  492       1       sun.security.util.KnownOIDs::value (5 bytes)
Event: 5.004 Thread 0x000001caa1350f80 nmethod 492 0x000001ca92af8710 code [0x000001ca92af88a0, 0x000001ca92af8978]
Event: 5.007 Thread 0x000001caa1350f80  494       3       java.lang.Integer::numberOfLeadingZeros (79 bytes)
Event: 5.007 Thread 0x000001caa1350f80 nmethod 494 0x000001ca8b0ad990 code [0x000001ca8b0adb40, 0x000001ca8b0ade18]
Event: 5.007 Thread 0x000001caa1350f80  495       1       java.security.Provider$Service::getType (5 bytes)
Event: 5.007 Thread 0x000001caa1350f80 nmethod 495 0x000001ca92af8e10 code [0x000001ca92af8fa0, 0x000001ca92af9078]
Event: 5.007 Thread 0x000001caa1350f80  496       1       java.security.Provider$Service::getAlgorithm (5 bytes)
Event: 5.008 Thread 0x000001caa1350f80 nmethod 496 0x000001ca92af9110 code [0x000001ca92af92a0, 0x000001ca92af9378]
Event: 5.008 Thread 0x000001caa1350f80  497       1       java.security.Provider$Service::getAliases (5 bytes)
Event: 5.008 Thread 0x000001caa1350f80 nmethod 497 0x000001ca92af9410 code [0x000001ca92af95a0, 0x000001ca92af9678]
Event: 5.011 Thread 0x000001ca9c1d4590  498   !   4       java.lang.String::replace (258 bytes)
Event: 5.032 Thread 0x000001caa1350f80  499       3       sun.security.util.ObjectIdentifier::checkOtherComponent (41 bytes)
Event: 5.033 Thread 0x000001caa1350f80 nmethod 499 0x000001ca8b0ade90 code [0x000001ca8b0ae0c0, 0x000001ca8b0ae7a8]
Event: 5.033 Thread 0x000001caa1350f80  500       3       sun.security.util.ObjectIdentifier::pack7Oid (84 bytes)
Event: 5.034 Thread 0x000001caa1350f80 nmethod 500 0x000001ca8b0aea90 code [0x000001ca8b0aec60, 0x000001ca8b0aefb8]

GC Heap History (0 events):
No events

Dll operation events (8 events):
Event: 0.305 Loaded shared library c:\Users\ROHIT\.vscode\extensions\redhat.java-1.31.0-win32-x64\jre\17.0.11-win32-x86_64\bin\java.dll
Event: 1.190 Loaded shared library c:\Users\ROHIT\.vscode\extensions\redhat.java-1.31.0-win32-x64\jre\17.0.11-win32-x86_64\bin\zip.dll
Event: 1.251 Loaded shared library C:\Users\ROHIT\.vscode\extensions\redhat.java-1.31.0-win32-x64\jre\17.0.11-win32-x86_64\bin\instrument.dll
Event: 1.360 Loaded shared library C:\Users\ROHIT\.vscode\extensions\redhat.java-1.31.0-win32-x64\jre\17.0.11-win32-x86_64\bin\net.dll
Event: 1.369 Loaded shared library C:\Users\ROHIT\.vscode\extensions\redhat.java-1.31.0-win32-x64\jre\17.0.11-win32-x86_64\bin\nio.dll
Event: 1.434 Loaded shared library C:\Users\ROHIT\.vscode\extensions\redhat.java-1.31.0-win32-x64\jre\17.0.11-win32-x86_64\bin\zip.dll
Event: 1.529 Loaded shared library C:\Users\ROHIT\.vscode\extensions\redhat.java-1.31.0-win32-x64\jre\17.0.11-win32-x86_64\bin\jimage.dll
Event: 2.235 Loaded shared library c:\Users\ROHIT\.vscode\extensions\redhat.java-1.31.0-win32-x64\jre\17.0.11-win32-x86_64\bin\verify.dll

Deoptimization events (20 events):
Event: 3.600 Thread 0x000001ca88363980 Uncommon trap: trap_request=0xffffffde fr.pc=0x000001ca92adc350 relative=0x00000000000005f0
Event: 3.600 Thread 0x000001ca88363980 Uncommon trap: reason=class_check action=maybe_recompile pc=0x000001ca92adc350 method=java.util.HashMap.putVal(ILjava/lang/Object;Ljava/lang/Object;ZZ)Ljava/lang/Object; @ 152 c2
Event: 3.600 Thread 0x000001ca88363980 DEOPT PACKING pc=0x000001ca92adc350 sp=0x00000064140fed30
Event: 3.600 Thread 0x000001ca88363980 DEOPT UNPACKING pc=0x000001ca925866a3 sp=0x00000064140fec80 mode 2
Event: 4.974 Thread 0x000001ca88363980 Uncommon trap: trap_request=0xffffffde fr.pc=0x000001ca92af7cac relative=0x000000000000010c
Event: 4.974 Thread 0x000001ca88363980 Uncommon trap: reason=class_check action=maybe_recompile pc=0x000001ca92af7cac method=jdk.internal.misc.Unsafe.allocateUninitializedArray(Ljava/lang/Class;I)Ljava/lang/Object; @ 51 c2
Event: 4.974 Thread 0x000001ca88363980 DEOPT PACKING pc=0x000001ca92af7cac sp=0x00000064140fb390
Event: 4.976 Thread 0x000001ca88363980 DEOPT UNPACKING pc=0x000001ca925866a3 sp=0x00000064140fb318 mode 2
Event: 4.976 Thread 0x000001ca88363980 Uncommon trap: trap_request=0xffffffde fr.pc=0x000001ca92af7cac relative=0x000000000000010c
Event: 4.976 Thread 0x000001ca88363980 Uncommon trap: reason=class_check action=maybe_recompile pc=0x000001ca92af7cac method=jdk.internal.misc.Unsafe.allocateUninitializedArray(Ljava/lang/Class;I)Ljava/lang/Object; @ 51 c2
Event: 4.976 Thread 0x000001ca88363980 DEOPT PACKING pc=0x000001ca92af7cac sp=0x00000064140fb390
Event: 4.976 Thread 0x000001ca88363980 DEOPT UNPACKING pc=0x000001ca925866a3 sp=0x00000064140fb318 mode 2
Event: 4.976 Thread 0x000001ca88363980 Uncommon trap: trap_request=0xffffffde fr.pc=0x000001ca92af7cac relative=0x000000000000010c
Event: 4.976 Thread 0x000001ca88363980 Uncommon trap: reason=class_check action=maybe_recompile pc=0x000001ca92af7cac method=jdk.internal.misc.Unsafe.allocateUninitializedArray(Ljava/lang/Class;I)Ljava/lang/Object; @ 51 c2
Event: 4.976 Thread 0x000001ca88363980 DEOPT PACKING pc=0x000001ca92af7cac sp=0x00000064140fb390
Event: 4.976 Thread 0x000001ca88363980 DEOPT UNPACKING pc=0x000001ca925866a3 sp=0x00000064140fb318 mode 2
Event: 4.976 Thread 0x000001ca88363980 Uncommon trap: trap_request=0xffffffde fr.pc=0x000001ca92af7cac relative=0x000000000000010c
Event: 4.976 Thread 0x000001ca88363980 Uncommon trap: reason=class_check action=maybe_recompile pc=0x000001ca92af7cac method=jdk.internal.misc.Unsafe.allocateUninitializedArray(Ljava/lang/Class;I)Ljava/lang/Object; @ 51 c2
Event: 4.976 Thread 0x000001ca88363980 DEOPT PACKING pc=0x000001ca92af7cac sp=0x00000064140fb3d0
Event: 4.976 Thread 0x000001ca88363980 DEOPT UNPACKING pc=0x000001ca925866a3 sp=0x00000064140fb358 mode 2

Classes unloaded (0 events):
No events

Classes redefined (0 events):
No events

Internal exceptions (2 events):
Event: 1.038 Thread 0x000001ca88363980 Exception <a 'java/lang/NoSuchMethodError'{0x00000000eacb50e0}: 'void java.lang.invoke.DirectMethodHandle$Holder.invokeStatic(java.lang.Object, java.lang.Object, java.lang.Object)'> (0x00000000eacb50e0) 
thrown [s\src\hotspot\share\interpreter\linkResolver.cpp, line 759]
Event: 2.666 Thread 0x000001ca88363980 Exception <a 'java/lang/reflect/InvocationTargetException'{0x00000000eafe95f8}> (0x00000000eafe95f8) 
thrown [s\src\hotspot\share\runtime\reflection.cpp, line 1121]

VM Operations (10 events):
Event: 1.056 Executing VM operation: HandshakeAllThreads
Event: 1.057 Executing VM operation: HandshakeAllThreads done
Event: 1.638 Executing VM operation: HandshakeAllThreads
Event: 1.638 Executing VM operation: HandshakeAllThreads done
Event: 2.642 Executing VM operation: Cleanup
Event: 2.643 Executing VM operation: Cleanup done
Event: 3.644 Executing VM operation: Cleanup
Event: 3.657 Executing VM operation: Cleanup done
Event: 4.659 Executing VM operation: Cleanup
Event: 4.690 Executing VM operation: Cleanup done

Events (20 events):
Event: 5.027 loading class java/util/TreeMap
Event: 5.028 loading class java/util/NavigableMap
Event: 5.028 loading class java/util/SortedMap
Event: 5.029 loading class java/util/SortedMap done
Event: 5.029 loading class java/util/NavigableMap done
Event: 5.029 loading class java/util/TreeMap done
Event: 5.030 loading class java/util/Collections$SynchronizedMap
Event: 5.030 loading class java/util/Collections$SynchronizedMap done
Event: 5.030 loading class sun/security/x509/Extension
Event: 5.030 loading class java/security/cert/Extension
Event: 5.030 loading class java/security/cert/Extension done
Event: 5.031 loading class sun/security/x509/Extension done
Event: 5.031 loading class sun/security/x509/OIDMap
Event: 5.031 loading class sun/security/x509/OIDMap done
Event: 5.031 loading class sun/security/x509/PKIXExtensions
Event: 5.031 loading class sun/security/x509/PKIXExtensions done
Event: 5.033 loading class sun/security/x509/OIDMap$OIDInfo
Event: 5.034 loading class sun/security/x509/OIDMap$OIDInfo done
Event: 5.036 loading class sun/security/x509/BasicConstraintsExtension
Event: 5.037 loading class sun/security/x509/BasicConstraintsExtension done


Dynamic libraries:
0x00007ff685230000 - 0x00007ff68523e000 	c:\Users\ROHIT\.vscode\extensions\redhat.java-1.31.0-win32-x64\jre\17.0.11-win32-x86_64\bin\java.exe
0x00007ff8250f0000 - 0x00007ff8252e8000 	C:\Windows\SYSTEM32\ntdll.dll
0x00007ff823540000 - 0x00007ff8235fd000 	C:\Windows\System32\KERNEL32.DLL
0x00007ff822e00000 - 0x00007ff8230f6000 	C:\Windows\System32\KERNELBASE.dll
0x00007ff822d00000 - 0x00007ff822e00000 	C:\Windows\System32\ucrtbase.dll
0x00007ff81f850000 - 0x00007ff81f867000 	c:\Users\ROHIT\.vscode\extensions\redhat.java-1.31.0-win32-x64\jre\17.0.11-win32-x86_64\bin\jli.dll
0x00007ff823fd0000 - 0x00007ff82416f000 	C:\Windows\System32\USER32.dll
0x00007ff822c10000 - 0x00007ff822c32000 	C:\Windows\System32\win32u.dll
0x00007ff823c60000 - 0x00007ff823c8b000 	C:\Windows\System32\GDI32.dll
0x00007ff822a40000 - 0x00007ff822b57000 	C:\Windows\System32\gdi32full.dll
0x00007ff8227b0000 - 0x00007ff82284d000 	C:\Windows\System32\msvcp_win.dll
0x00007ff81e4f0000 - 0x00007ff81e50b000 	c:\Users\ROHIT\.vscode\extensions\redhat.java-1.31.0-win32-x64\jre\17.0.11-win32-x86_64\bin\VCRUNTIME140.dll
0x00007ff80f520000 - 0x00007ff80f7ba000 	C:\Windows\WinSxS\amd64_microsoft.windows.common-controls_6595b64144ccf1df_6.0.19041.4355_none_60b8b9eb71f62e16\COMCTL32.dll
0x00007ff824fa0000 - 0x00007ff82503e000 	C:\Windows\System32\msvcrt.dll
0x00007ff823d40000 - 0x00007ff823d6f000 	C:\Windows\System32\IMM32.DLL
0x00007ff81f8a0000 - 0x00007ff81f8ac000 	c:\Users\ROHIT\.vscode\extensions\redhat.java-1.31.0-win32-x64\jre\17.0.11-win32-x86_64\bin\vcruntime140_1.dll
0x00007ff80bad0000 - 0x00007ff80bb5d000 	c:\Users\ROHIT\.vscode\extensions\redhat.java-1.31.0-win32-x64\jre\17.0.11-win32-x86_64\bin\msvcp140.dll
0x00007fffed720000 - 0x00007fffee382000 	c:\Users\ROHIT\.vscode\extensions\redhat.java-1.31.0-win32-x64\jre\17.0.11-win32-x86_64\bin\server\jvm.dll
0x00007ff823c90000 - 0x00007ff823d40000 	C:\Windows\System32\ADVAPI32.dll
0x00007ff823d70000 - 0x00007ff823e10000 	C:\Windows\System32\sechost.dll
0x00007ff823e10000 - 0x00007ff823f33000 	C:\Windows\System32\RPCRT4.dll
0x00007ff823100000 - 0x00007ff823127000 	C:\Windows\System32\bcrypt.dll
0x00007ff822600000 - 0x00007ff82264b000 	C:\Windows\SYSTEM32\POWRPROF.dll
0x00007ff80e1e0000 - 0x00007ff80e207000 	C:\Windows\SYSTEM32\WINMM.dll
0x00007ff819940000 - 0x00007ff81994a000 	C:\Windows\SYSTEM32\VERSION.dll
0x00007ff809460000 - 0x00007ff809469000 	C:\Windows\SYSTEM32\WSOCK32.dll
0x00007ff824990000 - 0x00007ff8249fb000 	C:\Windows\System32\WS2_32.dll
0x00007ff8225e0000 - 0x00007ff8225f2000 	C:\Windows\SYSTEM32\UMPDC.dll
0x00007ff820630000 - 0x00007ff820642000 	C:\Windows\SYSTEM32\kernel.appcore.dll
0x00007ff81f3e0000 - 0x00007ff81f3ea000 	c:\Users\ROHIT\.vscode\extensions\redhat.java-1.31.0-win32-x64\jre\17.0.11-win32-x86_64\bin\jimage.dll
0x00007ff812190000 - 0x00007ff812374000 	C:\Windows\SYSTEM32\DBGHELP.DLL
0x00007ff811750000 - 0x00007ff811784000 	C:\Windows\SYSTEM32\dbgcore.DLL
0x00007ff822850000 - 0x00007ff8228d2000 	C:\Windows\System32\bcryptPrimitives.dll
0x00007ff81e4b0000 - 0x00007ff81e4be000 	c:\Users\ROHIT\.vscode\extensions\redhat.java-1.31.0-win32-x64\jre\17.0.11-win32-x86_64\bin\instrument.dll
0x00007ff80ce40000 - 0x00007ff80ce65000 	c:\Users\ROHIT\.vscode\extensions\redhat.java-1.31.0-win32-x64\jre\17.0.11-win32-x86_64\bin\java.dll
0x00007ff81d120000 - 0x00007ff81d138000 	c:\Users\ROHIT\.vscode\extensions\redhat.java-1.31.0-win32-x64\jre\17.0.11-win32-x86_64\bin\zip.dll
0x00007ff824220000 - 0x00007ff82498c000 	C:\Windows\System32\SHELL32.dll
0x00007ff820830000 - 0x00007ff820fcd000 	C:\Windows\SYSTEM32\windows.storage.dll
0x00007ff8231e0000 - 0x00007ff823533000 	C:\Windows\System32\combase.dll
0x00007ff822100000 - 0x00007ff82212e000 	C:\Windows\SYSTEM32\Wldp.dll
0x00007ff823900000 - 0x00007ff8239cd000 	C:\Windows\System32\OLEAUT32.dll
0x00007ff824170000 - 0x00007ff82421d000 	C:\Windows\System32\SHCORE.dll
0x00007ff8237a0000 - 0x00007ff8237f5000 	C:\Windows\System32\shlwapi.dll
0x00007ff8226e0000 - 0x00007ff822704000 	C:\Windows\SYSTEM32\profapi.dll
0x00007ff812d50000 - 0x00007ff812d69000 	C:\Users\ROHIT\.vscode\extensions\redhat.java-1.31.0-win32-x64\jre\17.0.11-win32-x86_64\bin\net.dll
0x00007ff81af10000 - 0x00007ff81b01a000 	C:\Windows\SYSTEM32\WINHTTP.dll
0x00007ff821e60000 - 0x00007ff821eca000 	C:\Windows\system32\mswsock.dll
0x00007ff80d200000 - 0x00007ff80d216000 	C:\Users\ROHIT\.vscode\extensions\redhat.java-1.31.0-win32-x64\jre\17.0.11-win32-x86_64\bin\nio.dll
0x00007ff8125b0000 - 0x00007ff8125c0000 	c:\Users\ROHIT\.vscode\extensions\redhat.java-1.31.0-win32-x64\jre\17.0.11-win32-x86_64\bin\verify.dll

dbghelp: loaded successfully - version: 4.0.5 - missing functions: none
symbol engine: initialized successfully - sym options: 0x614 - pdb path: .;c:\Users\ROHIT\.vscode\extensions\redhat.java-1.31.0-win32-x64\jre\17.0.11-win32-x86_64\bin;C:\Windows\SYSTEM32;C:\Windows\WinSxS\amd64_microsoft.windows.common-controls_6595b64144ccf1df_6.0.19041.4355_none_60b8b9eb71f62e16;c:\Users\ROHIT\.vscode\extensions\redhat.java-1.31.0-win32-x64\jre\17.0.11-win32-x86_64\bin\server

VM Arguments:
jvm_args: --add-modules=ALL-SYSTEM --add-opens=java.base/java.util=ALL-UNNAMED --add-opens=java.base/java.lang=ALL-UNNAMED --add-opens=java.base/sun.nio.fs=ALL-UNNAMED -Declipse.application=org.eclipse.jdt.ls.core.id1 -Dosgi.bundles.defaultStartLevel=4 -Declipse.product=org.eclipse.jdt.ls.core.product -Djava.import.generatesMetadataFilesAtProjectRoot=false -DDetectVMInstallationsJob.disabled=true -Dfile.encoding=utf8 -XX:+UseParallelGC -XX:GCTimeRatio=4 -XX:AdaptiveSizePolicyWeight=90 -Dsun.zip.disableMemoryMapping=true -Xmx1G -Xms100m -Xlog:disable -javaagent:c:\Users\ROHIT\.vscode\extensions\redhat.java-1.31.0-win32-x64\lombok\lombok-1.18.32.jar -XX:+HeapDumpOnOutOfMemoryError -XX:HeapDumpPath=c:\Users\ROHIT\AppData\Roaming\Code\User\workspaceStorage\813d845fcb32d119c74e015412746bff\redhat.java -Daether.dependencyCollector.impl=bf 
java_command: c:\Users\ROHIT\.vscode\extensions\redhat.java-1.31.0-win32-x64\server\plugins\org.eclipse.equinox.launcher_1.6.800.v20240513-1750.jar -configuration c:\Users\ROHIT\AppData\Roaming\Code\User\globalStorage\redhat.java\1.31.0\config_win -data c:\Users\ROHIT\AppData\Roaming\Code\User\workspaceStorage\813d845fcb32d119c74e015412746bff\redhat.java\jdt_ws --pipe=\\.\pipe\lsp-ea285ed6a682deb0014660d5dcf97733-sock
java_class_path (initial): c:\Users\ROHIT\.vscode\extensions\redhat.java-1.31.0-win32-x64\server\plugins\org.eclipse.equinox.launcher_1.6.800.v20240513-1750.jar
Launcher Type: SUN_STANDARD

[Global flags]
    uintx AdaptiveSizePolicyWeight                 = 90                                        {product} {command line}
     intx CICompilerCount                          = 3                                         {product} {ergonomic}
    uintx GCTimeRatio                              = 4                                         {product} {command line}
     bool HeapDumpOnOutOfMemoryError               = true                                   {manageable} {command line}
    ccstr HeapDumpPath                             = c:\Users\ROHIT\AppData\Roaming\Code\User\workspaceStorage\813d845fcb32d119c74e015412746bff\redhat.java         {manageable} {command line}
   size_t InitialHeapSize                          = 104857600                                 {product} {command line}
   size_t MaxHeapSize                              = 1073741824                                {product} {command line}
   size_t MaxNewSize                               = 357564416                                 {product} {ergonomic}
   size_t MinHeapDeltaBytes                        = 524288                                    {product} {ergonomic}
   size_t MinHeapSize                              = 104857600                                 {product} {command line}
   size_t NewSize                                  = 34603008                                  {product} {ergonomic}
    uintx NonNMethodCodeHeapSize                   = 5832780                                {pd product} {ergonomic}
    uintx NonProfiledCodeHeapSize                  = 122912730                              {pd product} {ergonomic}
   size_t OldSize                                  = 70254592                                  {product} {ergonomic}
    uintx ProfiledCodeHeapSize                     = 122912730                              {pd product} {ergonomic}
    uintx ReservedCodeCacheSize                    = 251658240                              {pd product} {ergonomic}
     bool SegmentedCodeCache                       = true                                      {product} {ergonomic}
   size_t SoftMaxHeapSize                          = 1073741824                             {manageable} {ergonomic}
     bool UseCompressedClassPointers               = true                           {product lp64_product} {ergonomic}
     bool UseCompressedOops                        = true                           {product lp64_product} {ergonomic}
     bool UseLargePagesIndividualAllocation        = false                                  {pd product} {ergonomic}
     bool UseParallelGC                            = true                                      {product} {command line}

Logging:
Log output configuration:
 #0: stdout all=off uptime,level,tags
 #1: stderr all=off uptime,level,tags

Environment Variables:
PATH=C:\MTS\project\reactnative\newthree\myapp\node_modules\.bin;C:\MTS\project\reactnative\newthree\node_modules\.bin;C:\MTS\project\reactnative\node_modules\.bin;C:\MTS\project\node_modules\.bin;C:\MTS\node_modules\.bin;C:\node_modules\.bin;C:\Users\ROHIT\AppData\Roaming\npm\node_modules\npm\node_modules\@npmcli\run-script\lib\node-gyp-bin;C:\PROGRAM FILES\COMMON FILES\ORACLE\JAVA\JAVAPATH;C:\PROGRAM FILES\DELL\DW WLAN CARD;C:\PROGRAM FILES (X86)\INTEL\ICLS CLIENT\;C:\PROGRAM FILES\INTEL\ICLS CLIENT\;C:\Windows\SYSTEM32;C:\Windows;C:\Windows\SYSTEM32\WBEM;C:\Windows\SYSTEM32\WINDOWSPOWERSHELL\V1.0\;C:\Windows\SYSTEM32\OPENSSH\;C:\PROGRAM FILES (X86)\INTEL\INTEL(R) MANAGEMENT ENGINE COMPONENTS\DAL;C:\PROGRAM FILES\INTEL\INTEL(R) MANAGEMENT ENGINE COMPONENTS\DAL;C:\PROGRAM FILES (X86)\INTEL\INTEL(R) MANAGEMENT ENGINE COMPONENTS\IPT;C:\PROGRAM FILES\INTEL\INTEL(R) MANAGEMENT ENGINE COMPONENTS\IPT;C:\PROGRAM FILES\DOTNET\;C:\PROGRAM FILES\MYSQL\MYSQL SERVER 8.0\BIN;C:\PROGRAM FILES\JAVA\JDK-17;C:\PROGRAM FILES\JAVA\JDK-17;C:\Program Files\nodejs\;C:\ProgramData\chocolatey\bin;C:\Users\ROHIT\AppData\Local\Android\Sdk\platform-tools;C:\Program Files\MySQL\MySQL Shell 8.0\bin\;C:\Users\ROHIT\AppData\Local\Microsoft\WindowsApps;C:\Users\ROHIT\AppData\Local\Programs\Microsoft VS Code\bin;C:\Users\ROHIT\AppData\Roaming\npm;C:\Users\ROHIT\AppData\Local\Android\Sdk;C:\Users\ROHIT\AppData\Local\Android\Sdk\emulator;C:\Users\ROHIT\AppData\Local\Android\Sdk\platform-tools;C:\Users\ROHIT\AppData\Local\Android\Sdk\tools;C:\Users\ROHIT\AppData\Local\Android\Sdk\tools\bin;C:\Program Files\Java\jdk-17;
USERNAME=ROHIT
LANG=en_US.UTF-8
OS=Windows_NT
PROCESSOR_IDENTIFIER=Intel64 Family 6 Model 61 Stepping 4, GenuineIntel
TMP=C:\Users\ROHIT\AppData\Local\Temp
TEMP=C:\Users\ROHIT\AppData\Local\Temp



Periodic native trim disabled


---------------  S Y S T E M  ---------------

OS:
 Windows 10 , 64 bit Build 19041 (10.0.19041.3636)
OS uptime: 0 days 16:35 hours

CPU: total 4 (initial active 4) (2 cores per cpu, 2 threads per core) family 6 model 61 stepping 4 microcode 0x2f, cx8, cmov, fxsr, ht, mmx, 3dnowpref, sse, sse2, sse3, ssse3, sse4.1, sse4.2, popcnt, lzcnt, tsc, tscinvbit, avx, avx2, aes, erms, clmul, bmi1, bmi2, adx, fma, vzeroupper, clflush
Processor Information for all 4 processors :
  Max Mhz: 2000, Current Mhz: 2000, Mhz Limit: 2000

Memory: 4k page, system-wide physical 4007M (140M free)
TotalPageFile size 16295M (AvailPageFile size 26M)
current process WorkingSet (physical memory assigned to process): 44M, peak: 44M
current process commit charge ("private bytes"): 176M, peak: 176M

vm_info: OpenJDK 64-Bit Server VM (17.0.11+9) for windows-amd64 JRE (17.0.11+9), built on Apr 17 2024 06:07:48 by "admin" with MS VC++ 16.10 / 16.11 (VS2019)

END.
