#
# There is insufficient memory for the Java Runtime Environment to continue.
# Native memory allocation (mmap) failed to map 464519168 bytes for G1 virtual space
# Possible reasons:
#   The system is out of physical RAM or swap space
#   The process is running with CompressedOops enabled, and the Java Heap may be blocking the growth of the native heap
# Possible solutions:
#   Reduce memory load on the system
#   Increase physical memory or swap space
#   Check if swap backing store is full
#   Decrease Java heap size (-Xmx/-Xms)
#   Decrease number of Java threads
#   Decrease Java thread stack sizes (-Xss)
#   Set larger code cache with -XX:ReservedCodeCacheSize=
#   JVM is running with Unscaled Compressed Oops mode in which the Java heap is
#     placed in the first 4GB address space. The Java Heap base address is the
#     maximum limit for the native heap growth. Please use -XX:HeapBaseMinAddress
#     to set the Java Heap base and to place the Java Heap above 4GB virtual address.
# This output file may be truncated or incomplete.
#
#  Out of Memory Error (os_windows.cpp:3469), pid=16708, tid=16156
#
# JRE version: Java(TM) SE Runtime Environment (17.0+35) (build 17+35-LTS-2724)
# Java VM: Java HotSpot(TM) 64-Bit Server VM (17+35-LTS-2724, mixed mode, sharing, tiered, compressed oops, compressed class ptrs, g1 gc, windows-amd64)
# No core dump will be written. Minidumps are not enabled by default on client versions of Windows
#

---------------  S U M M A R Y ------------

Command Line: -XX:MaxMetaspaceSize=512m --add-opens=java.base/java.util=ALL-UNNAMED --add-opens=java.base/java.lang=ALL-UNNAMED --add-opens=java.base/java.lang.invoke=ALL-UNNAMED --add-opens=java.prefs/java.util.prefs=ALL-UNNAMED --add-opens=java.base/java.nio.charset=ALL-UNNAMED --add-opens=java.base/java.net=ALL-UNNAMED --add-opens=java.base/java.util.concurrent.atomic=ALL-UNNAMED -Xmx2048m -Dfile.encoding=windows-1252 -Duser.country=IN -Duser.language=en -Duser.variant -javaagent:C:\Users\ROHIT\.gradle\wrapper\dists\gradle-8.6-all\3mbtmo166bl6vumsh5k2lkq5h\gradle-8.6\lib\agents\gradle-instrumentation-agent-8.6.jar org.gradle.launcher.daemon.bootstrap.GradleDaemon 8.6

Host: Intel(R) Core(TM) i3-5005U CPU @ 2.00GHz, 4 cores, 3G,  Windows 10 , 64 bit Build 19041 (10.0.19041.3636)
Time: Thu Jun 27 12:16:16 2024 India Standard Time elapsed time: 171.334024 seconds (0d 0h 2m 51s)

---------------  T H R E A D  ---------------

Current thread (0x00000254817e36d0):  VMThread "VM Thread" [stack: 0x000000fa77300000,0x000000fa77400000] [id=16156]

Stack: [0x000000fa77300000,0x000000fa77400000]
Native frames: (J=compiled Java code, j=interpreted, Vv=VM code, C=native code)
V  [jvm.dll+0x66f8ea]
V  [jvm.dll+0x7ce224]
V  [jvm.dll+0x7cf9ce]
V  [jvm.dll+0x7d0033]
V  [jvm.dll+0x242bb5]
V  [jvm.dll+0x66c909]
V  [jvm.dll+0x6613d2]
V  [jvm.dll+0x30082b]
V  [jvm.dll+0x307db6]
V  [jvm.dll+0x357a0e]
V  [jvm.dll+0x357c3f]
V  [jvm.dll+0x2d7ae8]
V  [jvm.dll+0x2d5db4]
V  [jvm.dll+0x2d53bc]
V  [jvm.dll+0x318d1b]
V  [jvm.dll+0x7d44cb]
V  [jvm.dll+0x7d5204]
V  [jvm.dll+0x7d571c]
V  [jvm.dll+0x7d5af4]
V  [jvm.dll+0x7d5bc0]
V  [jvm.dll+0x77e7ea]
V  [jvm.dll+0x66e715]
C  [ucrtbase.dll+0x21bb2]
C  [KERNEL32.DLL+0x17344]
C  [ntdll.dll+0x4cc91]

VM_Operation (0x000000fa789f72e0): G1CollectForAllocation, mode: safepoint, requested by thread 0x00000254a3380c00


---------------  P R O C E S S  ---------------

Threads class SMR info:
_java_thread_list=0x00000254a343e550, length=73, elements={
0x000002548171bd60, 0x00000254817e91e0, 0x00000254817e9f60, 0x00000254a0edcd00,
0x00000254a0edd7c0, 0x00000254a0ee0090, 0x00000254a0ee1960, 0x00000254a0ee2600,
0x00000254a0ef07b0, 0x00000254a0f50450, 0x00000254a1909490, 0x00000254a1a7b690,
0x00000254a2c00190, 0x00000254a34c6480, 0x00000254a333f1f0, 0x00000254a31ef740,
0x00000254a40bf0f0, 0x00000254a3aa78b0, 0x00000254a3380c00, 0x00000254a281a990,
0x00000254a281b800, 0x00000254a281c1a0, 0x00000254a281ae60, 0x00000254a281b330,
0x00000254a281c670, 0x00000254a2818cb0, 0x00000254a2819180, 0x00000254a2819650,
0x00000254a2819ff0, 0x00000254a281a4c0, 0x00000254a1d96e40, 0x00000254a1d994c0,
0x00000254a1d9c4e0, 0x00000254a1d9a330, 0x00000254a1d977e0, 0x00000254a1d9b1a0,
0x00000254a1d97310, 0x00000254a1d9c9b0, 0x00000254a1d9bb40, 0x00000254a1d95160,
0x00000254a1d95b00, 0x00000254a1d97cb0, 0x00000254a1d964a0, 0x00000254a1d98180,
0x00000254a1d98b20, 0x00000254a1d9c010, 0x00000254a1cf6ed0, 0x00000254a1cf7870,
0x00000254a1cf6060, 0x00000254a1cf7d40, 0x00000254a1cf8210, 0x00000254a1cf6a00,
0x00000254a1cf9080, 0x00000254a1cf8bb0, 0x00000254a1cf9550, 0x00000254a1cf9a20,
0x00000254a9044910, 0x00000254a90487a0, 0x00000254a9048c70, 0x00000254a9044de0,
0x00000254a90465f0, 0x00000254a9049140, 0x00000254a904a480, 0x00000254a90435d0,
0x00000254a9043aa0, 0x00000254a9049610, 0x00000254a90452b0, 0x00000254a9045c50,
0x00000254a9047460, 0x00000254a904a950, 0x00000254a9047e00, 0x00000254a90482d0,
0x00000254a1d99990
}

Java Threads: ( => current thread )
  0x000002548171bd60 JavaThread "main" [_thread_blocked, id=17328, stack(0x000000fa76d00000,0x000000fa76e00000)]
  0x00000254817e91e0 JavaThread "Reference Handler" daemon [_thread_blocked, id=16612, stack(0x000000fa77400000,0x000000fa77500000)]
  0x00000254817e9f60 JavaThread "Finalizer" daemon [_thread_blocked, id=19964, stack(0x000000fa77500000,0x000000fa77600000)]
  0x00000254a0edcd00 JavaThread "Signal Dispatcher" daemon [_thread_blocked, id=6024, stack(0x000000fa77600000,0x000000fa77700000)]
  0x00000254a0edd7c0 JavaThread "Attach Listener" daemon [_thread_blocked, id=13692, stack(0x000000fa77700000,0x000000fa77800000)]
  0x00000254a0ee0090 JavaThread "Service Thread" daemon [_thread_blocked, id=9240, stack(0x000000fa77800000,0x000000fa77900000)]
  0x00000254a0ee1960 JavaThread "Monitor Deflation Thread" daemon [_thread_blocked, id=15620, stack(0x000000fa77900000,0x000000fa77a00000)]
  0x00000254a0ee2600 JavaThread "C2 CompilerThread0" daemon [_thread_blocked, id=15260, stack(0x000000fa77a00000,0x000000fa77b00000)]
  0x00000254a0ef07b0 JavaThread "C1 CompilerThread0" daemon [_thread_blocked, id=9984, stack(0x000000fa77b00000,0x000000fa77c00000)]
  0x00000254a0f50450 JavaThread "Sweeper thread" daemon [_thread_blocked, id=11244, stack(0x000000fa77c00000,0x000000fa77d00000)]
  0x00000254a1909490 JavaThread "Common-Cleaner" daemon [_thread_blocked, id=3232, stack(0x000000fa77d00000,0x000000fa77e00000)]
  0x00000254a1a7b690 JavaThread "Notification Thread" daemon [_thread_blocked, id=17676, stack(0x000000fa77e00000,0x000000fa77f00000)]
  0x00000254a2c00190 JavaThread "Daemon health stats" [_thread_blocked, id=17380, stack(0x000000fa78300000,0x000000fa78400000)]
  0x00000254a34c6480 JavaThread "Incoming local TCP Connector on port 53665" [_thread_in_native, id=19120, stack(0x000000fa78400000,0x000000fa78500000)]
  0x00000254a333f1f0 JavaThread "Daemon periodic checks" [_thread_blocked, id=2452, stack(0x000000fa78500000,0x000000fa78600000)]
  0x00000254a31ef740 JavaThread "Daemon" [_thread_blocked, id=8904, stack(0x000000fa78600000,0x000000fa78700000)]
  0x00000254a40bf0f0 JavaThread "Handler for socket connection from /127.0.0.1:53665 to /127.0.0.1:53666" [_thread_in_native, id=11884, stack(0x000000fa78700000,0x000000fa78800000)]
  0x00000254a3aa78b0 JavaThread "Cancel handler" [_thread_blocked, id=5976, stack(0x000000fa78800000,0x000000fa78900000)]
  0x00000254a3380c00 JavaThread "Daemon worker" [_thread_blocked, id=2532, stack(0x000000fa78900000,0x000000fa78a00000)]
  0x00000254a281a990 JavaThread "Asynchronous log dispatcher for DefaultDaemonConnection: socket connection from /127.0.0.1:53665 to /127.0.0.1:53666" [_thread_blocked, id=17436, stack(0x000000fa78a00000,0x000000fa78b00000)]
  0x00000254a281b800 JavaThread "Stdin handler" [_thread_blocked, id=17864, stack(0x000000fa78b00000,0x000000fa78c00000)]
  0x00000254a281c1a0 JavaThread "Daemon client event forwarder" [_thread_blocked, id=19868, stack(0x000000fa78c00000,0x000000fa78d00000)]
  0x00000254a281ae60 JavaThread "Cache worker for journal cache (C:\Users\ROHIT\.gradle\caches\journal-1)" [_thread_blocked, id=13444, stack(0x000000fa78d00000,0x000000fa78e00000)]
  0x00000254a281b330 JavaThread "File lock request listener" [_thread_in_native, id=10012, stack(0x000000fa78e00000,0x000000fa78f00000)]
  0x00000254a281c670 JavaThread "Cache worker for file hash cache (C:\Users\ROHIT\.gradle\caches\8.6\fileHashes)" [_thread_blocked, id=4536, stack(0x000000fa78f00000,0x000000fa79000000)]
  0x00000254a2818cb0 JavaThread "File watcher server" daemon [_thread_blocked, id=7392, stack(0x000000fa79000000,0x000000fa79100000)]
  0x00000254a2819180 JavaThread "File watcher consumer" daemon [_thread_blocked, id=18244, stack(0x000000fa79100000,0x000000fa79200000)]
  0x00000254a2819650 JavaThread "Cache worker for checksums cache (C:\MTS\project\reactnative\newthree\myapp\android\.gradle\8.6\checksums)" [_thread_blocked, id=15416, stack(0x000000fa79200000,0x000000fa79300000)]
  0x00000254a2819ff0 JavaThread "Cache worker for file hash cache (C:\MTS\project\reactnative\newthree\myapp\android\.gradle\8.6\fileHashes)" [_thread_blocked, id=15116, stack(0x000000fa79300000,0x000000fa79400000)]
  0x00000254a281a4c0 JavaThread "Cache worker for cache directory md-supplier (C:\Users\ROHIT\.gradle\caches\8.6\md-supplier)" [_thread_blocked, id=16964, stack(0x000000fa79400000,0x000000fa79500000)]
  0x00000254a1d96e40 JavaThread "Cache worker for cache directory md-rule (C:\Users\ROHIT\.gradle\caches\8.6\md-rule)" [_thread_blocked, id=1712, stack(0x000000fa79500000,0x000000fa79600000)]
  0x00000254a1d994c0 JavaThread "Cache worker for file content cache (C:\Users\ROHIT\.gradle\caches\8.6\fileContent)" [_thread_blocked, id=19260, stack(0x000000fa79600000,0x000000fa79700000)]
  0x00000254a1d9c4e0 JavaThread "jar transforms" [_thread_blocked, id=20232, stack(0x000000fa79700000,0x000000fa79800000)]
  0x00000254a1d9a330 JavaThread "jar transforms Thread 2" [_thread_blocked, id=17432, stack(0x000000fa79800000,0x000000fa79900000)]
  0x00000254a1d977e0 JavaThread "jar transforms Thread 3" [_thread_blocked, id=18200, stack(0x000000fa79900000,0x000000fa79a00000)]
  0x00000254a1d9b1a0 JavaThread "jar transforms Thread 4" [_thread_blocked, id=18328, stack(0x000000fa79a00000,0x000000fa79b00000)]
  0x00000254a1d97310 JavaThread "Unconstrained build operations" [_thread_blocked, id=15024, stack(0x000000fa76b00000,0x000000fa76c00000)]
  0x00000254a1d9c9b0 JavaThread "Unconstrained build operations Thread 2" [_thread_blocked, id=18784, stack(0x000000fa76c00000,0x000000fa76d00000)]
  0x00000254a1d9bb40 JavaThread "Cache worker for Build Output Cleanup Cache (C:\MTS\project\reactnative\newthree\myapp\node_modules\@react-native\gradle-plugin\.gradle\buildOutputCleanup)" [_thread_blocked, id=12476, stack(0x000000fa79f00000,0x000000fa7a000000)]
  0x00000254a1d95160 JavaThread "Unconstrained build operations Thread 3" [_thread_blocked, id=16172, stack(0x000000fa7a000000,0x000000fa7a100000)]
  0x00000254a1d95b00 JavaThread "Unconstrained build operations Thread 4" [_thread_blocked, id=12068, stack(0x000000fa7a100000,0x000000fa7a200000)]
  0x00000254a1d97cb0 JavaThread "Unconstrained build operations Thread 5" [_thread_blocked, id=17692, stack(0x000000fa7a200000,0x000000fa7a300000)]
  0x00000254a1d964a0 JavaThread "build event listener" [_thread_blocked, id=2216, stack(0x000000fa7a300000,0x000000fa7a400000)]
  0x00000254a1d98180 JavaThread "Memory manager" [_thread_blocked, id=11704, stack(0x000000fa7a400000,0x000000fa7a500000)]
  0x00000254a1d98b20 JavaThread "Cache worker for Build Output Cleanup Cache (C:\MTS\project\reactnative\newthree\myapp\android\.gradle\buildOutputCleanup)" [_thread_blocked, id=17668, stack(0x000000fa7a500000,0x000000fa7a600000)]
  0x00000254a1d9c010 JavaThread "Unconstrained build operations Thread 6" [_thread_blocked, id=16892, stack(0x000000fa7a700000,0x000000fa7a800000)]
  0x00000254a1cf6ed0 JavaThread "Unconstrained build operations Thread 7" [_thread_blocked, id=11128, stack(0x000000fa7a800000,0x000000fa7a900000)]
  0x00000254a1cf7870 JavaThread "Unconstrained build operations Thread 8" [_thread_blocked, id=18920, stack(0x000000fa7a900000,0x000000fa7aa00000)]
  0x00000254a1cf6060 JavaThread "ForkJoinPool.commonPool-worker-1" daemon [_thread_blocked, id=9372, stack(0x000000fa7aa00000,0x000000fa7ab00000)]
  0x00000254a1cf7d40 JavaThread "ForkJoinPool.commonPool-worker-3" daemon [_thread_blocked, id=17944, stack(0x000000fa7ac00000,0x000000fa7ad00000)]
  0x00000254a1cf8210 JavaThread "included builds" [_thread_blocked, id=13496, stack(0x000000fa7ad00000,0x000000fa7ae00000)]
  0x00000254a1cf6a00 JavaThread "Execution worker" [_thread_blocked, id=11472, stack(0x000000fa7ae00000,0x000000fa7af00000)]
  0x00000254a1cf9080 JavaThread "Execution worker Thread 2" [_thread_blocked, id=18424, stack(0x000000fa7af00000,0x000000fa7b000000)]
  0x00000254a1cf8bb0 JavaThread "Execution worker Thread 3" [_thread_blocked, id=9168, stack(0x000000fa7b000000,0x000000fa7b100000)]
  0x00000254a1cf9550 JavaThread "Cache worker for execution history cache (C:\MTS\project\reactnative\newthree\myapp\node_modules\@react-native\gradle-plugin\.gradle\8.6\executionHistory)" [_thread_blocked, id=16904, stack(0x000000fa7b100000,0x000000fa7b200000)]
  0x00000254a1cf9a20 JavaThread "Unconstrained build operations Thread 9" [_thread_blocked, id=13880, stack(0x000000fa7b200000,0x000000fa7b300000)]
  0x00000254a9044910 JavaThread "Unconstrained build operations Thread 10" [_thread_blocked, id=8688, stack(0x000000fa7b300000,0x000000fa7b400000)]
  0x00000254a90487a0 JavaThread "Unconstrained build operations Thread 11" [_thread_blocked, id=5604, stack(0x000000fa7b400000,0x000000fa7b500000)]
  0x00000254a9048c70 JavaThread "Unconstrained build operations Thread 12" [_thread_blocked, id=5568, stack(0x000000fa7b500000,0x000000fa7b600000)]
  0x00000254a9044de0 JavaThread "Unconstrained build operations Thread 13" [_thread_blocked, id=12852, stack(0x000000fa7b600000,0x000000fa7b700000)]
  0x00000254a90465f0 JavaThread "Unconstrained build operations Thread 14" [_thread_blocked, id=17576, stack(0x000000fa7b700000,0x000000fa7b800000)]
  0x00000254a9049140 JavaThread "Unconstrained build operations Thread 15" [_thread_blocked, id=10260, stack(0x000000fa7b800000,0x000000fa7b900000)]
  0x00000254a904a480 JavaThread "Unconstrained build operations Thread 16" [_thread_blocked, id=7196, stack(0x000000fa7b900000,0x000000fa7ba00000)]
  0x00000254a90435d0 JavaThread "Unconstrained build operations Thread 17" [_thread_blocked, id=8272, stack(0x000000fa7ba00000,0x000000fa7bb00000)]
  0x00000254a9043aa0 JavaThread "Unconstrained build operations Thread 18" [_thread_blocked, id=19328, stack(0x000000fa7bb00000,0x000000fa7bc00000)]
  0x00000254a9049610 JavaThread "Unconstrained build operations Thread 19" [_thread_blocked, id=1264, stack(0x000000fa7bc00000,0x000000fa7bd00000)]
  0x00000254a90452b0 JavaThread "build event listener" [_thread_blocked, id=12648, stack(0x000000fa79b00000,0x000000fa79c00000)]
  0x00000254a9045c50 JavaThread "Exec process Thread 4" [_thread_blocked, id=15192, stack(0x000000fa79c00000,0x000000fa79d00000)]
  0x00000254a9047460 JavaThread "Exec process Thread 5" [_thread_blocked, id=10148, stack(0x000000fa79d00000,0x000000fa79e00000)]
  0x00000254a904a950 JavaThread "Exec process Thread 6" [_thread_blocked, id=8308, stack(0x000000fa7bd00000,0x000000fa7be00000)]
  0x00000254a9047e00 JavaThread "Unconstrained build operations Thread 20" [_thread_blocked, id=17112, stack(0x000000fa76a00000,0x000000fa76b00000)]
  0x00000254a90482d0 JavaThread "Unconstrained build operations Thread 21" [_thread_blocked, id=9476, stack(0x000000fa7be00000,0x000000fa7bf00000)]
  0x00000254a1d99990 JavaThread "Unconstrained build operations Thread 22" [_thread_blocked, id=17748, stack(0x000000fa7bf00000,0x000000fa7c000000)]

Other Threads:
=>0x00000254817e36d0 VMThread "VM Thread" [stack: 0x000000fa77300000,0x000000fa77400000] [id=16156]
  0x00000254a1a7bb60 WatcherThread [stack: 0x000000fa77f00000,0x000000fa78000000] [id=19632]
  0x0000025481759e50 GCTaskThread "GC Thread#0" [stack: 0x000000fa76e00000,0x000000fa76f00000] [id=10304]
  0x00000254a1af3950 GCTaskThread "GC Thread#1" [stack: 0x000000fa78000000,0x000000fa78100000] [id=11748]
  0x00000254a1cfe9e0 GCTaskThread "GC Thread#2" [stack: 0x000000fa78100000,0x000000fa78200000] [id=17912]
  0x00000254a2547c30 GCTaskThread "GC Thread#3" [stack: 0x000000fa78200000,0x000000fa78300000] [id=16200]
  0x000002548176b440 ConcurrentGCThread "G1 Main Marker" [stack: 0x000000fa76f00000,0x000000fa77000000] [id=19992]
  0x000002548176bd60 ConcurrentGCThread "G1 Conc#0" [stack: 0x000000fa77000000,0x000000fa77100000] [id=2772]
  0x00000254817bbaf0 ConcurrentGCThread "G1 Refine#0" [stack: 0x000000fa77100000,0x000000fa77200000] [id=15652]
  0x00000254817be430 ConcurrentGCThread "G1 Service" [stack: 0x000000fa77200000,0x000000fa77300000] [id=13196]

Threads with active compile tasks:
C2 CompilerThread0   171914 13997       4       groovyjarjarantlr4.v4.runtime.atn.PredictionContext::getCachedContext (297 bytes)

VM state: at safepoint (normal execution)

VM Mutex/Monitor currently owned by a thread:  ([mutex/lock_event])
[0x0000025481717e80] Threads_lock - owner thread: 0x00000254817e36d0
[0x0000025481717a90] Heap_lock - owner thread: 0x00000254a3380c00

Heap address: 0x0000000080000000, size: 2048 MB, Compressed Oops mode: 32-bit

CDS archive(s) mapped at: [0x0000000800000000-0x0000000800bc0000-0x0000000800bc0000), size 12320768, SharedBaseAddress: 0x0000000800000000, ArchiveRelocationMode: 0.
Compressed class space mapped at: 0x0000000800c00000-0x000000081a800000, reserved size: 432013312
Narrow klass base: 0x0000000800000000, Narrow klass shift: 0, Narrow klass range: 0x100000000

GC Precious Log:
 CPUs: 4 total, 4 available
 Memory: 4007M
 Large Page Support: Disabled
 NUMA Support: Disabled
 Compressed Oops: Enabled (32-bit)
 Heap Region Size: 1M
 Heap Min Capacity: 8M
 Heap Initial Capacity: 64M
 Heap Max Capacity: 2G
 Pre-touch: Disabled
 Parallel Workers: 4
 Concurrent Workers: 1
 Concurrent Refinement Workers: 4
 Periodic GC: Disabled

Heap:
 garbage-first heap   total 250880K, used 130048K [0x0000000080000000, 0x0000000100000000)
  region size 1024K, 1 young (1024K), 1 survivors (1024K)
 Metaspace       used 107642K, committed 108480K, reserved 520192K
  class space    used 14887K, committed 15296K, reserved 421888K

Heap Regions: E=young(eden), S=young(survivor), O=old, HS=humongous(starts), HC=humongous(continues), CS=collection set, F=free, OA=open archive, CA=closed archive, TAMS=top-at-mark-start (previous, next)
|   0|0x0000000080000000, 0x0000000080100000, 0x0000000080100000|100%| O|  |TAMS 0x0000000080100000, 0x0000000080000000| Untracked 
|   1|0x0000000080100000, 0x0000000080200000, 0x0000000080200000|100%| O|  |TAMS 0x0000000080200000, 0x0000000080100000| Untracked 
|   2|0x0000000080200000, 0x0000000080300000, 0x0000000080300000|100%|HS|  |TAMS 0x0000000080300000, 0x0000000080200000| Complete 
|   3|0x0000000080300000, 0x0000000080400000, 0x0000000080400000|100%|HC|  |TAMS 0x0000000080400000, 0x0000000080300000| Complete 
|   4|0x0000000080400000, 0x0000000080500000, 0x0000000080500000|100%|HC|  |TAMS 0x0000000080500000, 0x0000000080400000| Complete 
|   5|0x0000000080500000, 0x0000000080600000, 0x0000000080600000|100%|HC|  |TAMS 0x0000000080600000, 0x0000000080500000| Complete 
|   6|0x0000000080600000, 0x0000000080700000, 0x0000000080700000|100%| O|  |TAMS 0x0000000080700000, 0x0000000080600000| Untracked 
|   7|0x0000000080700000, 0x0000000080800000, 0x0000000080800000|100%| O|  |TAMS 0x0000000080800000, 0x0000000080700000| Untracked 
|   8|0x0000000080800000, 0x0000000080900000, 0x0000000080900000|100%| O|  |TAMS 0x0000000080900000, 0x0000000080800000| Untracked 
|   9|0x0000000080900000, 0x0000000080a00000, 0x0000000080a00000|100%| O|  |TAMS 0x0000000080a00000, 0x0000000080900000| Untracked 
|  10|0x0000000080a00000, 0x0000000080b00000, 0x0000000080b00000|100%| O|  |TAMS 0x0000000080b00000, 0x0000000080a00000| Untracked 
|  11|0x0000000080b00000, 0x0000000080c00000, 0x0000000080c00000|100%| O|  |TAMS 0x0000000080c00000, 0x0000000080b00000| Untracked 
|  12|0x0000000080c00000, 0x0000000080d00000, 0x0000000080d00000|100%| O|  |TAMS 0x0000000080d00000, 0x0000000080c00000| Untracked 
|  13|0x0000000080d00000, 0x0000000080e00000, 0x0000000080e00000|100%| O|  |TAMS 0x0000000080e00000, 0x0000000080d00000| Untracked 
|  14|0x0000000080e00000, 0x0000000080f00000, 0x0000000080f00000|100%| O|  |TAMS 0x0000000080f00000, 0x0000000080e00000| Untracked 
|  15|0x0000000080f00000, 0x0000000081000000, 0x0000000081000000|100%| O|  |TAMS 0x0000000081000000, 0x0000000080f00000| Untracked 
|  16|0x0000000081000000, 0x0000000081100000, 0x0000000081100000|100%| O|  |TAMS 0x0000000081100000, 0x0000000081000000| Untracked 
|  17|0x0000000081100000, 0x0000000081200000, 0x0000000081200000|100%| O|  |TAMS 0x0000000081200000, 0x0000000081100000| Untracked 
|  18|0x0000000081200000, 0x0000000081300000, 0x0000000081300000|100%| O|  |TAMS 0x0000000081300000, 0x0000000081200000| Untracked 
|  19|0x0000000081300000, 0x0000000081400000, 0x0000000081400000|100%| O|  |TAMS 0x0000000081400000, 0x0000000081300000| Untracked 
|  20|0x0000000081400000, 0x0000000081500000, 0x0000000081500000|100%| O|  |TAMS 0x0000000081500000, 0x0000000081400000| Untracked 
|  21|0x0000000081500000, 0x0000000081600000, 0x0000000081600000|100%| O|  |TAMS 0x0000000081600000, 0x0000000081500000| Untracked 
|  22|0x0000000081600000, 0x0000000081700000, 0x0000000081700000|100%| O|  |TAMS 0x0000000081700000, 0x0000000081600000| Untracked 
|  23|0x0000000081700000, 0x0000000081800000, 0x0000000081800000|100%| O|  |TAMS 0x0000000081800000, 0x0000000081700000| Untracked 
|  24|0x0000000081800000, 0x0000000081900000, 0x0000000081900000|100%| O|  |TAMS 0x0000000081900000, 0x0000000081800000| Untracked 
|  25|0x0000000081900000, 0x0000000081a00000, 0x0000000081a00000|100%| O|  |TAMS 0x0000000081a00000, 0x0000000081900000| Untracked 
|  26|0x0000000081a00000, 0x0000000081b00000, 0x0000000081b00000|100%| O|  |TAMS 0x0000000081b00000, 0x0000000081a00000| Untracked 
|  27|0x0000000081b00000, 0x0000000081c00000, 0x0000000081c00000|100%| O|  |TAMS 0x0000000081c00000, 0x0000000081b00000| Untracked 
|  28|0x0000000081c00000, 0x0000000081d00000, 0x0000000081d00000|100%| O|  |TAMS 0x0000000081d00000, 0x0000000081c00000| Untracked 
|  29|0x0000000081d00000, 0x0000000081e00000, 0x0000000081e00000|100%| O|  |TAMS 0x0000000081e00000, 0x0000000081d00000| Untracked 
|  30|0x0000000081e00000, 0x0000000081f00000, 0x0000000081f00000|100%| O|  |TAMS 0x0000000081f00000, 0x0000000081e00000| Untracked 
|  31|0x0000000081f00000, 0x0000000082000000, 0x0000000082000000|100%| O|  |TAMS 0x0000000081f00000, 0x0000000081f00000| Untracked 
|  32|0x0000000082000000, 0x0000000082100000, 0x0000000082100000|100%| O|  |TAMS 0x0000000082100000, 0x0000000082000000| Untracked 
|  33|0x0000000082100000, 0x0000000082200000, 0x0000000082200000|100%| O|  |TAMS 0x0000000082200000, 0x0000000082100000| Untracked 
|  34|0x0000000082200000, 0x0000000082300000, 0x0000000082300000|100%| O|  |TAMS 0x0000000082200000, 0x0000000082200000| Untracked 
|  35|0x0000000082300000, 0x0000000082400000, 0x0000000082400000|100%| O|  |TAMS 0x0000000082400000, 0x0000000082300000| Untracked 
|  36|0x0000000082400000, 0x0000000082500000, 0x0000000082500000|100%| O|  |TAMS 0x0000000082500000, 0x0000000082400000| Untracked 
|  37|0x0000000082500000, 0x0000000082600000, 0x0000000082600000|100%| O|  |TAMS 0x0000000082600000, 0x0000000082500000| Untracked 
|  38|0x0000000082600000, 0x0000000082700000, 0x0000000082700000|100%| O|  |TAMS 0x0000000082700000, 0x0000000082600000| Untracked 
|  39|0x0000000082700000, 0x0000000082800000, 0x0000000082800000|100%| O|  |TAMS 0x0000000082800000, 0x0000000082700000| Untracked 
|  40|0x0000000082800000, 0x0000000082900000, 0x0000000082900000|100%| O|  |TAMS 0x0000000082900000, 0x0000000082800000| Untracked 
|  41|0x0000000082900000, 0x0000000082a00000, 0x0000000082a00000|100%| O|  |TAMS 0x0000000082a00000, 0x0000000082900000| Untracked 
|  42|0x0000000082a00000, 0x0000000082b00000, 0x0000000082b00000|100%|HS|  |TAMS 0x0000000082b00000, 0x0000000082a00000| Complete 
|  43|0x0000000082b00000, 0x0000000082c00000, 0x0000000082c00000|100%|HC|  |TAMS 0x0000000082c00000, 0x0000000082b00000| Complete 
|  44|0x0000000082c00000, 0x0000000082d00000, 0x0000000082d00000|100%|HS|  |TAMS 0x0000000082d00000, 0x0000000082c00000| Complete 
|  45|0x0000000082d00000, 0x0000000082e00000, 0x0000000082e00000|100%|HC|  |TAMS 0x0000000082e00000, 0x0000000082d00000| Complete 
|  46|0x0000000082e00000, 0x0000000082f00000, 0x0000000082f00000|100%| O|  |TAMS 0x0000000082f00000, 0x0000000082e00000| Untracked 
|  47|0x0000000082f00000, 0x0000000083000000, 0x0000000083000000|100%| O|  |TAMS 0x0000000083000000, 0x0000000082f00000| Untracked 
|  48|0x0000000083000000, 0x0000000083100000, 0x0000000083100000|100%|HS|  |TAMS 0x0000000083100000, 0x0000000083000000| Complete 
|  49|0x0000000083100000, 0x0000000083200000, 0x0000000083200000|100%|HC|  |TAMS 0x0000000083200000, 0x0000000083100000| Complete 
|  50|0x0000000083200000, 0x0000000083300000, 0x0000000083300000|100%|HC|  |TAMS 0x0000000083300000, 0x0000000083200000| Complete 
|  51|0x0000000083300000, 0x0000000083400000, 0x0000000083400000|100%|HC|  |TAMS 0x0000000083400000, 0x0000000083300000| Complete 
|  52|0x0000000083400000, 0x0000000083500000, 0x0000000083500000|100%|HS|  |TAMS 0x0000000083500000, 0x0000000083400000| Complete 
|  53|0x0000000083500000, 0x0000000083600000, 0x0000000083600000|100%|HC|  |TAMS 0x0000000083600000, 0x0000000083500000| Complete 
|  54|0x0000000083600000, 0x0000000083700000, 0x0000000083700000|100%|HC|  |TAMS 0x0000000083700000, 0x0000000083600000| Complete 
|  55|0x0000000083700000, 0x0000000083800000, 0x0000000083800000|100%|HC|  |TAMS 0x0000000083800000, 0x0000000083700000| Complete 
|  56|0x0000000083800000, 0x0000000083900000, 0x0000000083900000|100%| O|  |TAMS 0x0000000083900000, 0x0000000083800000| Untracked 
|  57|0x0000000083900000, 0x0000000083a00000, 0x0000000083a00000|100%| O|  |TAMS 0x0000000083a00000, 0x0000000083900000| Untracked 
|  58|0x0000000083a00000, 0x0000000083b00000, 0x0000000083b00000|100%| O|  |TAMS 0x0000000083b00000, 0x0000000083a00000| Untracked 
|  59|0x0000000083b00000, 0x0000000083c00000, 0x0000000083c00000|100%| O|  |TAMS 0x0000000083c00000, 0x0000000083b00000| Untracked 
|  60|0x0000000083c00000, 0x0000000083d00000, 0x0000000083d00000|100%| O|  |TAMS 0x0000000083d00000, 0x0000000083c00000| Untracked 
|  61|0x0000000083d00000, 0x0000000083e00000, 0x0000000083e00000|100%| O|  |TAMS 0x0000000083e00000, 0x0000000083d00000| Untracked 
|  62|0x0000000083e00000, 0x0000000083f00000, 0x0000000083f00000|100%| O|  |TAMS 0x0000000083f00000, 0x0000000083e00000| Untracked 
|  63|0x0000000083f00000, 0x0000000084000000, 0x0000000084000000|100%| O|  |TAMS 0x0000000084000000, 0x0000000083f00000| Untracked 
|  64|0x0000000084000000, 0x0000000084100000, 0x0000000084100000|100%| O|  |TAMS 0x0000000084100000, 0x0000000084000000| Untracked 
|  65|0x0000000084100000, 0x0000000084200000, 0x0000000084200000|100%| O|  |TAMS 0x0000000084200000, 0x0000000084100000| Untracked 
|  66|0x0000000084200000, 0x0000000084300000, 0x0000000084300000|100%|HS|  |TAMS 0x0000000084200000, 0x0000000084200000| Complete 
|  67|0x0000000084300000, 0x0000000084400000, 0x0000000084400000|100%| O|  |TAMS 0x0000000084300000, 0x0000000084300000| Untracked 
|  68|0x0000000084400000, 0x0000000084500000, 0x0000000084500000|100%| O|  |TAMS 0x0000000084400000, 0x0000000084400000| Untracked 
|  69|0x0000000084500000, 0x0000000084600000, 0x0000000084600000|100%| O|  |TAMS 0x0000000084500000, 0x0000000084500000| Untracked 
|  70|0x0000000084600000, 0x0000000084700000, 0x0000000084700000|100%| O|  |TAMS 0x0000000084600000, 0x0000000084600000| Untracked 
|  71|0x0000000084700000, 0x0000000084800000, 0x0000000084800000|100%|HS|  |TAMS 0x0000000084700000, 0x0000000084700000| Complete 
|  72|0x0000000084800000, 0x0000000084900000, 0x0000000084900000|100%|HS|  |TAMS 0x0000000084800000, 0x0000000084800000| Complete 
|  73|0x0000000084900000, 0x0000000084a00000, 0x0000000084a00000|100%|HS|  |TAMS 0x0000000084900000, 0x0000000084900000| Complete 
|  74|0x0000000084a00000, 0x0000000084b00000, 0x0000000084b00000|100%| O|  |TAMS 0x0000000084a00000, 0x0000000084a00000| Untracked 
|  75|0x0000000084b00000, 0x0000000084c00000, 0x0000000084c00000|100%| O|  |TAMS 0x0000000084b00000, 0x0000000084b00000| Untracked 
|  76|0x0000000084c00000, 0x0000000084d00000, 0x0000000084d00000|100%| O|  |TAMS 0x0000000084c00000, 0x0000000084c00000| Untracked 
|  77|0x0000000084d00000, 0x0000000084e00000, 0x0000000084e00000|100%| O|  |TAMS 0x0000000084d00000, 0x0000000084d00000| Untracked 
|  78|0x0000000084e00000, 0x0000000084f00000, 0x0000000084f00000|100%| O|  |TAMS 0x0000000084e00000, 0x0000000084e00000| Untracked 
|  79|0x0000000084f00000, 0x0000000085000000, 0x0000000085000000|100%| O|  |TAMS 0x0000000084f00000, 0x0000000084f00000| Untracked 
|  80|0x0000000085000000, 0x0000000085100000, 0x0000000085100000|100%| O|  |TAMS 0x0000000085000000, 0x0000000085000000| Untracked 
|  81|0x0000000085100000, 0x0000000085200000, 0x0000000085200000|100%| O|  |TAMS 0x0000000085100000, 0x0000000085100000| Untracked 
|  82|0x0000000085200000, 0x0000000085300000, 0x0000000085300000|100%|HS|  |TAMS 0x0000000085200000, 0x0000000085200000| Complete 
|  83|0x0000000085300000, 0x0000000085400000, 0x0000000085400000|100%| O|  |TAMS 0x0000000085300000, 0x0000000085300000| Untracked 
|  84|0x0000000085400000, 0x0000000085500000, 0x0000000085500000|100%| O|  |TAMS 0x0000000085400000, 0x0000000085400000| Untracked 
|  85|0x0000000085500000, 0x0000000085600000, 0x0000000085600000|100%| O|  |TAMS 0x0000000085500000, 0x0000000085500000| Untracked 
|  86|0x0000000085600000, 0x0000000085700000, 0x0000000085700000|100%| O|  |TAMS 0x0000000085600000, 0x0000000085600000| Untracked 
|  87|0x0000000085700000, 0x0000000085800000, 0x0000000085800000|100%| O|  |TAMS 0x0000000085700000, 0x0000000085700000| Untracked 
|  88|0x0000000085800000, 0x0000000085900000, 0x0000000085900000|100%| O|  |TAMS 0x0000000085800000, 0x0000000085800000| Untracked 
|  89|0x0000000085900000, 0x0000000085a00000, 0x0000000085a00000|100%| O|  |TAMS 0x0000000085900000, 0x0000000085900000| Untracked 
|  90|0x0000000085a00000, 0x0000000085b00000, 0x0000000085b00000|100%| O|  |TAMS 0x0000000085a00000, 0x0000000085a00000| Untracked 
|  91|0x0000000085b00000, 0x0000000085c00000, 0x0000000085c00000|100%| O|  |TAMS 0x0000000085b00000, 0x0000000085b00000| Untracked 
|  92|0x0000000085c00000, 0x0000000085d00000, 0x0000000085d00000|100%| O|  |TAMS 0x0000000085c00000, 0x0000000085c00000| Untracked 
|  93|0x0000000085d00000, 0x0000000085e00000, 0x0000000085e00000|100%| O|  |TAMS 0x0000000085d00000, 0x0000000085d00000| Untracked 
|  94|0x0000000085e00000, 0x0000000085f00000, 0x0000000085f00000|100%|HS|  |TAMS 0x0000000085e00000, 0x0000000085e00000| Complete 
|  95|0x0000000085f00000, 0x0000000086000000, 0x0000000086000000|100%| O|  |TAMS 0x0000000085f00000, 0x0000000085f00000| Untracked 
|  96|0x0000000086000000, 0x0000000086100000, 0x0000000086100000|100%| O|  |TAMS 0x0000000086000000, 0x0000000086000000| Untracked 
|  97|0x0000000086100000, 0x0000000086200000, 0x0000000086200000|100%| O|  |TAMS 0x0000000086100000, 0x0000000086100000| Untracked 
|  98|0x0000000086200000, 0x0000000086300000, 0x0000000086300000|100%| O|  |TAMS 0x0000000086200000, 0x0000000086200000| Untracked 
|  99|0x0000000086300000, 0x0000000086400000, 0x0000000086400000|100%| O|  |TAMS 0x0000000086300000, 0x0000000086300000| Untracked 
| 100|0x0000000086400000, 0x0000000086500000, 0x0000000086500000|100%| O|  |TAMS 0x0000000086400000, 0x0000000086400000| Untracked 
| 101|0x0000000086500000, 0x0000000086600000, 0x0000000086600000|100%| O|  |TAMS 0x0000000086500000, 0x0000000086500000| Untracked 
| 102|0x0000000086600000, 0x0000000086700000, 0x0000000086700000|100%|HS|  |TAMS 0x0000000086600000, 0x0000000086600000| Complete 
| 103|0x0000000086700000, 0x0000000086800000, 0x0000000086800000|100%| O|  |TAMS 0x0000000086700000, 0x0000000086700000| Untracked 
| 104|0x0000000086800000, 0x0000000086900000, 0x0000000086900000|100%|HS|  |TAMS 0x0000000086800000, 0x0000000086800000| Complete 
| 105|0x0000000086900000, 0x0000000086a00000, 0x0000000086a00000|100%|HC|  |TAMS 0x0000000086900000, 0x0000000086900000| Complete 
| 106|0x0000000086a00000, 0x0000000086b00000, 0x0000000086b00000|100%| O|  |TAMS 0x0000000086a00000, 0x0000000086a00000| Untracked 
| 107|0x0000000086b00000, 0x0000000086c00000, 0x0000000086c00000|100%| O|  |TAMS 0x0000000086b00000, 0x0000000086b00000| Untracked 
| 108|0x0000000086c00000, 0x0000000086d00000, 0x0000000086d00000|100%| O|  |TAMS 0x0000000086c00000, 0x0000000086c00000| Untracked 
| 109|0x0000000086d00000, 0x0000000086e00000, 0x0000000086e00000|100%| O|  |TAMS 0x0000000086d00000, 0x0000000086d00000| Untracked 
| 110|0x0000000086e00000, 0x0000000086f00000, 0x0000000086f00000|100%| O|  |TAMS 0x0000000086e00000, 0x0000000086e00000| Untracked 
| 111|0x0000000086f00000, 0x0000000087000000, 0x0000000087000000|100%| O|  |TAMS 0x0000000086f00000, 0x0000000086f00000| Untracked 
| 112|0x0000000087000000, 0x0000000087100000, 0x0000000087100000|100%| O|  |TAMS 0x0000000087000000, 0x0000000087000000| Untracked 
| 113|0x0000000087100000, 0x0000000087200000, 0x0000000087200000|100%| O|  |TAMS 0x0000000087100000, 0x0000000087100000| Untracked 
| 114|0x0000000087200000, 0x0000000087300000, 0x0000000087300000|100%| O|  |TAMS 0x0000000087200000, 0x0000000087200000| Untracked 
| 115|0x0000000087300000, 0x0000000087400000, 0x0000000087400000|100%| O|  |TAMS 0x0000000087300000, 0x0000000087300000| Untracked 
| 116|0x0000000087400000, 0x0000000087500000, 0x0000000087500000|100%| O|  |TAMS 0x0000000087400000, 0x0000000087400000| Untracked 
| 117|0x0000000087500000, 0x0000000087600000, 0x0000000087600000|100%| O|  |TAMS 0x0000000087500000, 0x0000000087500000| Untracked 
| 118|0x0000000087600000, 0x0000000087700000, 0x0000000087700000|100%| O|  |TAMS 0x0000000087600000, 0x0000000087600000| Untracked 
| 119|0x0000000087700000, 0x0000000087800000, 0x0000000087800000|100%| O|  |TAMS 0x0000000087700000, 0x0000000087700000| Untracked 
| 120|0x0000000087800000, 0x0000000087900000, 0x0000000087900000|100%| O|  |TAMS 0x0000000087800000, 0x0000000087800000| Untracked 
| 121|0x0000000087900000, 0x0000000087a00000, 0x0000000087a00000|100%| O|  |TAMS 0x0000000087900000, 0x0000000087900000| Untracked 
| 122|0x0000000087a00000, 0x0000000087b00000, 0x0000000087b00000|100%| O|  |TAMS 0x0000000087a00000, 0x0000000087a00000| Untracked 
| 123|0x0000000087b00000, 0x0000000087c00000, 0x0000000087c00000|100%| O|  |TAMS 0x0000000087b00000, 0x0000000087b00000| Untracked 
| 124|0x0000000087c00000, 0x0000000087d00000, 0x0000000087d00000|100%| O|  |TAMS 0x0000000087c00000, 0x0000000087c00000| Untracked 
| 125|0x0000000087d00000, 0x0000000087e00000, 0x0000000087e00000|100%| O|  |TAMS 0x0000000087d00000, 0x0000000087d00000| Untracked 
| 126|0x0000000087e00000, 0x0000000087e00000, 0x0000000087f00000|  0%| F|  |TAMS 0x0000000087e00000, 0x0000000087e00000| Untracked 
| 127|0x0000000087f00000, 0x0000000087f00000, 0x0000000088000000|  0%| F|  |TAMS 0x0000000087f00000, 0x0000000087f00000| Untracked 
| 128|0x0000000088000000, 0x0000000088000000, 0x0000000088100000|  0%| F|  |TAMS 0x0000000088000000, 0x0000000088000000| Untracked 
| 129|0x0000000088100000, 0x0000000088100000, 0x0000000088200000|  0%| F|  |TAMS 0x0000000088100000, 0x0000000088100000| Untracked 
| 130|0x0000000088200000, 0x0000000088200000, 0x0000000088300000|  0%| F|  |TAMS 0x0000000088200000, 0x0000000088200000| Untracked 
| 131|0x0000000088300000, 0x0000000088300000, 0x0000000088400000|  0%| F|  |TAMS 0x0000000088300000, 0x0000000088300000| Untracked 
| 132|0x0000000088400000, 0x0000000088400000, 0x0000000088500000|  0%| F|  |TAMS 0x0000000088400000, 0x0000000088400000| Untracked 
| 133|0x0000000088500000, 0x0000000088500000, 0x0000000088600000|  0%| F|  |TAMS 0x0000000088500000, 0x0000000088500000| Untracked 
| 134|0x0000000088600000, 0x0000000088600000, 0x0000000088700000|  0%| F|  |TAMS 0x0000000088600000, 0x0000000088600000| Untracked 
| 135|0x0000000088700000, 0x0000000088700000, 0x0000000088800000|  0%| F|  |TAMS 0x0000000088700000, 0x0000000088700000| Untracked 
| 136|0x0000000088800000, 0x0000000088800000, 0x0000000088900000|  0%| F|  |TAMS 0x0000000088800000, 0x0000000088800000| Untracked 
| 137|0x0000000088900000, 0x0000000088900000, 0x0000000088a00000|  0%| F|  |TAMS 0x0000000088900000, 0x0000000088900000| Untracked 
| 138|0x0000000088a00000, 0x0000000088a00000, 0x0000000088b00000|  0%| F|  |TAMS 0x0000000088a00000, 0x0000000088a00000| Untracked 
| 139|0x0000000088b00000, 0x0000000088b00000, 0x0000000088c00000|  0%| F|  |TAMS 0x0000000088b00000, 0x0000000088b00000| Untracked 
| 140|0x0000000088c00000, 0x0000000088c00000, 0x0000000088d00000|  0%| F|  |TAMS 0x0000000088c00000, 0x0000000088c00000| Untracked 
| 141|0x0000000088d00000, 0x0000000088d00000, 0x0000000088e00000|  0%| F|  |TAMS 0x0000000088d00000, 0x0000000088d00000| Untracked 
| 142|0x0000000088e00000, 0x0000000088e00000, 0x0000000088f00000|  0%| F|  |TAMS 0x0000000088e00000, 0x0000000088e00000| Untracked 
| 143|0x0000000088f00000, 0x0000000088f00000, 0x0000000089000000|  0%| F|  |TAMS 0x0000000088f00000, 0x0000000088f00000| Untracked 
| 144|0x0000000089000000, 0x0000000089000000, 0x0000000089100000|  0%| F|  |TAMS 0x0000000089000000, 0x0000000089000000| Untracked 
| 145|0x0000000089100000, 0x0000000089100000, 0x0000000089200000|  0%| F|  |TAMS 0x0000000089100000, 0x0000000089100000| Untracked 
| 146|0x0000000089200000, 0x0000000089200000, 0x0000000089300000|  0%| F|  |TAMS 0x0000000089200000, 0x0000000089200000| Untracked 
| 147|0x0000000089300000, 0x0000000089300000, 0x0000000089400000|  0%| F|  |TAMS 0x0000000089300000, 0x0000000089300000| Untracked 
| 148|0x0000000089400000, 0x0000000089400000, 0x0000000089500000|  0%| F|  |TAMS 0x0000000089400000, 0x0000000089400000| Untracked 
| 149|0x0000000089500000, 0x0000000089500000, 0x0000000089600000|  0%| F|  |TAMS 0x0000000089500000, 0x0000000089500000| Untracked 
| 150|0x0000000089600000, 0x0000000089600000, 0x0000000089700000|  0%| F|  |TAMS 0x0000000089600000, 0x0000000089600000| Untracked 
| 151|0x0000000089700000, 0x0000000089700000, 0x0000000089800000|  0%| F|  |TAMS 0x0000000089700000, 0x0000000089700000| Untracked 
| 152|0x0000000089800000, 0x0000000089800000, 0x0000000089900000|  0%| F|  |TAMS 0x0000000089800000, 0x0000000089800000| Untracked 
| 153|0x0000000089900000, 0x0000000089900000, 0x0000000089a00000|  0%| F|  |TAMS 0x0000000089900000, 0x0000000089900000| Untracked 
| 154|0x0000000089a00000, 0x0000000089a00000, 0x0000000089b00000|  0%| F|  |TAMS 0x0000000089a00000, 0x0000000089a00000| Untracked 
| 155|0x0000000089b00000, 0x0000000089b00000, 0x0000000089c00000|  0%| F|  |TAMS 0x0000000089b00000, 0x0000000089b00000| Untracked 
| 156|0x0000000089c00000, 0x0000000089c00000, 0x0000000089d00000|  0%| F|  |TAMS 0x0000000089c00000, 0x0000000089c00000| Untracked 
| 157|0x0000000089d00000, 0x0000000089d00000, 0x0000000089e00000|  0%| F|  |TAMS 0x0000000089d00000, 0x0000000089d00000| Untracked 
| 158|0x0000000089e00000, 0x0000000089e00000, 0x0000000089f00000|  0%| F|  |TAMS 0x0000000089e00000, 0x0000000089e00000| Untracked 
| 159|0x0000000089f00000, 0x0000000089f00000, 0x000000008a000000|  0%| F|  |TAMS 0x0000000089f00000, 0x0000000089f00000| Untracked 
| 160|0x000000008a000000, 0x000000008a000000, 0x000000008a100000|  0%| F|  |TAMS 0x000000008a000000, 0x000000008a000000| Untracked 
| 161|0x000000008a100000, 0x000000008a100000, 0x000000008a200000|  0%| F|  |TAMS 0x000000008a100000, 0x000000008a100000| Untracked 
| 162|0x000000008a200000, 0x000000008a200000, 0x000000008a300000|  0%| F|  |TAMS 0x000000008a200000, 0x000000008a200000| Untracked 
| 163|0x000000008a300000, 0x000000008a300000, 0x000000008a400000|  0%| F|  |TAMS 0x000000008a300000, 0x000000008a300000| Untracked 
| 164|0x000000008a400000, 0x000000008a400000, 0x000000008a500000|  0%| F|  |TAMS 0x000000008a400000, 0x000000008a400000| Untracked 
| 165|0x000000008a500000, 0x000000008a500000, 0x000000008a600000|  0%| F|  |TAMS 0x000000008a500000, 0x000000008a500000| Untracked 
| 166|0x000000008a600000, 0x000000008a600000, 0x000000008a700000|  0%| F|  |TAMS 0x000000008a600000, 0x000000008a600000| Untracked 
| 167|0x000000008a700000, 0x000000008a700000, 0x000000008a800000|  0%| F|  |TAMS 0x000000008a700000, 0x000000008a700000| Untracked 
| 168|0x000000008a800000, 0x000000008a800000, 0x000000008a900000|  0%| F|  |TAMS 0x000000008a800000, 0x000000008a800000| Untracked 
| 169|0x000000008a900000, 0x000000008a900000, 0x000000008aa00000|  0%| F|  |TAMS 0x000000008a900000, 0x000000008a900000| Untracked 
| 170|0x000000008aa00000, 0x000000008aa00000, 0x000000008ab00000|  0%| F|  |TAMS 0x000000008aa00000, 0x000000008aa00000| Untracked 
| 171|0x000000008ab00000, 0x000000008ab00000, 0x000000008ac00000|  0%| F|  |TAMS 0x000000008ab00000, 0x000000008ab00000| Untracked 
| 172|0x000000008ac00000, 0x000000008ac00000, 0x000000008ad00000|  0%| F|  |TAMS 0x000000008ac00000, 0x000000008ac00000| Untracked 
| 173|0x000000008ad00000, 0x000000008ad00000, 0x000000008ae00000|  0%| F|  |TAMS 0x000000008ad00000, 0x000000008ad00000| Untracked 
| 174|0x000000008ae00000, 0x000000008ae00000, 0x000000008af00000|  0%| F|  |TAMS 0x000000008ae00000, 0x000000008ae00000| Untracked 
| 175|0x000000008af00000, 0x000000008af00000, 0x000000008b000000|  0%| F|  |TAMS 0x000000008af00000, 0x000000008af00000| Untracked 
| 176|0x000000008b000000, 0x000000008b000000, 0x000000008b100000|  0%| F|  |TAMS 0x000000008b000000, 0x000000008b000000| Untracked 
| 177|0x000000008b100000, 0x000000008b100000, 0x000000008b200000|  0%| F|  |TAMS 0x000000008b100000, 0x000000008b100000| Untracked 
| 178|0x000000008b200000, 0x000000008b200000, 0x000000008b300000|  0%| F|  |TAMS 0x000000008b200000, 0x000000008b200000| Untracked 
| 179|0x000000008b300000, 0x000000008b300000, 0x000000008b400000|  0%| F|  |TAMS 0x000000008b300000, 0x000000008b300000| Untracked 
| 180|0x000000008b400000, 0x000000008b400000, 0x000000008b500000|  0%| F|  |TAMS 0x000000008b400000, 0x000000008b400000| Untracked 
| 181|0x000000008b500000, 0x000000008b500000, 0x000000008b600000|  0%| F|  |TAMS 0x000000008b500000, 0x000000008b500000| Untracked 
| 182|0x000000008b600000, 0x000000008b600000, 0x000000008b700000|  0%| F|  |TAMS 0x000000008b600000, 0x000000008b600000| Untracked 
| 183|0x000000008b700000, 0x000000008b700000, 0x000000008b800000|  0%| F|  |TAMS 0x000000008b700000, 0x000000008b700000| Untracked 
| 184|0x000000008b800000, 0x000000008b800000, 0x000000008b900000|  0%| F|  |TAMS 0x000000008b800000, 0x000000008b800000| Untracked 
| 185|0x000000008b900000, 0x000000008b900000, 0x000000008ba00000|  0%| F|  |TAMS 0x000000008b900000, 0x000000008b900000| Untracked 
| 186|0x000000008ba00000, 0x000000008ba00000, 0x000000008bb00000|  0%| F|  |TAMS 0x000000008ba00000, 0x000000008ba00000| Untracked 
| 187|0x000000008bb00000, 0x000000008bb00000, 0x000000008bc00000|  0%| F|  |TAMS 0x000000008bb00000, 0x000000008bb00000| Untracked 
| 188|0x000000008bc00000, 0x000000008bc00000, 0x000000008bd00000|  0%| F|  |TAMS 0x000000008bc00000, 0x000000008bc00000| Untracked 
| 189|0x000000008bd00000, 0x000000008bd00000, 0x000000008be00000|  0%| F|  |TAMS 0x000000008bd00000, 0x000000008bd00000| Untracked 
| 190|0x000000008be00000, 0x000000008be00000, 0x000000008bf00000|  0%| F|  |TAMS 0x000000008be00000, 0x000000008be00000| Untracked 
| 191|0x000000008bf00000, 0x000000008bf00000, 0x000000008c000000|  0%| F|  |TAMS 0x000000008bf00000, 0x000000008bf00000| Untracked 
| 192|0x000000008c000000, 0x000000008c000000, 0x000000008c100000|  0%| F|  |TAMS 0x000000008c000000, 0x000000008c000000| Untracked 
| 193|0x000000008c100000, 0x000000008c100000, 0x000000008c200000|  0%| F|  |TAMS 0x000000008c100000, 0x000000008c100000| Untracked 
| 194|0x000000008c200000, 0x000000008c200000, 0x000000008c300000|  0%| F|  |TAMS 0x000000008c200000, 0x000000008c200000| Untracked 
| 195|0x000000008c300000, 0x000000008c300000, 0x000000008c400000|  0%| F|  |TAMS 0x000000008c300000, 0x000000008c300000| Untracked 
| 196|0x000000008c400000, 0x000000008c400000, 0x000000008c500000|  0%| F|  |TAMS 0x000000008c400000, 0x000000008c400000| Untracked 
| 197|0x000000008c500000, 0x000000008c500000, 0x000000008c600000|  0%| F|  |TAMS 0x000000008c500000, 0x000000008c500000| Untracked 
| 198|0x000000008c600000, 0x000000008c600000, 0x000000008c700000|  0%| F|  |TAMS 0x000000008c600000, 0x000000008c600000| Untracked 
| 199|0x000000008c700000, 0x000000008c700000, 0x000000008c800000|  0%| F|  |TAMS 0x000000008c700000, 0x000000008c700000| Untracked 
| 200|0x000000008c800000, 0x000000008c800000, 0x000000008c900000|  0%| F|  |TAMS 0x000000008c800000, 0x000000008c800000| Untracked 
| 201|0x000000008c900000, 0x000000008c900000, 0x000000008ca00000|  0%| F|  |TAMS 0x000000008c900000, 0x000000008c900000| Untracked 
| 202|0x000000008ca00000, 0x000000008ca00000, 0x000000008cb00000|  0%| F|  |TAMS 0x000000008ca00000, 0x000000008ca00000| Untracked 
| 203|0x000000008cb00000, 0x000000008cb00000, 0x000000008cc00000|  0%| F|  |TAMS 0x000000008cb00000, 0x000000008cb00000| Untracked 
| 204|0x000000008cc00000, 0x000000008cc00000, 0x000000008cd00000|  0%| F|  |TAMS 0x000000008cc00000, 0x000000008cc00000| Untracked 
| 205|0x000000008cd00000, 0x000000008cd00000, 0x000000008ce00000|  0%| F|  |TAMS 0x000000008cd00000, 0x000000008cd00000| Untracked 
| 206|0x000000008ce00000, 0x000000008ce00000, 0x000000008cf00000|  0%| F|  |TAMS 0x000000008ce00000, 0x000000008ce00000| Untracked 
| 207|0x000000008cf00000, 0x000000008cf00000, 0x000000008d000000|  0%| F|  |TAMS 0x000000008cf00000, 0x000000008cf00000| Untracked 
| 208|0x000000008d000000, 0x000000008d000000, 0x000000008d100000|  0%| F|  |TAMS 0x000000008d000000, 0x000000008d000000| Untracked 
| 209|0x000000008d100000, 0x000000008d100000, 0x000000008d200000|  0%| F|  |TAMS 0x000000008d100000, 0x000000008d100000| Untracked 
| 210|0x000000008d200000, 0x000000008d200000, 0x000000008d300000|  0%| F|  |TAMS 0x000000008d200000, 0x000000008d200000| Untracked 
| 211|0x000000008d300000, 0x000000008d300000, 0x000000008d400000|  0%| F|  |TAMS 0x000000008d300000, 0x000000008d300000| Untracked 
| 212|0x000000008d400000, 0x000000008d400000, 0x000000008d500000|  0%| F|  |TAMS 0x000000008d400000, 0x000000008d400000| Untracked 
| 213|0x000000008d500000, 0x000000008d500000, 0x000000008d600000|  0%| F|  |TAMS 0x000000008d500000, 0x000000008d500000| Untracked 
| 214|0x000000008d600000, 0x000000008d600000, 0x000000008d700000|  0%| F|  |TAMS 0x000000008d600000, 0x000000008d600000| Untracked 
| 215|0x000000008d700000, 0x000000008d700000, 0x000000008d800000|  0%| F|  |TAMS 0x000000008d700000, 0x000000008d700000| Untracked 
| 216|0x000000008d800000, 0x000000008d800000, 0x000000008d900000|  0%| F|  |TAMS 0x000000008d800000, 0x000000008d800000| Untracked 
| 217|0x000000008d900000, 0x000000008d900000, 0x000000008da00000|  0%| F|  |TAMS 0x000000008d900000, 0x000000008d900000| Untracked 
| 218|0x000000008da00000, 0x000000008da00000, 0x000000008db00000|  0%| F|  |TAMS 0x000000008da00000, 0x000000008da00000| Untracked 
| 219|0x000000008db00000, 0x000000008db00000, 0x000000008dc00000|  0%| F|  |TAMS 0x000000008db00000, 0x000000008db00000| Untracked 
| 220|0x000000008dc00000, 0x000000008dc00000, 0x000000008dd00000|  0%| F|  |TAMS 0x000000008dc00000, 0x000000008dc00000| Untracked 
| 221|0x000000008dd00000, 0x000000008dd00000, 0x000000008de00000|  0%| F|  |TAMS 0x000000008dd00000, 0x000000008dd00000| Untracked 
| 222|0x000000008de00000, 0x000000008de00000, 0x000000008df00000|  0%| F|  |TAMS 0x000000008de00000, 0x000000008de00000| Untracked 
| 223|0x000000008df00000, 0x000000008df00000, 0x000000008e000000|  0%| F|  |TAMS 0x000000008df00000, 0x000000008df00000| Untracked 
| 224|0x000000008e000000, 0x000000008e000000, 0x000000008e100000|  0%| F|  |TAMS 0x000000008e000000, 0x000000008e000000| Untracked 
| 225|0x000000008e100000, 0x000000008e100000, 0x000000008e200000|  0%| F|  |TAMS 0x000000008e100000, 0x000000008e100000| Untracked 
| 226|0x000000008e200000, 0x000000008e200000, 0x000000008e300000|  0%| F|  |TAMS 0x000000008e200000, 0x000000008e200000| Untracked 
| 227|0x000000008e300000, 0x000000008e300000, 0x000000008e400000|  0%| F|  |TAMS 0x000000008e300000, 0x000000008e300000| Untracked 
| 228|0x000000008e400000, 0x000000008e400000, 0x000000008e500000|  0%| F|  |TAMS 0x000000008e400000, 0x000000008e400000| Untracked 
| 229|0x000000008e500000, 0x000000008e500000, 0x000000008e600000|  0%| F|  |TAMS 0x000000008e500000, 0x000000008e500000| Untracked 
| 230|0x000000008e600000, 0x000000008e700000, 0x000000008e700000|100%| S|CS|TAMS 0x000000008e600000, 0x000000008e600000| Complete 
| 231|0x000000008e700000, 0x000000008e700000, 0x000000008e800000|  0%| F|  |TAMS 0x000000008e700000, 0x000000008e700000| Untracked 
| 232|0x000000008e800000, 0x000000008e800000, 0x000000008e900000|  0%| F|  |TAMS 0x000000008e800000, 0x000000008e800000| Untracked 
| 233|0x000000008e900000, 0x000000008e900000, 0x000000008ea00000|  0%| F|  |TAMS 0x000000008e900000, 0x000000008e900000| Untracked 
| 234|0x000000008ea00000, 0x000000008ea00000, 0x000000008eb00000|  0%| F|  |TAMS 0x000000008ea00000, 0x000000008ea00000| Untracked 
| 235|0x000000008eb00000, 0x000000008eb00000, 0x000000008ec00000|  0%| F|  |TAMS 0x000000008eb00000, 0x000000008eb00000| Untracked 
| 236|0x000000008ec00000, 0x000000008ec00000, 0x000000008ed00000|  0%| F|  |TAMS 0x000000008ec00000, 0x000000008ec00000| Untracked 
| 237|0x000000008ed00000, 0x000000008ed00000, 0x000000008ee00000|  0%| F|  |TAMS 0x000000008ed00000, 0x000000008ed00000| Untracked 
| 238|0x000000008ee00000, 0x000000008ee00000, 0x000000008ef00000|  0%| F|  |TAMS 0x000000008ee00000, 0x000000008ee00000| Untracked 
| 239|0x000000008ef00000, 0x000000008ef00000, 0x000000008f000000|  0%| F|  |TAMS 0x000000008ef00000, 0x000000008ef00000| Untracked 
| 240|0x000000008f000000, 0x000000008f000000, 0x000000008f100000|  0%| F|  |TAMS 0x000000008f000000, 0x000000008f000000| Untracked 
| 241|0x000000008f100000, 0x000000008f100000, 0x000000008f200000|  0%| F|  |TAMS 0x000000008f100000, 0x000000008f100000| Untracked 
| 242|0x000000008f200000, 0x000000008f200000, 0x000000008f300000|  0%| F|  |TAMS 0x000000008f200000, 0x000000008f200000| Untracked 
| 243|0x000000008f300000, 0x000000008f300000, 0x000000008f400000|  0%| F|  |TAMS 0x000000008f300000, 0x000000008f300000| Untracked 
| 244|0x000000008f400000, 0x000000008f400000, 0x000000008f500000|  0%| F|  |TAMS 0x000000008f400000, 0x000000008f400000| Untracked 

Card table byte_map: [0x000002549a110000,0x000002549a510000] _byte_map_base: 0x0000025499d10000

Marking Bits (Prev, Next): (CMBitMap*) 0x000002548175a3b0, (CMBitMap*) 0x000002548175a370
 Prev Bits: [0x000002549c910000, 0x000002549e910000)
 Next Bits: [0x000002549a910000, 0x000002549c910000)

Polling page: 0x0000025481510000

Metaspace:

Usage:
  Non-class:     90.58 MB used.
      Class:     14.54 MB used.
       Both:    105.12 MB used.

Virtual space:
  Non-class space:       96.00 MB reserved,      91.00 MB ( 95%) committed,  12 nodes.
      Class space:      412.00 MB reserved,      14.94 MB (  4%) committed,  1 nodes.
             Both:      508.00 MB reserved,     105.94 MB ( 21%) committed. 

Chunk freelists:
   Non-Class:  781.00 KB
       Class:  1.04 MB
        Both:  1.80 MB

MaxMetaspaceSize: 512.00 MB
CompressedClassSpaceSize: 412.00 MB
Initial GC threshold: 21.00 MB
Current GC threshold: 112.12 MB
CDS: on
MetaspaceReclaimPolicy: balanced
 - commit_granule_bytes: 65536.
 - commit_granule_words: 8192.
 - virtual_space_node_default_size: 1048576.
 - enlarge_chunks_in_place: 1.
 - new_chunks_are_fully_committed: 0.
 - uncommit_free_chunks: 1.
 - use_allocation_guard: 0.
 - handle_deallocations: 1.


Internal statistics:

num_allocs_failed_limit: 3.
num_arena_births: 1128.
num_arena_deaths: 0.
num_vsnodes_births: 13.
num_vsnodes_deaths: 0.
num_space_committed: 1695.
num_space_uncommitted: 0.
num_chunks_returned_to_freelist: 3.
num_chunks_taken_from_freelist: 5487.
num_chunk_merges: 3.
num_chunk_splits: 3639.
num_chunks_enlarged: 2466.
num_purges: 0.
num_inconsistent_stats: 0.

CodeHeap 'non-profiled nmethods': size=120000Kb used=7139Kb max_used=7139Kb free=112860Kb
 bounds [0x00000254921b0000, 0x00000254928b0000, 0x00000254996e0000]
CodeHeap 'profiled nmethods': size=120000Kb used=24793Kb max_used=24793Kb free=95206Kb
 bounds [0x000002548ac80000, 0x000002548c4c0000, 0x00000254921b0000]
CodeHeap 'non-nmethods': size=5760Kb used=2451Kb max_used=2510Kb free=3308Kb
 bounds [0x000002548a6e0000, 0x000002548a960000, 0x000002548ac80000]
 total_blobs=13198 nmethods=12205 adapters=904
 compilation: enabled
              stopped_count=0, restarted_count=0
 full_count=0

Compilation events (20 events):
Event: 170.898 Thread 0x00000254a0ef07b0 13992   !   2       org.apache.groovy.parser.antlr4.GroovyParser::identifier (183 bytes)
Event: 170.900 Thread 0x00000254a0ef07b0 nmethod 13992 0x000002548c4b4210 code [0x000002548c4b4460, 0x000002548c4b4b48]
Event: 170.900 Thread 0x00000254a0ef07b0 13993       2       org.apache.groovy.parser.antlr4.GroovyParser$IdentifierContext::<init> (7 bytes)
Event: 170.900 Thread 0x00000254a0ef07b0 nmethod 13993 0x000002548c4b5210 code [0x000002548c4b53a0, 0x000002548c4b5538]
Event: 170.901 Thread 0x00000254a0ee2600 nmethod 13987 0x000002549289d990 code [0x000002549289dcc0, 0x000002549289fab0]
Event: 170.901 Thread 0x00000254a0ee2600 13984       4       groovyjarjarantlr4.v4.runtime.atn.ATNConfig::transform (101 bytes)
Event: 170.909 Thread 0x00000254a0ee2600 nmethod 13984 0x00000254928a1190 code [0x00000254928a1340, 0x00000254928a1898]
Event: 170.909 Thread 0x00000254a0ee2600 13986       4       groovyjarjarantlr4.v4.runtime.atn.ATNConfig::transform (19 bytes)
Event: 170.917 Thread 0x00000254a0ee2600 nmethod 13986 0x00000254928a1b90 code [0x00000254928a1d40, 0x00000254928a2338]
Event: 170.917 Thread 0x00000254a0ee2600 13983       4       groovyjarjarantlr4.v4.runtime.atn.ParserATNSimulator::computeTargetState (617 bytes)
Event: 170.938 Thread 0x00000254a0ef07b0 13994       2       java.util.Formatter::ensureOpen (16 bytes)
Event: 170.938 Thread 0x00000254a0ef07b0 nmethod 13994 0x000002548c4b5610 code [0x000002548c4b57c0, 0x000002548c4b5928]
Event: 170.945 Thread 0x00000254a0ef07b0 13995       1       org.gradle.launcher.daemon.server.expiry.DaemonExpirationResult::getStatus (5 bytes)
Event: 170.945 Thread 0x00000254a0ef07b0 nmethod 13995 0x00000254928a2690 code [0x00000254928a2820, 0x00000254928a28f8]
Event: 171.082 Thread 0x00000254a0ee2600 nmethod 13983 0x00000254928a2990 code [0x00000254928a2d20, 0x00000254928a5fb0]
Event: 171.085 Thread 0x00000254a0ee2600 13997       4       groovyjarjarantlr4.v4.runtime.atn.PredictionContext::getCachedContext (297 bytes)
Event: 171.216 Thread 0x00000254a0ef07b0 14000       2       groovyjarjarantlr4.v4.runtime.misc.IntegerList::removeAt (53 bytes)
Event: 171.217 Thread 0x00000254a0ef07b0 nmethod 14000 0x000002548c4b5a10 code [0x000002548c4b5be0, 0x000002548c4b5ed8]
Event: 171.218 Thread 0x00000254a0ef07b0 14001       2       org.apache.groovy.parser.antlr4.GroovyLexer::CapitalizedIdentifier_sempred (36 bytes)
Event: 171.219 Thread 0x00000254a0ef07b0 nmethod 14001 0x000002548c4b6090 code [0x000002548c4b6260, 0x000002548c4b6448]

GC Heap History (20 events):
Event: 102.817 GC heap after
{Heap after GC invocations=49 (full 0):
 garbage-first heap   total 133120K, used 71850K [0x0000000080000000, 0x0000000100000000)
  region size 1024K, 4 young (4096K), 4 survivors (4096K)
 Metaspace       used 71817K, committed 72448K, reserved 487424K
  class space    used 10070K, committed 10368K, reserved 421888K
}
Event: 102.928 GC heap before
{Heap before GC invocations=49 (full 0):
 garbage-first heap   total 133120K, used 73898K [0x0000000080000000, 0x0000000100000000)
  region size 1024K, 6 young (6144K), 4 survivors (4096K)
 Metaspace       used 72022K, committed 72640K, reserved 487424K
  class space    used 10100K, committed 10368K, reserved 421888K
}
Event: 102.957 GC heap after
{Heap after GC invocations=50 (full 0):
 garbage-first heap   total 250880K, used 72038K [0x0000000080000000, 0x0000000100000000)
  region size 1024K, 1 young (1024K), 1 survivors (1024K)
 Metaspace       used 72022K, committed 72640K, reserved 487424K
  class space    used 10100K, committed 10368K, reserved 421888K
}
Event: 113.263 GC heap before
{Heap before GC invocations=50 (full 0):
 garbage-first heap   total 250880K, used 186726K [0x0000000080000000, 0x0000000100000000)
  region size 1024K, 114 young (116736K), 1 survivors (1024K)
 Metaspace       used 82234K, committed 83008K, reserved 495616K
  class space    used 11466K, committed 11840K, reserved 421888K
}
Event: 113.316 GC heap after
{Heap after GC invocations=51 (full 0):
 garbage-first heap   total 250880K, used 81048K [0x0000000080000000, 0x0000000100000000)
  region size 1024K, 10 young (10240K), 10 survivors (10240K)
 Metaspace       used 82234K, committed 83008K, reserved 495616K
  class space    used 11466K, committed 11840K, reserved 421888K
}
Event: 117.581 GC heap before
{Heap before GC invocations=51 (full 0):
 garbage-first heap   total 250880K, used 191640K [0x0000000080000000, 0x0000000100000000)
  region size 1024K, 114 young (116736K), 10 survivors (10240K)
 Metaspace       used 82839K, committed 83584K, reserved 495616K
  class space    used 11529K, committed 11904K, reserved 421888K
}
Event: 117.648 GC heap after
{Heap after GC invocations=52 (full 0):
 garbage-first heap   total 250880K, used 91634K [0x0000000080000000, 0x0000000100000000)
  region size 1024K, 9 young (9216K), 9 survivors (9216K)
 Metaspace       used 82839K, committed 83584K, reserved 495616K
  class space    used 11529K, committed 11904K, reserved 421888K
}
Event: 124.385 GC heap before
{Heap before GC invocations=52 (full 0):
 garbage-first heap   total 250880K, used 195058K [0x0000000080000000, 0x0000000100000000)
  region size 1024K, 108 young (110592K), 9 survivors (9216K)
 Metaspace       used 88542K, committed 89344K, reserved 503808K
  class space    used 12154K, committed 12544K, reserved 421888K
}
Event: 124.469 GC heap after
{Heap after GC invocations=53 (full 0):
 garbage-first heap   total 250880K, used 96214K [0x0000000080000000, 0x0000000100000000)
  region size 1024K, 3 young (3072K), 3 survivors (3072K)
 Metaspace       used 88542K, committed 89344K, reserved 503808K
  class space    used 12154K, committed 12544K, reserved 421888K
}
Event: 130.222 GC heap before
{Heap before GC invocations=53 (full 0):
 garbage-first heap   total 250880K, used 205782K [0x0000000080000000, 0x0000000100000000)
  region size 1024K, 105 young (107520K), 3 survivors (3072K)
 Metaspace       used 94888K, committed 95680K, reserved 512000K
  class space    used 13006K, committed 13376K, reserved 421888K
}
Event: 130.260 GC heap after
{Heap after GC invocations=54 (full 0):
 garbage-first heap   total 250880K, used 103013K [0x0000000080000000, 0x0000000100000000)
  region size 1024K, 10 young (10240K), 10 survivors (10240K)
 Metaspace       used 94888K, committed 95680K, reserved 512000K
  class space    used 13006K, committed 13376K, reserved 421888K
}
Event: 148.483 GC heap before
{Heap before GC invocations=54 (full 0):
 garbage-first heap   total 250880K, used 202341K [0x0000000080000000, 0x0000000100000000)
  region size 1024K, 107 young (109568K), 10 survivors (10240K)
 Metaspace       used 98933K, committed 99776K, reserved 512000K
  class space    used 13560K, committed 13952K, reserved 421888K
}
Event: 148.541 GC heap after
{Heap after GC invocations=55 (full 0):
 garbage-first heap   total 250880K, used 109727K [0x0000000080000000, 0x0000000100000000)
  region size 1024K, 14 young (14336K), 14 survivors (14336K)
 Metaspace       used 98933K, committed 99776K, reserved 512000K
  class space    used 13560K, committed 13952K, reserved 421888K
}
Event: 151.728 GC heap before
{Heap before GC invocations=55 (full 0):
 garbage-first heap   total 250880K, used 203935K [0x0000000080000000, 0x0000000100000000)
  region size 1024K, 105 young (107520K), 14 survivors (14336K)
 Metaspace       used 105232K, committed 106048K, reserved 520192K
  class space    used 14602K, committed 14976K, reserved 421888K
}
Event: 151.803 GC heap after
{Heap after GC invocations=56 (full 0):
 garbage-first heap   total 250880K, used 112978K [0x0000000080000000, 0x0000000100000000)
  region size 1024K, 10 young (10240K), 10 survivors (10240K)
 Metaspace       used 105232K, committed 106048K, reserved 520192K
  class space    used 14602K, committed 14976K, reserved 421888K
}
Event: 167.975 GC heap before
{Heap before GC invocations=56 (full 0):
 garbage-first heap   total 250880K, used 210258K [0x0000000080000000, 0x0000000100000000)
  region size 1024K, 101 young (103424K), 10 survivors (10240K)
 Metaspace       used 107638K, committed 108480K, reserved 520192K
  class space    used 14886K, committed 15296K, reserved 421888K
}
Event: 170.622 GC heap after
{Heap after GC invocations=57 (full 0):
 garbage-first heap   total 250880K, used 128239K [0x0000000080000000, 0x0000000100000000)
  region size 1024K, 13 young (13312K), 13 survivors (13312K)
 Metaspace       used 107638K, committed 108480K, reserved 520192K
  class space    used 14886K, committed 15296K, reserved 421888K
}
Event: 170.703 GC heap before
{Heap before GC invocations=57 (full 0):
 garbage-first heap   total 250880K, used 129263K [0x0000000080000000, 0x0000000100000000)
  region size 1024K, 14 young (14336K), 13 survivors (13312K)
 Metaspace       used 107638K, committed 108480K, reserved 520192K
  class space    used 14886K, committed 15296K, reserved 421888K
}
Event: 170.894 GC heap after
{Heap after GC invocations=58 (full 0):
 garbage-first heap   total 250880K, used 131072K [0x0000000080000000, 0x0000000100000000)
  region size 1024K, 2 young (2048K), 2 survivors (2048K)
 Metaspace       used 107638K, committed 108480K, reserved 520192K
  class space    used 14886K, committed 15296K, reserved 421888K
}
Event: 171.236 GC heap before
{Heap before GC invocations=58 (full 0):
 garbage-first heap   total 250880K, used 143360K [0x0000000080000000, 0x0000000100000000)
  region size 1024K, 14 young (14336K), 2 survivors (2048K)
 Metaspace       used 107642K, committed 108480K, reserved 520192K
  class space    used 14887K, committed 15296K, reserved 421888K
}

Deoptimization events (20 events):
Event: 167.866 Thread 0x00000254a3380c00 DEOPT PACKING pc=0x000002548b9bc414 sp=0x000000fa789f7640
Event: 167.866 Thread 0x00000254a3380c00 DEOPT UNPACKING pc=0x000002548a732b43 sp=0x000000fa789f6b98 mode 0
Event: 167.881 Thread 0x00000254a3380c00 DEOPT PACKING pc=0x000002548c4b1f93 sp=0x000000fa789f5730
Event: 167.881 Thread 0x00000254a3380c00 DEOPT UNPACKING pc=0x000002548a732b43 sp=0x000000fa789f4c50 mode 0
Event: 167.928 Thread 0x00000254a3380c00 DEOPT PACKING pc=0x000002548c4b1d67 sp=0x000000fa789f5c30
Event: 167.928 Thread 0x00000254a3380c00 DEOPT UNPACKING pc=0x000002548a732b43 sp=0x000000fa789f5150 mode 0
Event: 170.675 Thread 0x00000254a3380c00 DEOPT PACKING pc=0x000002548c4b1f93 sp=0x000000fa789f6db0
Event: 170.675 Thread 0x00000254a3380c00 DEOPT UNPACKING pc=0x000002548a732b43 sp=0x000000fa789f62d0 mode 0
Event: 170.896 Thread 0x00000254a3380c00 DEOPT PACKING pc=0x000002548c4b1f93 sp=0x000000fa789f5f60
Event: 170.896 Thread 0x00000254a3380c00 DEOPT UNPACKING pc=0x000002548a732b43 sp=0x000000fa789f5480 mode 0
Event: 171.070 Thread 0x00000254a3380c00 Uncommon trap: trap_request=0xffffffbe fr.pc=0x0000025492898180 relative=0x00000000000049e0
Event: 171.070 Thread 0x00000254a3380c00 Uncommon trap: reason=profile_predicate action=maybe_recompile pc=0x0000025492898180 method=groovyjarjarantlr4.v4.runtime.atn.PredictionContext.getCachedContext(Lgroovyjarjarantlr4/v4/runtime/atn/PredictionContext;Ljava/util/concurrent/ConcurrentMap;Lgroo
Event: 171.070 Thread 0x00000254a3380c00 DEOPT PACKING pc=0x0000025492898180 sp=0x000000fa789f74f0
Event: 171.071 Thread 0x00000254a3380c00 DEOPT UNPACKING pc=0x000002548a7323a3 sp=0x000000fa789f7440 mode 2
Event: 171.071 Thread 0x00000254a3380c00 Uncommon trap: trap_request=0xffffffbe fr.pc=0x0000025492898180 relative=0x00000000000049e0
Event: 171.071 Thread 0x00000254a3380c00 Uncommon trap: reason=profile_predicate action=maybe_recompile pc=0x0000025492898180 method=groovyjarjarantlr4.v4.runtime.atn.PredictionContext.getCachedContext(Lgroovyjarjarantlr4/v4/runtime/atn/PredictionContext;Ljava/util/concurrent/ConcurrentMap;Lgroo
Event: 171.071 Thread 0x00000254a3380c00 DEOPT PACKING pc=0x0000025492898180 sp=0x000000fa789f74f0
Event: 171.071 Thread 0x00000254a3380c00 DEOPT UNPACKING pc=0x000002548a7323a3 sp=0x000000fa789f7440 mode 2
Event: 171.072 Thread 0x00000254a3380c00 DEOPT PACKING pc=0x000002548b9bc414 sp=0x000000fa789f78b0
Event: 171.072 Thread 0x00000254a3380c00 DEOPT UNPACKING pc=0x000002548a732b43 sp=0x000000fa789f6e08 mode 0

Classes unloaded (0 events):
No events

Classes redefined (0 events):
No events

Internal exceptions (20 events):
Event: 153.841 Thread 0x00000254a3380c00 Exception <a 'java/lang/ClassNotFoundException'{0x000000008d5d20a0}: com/android/build/gradle/internal/api/InstallableVariantImplCustomizer> (0x000000008d5d20a0) 
thrown [t:\workspace\open\src\hotspot\share\classfile\systemDictionary.cpp, line 256]
Event: 153.843 Thread 0x00000254a3380c00 Exception <a 'java/lang/ClassNotFoundException'{0x000000008d5f9e48}: com/android/build/gradle/internal/api/ApkVariantImplCustomizer> (0x000000008d5f9e48) 
thrown [t:\workspace\open\src\hotspot\share\classfile\systemDictionary.cpp, line 256]
Event: 153.846 Thread 0x00000254a3380c00 Exception <a 'java/lang/ClassNotFoundException'{0x000000008d41e6b0}: com/android/build/gradle/internal/api/ApplicationVariantImplCustomizer> (0x000000008d41e6b0) 
thrown [t:\workspace\open\src\hotspot\share\classfile\systemDictionary.cpp, line 256]
Event: 153.848 Thread 0x00000254a3380c00 Exception <a 'java/lang/ClassNotFoundException'{0x000000008d446430}: com/android/build/gradle/internal/api/ApplicationVariantImpl_DecoratedCustomizer> (0x000000008d446430) 
thrown [t:\workspace\open\src\hotspot\share\classfile\systemDictionary.cpp, line 256]
Event: 154.879 Thread 0x00000254a3380c00 Exception <a 'java/lang/ClassNotFoundException'{0x000000008c969dc0}: com/android/build/gradle/internal/lint/AndroidLintAnalysisTask_DecoratedBeanInfo> (0x000000008c969dc0) 
thrown [t:\workspace\open\src\hotspot\share\classfile\systemDictionary.cpp, line 256]
Event: 154.887 Thread 0x00000254a3380c00 Exception <a 'java/lang/ClassNotFoundException'{0x000000008c979da8}: com/android/build/gradle/internal/lint/AndroidLintAnalysisTaskBeanInfo> (0x000000008c979da8) 
thrown [t:\workspace\open\src\hotspot\share\classfile\systemDictionary.cpp, line 256]
Event: 154.927 Thread 0x00000254a3380c00 Exception <a 'java/lang/ClassNotFoundException'{0x000000008c989fb0}: com/android/build/gradle/internal/tasks/NonIncrementalTaskBeanInfo> (0x000000008c989fb0) 
thrown [t:\workspace\open\src\hotspot\share\classfile\systemDictionary.cpp, line 256]
Event: 154.931 Thread 0x00000254a3380c00 Exception <a 'java/lang/ClassNotFoundException'{0x000000008c99a1f8}: com/android/build/gradle/internal/tasks/AndroidVariantTaskBeanInfo> (0x000000008c99a1f8) 
thrown [t:\workspace\open\src\hotspot\share\classfile\systemDictionary.cpp, line 256]
Event: 154.938 Thread 0x00000254a3380c00 Exception <a 'java/lang/ClassNotFoundException'{0x000000008c9ab030}: com/android/build/gradle/internal/tasks/BaseTaskBeanInfo> (0x000000008c9ab030) 
thrown [t:\workspace\open\src\hotspot\share\classfile\systemDictionary.cpp, line 256]
Event: 154.940 Thread 0x00000254a3380c00 Exception <a 'java/lang/ClassNotFoundException'{0x000000008c9bb920}: com/android/build/gradle/internal/tasks/BaseTaskCustomizer> (0x000000008c9bb920) 
thrown [t:\workspace\open\src\hotspot\share\classfile\systemDictionary.cpp, line 256]
Event: 154.949 Thread 0x00000254a3380c00 Exception <a 'java/lang/ClassNotFoundException'{0x000000008c9dcae8}: com/android/build/gradle/internal/tasks/AndroidVariantTaskCustomizer> (0x000000008c9dcae8) 
thrown [t:\workspace\open\src\hotspot\share\classfile\systemDictionary.cpp, line 256]
Event: 154.951 Thread 0x00000254a3380c00 Exception <a 'java/lang/ClassNotFoundException'{0x000000008c9fc0c0}: com/android/build/gradle/internal/tasks/NonIncrementalTaskCustomizer> (0x000000008c9fc0c0) 
thrown [t:\workspace\open\src\hotspot\share\classfile\systemDictionary.cpp, line 256]
Event: 154.956 Thread 0x00000254a3380c00 Exception <a 'java/lang/ClassNotFoundException'{0x000000008c81abb8}: com/android/build/gradle/internal/lint/AndroidLintAnalysisTaskCustomizer> (0x000000008c81abb8) 
thrown [t:\workspace\open\src\hotspot\share\classfile\systemDictionary.cpp, line 256]
Event: 154.960 Thread 0x00000254a3380c00 Exception <a 'java/lang/ClassNotFoundException'{0x000000008c855bf0}: com/android/build/gradle/internal/lint/AndroidLintAnalysisTask_DecoratedCustomizer> (0x000000008c855bf0) 
thrown [t:\workspace\open\src\hotspot\share\classfile\systemDictionary.cpp, line 256]
Event: 155.048 Thread 0x00000254a3380c00 Exception <a 'java/lang/ClassNotFoundException'{0x000000008c7e4598}: com/android/build/gradle/internal/lint/LintModelWriterTask_DecoratedBeanInfo> (0x000000008c7e4598) 
thrown [t:\workspace\open\src\hotspot\share\classfile\systemDictionary.cpp, line 256]
Event: 155.051 Thread 0x00000254a3380c00 Exception <a 'java/lang/ClassNotFoundException'{0x000000008c7f4538}: com/android/build/gradle/internal/lint/LintModelWriterTaskBeanInfo> (0x000000008c7f4538) 
thrown [t:\workspace\open\src\hotspot\share\classfile\systemDictionary.cpp, line 256]
Event: 155.059 Thread 0x00000254a3380c00 Exception <a 'java/lang/ClassNotFoundException'{0x000000008c6049e8}: com/android/build/gradle/internal/lint/LintModelWriterTaskCustomizer> (0x000000008c6049e8) 
thrown [t:\workspace\open\src\hotspot\share\classfile\systemDictionary.cpp, line 256]
Event: 155.064 Thread 0x00000254a3380c00 Exception <a 'java/lang/ClassNotFoundException'{0x000000008c62a800}: com/android/build/gradle/internal/lint/LintModelWriterTask_DecoratedCustomizer> (0x000000008c62a800) 
thrown [t:\workspace\open\src\hotspot\share\classfile\systemDictionary.cpp, line 256]
Event: 155.983 Thread 0x00000254a3380c00 Exception <a 'java/lang/ClassNotFoundException'{0x000000008c41bae8}: build_4225lt7cw41qkq7e2u0u62ug1BeanInfo> (0x000000008c41bae8) 
thrown [t:\workspace\open\src\hotspot\share\classfile\systemDictionary.cpp, line 256]
Event: 155.984 Thread 0x00000254a3380c00 Exception <a 'java/lang/ClassNotFoundException'{0x000000008c422448}: build_4225lt7cw41qkq7e2u0u62ug1Customizer> (0x000000008c422448) 
thrown [t:\workspace\open\src\hotspot\share\classfile\systemDictionary.cpp, line 256]

VM Operations (20 events):
Event: 158.484 Executing VM operation: Cleanup done
Event: 159.497 Executing VM operation: Cleanup
Event: 159.498 Executing VM operation: Cleanup done
Event: 160.499 Executing VM operation: Cleanup
Event: 160.499 Executing VM operation: Cleanup done
Event: 161.504 Executing VM operation: Cleanup
Event: 161.504 Executing VM operation: Cleanup done
Event: 162.517 Executing VM operation: Cleanup
Event: 162.518 Executing VM operation: Cleanup done
Event: 163.518 Executing VM operation: Cleanup
Event: 163.518 Executing VM operation: Cleanup done
Event: 164.519 Executing VM operation: Cleanup
Event: 164.534 Executing VM operation: Cleanup done
Event: 167.561 Executing VM operation: Cleanup
Event: 167.577 Executing VM operation: Cleanup done
Event: 167.954 Executing VM operation: G1CollectForAllocation
Event: 170.629 Executing VM operation: G1CollectForAllocation done
Event: 170.691 Executing VM operation: G1CollectForAllocation
Event: 170.894 Executing VM operation: G1CollectForAllocation done
Event: 171.236 Executing VM operation: G1CollectForAllocation

Events (20 events):
Event: 147.130 loading class java/util/regex/MatcherCustomizer
Event: 147.130 loading class java/util/regex/MatcherCustomizer done
Event: 149.419 loading class java/util/regex/Pattern$Caret
Event: 149.419 loading class java/util/regex/Pattern$Caret done
Event: 153.507 loading class java/util/AbstractList$RandomAccessSubList
Event: 153.508 loading class java/util/AbstractList$SubList
Event: 153.509 loading class java/util/AbstractList$SubList done
Event: 153.509 loading class java/util/AbstractList$RandomAccessSubList done
Event: 153.510 loading class java/util/AbstractList$SubList$1
Event: 153.510 loading class java/util/AbstractList$SubList$1 done
Event: 153.709 loading class java/io/FilterReader
Event: 153.712 loading class java/io/FilterReader done
Event: 159.943 loading class java/util/Collections$ReverseComparator
Event: 159.979 loading class java/util/Collections$ReverseComparator done
Event: 159.979 loading class java/util/Collections$ReverseComparator2
Event: 160.007 loading class java/util/Collections$ReverseComparator2 done
Event: 161.403 Thread 0x00000254a9047e00 Thread added: 0x00000254a9047e00
Event: 161.404 Thread 0x00000254a90482d0 Thread added: 0x00000254a90482d0
Event: 161.404 Thread 0x00000254a1d99990 Thread added: 0x00000254a1d99990
Event: 170.928 Thread 0x00000254a1cf86e0 Thread exited: 0x00000254a1cf86e0


Dynamic libraries:
0x00007ff6442b0000 - 0x00007ff6442c0000 	C:\Program Files\Java\jdk-17\bin\java.exe
0x00007ff8250f0000 - 0x00007ff8252e8000 	C:\Windows\SYSTEM32\ntdll.dll
0x00007ff823540000 - 0x00007ff8235fd000 	C:\Windows\System32\KERNEL32.DLL
0x00007ff822e00000 - 0x00007ff8230f6000 	C:\Windows\System32\KERNELBASE.dll
0x00007ff822d00000 - 0x00007ff822e00000 	C:\Windows\System32\ucrtbase.dll
0x00007ff81d0f0000 - 0x00007ff81d108000 	C:\Program Files\Java\jdk-17\bin\jli.dll
0x00007ff80bb90000 - 0x00007ff80bbaa000 	C:\Program Files\Java\jdk-17\bin\VCRUNTIME140.dll
0x00007ff823c90000 - 0x00007ff823d40000 	C:\Windows\System32\ADVAPI32.dll
0x00007ff824fa0000 - 0x00007ff82503e000 	C:\Windows\System32\msvcrt.dll
0x00007ff823d70000 - 0x00007ff823e10000 	C:\Windows\System32\sechost.dll
0x00007ff823e10000 - 0x00007ff823f33000 	C:\Windows\System32\RPCRT4.dll
0x00007ff823100000 - 0x00007ff823127000 	C:\Windows\System32\bcrypt.dll
0x00007ff823fd0000 - 0x00007ff82416f000 	C:\Windows\System32\USER32.dll
0x00007ff822c10000 - 0x00007ff822c32000 	C:\Windows\System32\win32u.dll
0x00007ff823c60000 - 0x00007ff823c8b000 	C:\Windows\System32\GDI32.dll
0x00007ff822a40000 - 0x00007ff822b57000 	C:\Windows\System32\gdi32full.dll
0x00007ff8227b0000 - 0x00007ff82284d000 	C:\Windows\System32\msvcp_win.dll
0x00007ff80f520000 - 0x00007ff80f7ba000 	C:\Windows\WinSxS\amd64_microsoft.windows.common-controls_6595b64144ccf1df_6.0.19041.4355_none_60b8b9eb71f62e16\COMCTL32.dll
0x00007ff819940000 - 0x00007ff81994a000 	C:\Windows\SYSTEM32\VERSION.dll
0x00007ff823d40000 - 0x00007ff823d6f000 	C:\Windows\System32\IMM32.DLL
0x00007ff81e4c0000 - 0x00007ff81e4cc000 	C:\Program Files\Java\jdk-17\bin\vcruntime140_1.dll
0x00007ff809a00000 - 0x00007ff809a8d000 	C:\Program Files\Java\jdk-17\bin\msvcp140.dll
0x00007fffc5640000 - 0x00007fffc61fe000 	C:\Program Files\Java\jdk-17\bin\server\jvm.dll
0x00007ff825040000 - 0x00007ff825048000 	C:\Windows\System32\PSAPI.DLL
0x00007ff81cd40000 - 0x00007ff81cd49000 	C:\Windows\SYSTEM32\WSOCK32.dll
0x00007ff824990000 - 0x00007ff8249fb000 	C:\Windows\System32\WS2_32.dll
0x00007ff80e1e0000 - 0x00007ff80e207000 	C:\Windows\SYSTEM32\WINMM.dll
0x00007ff820630000 - 0x00007ff820642000 	C:\Windows\SYSTEM32\kernel.appcore.dll
0x00007ff81d120000 - 0x00007ff81d12a000 	C:\Program Files\Java\jdk-17\bin\jimage.dll
0x00007ff812190000 - 0x00007ff812374000 	C:\Windows\SYSTEM32\DBGHELP.DLL
0x00007ff811750000 - 0x00007ff811784000 	C:\Windows\SYSTEM32\dbgcore.DLL
0x00007ff822850000 - 0x00007ff8228d2000 	C:\Windows\System32\bcryptPrimitives.dll
0x00007ff812d60000 - 0x00007ff812d6e000 	C:\Program Files\Java\jdk-17\bin\instrument.dll
0x00007ff80bb60000 - 0x00007ff80bb85000 	C:\Program Files\Java\jdk-17\bin\java.dll
0x00007ffff7b40000 - 0x00007ffff7c16000 	C:\Program Files\Java\jdk-17\bin\svml.dll
0x00007ff824220000 - 0x00007ff82498c000 	C:\Windows\System32\SHELL32.dll
0x00007ff820830000 - 0x00007ff820fcd000 	C:\Windows\SYSTEM32\windows.storage.dll
0x00007ff8231e0000 - 0x00007ff823533000 	C:\Windows\System32\combase.dll
0x00007ff822100000 - 0x00007ff82212e000 	C:\Windows\SYSTEM32\Wldp.dll
0x00007ff823900000 - 0x00007ff8239cd000 	C:\Windows\System32\OLEAUT32.dll
0x00007ff824170000 - 0x00007ff82421d000 	C:\Windows\System32\SHCORE.dll
0x00007ff8237a0000 - 0x00007ff8237f5000 	C:\Windows\System32\shlwapi.dll
0x00007ff8226e0000 - 0x00007ff822704000 	C:\Windows\SYSTEM32\profapi.dll
0x00007ff80a0e0000 - 0x00007ff80a0f8000 	C:\Program Files\Java\jdk-17\bin\zip.dll
0x00007ff80bb40000 - 0x00007ff80bb59000 	C:\Program Files\Java\jdk-17\bin\net.dll
0x00007ff81af10000 - 0x00007ff81b01a000 	C:\Windows\SYSTEM32\WINHTTP.dll
0x00007ff821e60000 - 0x00007ff821eca000 	C:\Windows\system32\mswsock.dll
0x00007ff80a2e0000 - 0x00007ff80a2f5000 	C:\Program Files\Java\jdk-17\bin\nio.dll
0x00007ff81d0a0000 - 0x00007ff81d0b0000 	C:\Program Files\Java\jdk-17\bin\verify.dll
0x00007ff80aa80000 - 0x00007ff80aaa7000 	C:\Users\ROHIT\.gradle\native\c067742578af261105cb4f569cf0c3c89f3d7b1fecec35dd04571415982c5e48\windows-amd64\native-platform.dll
0x00007ff809d80000 - 0x00007ff809ec4000 	C:\Users\ROHIT\.gradle\native\38dada09dfb8b06ba9b0570ebf7e218e3eb74d4ef43ca46872605cf95ebc2f47\windows-amd64\native-platform-file-events.dll
0x00007ff811fc0000 - 0x00007ff811fc9000 	C:\Program Files\Java\jdk-17\bin\management.dll
0x00007ff811f80000 - 0x00007ff811f8b000 	C:\Program Files\Java\jdk-17\bin\management_ext.dll
0x00007ff822060000 - 0x00007ff822078000 	C:\Windows\SYSTEM32\CRYPTSP.dll
0x00007ff821780000 - 0x00007ff8217b4000 	C:\Windows\system32\rsaenh.dll
0x00007ff822690000 - 0x00007ff8226be000 	C:\Windows\SYSTEM32\USERENV.dll
0x00007ff822050000 - 0x00007ff82205c000 	C:\Windows\SYSTEM32\CRYPTBASE.dll
0x00007ff821b40000 - 0x00007ff821b7b000 	C:\Windows\SYSTEM32\IPHLPAPI.DLL
0x00007ff823b80000 - 0x00007ff823b88000 	C:\Windows\System32\NSI.dll
0x00007ff81b4f0000 - 0x00007ff81b507000 	C:\Windows\SYSTEM32\dhcpcsvc6.DLL
0x00007ff81bfe0000 - 0x00007ff81bffd000 	C:\Windows\SYSTEM32\dhcpcsvc.DLL
0x00007ff821b80000 - 0x00007ff821c4a000 	C:\Windows\SYSTEM32\DNSAPI.dll
0x00007ff812d50000 - 0x00007ff812d5e000 	C:\Program Files\Java\jdk-17\bin\sunmscapi.dll
0x00007ff8228e0000 - 0x00007ff822a3e000 	C:\Windows\System32\CRYPT32.dll
0x00007ff822170000 - 0x00007ff822199000 	C:\Windows\SYSTEM32\ncrypt.dll
0x00007ff822130000 - 0x00007ff82216b000 	C:\Windows\SYSTEM32\NTASN1.dll
0x00007fffef2e0000 - 0x00007fffef2e7000 	C:\Windows\system32\wshunix.dll
0x0000000065880000 - 0x00000000658a6000 	C:\Program Files\Bonjour\mdnsNSP.dll
0x00007ff816e50000 - 0x00007ff816e5a000 	C:\Windows\System32\rasadhlp.dll
0x00007ff8161e0000 - 0x00007ff816260000 	C:\Windows\System32\fwpuclnt.dll
0x00007ff80d6d0000 - 0x00007ff80d6e7000 	C:\Windows\system32\napinsp.dll
0x00007ff80d670000 - 0x00007ff80d68b000 	C:\Windows\system32\pnrpnsp.dll
0x00007ff80d650000 - 0x00007ff80d665000 	C:\Windows\system32\wshbth.dll
0x00007ff81cfa0000 - 0x00007ff81cfbd000 	C:\Windows\system32\NLAapi.dll
0x00007ff80d630000 - 0x00007ff80d642000 	C:\Windows\System32\winrnr.dll

dbghelp: loaded successfully - version: 4.0.5 - missing functions: none
symbol engine: initialized successfully - sym options: 0x614 - pdb path: .;C:\Program Files\Java\jdk-17\bin;C:\Windows\SYSTEM32;C:\Windows\WinSxS\amd64_microsoft.windows.common-controls_6595b64144ccf1df_6.0.19041.4355_none_60b8b9eb71f62e16;C:\Program Files\Java\jdk-17\bin\server;C:\Users\ROHIT\.gradle\native\c067742578af261105cb4f569cf0c3c89f3d7b1fecec35dd04571415982c5e48\windows-amd64;C:\Users\ROHIT\.gradle\native\38dada09dfb8b06ba9b0570ebf7e218e3eb74d4ef43ca46872605cf95ebc2f47\windows-amd64;C:\Program Files\Bonjour

VM Arguments:
jvm_args: -XX:MaxMetaspaceSize=512m --add-opens=java.base/java.util=ALL-UNNAMED --add-opens=java.base/java.lang=ALL-UNNAMED --add-opens=java.base/java.lang.invoke=ALL-UNNAMED --add-opens=java.prefs/java.util.prefs=ALL-UNNAMED --add-opens=java.base/java.nio.charset=ALL-UNNAMED --add-opens=java.base/java.net=ALL-UNNAMED --add-opens=java.base/java.util.concurrent.atomic=ALL-UNNAMED -Xmx2048m -Dfile.encoding=windows-1252 -Duser.country=IN -Duser.language=en -Duser.variant -javaagent:C:\Users\ROHIT\.gradle\wrapper\dists\gradle-8.6-all\3mbtmo166bl6vumsh5k2lkq5h\gradle-8.6\lib\agents\gradle-instrumentation-agent-8.6.jar 
java_command: org.gradle.launcher.daemon.bootstrap.GradleDaemon 8.6
java_class_path (initial): C:\Users\ROHIT\.gradle\wrapper\dists\gradle-8.6-all\3mbtmo166bl6vumsh5k2lkq5h\gradle-8.6\lib\gradle-launcher-8.6.jar
Launcher Type: SUN_STANDARD

[Global flags]
     intx CICompilerCount                          = 3                                         {product} {ergonomic}
   size_t CompressedClassSpaceSize                 = 432013312                                 {product} {ergonomic}
     uint ConcGCThreads                            = 1                                         {product} {ergonomic}
     uint G1ConcRefinementThreads                  = 4                                         {product} {ergonomic}
   size_t G1HeapRegionSize                         = 1048576                                   {product} {ergonomic}
    uintx GCDrainStackTargetSize                   = 64                                        {product} {ergonomic}
   size_t InitialHeapSize                          = 67108864                                  {product} {ergonomic}
   size_t MarkStackSize                            = 4194304                                   {product} {ergonomic}
   size_t MaxHeapSize                              = 2147483648                                {product} {command line}
   size_t MaxMetaspaceSize                         = 536870912                                 {product} {command line}
   size_t MaxNewSize                               = 1287651328                                {product} {ergonomic}
   size_t MinHeapDeltaBytes                        = 1048576                                   {product} {ergonomic}
   size_t MinHeapSize                              = 8388608                                   {product} {ergonomic}
    uintx NonNMethodCodeHeapSize                   = 5832780                                {pd product} {ergonomic}
    uintx NonProfiledCodeHeapSize                  = 122912730                              {pd product} {ergonomic}
    uintx ProfiledCodeHeapSize                     = 122912730                              {pd product} {ergonomic}
    uintx ReservedCodeCacheSize                    = 251658240                              {pd product} {ergonomic}
     bool SegmentedCodeCache                       = true                                      {product} {ergonomic}
   size_t SoftMaxHeapSize                          = 2147483648                             {manageable} {ergonomic}
     bool UseCompressedClassPointers               = true                           {product lp64_product} {ergonomic}
     bool UseCompressedOops                        = true                           {product lp64_product} {ergonomic}
     bool UseG1GC                                  = true                                      {product} {ergonomic}
     bool UseLargePagesIndividualAllocation        = false                                  {pd product} {ergonomic}

Logging:
Log output configuration:
 #0: stdout all=warning uptime,level,tags
 #1: stderr all=off uptime,level,tags

Environment Variables:
CLASSPATH=C:\MTS\project\reactnative\newthree\myapp\android\\gradle\wrapper\gradle-wrapper.jar
PATH=C:\MTS\project\reactnative\newthree\myapp\node_modules\.bin;C:\MTS\project\reactnative\newthree\myapp\node_modules\.bin;C:\MTS\project\reactnative\newthree\node_modules\.bin;C:\MTS\project\reactnative\node_modules\.bin;C:\MTS\project\node_modules\.bin;C:\MTS\node_modules\.bin;C:\node_modules\.bin;C:\Users\ROHIT\AppData\Roaming\npm\node_modules\npm\node_modules\@npmcli\run-script\lib\node-gyp-bin;C:\PROGRAM FILES\COMMON FILES\ORACLE\JAVA\JAVAPATH;C:\PROGRAM FILES\DELL\DW WLAN CARD;C:\PROGRAM FILES (X86)\INTEL\ICLS CLIENT\;C:\PROGRAM FILES\INTEL\ICLS CLIENT\;C:\Windows\SYSTEM32;C:\Windows;C:\Windows\SYSTEM32\WBEM;C:\Windows\SYSTEM32\WINDOWSPOWERSHELL\V1.0\;C:\Windows\SYSTEM32\OPENSSH\;C:\PROGRAM FILES (X86)\INTEL\INTEL(R) MANAGEMENT ENGINE COMPONENTS\DAL;C:\PROGRAM FILES\INTEL\INTEL(R) MANAGEMENT ENGINE COMPONENTS\DAL;C:\PROGRAM FILES (X86)\INTEL\INTEL(R) MANAGEMENT ENGINE COMPONENTS\IPT;C:\PROGRAM FILES\INTEL\INTEL(R) MANAGEMENT ENGINE COMPONENTS\IPT;C:\PROGRAM FILES\DOTNET\;C:\PROGRAM FILES\MYSQL\MYSQL SERVER 8.0\BIN;C:\PROGRAM FILES\JAVA\JDK-17;C:\PROGRAM FILES\JAVA\JDK-17;C:\Program Files\nodejs\;C:\ProgramData\chocolatey\bin;C:\Users\ROHIT\AppData\Local\Android\Sdk\platform-tools;C:\Program Files\MySQL\MySQL Shell 8.0\bin\;C:\Users\ROHIT\AppData\Local\Microsoft\WindowsApps;C:\Users\ROHIT\AppData\Local\Programs\Microsoft VS Code\bin;C:\Users\ROHIT\AppData\Roaming\npm;C:\Users\ROHIT\AppData\Local\Android\Sdk;C:\Users\ROHIT\AppData\Local\Android\Sdk\emulator;C:\Users\ROHIT\AppData\Local\Android\Sdk\platform-tools;C:\Users\ROHIT\AppData\Local\Android\Sdk\tools;C:\Users\ROHIT\AppData\Local\Android\Sdk\tools\bin;C:\Program Files\Java\jdk-17;
USERNAME=ROHIT
LANG=en_US.UTF-8
OS=Windows_NT
PROCESSOR_IDENTIFIER=Intel64 Family 6 Model 61 Stepping 4, GenuineIntel



---------------  S Y S T E M  ---------------

OS:
 Windows 10 , 64 bit Build 19041 (10.0.19041.3636)
OS uptime: 3 days 12:23 hours

CPU: total 4 (initial active 4) (2 cores per cpu, 2 threads per core) family 6 model 61 stepping 4 microcode 0x2f, cx8, cmov, fxsr, ht, mmx, 3dnowpref, sse, sse2, sse3, ssse3, sse4.1, sse4.2, popcnt, lzcnt, tsc, tscinvbit, avx, avx2, aes, erms, clmul, bmi1, bmi2, adx, fma, vzeroupper, clflush

Memory: 4k page, system-wide physical 4007M (285M free)
TotalPageFile size 16295M (AvailPageFile size 220M)
current process WorkingSet (physical memory assigned to process): 265M, peak: 364M
current process commit charge ("private bytes"): 554M, peak: 997M

vm_info: Java HotSpot(TM) 64-Bit Server VM (17+35-LTS-2724) for windows-amd64 JRE (17+35-LTS-2724), built on Aug  5 2021 23:28:28 by "mach5one" with MS VC++ 16.8 (VS2019)

END.
