#
# There is insufficient memory for the Java Runtime Environment to continue.
# Native memory allocation (malloc) failed to allocate 2109200 bytes for Chunk::new
# Possible reasons:
#   The system is out of physical RAM or swap space
#   The process is running with CompressedOops enabled, and the Java Heap may be blocking the growth of the native heap
# Possible solutions:
#   Reduce memory load on the system
#   Increase physical memory or swap space
#   Check if swap backing store is full
#   Decrease Java heap size (-Xmx/-Xms)
#   Decrease number of Java threads
#   Decrease Java thread stack sizes (-Xss)
#   Set larger code cache with -XX:ReservedCodeCacheSize=
#   JVM is running with Unscaled Compressed Oops mode in which the Java heap is
#     placed in the first 4GB address space. The Java Heap base address is the
#     maximum limit for the native heap growth. Please use -XX:HeapBaseMinAddress
#     to set the Java Heap base and to place the Java Heap above 4GB virtual address.
# This output file may be truncated or incomplete.
#
#  Out of Memory Error (arena.cpp:189), pid=9732, tid=2424
#
# JRE version: Java(TM) SE Runtime Environment (17.0+35) (build 17+35-LTS-2724)
# Java VM: Java HotSpot(TM) 64-Bit Server VM (17+35-LTS-2724, mixed mode, sharing, tiered, compressed oops, compressed class ptrs, g1 gc, windows-amd64)
# No core dump will be written. Minidumps are not enabled by default on client versions of Windows
#

---------------  S U M M A R Y ------------

Command Line: -Xmx64m -Xms64m -Dorg.gradle.appname=gradlew org.gradle.wrapper.GradleWrapperMain app:installDebug -PreactNativeDevServerPort=8081

Host: Intel(R) Core(TM) i3-5005U CPU @ 2.00GHz, 4 cores, 3G,  Windows 10 , 64 bit Build 19041 (10.0.19041.3636)
Time: Thu Jun 27 21:43:48 2024 India Standard Time elapsed time: 556.741824 seconds (0d 0h 9m 16s)

---------------  T H R E A D  ---------------

Current thread (0x000002117cbff160):  JavaThread "C2 CompilerThread0" daemon [_thread_in_native, id=2424, stack(0x0000006bbc000000,0x0000006bbc100000)]


Current CompileTask:
C2: 556773 2131       4       org.gradle.internal.logging.console.ProgressBar::formatProgress (328 bytes)

Stack: [0x0000006bbc000000,0x0000006bbc100000]
Native frames: (J=compiled Java code, j=interpreted, Vv=VM code, C=native code)
V  [jvm.dll+0x66f8ea]
V  [jvm.dll+0x7ce224]
V  [jvm.dll+0x7cf9ce]
V  [jvm.dll+0x7d0033]
V  [jvm.dll+0x242bb5]
V  [jvm.dll+0xaa05b]
V  [jvm.dll+0xaa5ec]
V  [jvm.dll+0x35f9f7]
V  [jvm.dll+0x329f61]
V  [jvm.dll+0x32940a]
V  [jvm.dll+0x215ca1]
V  [jvm.dll+0x2150c1]
V  [jvm.dll+0x1a168d]
V  [jvm.dll+0x2248f8]
V  [jvm.dll+0x222a5c]
V  [jvm.dll+0x78422b]
V  [jvm.dll+0x77e7ea]
V  [jvm.dll+0x66e715]
C  [ucrtbase.dll+0x21bb2]
C  [KERNEL32.DLL+0x17344]
C  [ntdll.dll+0x4cc91]


---------------  P R O C E S S  ---------------

Threads class SMR info:
_java_thread_list=0x000002117e2eada0, length=15, elements={
0x0000021172d87390, 0x000002117cbe54e0, 0x0000021172e58390, 0x000002117cbf3b00,
0x000002117cbf46b0, 0x000002117cbf95c0, 0x000002117cbfaf80, 0x000002117cbff160,
0x000002117cc07c10, 0x000002117cc15d10, 0x000002117d834340, 0x000002117d839a60,
0x000002117e20c760, 0x000002117e616aa0, 0x000002117e5bd550
}

Java Threads: ( => current thread )
  0x0000021172d87390 JavaThread "main" [_thread_in_native, id=2696, stack(0x0000006bbb300000,0x0000006bbb400000)]
  0x000002117cbe54e0 JavaThread "Reference Handler" daemon [_thread_blocked, id=2064, stack(0x0000006bbba00000,0x0000006bbbb00000)]
  0x0000021172e58390 JavaThread "Finalizer" daemon [_thread_blocked, id=5516, stack(0x0000006bbbb00000,0x0000006bbbc00000)]
  0x000002117cbf3b00 JavaThread "Signal Dispatcher" daemon [_thread_blocked, id=16764, stack(0x0000006bbbc00000,0x0000006bbbd00000)]
  0x000002117cbf46b0 JavaThread "Attach Listener" daemon [_thread_blocked, id=8816, stack(0x0000006bbbd00000,0x0000006bbbe00000)]
  0x000002117cbf95c0 JavaThread "Service Thread" daemon [_thread_blocked, id=4576, stack(0x0000006bbbe00000,0x0000006bbbf00000)]
  0x000002117cbfaf80 JavaThread "Monitor Deflation Thread" daemon [_thread_blocked, id=17524, stack(0x0000006bbbf00000,0x0000006bbc000000)]
=>0x000002117cbff160 JavaThread "C2 CompilerThread0" daemon [_thread_in_native, id=2424, stack(0x0000006bbc000000,0x0000006bbc100000)]
  0x000002117cc07c10 JavaThread "C1 CompilerThread0" daemon [_thread_blocked, id=7856, stack(0x0000006bbc100000,0x0000006bbc200000)]
  0x000002117cc15d10 JavaThread "Sweeper thread" daemon [_thread_blocked, id=11392, stack(0x0000006bbc200000,0x0000006bbc300000)]
  0x000002117d834340 JavaThread "Notification Thread" daemon [_thread_blocked, id=16648, stack(0x0000006bbc300000,0x0000006bbc400000)]
  0x000002117d839a60 JavaThread "Common-Cleaner" daemon [_thread_blocked, id=10236, stack(0x0000006bbc500000,0x0000006bbc600000)]
  0x000002117e20c760 JavaThread "pool-1-thread-1" [_thread_blocked, id=10016, stack(0x0000006bbc900000,0x0000006bbca00000)]
  0x000002117e616aa0 JavaThread "DisconnectableInputStream source reader" daemon [_thread_in_native, id=4948, stack(0x0000006bbcb00000,0x0000006bbcc00000)]
  0x000002117e5bd550 JavaThread "Forward input" [_thread_blocked, id=15616, stack(0x0000006bbcc00000,0x0000006bbcd00000)]

Other Threads:
  0x0000021172e57010 VMThread "VM Thread" [stack: 0x0000006bbb900000,0x0000006bbba00000] [id=10944]
  0x0000021172db0e80 WatcherThread [stack: 0x0000006bbc400000,0x0000006bbc500000] [id=10864]
  0x0000021172da6200 GCTaskThread "GC Thread#0" [stack: 0x0000006bbb400000,0x0000006bbb500000] [id=1604]
  0x000002117d9e29c0 GCTaskThread "GC Thread#1" [stack: 0x0000006bbc600000,0x0000006bbc700000] [id=16860]
  0x000002117d9e1440 GCTaskThread "GC Thread#2" [stack: 0x0000006bbc700000,0x0000006bbc800000] [id=13788]
  0x000002117d9e21b0 GCTaskThread "GC Thread#3" [stack: 0x0000006bbc800000,0x0000006bbc900000] [id=8428]
  0x0000021172da7940 ConcurrentGCThread "G1 Main Marker" [stack: 0x0000006bbb500000,0x0000006bbb600000] [id=1416]
  0x0000021172da8af0 ConcurrentGCThread "G1 Conc#0" [stack: 0x0000006bbb600000,0x0000006bbb700000] [id=8836]
  0x0000021172df7f10 ConcurrentGCThread "G1 Refine#0" [stack: 0x0000006bbb700000,0x0000006bbb800000] [id=12156]
  0x0000021172df8930 ConcurrentGCThread "G1 Service" [stack: 0x0000006bbb800000,0x0000006bbb900000] [id=17340]

Threads with active compile tasks:
C2 CompilerThread0   558141 2131       4       org.gradle.internal.logging.console.ProgressBar::formatProgress (328 bytes)

VM state: not at safepoint (normal execution)

VM Mutex/Monitor currently owned by a thread: None

Heap address: 0x00000000fc000000, size: 64 MB, Compressed Oops mode: 32-bit

CDS archive(s) mapped at: [0x0000000800000000-0x0000000800bc0000-0x0000000800bc0000), size 12320768, SharedBaseAddress: 0x0000000800000000, ArchiveRelocationMode: 0.
Compressed class space mapped at: 0x0000000800c00000-0x0000000840c00000, reserved size: 1073741824
Narrow klass base: 0x0000000800000000, Narrow klass shift: 0, Narrow klass range: 0x100000000

GC Precious Log:
 CPUs: 4 total, 4 available
 Memory: 4007M
 Large Page Support: Disabled
 NUMA Support: Disabled
 Compressed Oops: Enabled (32-bit)
 Heap Region Size: 1M
 Heap Min Capacity: 64M
 Heap Initial Capacity: 64M
 Heap Max Capacity: 64M
 Pre-touch: Disabled
 Parallel Workers: 4
 Concurrent Workers: 1
 Concurrent Refinement Workers: 4
 Periodic GC: Disabled

Heap:
 garbage-first heap   total 65536K, used 24648K [0x00000000fc000000, 0x0000000100000000)
  region size 1024K, 15 young (15360K), 3 survivors (3072K)
 Metaspace       used 10566K, committed 10752K, reserved 1064960K
  class space    used 1343K, committed 1408K, reserved 1048576K

Heap Regions: E=young(eden), S=young(survivor), O=old, HS=humongous(starts), HC=humongous(continues), CS=collection set, F=free, OA=open archive, CA=closed archive, TAMS=top-at-mark-start (previous, next)
|   0|0x00000000fc000000, 0x00000000fc100000, 0x00000000fc100000|100%| O|  |TAMS 0x00000000fc000000, 0x00000000fc000000| Untracked 
|   1|0x00000000fc100000, 0x00000000fc200000, 0x00000000fc200000|100%|HS|  |TAMS 0x00000000fc100000, 0x00000000fc100000| Complete 
|   2|0x00000000fc200000, 0x00000000fc300000, 0x00000000fc300000|100%|HC|  |TAMS 0x00000000fc200000, 0x00000000fc200000| Complete 
|   3|0x00000000fc300000, 0x00000000fc400000, 0x00000000fc400000|100%|HC|  |TAMS 0x00000000fc300000, 0x00000000fc300000| Complete 
|   4|0x00000000fc400000, 0x00000000fc500000, 0x00000000fc500000|100%|HC|  |TAMS 0x00000000fc400000, 0x00000000fc400000| Complete 
|   5|0x00000000fc500000, 0x00000000fc600000, 0x00000000fc600000|100%| O|  |TAMS 0x00000000fc500000, 0x00000000fc500000| Untracked 
|   6|0x00000000fc600000, 0x00000000fc700000, 0x00000000fc700000|100%| O|  |TAMS 0x00000000fc600000, 0x00000000fc600000| Untracked 
|   7|0x00000000fc700000, 0x00000000fc800000, 0x00000000fc800000|100%| O|  |TAMS 0x00000000fc700000, 0x00000000fc700000| Untracked 
|   8|0x00000000fc800000, 0x00000000fc900000, 0x00000000fc900000|100%| O|  |TAMS 0x00000000fc800000, 0x00000000fc800000| Untracked 
|   9|0x00000000fc900000, 0x00000000fca00000, 0x00000000fca00000|100%| O|  |TAMS 0x00000000fc900000, 0x00000000fc900000| Untracked 
|  10|0x00000000fca00000, 0x00000000fcac1200, 0x00000000fcb00000| 75%| O|  |TAMS 0x00000000fca00000, 0x00000000fca00000| Untracked 
|  11|0x00000000fcb00000, 0x00000000fcb00000, 0x00000000fcc00000|  0%| F|  |TAMS 0x00000000fcb00000, 0x00000000fcb00000| Untracked 
|  12|0x00000000fcc00000, 0x00000000fcc00000, 0x00000000fcd00000|  0%| F|  |TAMS 0x00000000fcc00000, 0x00000000fcc00000| Untracked 
|  13|0x00000000fcd00000, 0x00000000fcd00000, 0x00000000fce00000|  0%| F|  |TAMS 0x00000000fcd00000, 0x00000000fcd00000| Untracked 
|  14|0x00000000fce00000, 0x00000000fce00000, 0x00000000fcf00000|  0%| F|  |TAMS 0x00000000fce00000, 0x00000000fce00000| Untracked 
|  15|0x00000000fcf00000, 0x00000000fcf00000, 0x00000000fd000000|  0%| F|  |TAMS 0x00000000fcf00000, 0x00000000fcf00000| Untracked 
|  16|0x00000000fd000000, 0x00000000fd000000, 0x00000000fd100000|  0%| F|  |TAMS 0x00000000fd000000, 0x00000000fd000000| Untracked 
|  17|0x00000000fd100000, 0x00000000fd100000, 0x00000000fd200000|  0%| F|  |TAMS 0x00000000fd100000, 0x00000000fd100000| Untracked 
|  18|0x00000000fd200000, 0x00000000fd200000, 0x00000000fd300000|  0%| F|  |TAMS 0x00000000fd200000, 0x00000000fd200000| Untracked 
|  19|0x00000000fd300000, 0x00000000fd300000, 0x00000000fd400000|  0%| F|  |TAMS 0x00000000fd300000, 0x00000000fd300000| Untracked 
|  20|0x00000000fd400000, 0x00000000fd400000, 0x00000000fd500000|  0%| F|  |TAMS 0x00000000fd400000, 0x00000000fd400000| Untracked 
|  21|0x00000000fd500000, 0x00000000fd500000, 0x00000000fd600000|  0%| F|  |TAMS 0x00000000fd500000, 0x00000000fd500000| Untracked 
|  22|0x00000000fd600000, 0x00000000fd600000, 0x00000000fd700000|  0%| F|  |TAMS 0x00000000fd600000, 0x00000000fd600000| Untracked 
|  23|0x00000000fd700000, 0x00000000fd700000, 0x00000000fd800000|  0%| F|  |TAMS 0x00000000fd700000, 0x00000000fd700000| Untracked 
|  24|0x00000000fd800000, 0x00000000fd800000, 0x00000000fd900000|  0%| F|  |TAMS 0x00000000fd800000, 0x00000000fd800000| Untracked 
|  25|0x00000000fd900000, 0x00000000fd900000, 0x00000000fda00000|  0%| F|  |TAMS 0x00000000fd900000, 0x00000000fd900000| Untracked 
|  26|0x00000000fda00000, 0x00000000fda00000, 0x00000000fdb00000|  0%| F|  |TAMS 0x00000000fda00000, 0x00000000fda00000| Untracked 
|  27|0x00000000fdb00000, 0x00000000fdb00000, 0x00000000fdc00000|  0%| F|  |TAMS 0x00000000fdb00000, 0x00000000fdb00000| Untracked 
|  28|0x00000000fdc00000, 0x00000000fdc00000, 0x00000000fdd00000|  0%| F|  |TAMS 0x00000000fdc00000, 0x00000000fdc00000| Untracked 
|  29|0x00000000fdd00000, 0x00000000fdd00000, 0x00000000fde00000|  0%| F|  |TAMS 0x00000000fdd00000, 0x00000000fdd00000| Untracked 
|  30|0x00000000fde00000, 0x00000000fde00000, 0x00000000fdf00000|  0%| F|  |TAMS 0x00000000fde00000, 0x00000000fde00000| Untracked 
|  31|0x00000000fdf00000, 0x00000000fdf00000, 0x00000000fe000000|  0%| F|  |TAMS 0x00000000fdf00000, 0x00000000fdf00000| Untracked 
|  32|0x00000000fe000000, 0x00000000fe000000, 0x00000000fe100000|  0%| F|  |TAMS 0x00000000fe000000, 0x00000000fe000000| Untracked 
|  33|0x00000000fe100000, 0x00000000fe100000, 0x00000000fe200000|  0%| F|  |TAMS 0x00000000fe100000, 0x00000000fe100000| Untracked 
|  34|0x00000000fe200000, 0x00000000fe200000, 0x00000000fe300000|  0%| F|  |TAMS 0x00000000fe200000, 0x00000000fe200000| Untracked 
|  35|0x00000000fe300000, 0x00000000fe300000, 0x00000000fe400000|  0%| F|  |TAMS 0x00000000fe300000, 0x00000000fe300000| Untracked 
|  36|0x00000000fe400000, 0x00000000fe400000, 0x00000000fe500000|  0%| F|  |TAMS 0x00000000fe400000, 0x00000000fe400000| Untracked 
|  37|0x00000000fe500000, 0x00000000fe500000, 0x00000000fe600000|  0%| F|  |TAMS 0x00000000fe500000, 0x00000000fe500000| Untracked 
|  38|0x00000000fe600000, 0x00000000fe6511a8, 0x00000000fe700000| 31%| S|CS|TAMS 0x00000000fe600000, 0x00000000fe600000| Complete 
|  39|0x00000000fe700000, 0x00000000fe800000, 0x00000000fe800000|100%| S|CS|TAMS 0x00000000fe700000, 0x00000000fe700000| Complete 
|  40|0x00000000fe800000, 0x00000000fe900000, 0x00000000fe900000|100%| S|CS|TAMS 0x00000000fe800000, 0x00000000fe800000| Complete 
|  41|0x00000000fe900000, 0x00000000fe900000, 0x00000000fea00000|  0%| F|  |TAMS 0x00000000fe900000, 0x00000000fe900000| Untracked 
|  42|0x00000000fea00000, 0x00000000fea00000, 0x00000000feb00000|  0%| F|  |TAMS 0x00000000fea00000, 0x00000000fea00000| Untracked 
|  43|0x00000000feb00000, 0x00000000feb00000, 0x00000000fec00000|  0%| F|  |TAMS 0x00000000feb00000, 0x00000000feb00000| Untracked 
|  44|0x00000000fec00000, 0x00000000fec00000, 0x00000000fed00000|  0%| F|  |TAMS 0x00000000fec00000, 0x00000000fec00000| Untracked 
|  45|0x00000000fed00000, 0x00000000fed00000, 0x00000000fee00000|  0%| F|  |TAMS 0x00000000fed00000, 0x00000000fed00000| Untracked 
|  46|0x00000000fee00000, 0x00000000fee00000, 0x00000000fef00000|  0%| F|  |TAMS 0x00000000fee00000, 0x00000000fee00000| Untracked 
|  47|0x00000000fef00000, 0x00000000fef00000, 0x00000000ff000000|  0%| F|  |TAMS 0x00000000fef00000, 0x00000000fef00000| Untracked 
|  48|0x00000000ff000000, 0x00000000ff000000, 0x00000000ff100000|  0%| F|  |TAMS 0x00000000ff000000, 0x00000000ff000000| Untracked 
|  49|0x00000000ff100000, 0x00000000ff100000, 0x00000000ff200000|  0%| F|  |TAMS 0x00000000ff100000, 0x00000000ff100000| Untracked 
|  50|0x00000000ff200000, 0x00000000ff200000, 0x00000000ff300000|  0%| F|  |TAMS 0x00000000ff200000, 0x00000000ff200000| Untracked 
|  51|0x00000000ff300000, 0x00000000ff300000, 0x00000000ff400000|  0%| F|  |TAMS 0x00000000ff300000, 0x00000000ff300000| Untracked 
|  52|0x00000000ff400000, 0x00000000ff4b7438, 0x00000000ff500000| 71%| E|  |TAMS 0x00000000ff400000, 0x00000000ff400000| Complete 
|  53|0x00000000ff500000, 0x00000000ff600000, 0x00000000ff600000|100%| E|CS|TAMS 0x00000000ff500000, 0x00000000ff500000| Complete 
|  54|0x00000000ff600000, 0x00000000ff700000, 0x00000000ff700000|100%| E|CS|TAMS 0x00000000ff600000, 0x00000000ff600000| Complete 
|  55|0x00000000ff700000, 0x00000000ff800000, 0x00000000ff800000|100%| E|CS|TAMS 0x00000000ff700000, 0x00000000ff700000| Complete 
|  56|0x00000000ff800000, 0x00000000ff900000, 0x00000000ff900000|100%| E|CS|TAMS 0x00000000ff800000, 0x00000000ff800000| Complete 
|  57|0x00000000ff900000, 0x00000000ffa00000, 0x00000000ffa00000|100%| E|CS|TAMS 0x00000000ff900000, 0x00000000ff900000| Complete 
|  58|0x00000000ffa00000, 0x00000000ffb00000, 0x00000000ffb00000|100%| E|CS|TAMS 0x00000000ffa00000, 0x00000000ffa00000| Complete 
|  59|0x00000000ffb00000, 0x00000000ffc00000, 0x00000000ffc00000|100%| E|CS|TAMS 0x00000000ffb00000, 0x00000000ffb00000| Complete 
|  60|0x00000000ffc00000, 0x00000000ffd00000, 0x00000000ffd00000|100%| E|CS|TAMS 0x00000000ffc00000, 0x00000000ffc00000| Complete 
|  61|0x00000000ffd00000, 0x00000000ffe00000, 0x00000000ffe00000|100%| E|CS|TAMS 0x00000000ffd00000, 0x00000000ffd00000| Complete 
|  62|0x00000000ffe00000, 0x00000000fff00000, 0x00000000fff00000|100%| E|CS|TAMS 0x00000000ffe00000, 0x00000000ffe00000| Complete 
|  63|0x00000000fff00000, 0x0000000100000000, 0x0000000100000000|100%| E|CS|TAMS 0x00000000fff00000, 0x00000000fff00000| Complete 

Card table byte_map: [0x0000021172bc0000,0x0000021172be0000] _byte_map_base: 0x00000211723e0000

Marking Bits (Prev, Next): (CMBitMap*) 0x0000021172da6810, (CMBitMap*) 0x0000021172da6850
 Prev Bits: [0x0000021172c00000, 0x0000021172d00000)
 Next Bits: [0x000002117a590000, 0x000002117a690000)

Polling page: 0x0000021170da0000

Metaspace:

Usage:
  Non-class:      9.01 MB used.
      Class:      1.31 MB used.
       Both:     10.32 MB used.

Virtual space:
  Non-class space:       16.00 MB reserved,       9.12 MB ( 57%) committed,  2 nodes.
      Class space:        1.00 GB reserved,       1.38 MB ( <1%) committed,  1 nodes.
             Both:        1.02 GB reserved,      10.50 MB (  1%) committed. 

Chunk freelists:
   Non-Class:  2.25 MB
       Class:  2.57 MB
        Both:  4.82 MB

MaxMetaspaceSize: unlimited
CompressedClassSpaceSize: 1.00 GB
Initial GC threshold: 21.00 MB
Current GC threshold: 21.00 MB
CDS: on
MetaspaceReclaimPolicy: balanced
 - commit_granule_bytes: 65536.
 - commit_granule_words: 8192.
 - virtual_space_node_default_size: 1048576.
 - enlarge_chunks_in_place: 1.
 - new_chunks_are_fully_committed: 0.
 - uncommit_free_chunks: 1.
 - use_allocation_guard: 0.
 - handle_deallocations: 1.


Internal statistics:

num_allocs_failed_limit: 0.
num_arena_births: 94.
num_arena_deaths: 0.
num_vsnodes_births: 3.
num_vsnodes_deaths: 0.
num_space_committed: 168.
num_space_uncommitted: 0.
num_chunks_returned_to_freelist: 0.
num_chunks_taken_from_freelist: 364.
num_chunk_merges: 0.
num_chunk_splits: 252.
num_chunks_enlarged: 207.
num_purges: 0.
num_inconsistent_stats: 0.

CodeHeap 'non-profiled nmethods': size=120000Kb used=943Kb max_used=943Kb free=119056Kb
 bounds [0x0000021107ad0000, 0x0000021107d40000, 0x000002110f000000]
CodeHeap 'profiled nmethods': size=120000Kb used=4097Kb max_used=4097Kb free=115902Kb
 bounds [0x00000211005a0000, 0x00000211009b0000, 0x0000021107ad0000]
CodeHeap 'non-nmethods': size=5760Kb used=1187Kb max_used=1216Kb free=4572Kb
 bounds [0x0000021100000000, 0x0000021100270000, 0x00000211005a0000]
 total_blobs=2597 nmethods=2110 adapters=400
 compilation: enabled
              stopped_count=0, restarted_count=0
 full_count=0

Compilation events (20 events):
Event: 509.900 Thread 0x000002117cc07c10 nmethod 2118 0x000002110099fd10 code [0x000002110099ff00, 0x00000211009a0458]
Event: 540.131 Thread 0x000002117cbff160 2121       4       java.util.concurrent.locks.AbstractQueuedSynchronizer::acquire (20 bytes)
Event: 540.159 Thread 0x000002117cbff160 nmethod 2121 0x0000021107bb5a10 code [0x0000021107bb5b80, 0x0000021107bb5d18]
Event: 541.907 Thread 0x000002117cbff160 2122       4       java.util.concurrent.ThreadPoolExecutor$Worker::unlock (7 bytes)
Event: 541.983 Thread 0x000002117cbff160 nmethod 2122 0x0000021107bb5e10 code [0x0000021107bb5fa0, 0x0000021107bb60e8]
Event: 542.358 Thread 0x000002117cbff160 2124       4       org.gradle.internal.time.MonotonicClock::advance (33 bytes)
Event: 542.402 Thread 0x000002117cbff160 nmethod 2124 0x0000021107bb6210 code [0x0000021107bb6380, 0x0000021107bb6458]
Event: 542.629 Thread 0x000002117cbff160 2125       4       org.gradle.internal.time.MonotonicClock::getCurrentTime (70 bytes)
Event: 542.679 Thread 0x000002117cbff160 nmethod 2125 0x0000021107bb6590 code [0x0000021107bb6720, 0x0000021107bb69a8]
Event: 543.438 Thread 0x000002117cbff160 2126       4       java.util.concurrent.ThreadPoolExecutor$Worker::lock (6 bytes)
Event: 543.443 Thread 0x000002117cbff160 nmethod 2126 0x0000021107bb6c10 code [0x0000021107bb6d80, 0x0000021107bb6ef8]
Event: 543.691 Thread 0x000002117cbff160 2127   !   4       java.util.concurrent.ThreadPoolExecutor::getTask (177 bytes)
Event: 544.075 Thread 0x000002117cbff160 nmethod 2127 0x0000021107bb6f90 code [0x0000021107bb7240, 0x0000021107bb8be0]
Event: 544.076 Thread 0x000002117cbff160 2128   !   4       java.util.concurrent.FutureTask::runAndReset (125 bytes)
Event: 544.334 Thread 0x000002117cbff160 nmethod 2128 0x0000021107bb9f10 code [0x0000021107bba120, 0x0000021107bba8a0]
Event: 547.023 Thread 0x000002117cbff160 2129       4       org.gradle.internal.logging.sink.GroupingProgressLogEventGenerator$OperationGroup::shouldPrintHeader (37 bytes)
Event: 547.159 Thread 0x000002117cbff160 nmethod 2129 0x0000021107bbaf10 code [0x0000021107bbb0a0, 0x0000021107bbb2d8]
Event: 551.012 Thread 0x000002117cbff160 2130       4       java.lang.StringLatin1::trim (76 bytes)
Event: 551.087 Thread 0x000002117cbff160 nmethod 2130 0x0000021107bbb490 code [0x0000021107bbb620, 0x0000021107bbbb38]
Event: 554.884 Thread 0x000002117cbff160 2131       4       org.gradle.internal.logging.console.ProgressBar::formatProgress (328 bytes)

GC Heap History (6 events):
Event: 2.678 GC heap before
{Heap before GC invocations=0 (full 0):
 garbage-first heap   total 65536K, used 12288K [0x00000000fc000000, 0x0000000100000000)
  region size 1024K, 13 young (13312K), 0 survivors (0K)
 Metaspace       used 1813K, committed 1920K, reserved 1056768K
  class space    used 165K, committed 192K, reserved 1048576K
}
Event: 2.683 GC heap after
{Heap after GC invocations=1 (full 0):
 garbage-first heap   total 65536K, used 2648K [0x00000000fc000000, 0x0000000100000000)
  region size 1024K, 2 young (2048K), 2 survivors (2048K)
 Metaspace       used 1813K, committed 1920K, reserved 1056768K
  class space    used 165K, committed 192K, reserved 1048576K
}
Event: 5.433 GC heap before
{Heap before GC invocations=1 (full 0):
 garbage-first heap   total 65536K, used 22104K [0x00000000fc000000, 0x0000000100000000)
  region size 1024K, 18 young (18432K), 2 survivors (2048K)
 Metaspace       used 5172K, committed 5312K, reserved 1056768K
  class space    used 682K, committed 768K, reserved 1048576K
}
Event: 5.440 GC heap after
{Heap after GC invocations=2 (full 0):
 garbage-first heap   total 65536K, used 11020K [0x00000000fc000000, 0x0000000100000000)
  region size 1024K, 3 young (3072K), 3 survivors (3072K)
 Metaspace       used 5172K, committed 5312K, reserved 1056768K
  class space    used 682K, committed 768K, reserved 1048576K
}
Event: 23.165 GC heap before
{Heap before GC invocations=2 (full 0):
 garbage-first heap   total 65536K, used 31500K [0x00000000fc000000, 0x0000000100000000)
  region size 1024K, 23 young (23552K), 3 survivors (3072K)
 Metaspace       used 9833K, committed 10048K, reserved 1064960K
  class space    used 1290K, committed 1408K, reserved 1048576K
}
Event: 23.173 GC heap after
{Heap after GC invocations=3 (full 0):
 garbage-first heap   total 65536K, used 13384K [0x00000000fc000000, 0x0000000100000000)
  region size 1024K, 3 young (3072K), 3 survivors (3072K)
 Metaspace       used 9833K, committed 10048K, reserved 1064960K
  class space    used 1290K, committed 1408K, reserved 1048576K
}

Deoptimization events (20 events):
Event: 9.374 Thread 0x000002117d8bf640 Uncommon trap: trap_request=0xffffff45 fr.pc=0x0000021107b2d0c8 relative=0x0000000000000048
Event: 9.374 Thread 0x000002117d8bf640 Uncommon trap: reason=unstable_if action=reinterpret pc=0x0000021107b2d0c8 method=java.lang.CharacterData.of(I)Ljava/lang/CharacterData; @ 4 c2
Event: 9.374 Thread 0x000002117d8bf640 DEOPT PACKING pc=0x0000021107b2d0c8 sp=0x0000006bbcafe410
Event: 9.374 Thread 0x000002117d8bf640 DEOPT UNPACKING pc=0x00000211000523a3 sp=0x0000006bbcafe3a8 mode 2
Event: 9.384 Thread 0x000002117d8bf640 Uncommon trap: trap_request=0xffffff45 fr.pc=0x0000021107b07ecc relative=0x000000000000012c
Event: 9.384 Thread 0x000002117d8bf640 Uncommon trap: reason=unstable_if action=reinterpret pc=0x0000021107b07ecc method=java.lang.AbstractStringBuilder.putStringAt(ILjava/lang/String;II)V @ 8 c2
Event: 9.384 Thread 0x000002117d8bf640 DEOPT PACKING pc=0x0000021107b07ecc sp=0x0000006bbcafec50
Event: 9.384 Thread 0x000002117d8bf640 DEOPT UNPACKING pc=0x00000211000523a3 sp=0x0000006bbcafeb80 mode 2
Event: 9.384 Thread 0x000002117d8bf640 Uncommon trap: trap_request=0xffffff45 fr.pc=0x0000021107b31f74 relative=0x00000000000003d4
Event: 9.384 Thread 0x000002117d8bf640 Uncommon trap: reason=unstable_if action=reinterpret pc=0x0000021107b31f74 method=java.lang.AbstractStringBuilder.isLatin1()Z @ 10 c2
Event: 9.384 Thread 0x000002117d8bf640 DEOPT PACKING pc=0x0000021107b31f74 sp=0x0000006bbcafed10
Event: 9.384 Thread 0x000002117d8bf640 DEOPT UNPACKING pc=0x00000211000523a3 sp=0x0000006bbcafec90 mode 2
Event: 22.452 Thread 0x000002117d8bf640 Uncommon trap: trap_request=0xffffff45 fr.pc=0x0000021107add000 relative=0x0000000000000080
Event: 22.452 Thread 0x000002117d8bf640 Uncommon trap: reason=unstable_if action=reinterpret pc=0x0000021107add000 method=java.lang.String.codePointAt(I)I @ 4 c2
Event: 22.452 Thread 0x000002117d8bf640 DEOPT PACKING pc=0x0000021107add000 sp=0x0000006bbcafec90
Event: 22.453 Thread 0x000002117d8bf640 DEOPT UNPACKING pc=0x00000211000523a3 sp=0x0000006bbcafec28 mode 2
Event: 22.541 Thread 0x0000021172d87390 DEOPT PACKING pc=0x0000021100846456 sp=0x0000006bbb3fb750
Event: 22.541 Thread 0x0000021172d87390 DEOPT UNPACKING pc=0x0000021100052b43 sp=0x0000006bbb3fabd8 mode 0
Event: 397.866 Thread 0x000002117e20c760 DEOPT PACKING pc=0x0000021100925dff sp=0x0000006bbc9fe5f0
Event: 397.885 Thread 0x000002117e20c760 DEOPT UNPACKING pc=0x0000021100052b43 sp=0x0000006bbc9fdb68 mode 0

Classes unloaded (0 events):
No events

Classes redefined (0 events):
No events

Internal exceptions (20 events):
Event: 4.952 Thread 0x0000021172d87390 Exception <a 'java/lang/NoSuchMethodError'{0x00000000ff41ed20}: 'java.lang.Object java.lang.invoke.DirectMethodHandle$Holder.invokeStatic(java.lang.Object, java.lang.Object, int)'> (0x00000000ff41ed20) 
thrown [t:\workspace\open\src\hotspot\share\interpreter\linkResolver.cpp, line 766]
Event: 4.956 Thread 0x0000021172d87390 Exception <a 'java/lang/NoSuchMethodError'{0x00000000ff42aa10}: 'void java.lang.invoke.DelegatingMethodHandle$Holder.delegate(java.lang.Object, java.lang.Object, int, java.lang.Object)'> (0x00000000ff42aa10) 
thrown [t:\workspace\open\src\hotspot\share\interpreter\linkResolver.cpp, line 766]
Event: 4.957 Thread 0x0000021172d87390 Exception <a 'java/lang/NoSuchMethodError'{0x00000000ff42eb58}: 'int java.lang.invoke.DirectMethodHandle$Holder.invokeSpecial(java.lang.Object, java.lang.Object, java.lang.Object)'> (0x00000000ff42eb58) 
thrown [t:\workspace\open\src\hotspot\share\interpreter\linkResolver.cpp, line 766]
Event: 4.967 Thread 0x0000021172d87390 Exception <a 'java/lang/NoSuchMethodError'{0x00000000ff441ca0}: 'java.lang.Object java.lang.invoke.Invokers$Holder.invokeExact_MT(java.lang.Object, java.lang.Object, java.lang.Object, java.lang.Object)'> (0x00000000ff441ca0) 
thrown [t:\workspace\open\src\hotspot\share\interpreter\linkResolver.cpp, line 766]
Event: 5.677 Thread 0x0000021172d87390 Exception <a 'java/lang/NoSuchMethodError'{0x00000000ffeeff78}: 'void java.lang.invoke.DirectMethodHandle$Holder.invokeSpecial(java.lang.Object, java.lang.Object, java.lang.Object)'> (0x00000000ffeeff78) 
thrown [t:\workspace\open\src\hotspot\share\interpreter\linkResolver.cpp, line 766]
Event: 5.704 Thread 0x0000021172d87390 Implicit null exception at 0x0000021107b1dc8c to 0x0000021107b1e1d0
Event: 5.704 Thread 0x0000021172d87390 Implicit null exception at 0x0000021107b0f38f to 0x0000021107b0f8d8
Event: 5.903 Thread 0x0000021172d87390 Exception <a 'java/lang/NoSuchMethodError'{0x00000000ffc4d780}: 'java.lang.Object java.lang.invoke.DirectMethodHandle$Holder.invokeStaticInit(java.lang.Object)'> (0x00000000ffc4d780) 
thrown [t:\workspace\open\src\hotspot\share\interpreter\linkResolver.cpp, line 766]
Event: 6.135 Thread 0x0000021172d87390 Exception <a 'java/lang/NoSuchMethodError'{0x00000000ffcf7b78}: 'int java.lang.invoke.DirectMethodHandle$Holder.invokeVirtual(java.lang.Object, java.lang.Object, java.lang.Object)'> (0x00000000ffcf7b78) 
thrown [t:\workspace\open\src\hotspot\share\interpreter\linkResolver.cpp, line 766]
Event: 6.155 Thread 0x0000021172d87390 Exception <a 'java/lang/NoSuchMethodError'{0x00000000ffb3a7d0}: 'java.lang.Object java.lang.invoke.DirectMethodHandle$Holder.invokeVirtual(java.lang.Object, java.lang.Object, java.lang.Object)'> (0x00000000ffb3a7d0) 
thrown [t:\workspace\open\src\hotspot\share\interpreter\linkResolver.cpp, line 766]
Event: 6.743 Thread 0x0000021172d87390 Exception <a 'java/lang/NoSuchMethodError'{0x00000000ff8b0548}: 'java.lang.Object java.lang.invoke.DirectMethodHandle$Holder.invokeStaticInit(java.lang.Object, int, int, int, int)'> (0x00000000ff8b0548) 
thrown [t:\workspace\open\src\hotspot\share\interpreter\linkResolver.cpp, line 766]
Event: 7.026 Thread 0x0000021172d87390 Exception <a 'java/lang/NoSuchMethodError'{0x00000000ff73f608}: 'java.lang.Object java.lang.invoke.DirectMethodHandle$Holder.invokeStaticInit(java.lang.Object, java.lang.Object, int, int, int, int)'> (0x00000000ff73f608) 
thrown [t:\workspace\open\src\hotspot\share\interpreter\linkResolver.cpp, line 766]
Event: 7.579 Thread 0x0000021172d87390 Exception <a 'java/lang/NoSuchMethodError'{0x00000000ff76c9b0}: 'void java.lang.invoke.DirectMethodHandle$Holder.invokeStatic(java.lang.Object, java.lang.Object, java.lang.Object)'> (0x00000000ff76c9b0) 
thrown [t:\workspace\open\src\hotspot\share\interpreter\linkResolver.cpp, line 766]
Event: 8.193 Thread 0x0000021172d87390 Implicit null exception at 0x0000021107b052f2 to 0x0000021107b058c8
Event: 8.194 Thread 0x0000021172d87390 Implicit null exception at 0x0000021107b1cb72 to 0x0000021107b1d158
Event: 9.165 Thread 0x000002117d8bf640 Exception <a 'java/lang/NoSuchMethodError'{0x00000000fee0d590}: 'void java.lang.invoke.DirectMethodHandle$Holder.invokeStatic(java.lang.Object, long)'> (0x00000000fee0d590) 
thrown [t:\workspace\open\src\hotspot\share\interpreter\linkResolver.cpp, line 766]
Event: 9.167 Thread 0x000002117d8bf640 Exception <a 'java/lang/NoSuchMethodError'{0x00000000fee12ee8}: 'java.lang.Object java.lang.invoke.DirectMethodHandle$Holder.newInvokeSpecial(java.lang.Object, long)'> (0x00000000fee12ee8) 
thrown [t:\workspace\open\src\hotspot\share\interpreter\linkResolver.cpp, line 766]
Event: 9.196 Thread 0x000002117d8bf640 Exception <a 'java/lang/NoSuchMethodError'{0x00000000fee1da90}: 'java.lang.Object java.lang.invoke.DirectMethodHandle$Holder.invokeStaticInit(java.lang.Object, java.lang.Object, long, java.lang.Object)'> (0x00000000fee1da90) 
thrown [t:\workspace\open\src\hotspot\share\interpreter\linkResolver.cpp, line 766]
Event: 9.198 Thread 0x000002117d8bf640 Exception <a 'java/lang/NoSuchMethodError'{0x00000000fee24118}: 'java.lang.Object java.lang.invoke.DirectMethodHandle$Holder.newInvokeSpecial(java.lang.Object, java.lang.Object, long)'> (0x00000000fee24118) 
thrown [t:\workspace\open\src\hotspot\share\interpreter\linkResolver.cpp, line 766]
Event: 9.201 Thread 0x000002117d8bf640 Exception <a 'java/lang/NoSuchMethodError'{0x00000000fee28408}: 'java.lang.Object java.lang.invoke.Invokers$Holder.linkToTargetMethod(java.lang.Object, long, java.lang.Object)'> (0x00000000fee28408) 
thrown [t:\workspace\open\src\hotspot\share\interpreter\linkResolver.cpp, line 766]

VM Operations (20 events):
Event: 317.695 Executing VM operation: Cleanup
Event: 317.695 Executing VM operation: Cleanup done
Event: 318.696 Executing VM operation: Cleanup
Event: 318.696 Executing VM operation: Cleanup done
Event: 336.803 Executing VM operation: Cleanup
Event: 336.882 Executing VM operation: Cleanup done
Event: 339.892 Executing VM operation: Cleanup
Event: 339.892 Executing VM operation: Cleanup done
Event: 375.149 Executing VM operation: Cleanup
Event: 375.149 Executing VM operation: Cleanup done
Event: 386.241 Executing VM operation: Cleanup
Event: 386.241 Executing VM operation: Cleanup done
Event: 388.251 Executing VM operation: Cleanup
Event: 388.251 Executing VM operation: Cleanup done
Event: 398.321 Executing VM operation: Cleanup
Event: 398.321 Executing VM operation: Cleanup done
Event: 399.332 Executing VM operation: Cleanup
Event: 399.332 Executing VM operation: Cleanup done
Event: 512.240 Executing VM operation: Cleanup
Event: 512.350 Executing VM operation: Cleanup done

Events (20 events):
Event: 317.410 loading class jdk/internal/logger/LazyLoggers$1
Event: 317.410 loading class jdk/internal/logger/LazyLoggers$1 done
Event: 317.410 loading class jdk/internal/logger/LazyLoggers$LazyLoggerFactories
Event: 317.411 loading class jdk/internal/logger/LazyLoggers$LazyLoggerFactories done
Event: 317.432 loading class jdk/internal/logger/LoggerFinderLoader
Event: 317.432 loading class jdk/internal/logger/LoggerFinderLoader done
Event: 317.497 loading class sun/util/logging/internal/LoggingProviderImpl$JULWrapper
Event: 317.499 loading class sun/util/logging/PlatformLogger$ConfigurableBridge$LoggerConfiguration
Event: 317.499 loading class sun/util/logging/PlatformLogger$ConfigurableBridge$LoggerConfiguration done
Event: 317.499 loading class sun/util/logging/internal/LoggingProviderImpl$JULWrapper done
Event: 317.508 loading class java/io/ObjectInputFilter
Event: 317.509 loading class java/io/ObjectInputFilter done
Event: 317.517 loading class java/io/ObjectInputFilter$Config$BuiltinFilterFactory
Event: 317.520 loading class java/io/ObjectInputFilter$Config$BuiltinFilterFactory done
Event: 317.520 loading class jdk/internal/access/JavaObjectInputFilterAccess
Event: 317.520 loading class jdk/internal/access/JavaObjectInputFilterAccess done
Event: 317.524 loading class java/lang/System$Logger$Level
Event: 317.527 loading class java/lang/System$Logger$Level done
Event: 317.537 loading class java/io/Bits
Event: 317.538 loading class java/io/Bits done


Dynamic libraries:
0x00007ff6d1240000 - 0x00007ff6d1250000 	C:\Program Files\Java\jdk-17\bin\java.exe
0x00007ffeef870000 - 0x00007ffeefa68000 	C:\Windows\SYSTEM32\ntdll.dll
0x00007ffeef670000 - 0x00007ffeef72d000 	C:\Windows\System32\KERNEL32.DLL
0x00007ffeecfc0000 - 0x00007ffeed2b6000 	C:\Windows\System32\KERNELBASE.dll
0x00007ffeed640000 - 0x00007ffeed740000 	C:\Windows\System32\ucrtbase.dll
0x00007ffeeb6b0000 - 0x00007ffeeb6c8000 	C:\Program Files\Java\jdk-17\bin\jli.dll
0x00007ffeee0d0000 - 0x00007ffeee180000 	C:\Windows\System32\ADVAPI32.dll
0x00007ffeeb6d0000 - 0x00007ffeeb6ea000 	C:\Program Files\Java\jdk-17\bin\VCRUNTIME140.dll
0x00007ffeee020000 - 0x00007ffeee0be000 	C:\Windows\System32\msvcrt.dll
0x00007ffeed9f0000 - 0x00007ffeeda90000 	C:\Windows\System32\sechost.dll
0x00007ffeef4b0000 - 0x00007ffeef5d3000 	C:\Windows\System32\RPCRT4.dll
0x00007ffeed610000 - 0x00007ffeed637000 	C:\Windows\System32\bcrypt.dll
0x00007ffeee410000 - 0x00007ffeee5af000 	C:\Windows\System32\USER32.dll
0x00007ffeed2c0000 - 0x00007ffeed2e2000 	C:\Windows\System32\win32u.dll
0x00007ffeef800000 - 0x00007ffeef82b000 	C:\Windows\System32\GDI32.dll
0x00007ffeed790000 - 0x00007ffeed8a7000 	C:\Windows\System32\gdi32full.dll
0x00007ffeed410000 - 0x00007ffeed4ad000 	C:\Windows\System32\msvcp_win.dll
0x00007ffedabf0000 - 0x00007ffedae8a000 	C:\Windows\WinSxS\amd64_microsoft.windows.common-controls_6595b64144ccf1df_6.0.19041.4355_none_60b8b9eb71f62e16\COMCTL32.dll
0x00007ffeeb640000 - 0x00007ffeeb64a000 	C:\Windows\SYSTEM32\VERSION.dll
0x00007ffeee2a0000 - 0x00007ffeee2cf000 	C:\Windows\System32\IMM32.DLL
0x00007ffeeb6a0000 - 0x00007ffeeb6ac000 	C:\Program Files\Java\jdk-17\bin\vcruntime140_1.dll
0x00007ffec3700000 - 0x00007ffec378d000 	C:\Program Files\Java\jdk-17\bin\msvcp140.dll
0x00007ffe931d0000 - 0x00007ffe93d8e000 	C:\Program Files\Java\jdk-17\bin\server\jvm.dll
0x00007ffeed980000 - 0x00007ffeed988000 	C:\Windows\System32\PSAPI.DLL
0x00007ffed0810000 - 0x00007ffed0819000 	C:\Windows\SYSTEM32\WSOCK32.dll
0x00007ffeef790000 - 0x00007ffeef7fb000 	C:\Windows\System32\WS2_32.dll
0x00007ffeda110000 - 0x00007ffeda137000 	C:\Windows\SYSTEM32\WINMM.dll
0x00007ffeeb790000 - 0x00007ffeeb7a2000 	C:\Windows\SYSTEM32\kernel.appcore.dll
0x00007ffeeaac0000 - 0x00007ffeeaaca000 	C:\Program Files\Java\jdk-17\bin\jimage.dll
0x00007ffedd750000 - 0x00007ffedd934000 	C:\Windows\SYSTEM32\DBGHELP.DLL
0x00007ffedd280000 - 0x00007ffedd2b4000 	C:\Windows\SYSTEM32\dbgcore.DLL
0x00007ffeecf30000 - 0x00007ffeecfb2000 	C:\Windows\System32\bcryptPrimitives.dll
0x00007ffed5d70000 - 0x00007ffed5d95000 	C:\Program Files\Java\jdk-17\bin\java.dll
0x00007ffebe920000 - 0x00007ffebe9f6000 	C:\Program Files\Java\jdk-17\bin\svml.dll
0x00007ffeee6c0000 - 0x00007ffeeee2c000 	C:\Windows\System32\SHELL32.dll
0x00007ffeeae90000 - 0x00007ffeeb62d000 	C:\Windows\SYSTEM32\windows.storage.dll
0x00007ffeedca0000 - 0x00007ffeedff3000 	C:\Windows\System32\combase.dll
0x00007ffeec880000 - 0x00007ffeec8ae000 	C:\Windows\SYSTEM32\Wldp.dll
0x00007ffeed8b0000 - 0x00007ffeed97d000 	C:\Windows\System32\OLEAUT32.dll
0x00007ffeedb10000 - 0x00007ffeedbbd000 	C:\Windows\System32\SHCORE.dll
0x00007ffeef730000 - 0x00007ffeef785000 	C:\Windows\System32\shlwapi.dll
0x00007ffeece60000 - 0x00007ffeece84000 	C:\Windows\SYSTEM32\profapi.dll
0x00007ffee3680000 - 0x00007ffee3699000 	C:\Program Files\Java\jdk-17\bin\net.dll
0x00007ffee5680000 - 0x00007ffee578a000 	C:\Windows\SYSTEM32\WINHTTP.dll
0x00007ffeec5e0000 - 0x00007ffeec64a000 	C:\Windows\system32\mswsock.dll
0x00007ffedcb60000 - 0x00007ffedcb75000 	C:\Program Files\Java\jdk-17\bin\nio.dll
0x00007ffedba70000 - 0x00007ffedba88000 	C:\Program Files\Java\jdk-17\bin\zip.dll
0x00007ffeeaab0000 - 0x00007ffeeaac0000 	C:\Program Files\Java\jdk-17\bin\verify.dll
0x00007ffed5d40000 - 0x00007ffed5d67000 	C:\Users\ROHIT\.gradle\native\c067742578af261105cb4f569cf0c3c89f3d7b1fecec35dd04571415982c5e48\windows-amd64\native-platform.dll
0x00007ffeeb690000 - 0x00007ffeeb69a000 	C:\Users\ROHIT\.gradle\native\jansi\1.18\windows64\jansi.dll
0x00007ffee9f80000 - 0x00007ffee9f89000 	C:\Program Files\Java\jdk-17\bin\management.dll
0x00007ffee5eb0000 - 0x00007ffee5ebb000 	C:\Program Files\Java\jdk-17\bin\management_ext.dll
0x00007ffeec7e0000 - 0x00007ffeec7f8000 	C:\Windows\SYSTEM32\CRYPTSP.dll
0x00007ffeebf00000 - 0x00007ffeebf34000 	C:\Windows\system32\rsaenh.dll
0x00007ffeece10000 - 0x00007ffeece3e000 	C:\Windows\SYSTEM32\USERENV.dll
0x00007ffeec7d0000 - 0x00007ffeec7dc000 	C:\Windows\SYSTEM32\CRYPTBASE.dll
0x00007ffeec2c0000 - 0x00007ffeec2fb000 	C:\Windows\SYSTEM32\IPHLPAPI.DLL
0x00007ffeee0c0000 - 0x00007ffeee0c8000 	C:\Windows\System32\NSI.dll
0x00007ffee57f0000 - 0x00007ffee5807000 	C:\Windows\SYSTEM32\dhcpcsvc6.DLL
0x00007ffee63c0000 - 0x00007ffee63dd000 	C:\Windows\SYSTEM32\dhcpcsvc.DLL
0x00007ffeec300000 - 0x00007ffeec3ca000 	C:\Windows\SYSTEM32\DNSAPI.dll
0x00007ffee2b30000 - 0x00007ffee2b3e000 	C:\Program Files\Java\jdk-17\bin\sunmscapi.dll
0x00007ffeed4b0000 - 0x00007ffeed60e000 	C:\Windows\System32\CRYPT32.dll
0x00007ffeec8f0000 - 0x00007ffeec919000 	C:\Windows\SYSTEM32\ncrypt.dll
0x00007ffeec8b0000 - 0x00007ffeec8eb000 	C:\Windows\SYSTEM32\NTASN1.dll
0x00007ffecc890000 - 0x00007ffecc897000 	C:\Windows\system32\wshunix.dll

dbghelp: loaded successfully - version: 4.0.5 - missing functions: none
symbol engine: initialized successfully - sym options: 0x614 - pdb path: .;C:\Program Files\Java\jdk-17\bin;C:\Windows\SYSTEM32;C:\Windows\WinSxS\amd64_microsoft.windows.common-controls_6595b64144ccf1df_6.0.19041.4355_none_60b8b9eb71f62e16;C:\Program Files\Java\jdk-17\bin\server;C:\Users\ROHIT\.gradle\native\c067742578af261105cb4f569cf0c3c89f3d7b1fecec35dd04571415982c5e48\windows-amd64;C:\Users\ROHIT\.gradle\native\jansi\1.18\windows64

VM Arguments:
jvm_args: -Xmx64m -Xms64m -Dorg.gradle.appname=gradlew 
java_command: org.gradle.wrapper.GradleWrapperMain app:installDebug -PreactNativeDevServerPort=8081
java_class_path (initial): C:\MTS\project\reactnative\newthree\myapp\android\\gradle\wrapper\gradle-wrapper.jar
Launcher Type: SUN_STANDARD

[Global flags]
     intx CICompilerCount                          = 3                                         {product} {ergonomic}
     uint ConcGCThreads                            = 1                                         {product} {ergonomic}
     uint G1ConcRefinementThreads                  = 4                                         {product} {ergonomic}
   size_t G1HeapRegionSize                         = 1048576                                   {product} {ergonomic}
    uintx GCDrainStackTargetSize                   = 64                                        {product} {ergonomic}
   size_t InitialHeapSize                          = 67108864                                  {product} {command line}
   size_t MarkStackSize                            = 4194304                                   {product} {ergonomic}
   size_t MaxHeapSize                              = 67108864                                  {product} {command line}
   size_t MaxNewSize                               = 39845888                                  {product} {ergonomic}
   size_t MinHeapDeltaBytes                        = 1048576                                   {product} {ergonomic}
   size_t MinHeapSize                              = 67108864                                  {product} {command line}
    uintx NonNMethodCodeHeapSize                   = 5832780                                {pd product} {ergonomic}
    uintx NonProfiledCodeHeapSize                  = 122912730                              {pd product} {ergonomic}
    uintx ProfiledCodeHeapSize                     = 122912730                              {pd product} {ergonomic}
    uintx ReservedCodeCacheSize                    = 251658240                              {pd product} {ergonomic}
     bool SegmentedCodeCache                       = true                                      {product} {ergonomic}
   size_t SoftMaxHeapSize                          = 67108864                               {manageable} {ergonomic}
     bool UseCompressedClassPointers               = true                           {product lp64_product} {ergonomic}
     bool UseCompressedOops                        = true                           {product lp64_product} {ergonomic}
     bool UseG1GC                                  = true                                      {product} {ergonomic}
     bool UseLargePagesIndividualAllocation        = false                                  {pd product} {ergonomic}

Logging:
Log output configuration:
 #0: stdout all=warning uptime,level,tags
 #1: stderr all=off uptime,level,tags

Environment Variables:
CLASSPATH=C:\MTS\project\reactnative\newthree\myapp\android\\gradle\wrapper\gradle-wrapper.jar
PATH=C:\MTS\project\reactnative\newthree\myapp\node_modules\.bin;C:\MTS\project\reactnative\newthree\myapp\node_modules\.bin;C:\MTS\project\reactnative\newthree\node_modules\.bin;C:\MTS\project\reactnative\node_modules\.bin;C:\MTS\project\node_modules\.bin;C:\MTS\node_modules\.bin;C:\node_modules\.bin;C:\Users\ROHIT\AppData\Roaming\npm\node_modules\npm\node_modules\@npmcli\run-script\lib\node-gyp-bin;C:\PROGRAM FILES\COMMON FILES\ORACLE\JAVA\JAVAPATH;C:\PROGRAM FILES\DELL\DW WLAN CARD;C:\PROGRAM FILES (X86)\INTEL\ICLS CLIENT\;C:\PROGRAM FILES\INTEL\ICLS CLIENT\;C:\Windows\SYSTEM32;C:\Windows;C:\Windows\SYSTEM32\WBEM;C:\Windows\SYSTEM32\WINDOWSPOWERSHELL\V1.0\;C:\Windows\SYSTEM32\OPENSSH\;C:\PROGRAM FILES (X86)\INTEL\INTEL(R) MANAGEMENT ENGINE COMPONENTS\DAL;C:\PROGRAM FILES\INTEL\INTEL(R) MANAGEMENT ENGINE COMPONENTS\DAL;C:\PROGRAM FILES (X86)\INTEL\INTEL(R) MANAGEMENT ENGINE COMPONENTS\IPT;C:\PROGRAM FILES\INTEL\INTEL(R) MANAGEMENT ENGINE COMPONENTS\IPT;C:\PROGRAM FILES\DOTNET\;C:\PROGRAM FILES\MYSQL\MYSQL SERVER 8.0\BIN;C:\PROGRAM FILES\JAVA\JDK-17;C:\PROGRAM FILES\JAVA\JDK-17;C:\Program Files\nodejs\;C:\ProgramData\chocolatey\bin;C:\Users\ROHIT\AppData\Local\Android\Sdk\platform-tools;C:\Program Files\MySQL\MySQL Shell 8.0\bin\;C:\Users\ROHIT\AppData\Local\Microsoft\WindowsApps;C:\Users\ROHIT\AppData\Local\Programs\Microsoft VS Code\bin;C:\Users\ROHIT\AppData\Roaming\npm;C:\Users\ROHIT\AppData\Local\Android\Sdk;C:\Users\ROHIT\AppData\Local\Android\Sdk\emulator;C:\Users\ROHIT\AppData\Local\Android\Sdk\platform-tools;C:\Users\ROHIT\AppData\Local\Android\Sdk\tools;C:\Users\ROHIT\AppData\Local\Android\Sdk\tools\bin;C:\Program Files\Java\jdk-17;
USERNAME=ROHIT
LANG=en_US.UTF-8
OS=Windows_NT
PROCESSOR_IDENTIFIER=Intel64 Family 6 Model 61 Stepping 4, GenuineIntel



---------------  S Y S T E M  ---------------

OS:
 Windows 10 , 64 bit Build 19041 (10.0.19041.3636)
OS uptime: 0 days 7:04 hours

CPU: total 4 (initial active 4) (2 cores per cpu, 2 threads per core) family 6 model 61 stepping 4 microcode 0x2f, cx8, cmov, fxsr, ht, mmx, 3dnowpref, sse, sse2, sse3, ssse3, sse4.1, sse4.2, popcnt, lzcnt, tsc, tscinvbit, avx, avx2, aes, erms, clmul, bmi1, bmi2, adx, fma, vzeroupper, clflush

Memory: 4k page, system-wide physical 4007M (75M free)
TotalPageFile size 16295M (AvailPageFile size 75M)
current process WorkingSet (physical memory assigned to process): 27M, peak: 94M
current process commit charge ("private bytes"): 171M, peak: 173M

vm_info: Java HotSpot(TM) 64-Bit Server VM (17+35-LTS-2724) for windows-amd64 JRE (17+35-LTS-2724), built on Aug  5 2021 23:28:28 by "mach5one" with MS VC++ 16.8 (VS2019)

END.
