#
# There is insufficient memory for the Java Runtime Environment to continue.
# Native memory allocation (mmap) failed to map 67108864 bytes for G1 virtual space
# Possible reasons:
#   The system is out of physical RAM or swap space
#   The process is running with CompressedOops enabled, and the Java Heap may be blocking the growth of the native heap
# Possible solutions:
#   Reduce memory load on the system
#   Increase physical memory or swap space
#   Check if swap backing store is full
#   Decrease Java heap size (-Xmx/-Xms)
#   Decrease number of Java threads
#   Decrease Java thread stack sizes (-Xss)
#   Set larger code cache with -XX:ReservedCodeCacheSize=
#   JVM is running with Unscaled Compressed Oops mode in which the Java heap is
#     placed in the first 4GB address space. The Java Heap base address is the
#     maximum limit for the native heap growth. Please use -XX:HeapBaseMinAddress
#     to set the Java Heap base and to place the Java Heap above 4GB virtual address.
# This output file may be truncated or incomplete.
#
#  Out of Memory Error (os_windows.cpp:3469), pid=11408, tid=10488
#
# JRE version:  (17.0+35) (build )
# Java VM: Java HotSpot(TM) 64-Bit Server VM (17+35-LTS-2724, mixed mode, sharing, tiered, compressed oops, compressed class ptrs, g1 gc, windows-amd64)
# No core dump will be written. Minidumps are not enabled by default on client versions of Windows
#

---------------  S U M M A R Y ------------

Command Line: 

Host: Intel(R) Core(TM) i3-5005U CPU @ 2.00GHz, 4 cores, 3G,  Windows 10 , 64 bit Build 19041 (10.0.19041.4597)
Time: Thu Jul 18 16:01:39 2024 India Standard Time elapsed time: 0.063198 seconds (0d 0h 0m 0s)

---------------  T H R E A D  ---------------

Current thread (0x000001e72397a0b0):  JavaThread "Unknown thread" [_thread_in_vm, id=10488, stack(0x0000003690b00000,0x0000003690c00000)]

Stack: [0x0000003690b00000,0x0000003690c00000]
Native frames: (J=compiled Java code, j=interpreted, Vv=VM code, C=native code)
V  [jvm.dll+0x66f8ea]
V  [jvm.dll+0x7ce224]
V  [jvm.dll+0x7cf9ce]
V  [jvm.dll+0x7d0033]
V  [jvm.dll+0x242bb5]
V  [jvm.dll+0x66c909]
V  [jvm.dll+0x6613d2]
V  [jvm.dll+0x30082b]
V  [jvm.dll+0x307db6]
V  [jvm.dll+0x357a0e]
V  [jvm.dll+0x357c3f]
V  [jvm.dll+0x2d7ae8]
V  [jvm.dll+0x2d8a54]
V  [jvm.dll+0x7a00a1]
V  [jvm.dll+0x365781]
V  [jvm.dll+0x77f59c]
V  [jvm.dll+0x3e805f]
V  [jvm.dll+0x3e9b01]
C  [jli.dll+0x527b]
C  [ucrtbase.dll+0x21bb2]
C  [KERNEL32.DLL+0x17374]
C  [ntdll.dll+0x4cc91]


---------------  P R O C E S S  ---------------

Threads class SMR info:
_java_thread_list=0x00007ff90a287818, length=0, elements={
}

Java Threads: ( => current thread )

Other Threads:
  0x000001e7239a5590 GCTaskThread "GC Thread#0" [stack: 0x0000003690c00000,0x0000003690d00000] [id=5112]
  0x000001e7239b0230 ConcurrentGCThread "G1 Main Marker" [stack: 0x0000003690d00000,0x0000003690e00000] [id=5832]
  0x000001e7239b13e0 ConcurrentGCThread "G1 Conc#0" [stack: 0x0000003690e00000,0x0000003690f00000] [id=9160]

[error occurred during error reporting (printing all threads), id 0xc0000005, EXCEPTION_ACCESS_VIOLATION (0xc0000005) at pc=0x00007ff909ad84c7]

VM state: not at safepoint (not fully initialized)

VM Mutex/Monitor currently owned by a thread:  ([mutex/lock_event])
[0x000001e723979bf0] Heap_lock - owner thread: 0x000001e72397a0b0

Heap address: 0x00000000c1600000, size: 1002 MB, Compressed Oops mode: 32-bit

CDS archive(s) mapped at: [0x0000000000000000-0x0000000000000000-0x0000000000000000), size 0, SharedBaseAddress: 0x0000000800000000, ArchiveRelocationMode: 0.
Narrow klass base: 0x0000000000000000, Narrow klass shift: 0, Narrow klass range: 0x0

GC Precious Log:
<Empty>

Heap:
 garbage-first heap   total 0K, used 0K [0x00000000c1600000, 0x0000000100000000)
  region size 1024K, 0 young (0K), 0 survivors (0K)

[error occurred during error reporting (printing heap information), id 0xc0000005, EXCEPTION_ACCESS_VIOLATION (0xc0000005) at pc=0x00007ff909eb8c59]

GC Heap History (0 events):
No events

Deoptimization events (0 events):
No events

Classes unloaded (0 events):
No events

Classes redefined (0 events):
No events

Internal exceptions (0 events):
No events

VM Operations (0 events):
No events

Events (1 events):
Event: 0.027 Loaded shared library C:\Program Files\Java\jdk-17\bin\java.dll


Dynamic libraries:
0x00007ff6b2e50000 - 0x00007ff6b2e60000 	C:\Program Files\Java\jdk-17\bin\java.exe
0x00007ff96f770000 - 0x00007ff96f968000 	C:\Windows\SYSTEM32\ntdll.dll
0x00007ff96f3d0000 - 0x00007ff96f491000 	C:\Windows\System32\KERNEL32.DLL
0x00007ff96d090000 - 0x00007ff96d386000 	C:\Windows\System32\KERNELBASE.dll
0x00007ff96d3c0000 - 0x00007ff96d4c0000 	C:\Windows\System32\ucrtbase.dll
0x00007ff959890000 - 0x00007ff9598a8000 	C:\Program Files\Java\jdk-17\bin\jli.dll
0x00007ff9598b0000 - 0x00007ff9598ca000 	C:\Program Files\Java\jdk-17\bin\VCRUNTIME140.dll
0x00007ff96df70000 - 0x00007ff96e020000 	C:\Windows\System32\ADVAPI32.dll
0x00007ff96d9c0000 - 0x00007ff96da5e000 	C:\Windows\System32\msvcrt.dll
0x00007ff96f4a0000 - 0x00007ff96f540000 	C:\Windows\System32\sechost.dll
0x00007ff96e240000 - 0x00007ff96e363000 	C:\Windows\System32\RPCRT4.dll
0x00007ff96d390000 - 0x00007ff96d3b7000 	C:\Windows\System32\bcrypt.dll
0x00007ff96d800000 - 0x00007ff96d99f000 	C:\Windows\System32\USER32.dll
0x00007ff96d770000 - 0x00007ff96d792000 	C:\Windows\System32\win32u.dll
0x00007ff95b4c0000 - 0x00007ff95b75a000 	C:\Windows\WinSxS\amd64_microsoft.windows.common-controls_6595b64144ccf1df_6.0.19041.4355_none_60b8b9eb71f62e16\COMCTL32.dll
0x00007ff96eae0000 - 0x00007ff96eb0b000 	C:\Windows\System32\GDI32.dll
0x00007ff96d600000 - 0x00007ff96d717000 	C:\Windows\System32\gdi32full.dll
0x00007ff96ce20000 - 0x00007ff96cebd000 	C:\Windows\System32\msvcp_win.dll
0x00007ff962d60000 - 0x00007ff962d6a000 	C:\Windows\SYSTEM32\VERSION.dll
0x00007ff96f380000 - 0x00007ff96f3af000 	C:\Windows\System32\IMM32.DLL
0x00007ff9663c0000 - 0x00007ff9663cc000 	C:\Program Files\Java\jdk-17\bin\vcruntime140_1.dll
0x00007ff950af0000 - 0x00007ff950b7d000 	C:\Program Files\Java\jdk-17\bin\msvcp140.dll
0x00007ff9097f0000 - 0x00007ff90a3ae000 	C:\Program Files\Java\jdk-17\bin\server\jvm.dll
0x00007ff96d9a0000 - 0x00007ff96d9a8000 	C:\Windows\System32\PSAPI.DLL
0x00007ff95b3d0000 - 0x00007ff95b3f7000 	C:\Windows\SYSTEM32\WINMM.dll
0x00007ff95d820000 - 0x00007ff95d829000 	C:\Windows\SYSTEM32\WSOCK32.dll
0x00007ff96ed80000 - 0x00007ff96edeb000 	C:\Windows\System32\WS2_32.dll
0x00007ff96abc0000 - 0x00007ff96abd2000 	C:\Windows\SYSTEM32\kernel.appcore.dll
0x00007ff964c10000 - 0x00007ff964c1a000 	C:\Program Files\Java\jdk-17\bin\jimage.dll
0x00007ff965460000 - 0x00007ff965644000 	C:\Windows\SYSTEM32\DBGHELP.DLL
0x00007ff964eb0000 - 0x00007ff964ee4000 	C:\Windows\SYSTEM32\dbgcore.DLL
0x00007ff96d570000 - 0x00007ff96d5f2000 	C:\Windows\System32\bcryptPrimitives.dll
0x00007ff950180000 - 0x00007ff9501a5000 	C:\Program Files\Java\jdk-17\bin\java.dll

dbghelp: loaded successfully - version: 4.0.5 - missing functions: none
symbol engine: initialized successfully - sym options: 0x614 - pdb path: .;C:\Program Files\Java\jdk-17\bin;C:\Windows\SYSTEM32;C:\Windows\WinSxS\amd64_microsoft.windows.common-controls_6595b64144ccf1df_6.0.19041.4355_none_60b8b9eb71f62e16;C:\Program Files\Java\jdk-17\bin\server

VM Arguments:
java_command: <unknown>
java_class_path (initial): <not set>
Launcher Type: SUN_STANDARD

[Global flags]
     intx CICompilerCount                          = 3                                         {product} {ergonomic}
     uint ConcGCThreads                            = 1                                         {product} {ergonomic}
     uint G1ConcRefinementThreads                  = 4                                         {product} {ergonomic}
   size_t G1HeapRegionSize                         = 1048576                                   {product} {ergonomic}
    uintx GCDrainStackTargetSize                   = 64                                        {product} {ergonomic}
   size_t InitialHeapSize                          = 67108864                                  {product} {ergonomic}
   size_t MarkStackSize                            = 4194304                                   {product} {ergonomic}
   size_t MaxHeapSize                              = 1050673152                                {product} {ergonomic}
   size_t MinHeapDeltaBytes                        = 1048576                                   {product} {ergonomic}
   size_t MinHeapSize                              = 8388608                                   {product} {ergonomic}
    uintx NonNMethodCodeHeapSize                   = 5832780                                {pd product} {ergonomic}
    uintx NonProfiledCodeHeapSize                  = 122912730                              {pd product} {ergonomic}
    uintx ProfiledCodeHeapSize                     = 122912730                              {pd product} {ergonomic}
    uintx ReservedCodeCacheSize                    = 251658240                              {pd product} {ergonomic}
     bool SegmentedCodeCache                       = true                                      {product} {ergonomic}
   size_t SoftMaxHeapSize                          = 1050673152                             {manageable} {ergonomic}
     bool UseCompressedClassPointers               = true                           {product lp64_product} {ergonomic}
     bool UseCompressedOops                        = true                           {product lp64_product} {ergonomic}
     bool UseG1GC                                  = true                                      {product} {ergonomic}
     bool UseLargePagesIndividualAllocation        = false                                  {pd product} {ergonomic}

Logging:
Log output configuration:
 #0: stdout all=warning uptime,level,tags
 #1: stderr all=off uptime,level,tags

Environment Variables:
PATH=C:\MTS\project\reactnative\newthree\myapp\node_modules\.bin;C:\MTS\project\reactnative\newthree\myapp\node_modules\.bin;C:\MTS\project\reactnative\newthree\node_modules\.bin;C:\MTS\project\reactnative\node_modules\.bin;C:\MTS\project\node_modules\.bin;C:\MTS\node_modules\.bin;C:\node_modules\.bin;C:\Users\ROHIT\AppData\Roaming\npm\node_modules\npm\node_modules\@npmcli\run-script\lib\node-gyp-bin;C:\MTS\project\reactnative\newthree\myapp\node_modules\.bin;C:\MTS\project\reactnative\newthree\myapp\node_modules\.bin;C:\MTS\project\reactnative\newthree\node_modules\.bin;C:\MTS\project\reactnative\node_modules\.bin;C:\MTS\project\node_modules\.bin;C:\MTS\node_modules\.bin;C:\node_modules\.bin;C:\Users\ROHIT\AppData\Roaming\npm\node_modules\npm\node_modules\@npmcli\run-script\lib\node-gyp-bin;C:\PROGRAM FILES\COMMON FILES\ORACLE\JAVA\JAVAPATH;C:\PROGRAM FILES\DELL\DW WLAN CARD;C:\PROGRAM FILES (X86)\INTEL\ICLS CLIENT\;C:\PROGRAM FILES\INTEL\ICLS CLIENT\;C:\Windows\SYSTEM32;C:\Windows;C:\Windows\SYSTEM32\WBEM;C:\Windows\SYSTEM32\WINDOWSPOWERSHELL\V1.0\;C:\Windows\SYSTEM32\OPENSSH\;C:\PROGRAM FILES (X86)\INTEL\INTEL(R) MANAGEMENT ENGINE COMPONENTS\DAL;C:\PROGRAM FILES\INTEL\INTEL(R) MANAGEMENT ENGINE COMPONENTS\DAL;C:\PROGRAM FILES (X86)\INTEL\INTEL(R) MANAGEMENT ENGINE COMPONENTS\IPT;C:\PROGRAM FILES\INTEL\INTEL(R) MANAGEMENT ENGINE COMPONENTS\IPT;C:\PROGRAM FILES\DOTNET\;C:\PROGRAM FILES\MYSQL\MYSQL SERVER 8.0\BIN;C:\PROGRAM FILES\JAVA\JDK-17;C:\PROGRAM FILES\JAVA\JDK-17;C:\Program Files\nodejs\;C:\ProgramData\chocolatey\bin;C:\Users\ROHIT\AppData\Local\Android\Sdk\platform-tools;C:\Program Files\MySQL\MySQL Shell 8.0\bin\;C:\Users\ROHIT\AppData\Local\Microsoft\WindowsApps;C:\Users\ROHIT\AppData\Local\Programs\Microsoft VS Code\bin;C:\Users\ROHIT\AppData\Roaming\npm;C:\Users\ROHIT\AppData\Local\Android\Sdk;C:\Users\ROHIT\AppData\Local\Android\Sdk\emulator;C:\Users\ROHIT\AppData\Local\Android\Sdk\platform-tools;C:\Users\ROHIT\AppData\Local\Android\Sdk\tools;C:\Users\ROHI
USERNAME=ROHIT
LANG=en_US.UTF-8
OS=Windows_NT
PROCESSOR_IDENTIFIER=Intel64 Family 6 Model 61 Stepping 4, GenuineIntel



---------------  S Y S T E M  ---------------

OS:
 Windows 10 , 64 bit Build 19041 (10.0.19041.4597)
OS uptime: 4 days 23:07 hours

CPU: total 4 (initial active 4) (2 cores per cpu, 2 threads per core) family 6 model 61 stepping 4 microcode 0x2f, cx8, cmov, fxsr, ht, mmx, 3dnowpref, sse, sse2, sse3, ssse3, sse4.1, sse4.2, popcnt, lzcnt, tsc, tscinvbit, avx, avx2, aes, erms, clmul, bmi1, bmi2, adx, fma, vzeroupper, clflush

Memory: 4k page, system-wide physical 4007M (226M free)
TotalPageFile size 16295M (AvailPageFile size 52M)
current process WorkingSet (physical memory assigned to process): 9M, peak: 9M
current process commit charge ("private bytes"): 51M, peak: 115M

vm_info: Java HotSpot(TM) 64-Bit Server VM (17+35-LTS-2724) for windows-amd64 JRE (17+35-LTS-2724), built on Aug  5 2021 23:28:28 by "mach5one" with MS VC++ 16.8 (VS2019)

END.
