#
# There is insufficient memory for the Java Runtime Environment to continue.
# Native memory allocation (mmap) failed to map 254803968 bytes for G1 virtual space
# Possible reasons:
#   The system is out of physical RAM or swap space
#   The process is running with CompressedOops enabled, and the Java Heap may be blocking the growth of the native heap
# Possible solutions:
#   Reduce memory load on the system
#   Increase physical memory or swap space
#   Check if swap backing store is full
#   Decrease Java heap size (-Xmx/-Xms)
#   Decrease number of Java threads
#   Decrease Java thread stack sizes (-Xss)
#   Set larger code cache with -XX:ReservedCodeCacheSize=
#   JVM is running with Unscaled Compressed Oops mode in which the Java heap is
#     placed in the first 4GB address space. The Java Heap base address is the
#     maximum limit for the native heap growth. Please use -XX:HeapBaseMinAddress
#     to set the Java Heap base and to place the Java Heap above 4GB virtual address.
# This output file may be truncated or incomplete.
#
#  Out of Memory Error (os_windows.cpp:3469), pid=13424, tid=20212
#
# JRE version: Java(TM) SE Runtime Environment (17.0+35) (build 17+35-LTS-2724)
# Java VM: Java HotSpot(TM) 64-Bit Server VM (17+35-LTS-2724, mixed mode, sharing, tiered, compressed oops, compressed class ptrs, g1 gc, windows-amd64)
# No core dump will be written. Minidumps are not enabled by default on client versions of Windows
#

---------------  S U M M A R Y ------------

Command Line: -XX:MaxMetaspaceSize=512m --add-opens=java.base/java.util=ALL-UNNAMED --add-opens=java.base/java.lang=ALL-UNNAMED --add-opens=java.base/java.lang.invoke=ALL-UNNAMED --add-opens=java.prefs/java.util.prefs=ALL-UNNAMED --add-opens=java.base/java.nio.charset=ALL-UNNAMED --add-opens=java.base/java.net=ALL-UNNAMED --add-opens=java.base/java.util.concurrent.atomic=ALL-UNNAMED -Xmx2048m -Dfile.encoding=windows-1252 -Duser.country=IN -Duser.language=en -Duser.variant -javaagent:C:\Users\ROHIT\.gradle\wrapper\dists\gradle-8.6-all\3mbtmo166bl6vumsh5k2lkq5h\gradle-8.6\lib\agents\gradle-instrumentation-agent-8.6.jar org.gradle.launcher.daemon.bootstrap.GradleDaemon 8.6

Host: Intel(R) Core(TM) i3-5005U CPU @ 2.00GHz, 4 cores, 3G,  Windows 10 , 64 bit Build 19041 (10.0.19041.3636)
Time: Thu Jun 27 12:22:10 2024 India Standard Time elapsed time: 132.136709 seconds (0d 0h 2m 12s)

---------------  T H R E A D  ---------------

Current thread (0x00000269fa813060):  VMThread "VM Thread" [stack: 0x000000d022800000,0x000000d022900000] [id=20212]

Stack: [0x000000d022800000,0x000000d022900000]
Native frames: (J=compiled Java code, j=interpreted, Vv=VM code, C=native code)
V  [jvm.dll+0x66f8ea]
V  [jvm.dll+0x7ce224]
V  [jvm.dll+0x7cf9ce]
V  [jvm.dll+0x7d0033]
V  [jvm.dll+0x242bb5]
V  [jvm.dll+0x66c909]
V  [jvm.dll+0x6613d2]
V  [jvm.dll+0x30082b]
V  [jvm.dll+0x307db6]
V  [jvm.dll+0x357a0e]
V  [jvm.dll+0x357c3f]
V  [jvm.dll+0x2d7ae8]
V  [jvm.dll+0x2d5db4]
V  [jvm.dll+0x2d53bc]
V  [jvm.dll+0x318d1b]
V  [jvm.dll+0x7d44cb]
V  [jvm.dll+0x7d5204]
V  [jvm.dll+0x7d571c]
V  [jvm.dll+0x7d5af4]
V  [jvm.dll+0x7d5bc0]
V  [jvm.dll+0x77e7ea]
V  [jvm.dll+0x66e715]
C  [ucrtbase.dll+0x21bb2]
C  [KERNEL32.DLL+0x17344]
C  [ntdll.dll+0x4cc91]

VM_Operation (0x000000d027ffb440): G1CollectForAllocation, mode: safepoint, requested by thread 0x0000026997db4520


---------------  P R O C E S S  ---------------

Threads class SMR info:
_java_thread_list=0x0000026997ed1380, length=85, elements={
0x00000269ebf8bcd0, 0x00000269fa818f70, 0x00000269fa819cf0, 0x00000269fa82c6a0,
0x00000269fa82f070, 0x00000269fa82f930, 0x00000269fa831200, 0x00000269fa8373e0,
0x00000269fa8601b0, 0x00000269fa864ec0, 0x00000269fa802dc0, 0x00000269fb55a6a0,
0x00000269fbe1bba0, 0x00000269fca8e330, 0x00000269fca6b020, 0x00000269fcbe4cc0,
0x00000269fd3b7a90, 0x00000269fca089c0, 0x00000269fd03f220, 0x00000269fd040090,
0x00000269fd03e3b0, 0x00000269fd03f6f0, 0x00000269fd03fbc0, 0x00000269fd040560,
0x00000269fd040a30, 0x00000269fd03d070, 0x00000269fd03d540, 0x00000269fd03da10,
0x00000269fd03dee0, 0x00000269fd5a7660, 0x00000269fd5a2e30, 0x00000269fd5a37d0,
0x00000269fd5a8000, 0x00000269fd5a5980, 0x00000269fd5a1af0, 0x00000269fd5a2960,
0x00000269fd5a7b30, 0x00000269fd5a5e50, 0x00000269fd5a6cc0, 0x00000269fd5a54b0,
0x00000269fd5a3300, 0x00000269fd0c53b0, 0x00000269fd5a6320, 0x00000269ff799f50,
0x00000269ff79b760, 0x00000269ff79adc0, 0x00000269ff79b290, 0x00000269fd0c4070,
0x00000269fd0c4a10, 0x00000269fce6c7f0, 0x00000269fce6ccc0, 0x00000269fce6be50,
0x00000269fce6b4b0, 0x0000026990df2fa0, 0x00000269ff79a8f0, 0x000002699114cb60,
0x000002699114d030, 0x00000269fdb6f250, 0x00000269fdb6da40, 0x0000026990df0450,
0x00000269fdb6fbf0, 0x00000269fdb700c0, 0x00000269fd5a7190, 0x00000269fd5a1620,
0x00000269fd5a1fc0, 0x00000269fd5a4640, 0x0000026990df1c60, 0x0000026990df2600,
0x0000026990df0920, 0x0000026990df3470, 0x000002699114bcf0, 0x0000026990df3940,
0x0000026990df3e10, 0x000002699114b820, 0x00000269fdb70590, 0x00000269fdb6e8b0,
0x0000026990df1790, 0x0000026990df2ad0, 0x0000026990df2130, 0x000002699114c1c0,
0x00000269fdb6e3e0, 0x00000269fdb6d0a0, 0x00000269fce6b980, 0x0000026997db4520,
0x0000026997db4050
}

Java Threads: ( => current thread )
  0x00000269ebf8bcd0 JavaThread "main" [_thread_blocked, id=16960, stack(0x000000d022200000,0x000000d022300000)]
  0x00000269fa818f70 JavaThread "Reference Handler" daemon [_thread_blocked, id=14224, stack(0x000000d022900000,0x000000d022a00000)]
  0x00000269fa819cf0 JavaThread "Finalizer" daemon [_thread_blocked, id=10832, stack(0x000000d022a00000,0x000000d022b00000)]
  0x00000269fa82c6a0 JavaThread "Signal Dispatcher" daemon [_thread_blocked, id=5236, stack(0x000000d022b00000,0x000000d022c00000)]
  0x00000269fa82f070 JavaThread "Attach Listener" daemon [_thread_blocked, id=4932, stack(0x000000d022c00000,0x000000d022d00000)]
  0x00000269fa82f930 JavaThread "Service Thread" daemon [_thread_blocked, id=13128, stack(0x000000d022d00000,0x000000d022e00000)]
  0x00000269fa831200 JavaThread "Monitor Deflation Thread" daemon [_thread_blocked, id=18540, stack(0x000000d022e00000,0x000000d022f00000)]
  0x00000269fa8373e0 JavaThread "C2 CompilerThread0" daemon [_thread_blocked, id=16704, stack(0x000000d022f00000,0x000000d023000000)]
  0x00000269fa8601b0 JavaThread "C1 CompilerThread0" daemon [_thread_blocked, id=18720, stack(0x000000d023000000,0x000000d023100000)]
  0x00000269fa864ec0 JavaThread "Sweeper thread" daemon [_thread_blocked, id=12164, stack(0x000000d023100000,0x000000d023200000)]
  0x00000269fa802dc0 JavaThread "Common-Cleaner" daemon [_thread_blocked, id=18248, stack(0x000000d023200000,0x000000d023300000)]
  0x00000269fb55a6a0 JavaThread "Notification Thread" daemon [_thread_blocked, id=11688, stack(0x000000d023300000,0x000000d023400000)]
  0x00000269fbe1bba0 JavaThread "Daemon health stats" [_thread_blocked, id=3132, stack(0x000000d023800000,0x000000d023900000)]
  0x00000269fca8e330 JavaThread "Incoming local TCP Connector on port 53863" [_thread_in_native, id=584, stack(0x000000d023900000,0x000000d023a00000)]
  0x00000269fca6b020 JavaThread "Daemon periodic checks" [_thread_blocked, id=11416, stack(0x000000d023a00000,0x000000d023b00000)]
  0x00000269fcbe4cc0 JavaThread "Daemon" [_thread_blocked, id=12828, stack(0x000000d023b00000,0x000000d023c00000)]
  0x00000269fd3b7a90 JavaThread "Handler for socket connection from /127.0.0.1:53863 to /127.0.0.1:53864" [_thread_in_native, id=3888, stack(0x000000d023c00000,0x000000d023d00000)]
  0x00000269fca089c0 JavaThread "Cancel handler" [_thread_blocked, id=8268, stack(0x000000d023d00000,0x000000d023e00000)]
  0x00000269fd03f220 JavaThread "Daemon worker" [_thread_blocked, id=15672, stack(0x000000d023e00000,0x000000d023f00000)]
  0x00000269fd040090 JavaThread "Asynchronous log dispatcher for DefaultDaemonConnection: socket connection from /127.0.0.1:53863 to /127.0.0.1:53864" [_thread_blocked, id=13484, stack(0x000000d023f00000,0x000000d024000000)]
  0x00000269fd03e3b0 JavaThread "Stdin handler" [_thread_blocked, id=14372, stack(0x000000d024000000,0x000000d024100000)]
  0x00000269fd03f6f0 JavaThread "Daemon client event forwarder" [_thread_blocked, id=11992, stack(0x000000d024100000,0x000000d024200000)]
  0x00000269fd03fbc0 JavaThread "Cache worker for journal cache (C:\Users\ROHIT\.gradle\caches\journal-1)" [_thread_blocked, id=9784, stack(0x000000d024200000,0x000000d024300000)]
  0x00000269fd040560 JavaThread "File lock request listener" [_thread_in_native, id=16940, stack(0x000000d024300000,0x000000d024400000)]
  0x00000269fd040a30 JavaThread "Cache worker for file hash cache (C:\Users\ROHIT\.gradle\caches\8.6\fileHashes)" [_thread_blocked, id=16404, stack(0x000000d024400000,0x000000d024500000)]
  0x00000269fd03d070 JavaThread "File watcher server" daemon [_thread_blocked, id=17876, stack(0x000000d024500000,0x000000d024600000)]
  0x00000269fd03d540 JavaThread "File watcher consumer" daemon [_thread_blocked, id=18260, stack(0x000000d024600000,0x000000d024700000)]
  0x00000269fd03da10 JavaThread "Cache worker for checksums cache (C:\MTS\project\reactnative\newthree\myapp\android\.gradle\8.6\checksums)" [_thread_blocked, id=10748, stack(0x000000d024700000,0x000000d024800000)]
  0x00000269fd03dee0 JavaThread "Cache worker for file hash cache (C:\MTS\project\reactnative\newthree\myapp\android\.gradle\8.6\fileHashes)" [_thread_blocked, id=18416, stack(0x000000d024800000,0x000000d024900000)]
  0x00000269fd5a7660 JavaThread "Cache worker for cache directory md-supplier (C:\Users\ROHIT\.gradle\caches\8.6\md-supplier)" [_thread_blocked, id=960, stack(0x000000d024900000,0x000000d024a00000)]
  0x00000269fd5a2e30 JavaThread "Cache worker for cache directory md-rule (C:\Users\ROHIT\.gradle\caches\8.6\md-rule)" [_thread_blocked, id=11492, stack(0x000000d024a00000,0x000000d024b00000)]
  0x00000269fd5a37d0 JavaThread "Cache worker for file content cache (C:\Users\ROHIT\.gradle\caches\8.6\fileContent)" [_thread_blocked, id=4508, stack(0x000000d024b00000,0x000000d024c00000)]
  0x00000269fd5a8000 JavaThread "jar transforms" [_thread_blocked, id=12068, stack(0x000000d024c00000,0x000000d024d00000)]
  0x00000269fd5a5980 JavaThread "jar transforms Thread 2" [_thread_blocked, id=16172, stack(0x000000d024d00000,0x000000d024e00000)]
  0x00000269fd5a1af0 JavaThread "jar transforms Thread 3" [_thread_blocked, id=18532, stack(0x000000d024e00000,0x000000d024f00000)]
  0x00000269fd5a2960 JavaThread "jar transforms Thread 4" [_thread_blocked, id=9704, stack(0x000000d024f00000,0x000000d025000000)]
  0x00000269fd5a7b30 JavaThread "Exec process" [_thread_blocked, id=16256, stack(0x000000d025000000,0x000000d025100000)]
  0x00000269fd5a5e50 JavaThread "Exec process Thread 2" [_thread_blocked, id=18632, stack(0x000000d025100000,0x000000d025200000)]
  0x00000269fd5a6cc0 JavaThread "Exec process Thread 3" [_thread_blocked, id=13428, stack(0x000000d025200000,0x000000d025300000)]
  0x00000269fd5a54b0 JavaThread "Unconstrained build operations" [_thread_blocked, id=11712, stack(0x000000d022100000,0x000000d022200000)]
  0x00000269fd5a3300 JavaThread "Unconstrained build operations Thread 2" [_thread_blocked, id=12612, stack(0x000000d025500000,0x000000d025600000)]
  0x00000269fd0c53b0 JavaThread "Cache worker for Build Output Cleanup Cache (C:\MTS\project\reactnative\newthree\myapp\node_modules\@react-native\gradle-plugin\.gradle\buildOutputCleanup)" [_thread_blocked, id=18380, stack(0x000000d025600000,0x000000d025700000)]
  0x00000269fd5a6320 JavaThread "Unconstrained build operations Thread 3" [_thread_blocked, id=19812, stack(0x000000d025700000,0x000000d025800000)]
  0x00000269ff799f50 JavaThread "Unconstrained build operations Thread 4" [_thread_blocked, id=1724, stack(0x000000d025800000,0x000000d025900000)]
  0x00000269ff79b760 JavaThread "Unconstrained build operations Thread 5" [_thread_blocked, id=7360, stack(0x000000d025900000,0x000000d025a00000)]
  0x00000269ff79adc0 JavaThread "build event listener" [_thread_blocked, id=16836, stack(0x000000d025a00000,0x000000d025b00000)]
  0x00000269ff79b290 JavaThread "Memory manager" [_thread_blocked, id=11076, stack(0x000000d025b00000,0x000000d025c00000)]
  0x00000269fd0c4070 JavaThread "Cache worker for Build Output Cleanup Cache (C:\MTS\project\reactnative\newthree\myapp\android\.gradle\buildOutputCleanup)" [_thread_blocked, id=10580, stack(0x000000d025c00000,0x000000d025d00000)]
  0x00000269fd0c4a10 JavaThread "ForkJoinPool.commonPool-worker-1" daemon [_thread_blocked, id=9960, stack(0x000000d025d00000,0x000000d025e00000)]
  0x00000269fce6c7f0 JavaThread "ForkJoinPool.commonPool-worker-2" daemon [_thread_blocked, id=19748, stack(0x000000d025e00000,0x000000d025f00000)]
  0x00000269fce6ccc0 JavaThread "Execution worker" [_thread_blocked, id=7344, stack(0x000000d026100000,0x000000d026200000)]
  0x00000269fce6be50 JavaThread "Execution worker Thread 2" [_thread_blocked, id=12428, stack(0x000000d026200000,0x000000d026300000)]
  0x00000269fce6b4b0 JavaThread "Execution worker Thread 3" [_thread_blocked, id=12220, stack(0x000000d026300000,0x000000d026400000)]
  0x0000026990df2fa0 JavaThread "Cache worker for execution history cache (C:\MTS\project\reactnative\newthree\myapp\node_modules\@react-native\gradle-plugin\.gradle\8.6\executionHistory)" [_thread_blocked, id=2708, stack(0x000000d026400000,0x000000d026500000)]
  0x00000269ff79a8f0 JavaThread "Unconstrained build operations Thread 6" [_thread_blocked, id=14688, stack(0x000000d026500000,0x000000d026600000)]
  0x000002699114cb60 JavaThread "Unconstrained build operations Thread 7" [_thread_blocked, id=12092, stack(0x000000d026600000,0x000000d026700000)]
  0x000002699114d030 JavaThread "Unconstrained build operations Thread 8" [_thread_blocked, id=3092, stack(0x000000d026700000,0x000000d026800000)]
  0x00000269fdb6f250 JavaThread "Unconstrained build operations Thread 9" [_thread_blocked, id=14708, stack(0x000000d026800000,0x000000d026900000)]
  0x00000269fdb6da40 JavaThread "Unconstrained build operations Thread 10" [_thread_blocked, id=17104, stack(0x000000d026900000,0x000000d026a00000)]
  0x0000026990df0450 JavaThread "Unconstrained build operations Thread 11" [_thread_blocked, id=1672, stack(0x000000d026a00000,0x000000d026b00000)]
  0x00000269fdb6fbf0 JavaThread "Unconstrained build operations Thread 12" [_thread_blocked, id=6800, stack(0x000000d026b00000,0x000000d026c00000)]
  0x00000269fdb700c0 JavaThread "Unconstrained build operations Thread 13" [_thread_blocked, id=17980, stack(0x000000d026c00000,0x000000d026d00000)]
  0x00000269fd5a7190 JavaThread "Unconstrained build operations Thread 14" [_thread_blocked, id=17560, stack(0x000000d021f00000,0x000000d022000000)]
  0x00000269fd5a1620 JavaThread "Unconstrained build operations Thread 15" [_thread_blocked, id=13620, stack(0x000000d022000000,0x000000d022100000)]
  0x00000269fd5a1fc0 JavaThread "Unconstrained build operations Thread 16" [_thread_blocked, id=15100, stack(0x000000d026d00000,0x000000d026e00000)]
  0x00000269fd5a4640 JavaThread "build event listener" [_thread_blocked, id=11668, stack(0x000000d026e00000,0x000000d026f00000)]
  0x0000026990df1c60 JavaThread "Unconstrained build operations Thread 17" [_thread_blocked, id=9512, stack(0x000000d026f00000,0x000000d027000000)]
  0x0000026990df2600 JavaThread "Unconstrained build operations Thread 18" [_thread_blocked, id=18752, stack(0x000000d027000000,0x000000d027100000)]
  0x0000026990df0920 JavaThread "Unconstrained build operations Thread 19" [_thread_blocked, id=5032, stack(0x000000d027100000,0x000000d027200000)]
  0x0000026990df3470 JavaThread "Unconstrained build operations Thread 20" [_thread_blocked, id=6096, stack(0x000000d027300000,0x000000d027400000)]
  0x000002699114bcf0 JavaThread "Unconstrained build operations Thread 21" [_thread_blocked, id=17296, stack(0x000000d027400000,0x000000d027500000)]
  0x0000026990df3940 JavaThread "Unconstrained build operations Thread 22" [_thread_blocked, id=4368, stack(0x000000d027500000,0x000000d027600000)]
  0x0000026990df3e10 JavaThread "Unconstrained build operations Thread 23" [_thread_blocked, id=10456, stack(0x000000d027600000,0x000000d027700000)]
  0x000002699114b820 JavaThread "Unconstrained build operations Thread 24" [_thread_blocked, id=8284, stack(0x000000d027700000,0x000000d027800000)]
  0x00000269fdb70590 JavaThread "Unconstrained build operations Thread 25" [_thread_blocked, id=10616, stack(0x000000d027800000,0x000000d027900000)]
  0x00000269fdb6e8b0 JavaThread "Unconstrained build operations Thread 26" [_thread_blocked, id=1856, stack(0x000000d027900000,0x000000d027a00000)]
  0x0000026990df1790 JavaThread "Unconstrained build operations Thread 27" [_thread_blocked, id=8336, stack(0x000000d025f00000,0x000000d026000000)]
  0x0000026990df2ad0 JavaThread "Unconstrained build operations Thread 28" [_thread_blocked, id=11864, stack(0x000000d027a00000,0x000000d027b00000)]
  0x0000026990df2130 JavaThread "Unconstrained build operations Thread 29" [_thread_blocked, id=12056, stack(0x000000d027b00000,0x000000d027c00000)]
  0x000002699114c1c0 JavaThread "ForkJoinPool.commonPool-worker-4" daemon [_thread_blocked, id=19380, stack(0x000000d027c00000,0x000000d027d00000)]
  0x00000269fdb6e3e0 JavaThread "Unconstrained build operations Thread 30" [_thread_blocked, id=11800, stack(0x000000d026000000,0x000000d026100000)]
  0x00000269fdb6d0a0 JavaThread "Unconstrained build operations Thread 31" [_thread_blocked, id=16884, stack(0x000000d027d00000,0x000000d027e00000)]
  0x00000269fce6b980 JavaThread "Unconstrained build operations Thread 32" [_thread_blocked, id=14228, stack(0x000000d027e00000,0x000000d027f00000)]
  0x0000026997db4520 JavaThread "Unconstrained build operations Thread 33" [_thread_blocked, id=8432, stack(0x000000d027f00000,0x000000d028000000)]
  0x0000026997db4050 JavaThread "Unconstrained build operations Thread 34" [_thread_blocked, id=16028, stack(0x000000d028000000,0x000000d028100000)]

Other Threads:
=>0x00000269fa813060 VMThread "VM Thread" [stack: 0x000000d022800000,0x000000d022900000] [id=20212]
  0x00000269ebfeca70 WatcherThread [stack: 0x000000d023400000,0x000000d023500000] [id=11764]
  0x00000269ebfc9dc0 GCTaskThread "GC Thread#0" [stack: 0x000000d022300000,0x000000d022400000] [id=19348]
  0x00000269fb60b5f0 GCTaskThread "GC Thread#1" [stack: 0x000000d023500000,0x000000d023600000] [id=13652]
  0x00000269fb7d5e50 GCTaskThread "GC Thread#2" [stack: 0x000000d023600000,0x000000d023700000] [id=20256]
  0x00000269fb689c50 GCTaskThread "GC Thread#3" [stack: 0x000000d023700000,0x000000d023800000] [id=8692]
  0x00000269ebfdac10 ConcurrentGCThread "G1 Main Marker" [stack: 0x000000d022400000,0x000000d022500000] [id=19820]
  0x00000269ebfdbcd0 ConcurrentGCThread "G1 Conc#0" [stack: 0x000000d022500000,0x000000d022600000] [id=20324]
  0x00000269fa6d0090 ConcurrentGCThread "G1 Refine#0" [stack: 0x000000d022600000,0x000000d022700000] [id=19804]
  0x00000269fa6d09c0 ConcurrentGCThread "G1 Service" [stack: 0x000000d022700000,0x000000d022800000] [id=7252]

Threads with active compile tasks:
C2 CompilerThread0   132328 17224       4       java.lang.String::split (327 bytes)

VM state: at safepoint (normal execution)

VM Mutex/Monitor currently owned by a thread:  ([mutex/lock_event])
[0x00000269ebf878e0] Threads_lock - owner thread: 0x00000269fa813060
[0x00000269ebf892c0] Heap_lock - owner thread: 0x0000026997db4520

Heap address: 0x0000000080000000, size: 2048 MB, Compressed Oops mode: 32-bit

CDS archive(s) mapped at: [0x0000000800000000-0x0000000800bc0000-0x0000000800bc0000), size 12320768, SharedBaseAddress: 0x0000000800000000, ArchiveRelocationMode: 0.
Compressed class space mapped at: 0x0000000800c00000-0x000000081a800000, reserved size: 432013312
Narrow klass base: 0x0000000800000000, Narrow klass shift: 0, Narrow klass range: 0x100000000

GC Precious Log:
 CPUs: 4 total, 4 available
 Memory: 4007M
 Large Page Support: Disabled
 NUMA Support: Disabled
 Compressed Oops: Enabled (32-bit)
 Heap Region Size: 1M
 Heap Min Capacity: 8M
 Heap Initial Capacity: 64M
 Heap Max Capacity: 2G
 Pre-touch: Disabled
 Parallel Workers: 4
 Concurrent Workers: 1
 Concurrent Refinement Workers: 4
 Periodic GC: Disabled

Heap:
 garbage-first heap   total 248832K, used 181600K [0x0000000080000000, 0x0000000100000000)
  region size 1024K, 5 young (5120K), 5 survivors (5120K)
 Metaspace       used 118345K, committed 119488K, reserved 528384K
  class space    used 16303K, committed 16832K, reserved 421888K

Heap Regions: E=young(eden), S=young(survivor), O=old, HS=humongous(starts), HC=humongous(continues), CS=collection set, F=free, OA=open archive, CA=closed archive, TAMS=top-at-mark-start (previous, next)
|   0|0x0000000080000000, 0x0000000080100000, 0x0000000080100000|100%| O|  |TAMS 0x0000000080100000, 0x0000000080000000| Untracked 
|   1|0x0000000080100000, 0x0000000080200000, 0x0000000080200000|100%| O|  |TAMS 0x0000000080200000, 0x0000000080100000| Untracked 
|   2|0x0000000080200000, 0x0000000080300000, 0x0000000080300000|100%|HS|  |TAMS 0x0000000080300000, 0x0000000080200000| Complete 
|   3|0x0000000080300000, 0x0000000080400000, 0x0000000080400000|100%|HC|  |TAMS 0x0000000080400000, 0x0000000080300000| Complete 
|   4|0x0000000080400000, 0x0000000080500000, 0x0000000080500000|100%|HC|  |TAMS 0x0000000080500000, 0x0000000080400000| Complete 
|   5|0x0000000080500000, 0x0000000080600000, 0x0000000080600000|100%|HC|  |TAMS 0x0000000080600000, 0x0000000080500000| Complete 
|   6|0x0000000080600000, 0x0000000080700000, 0x0000000080700000|100%| O|  |TAMS 0x0000000080700000, 0x0000000080600000| Untracked 
|   7|0x0000000080700000, 0x0000000080800000, 0x0000000080800000|100%| O|  |TAMS 0x0000000080800000, 0x0000000080700000| Untracked 
|   8|0x0000000080800000, 0x0000000080900000, 0x0000000080900000|100%| O|  |TAMS 0x0000000080900000, 0x0000000080800000| Untracked 
|   9|0x0000000080900000, 0x0000000080a00000, 0x0000000080a00000|100%| O|  |TAMS 0x0000000080a00000, 0x0000000080900000| Untracked 
|  10|0x0000000080a00000, 0x0000000080b00000, 0x0000000080b00000|100%| O|  |TAMS 0x0000000080b00000, 0x0000000080a00000| Untracked 
|  11|0x0000000080b00000, 0x0000000080c00000, 0x0000000080c00000|100%| O|  |TAMS 0x0000000080c00000, 0x0000000080b00000| Untracked 
|  12|0x0000000080c00000, 0x0000000080d00000, 0x0000000080d00000|100%| O|  |TAMS 0x0000000080d00000, 0x0000000080c00000| Untracked 
|  13|0x0000000080d00000, 0x0000000080e00000, 0x0000000080e00000|100%| O|  |TAMS 0x0000000080e00000, 0x0000000080d00000| Untracked 
|  14|0x0000000080e00000, 0x0000000080f00000, 0x0000000080f00000|100%| O|  |TAMS 0x0000000080f00000, 0x0000000080e00000| Untracked 
|  15|0x0000000080f00000, 0x0000000081000000, 0x0000000081000000|100%| O|  |TAMS 0x0000000081000000, 0x0000000080f00000| Untracked 
|  16|0x0000000081000000, 0x0000000081100000, 0x0000000081100000|100%| O|  |TAMS 0x0000000081100000, 0x0000000081000000| Untracked 
|  17|0x0000000081100000, 0x0000000081200000, 0x0000000081200000|100%| O|  |TAMS 0x0000000081200000, 0x0000000081100000| Untracked 
|  18|0x0000000081200000, 0x0000000081300000, 0x0000000081300000|100%| O|  |TAMS 0x0000000081300000, 0x0000000081200000| Untracked 
|  19|0x0000000081300000, 0x0000000081400000, 0x0000000081400000|100%| O|  |TAMS 0x0000000081400000, 0x0000000081300000| Untracked 
|  20|0x0000000081400000, 0x0000000081500000, 0x0000000081500000|100%| O|  |TAMS 0x0000000081500000, 0x0000000081400000| Untracked 
|  21|0x0000000081500000, 0x0000000081600000, 0x0000000081600000|100%| O|  |TAMS 0x0000000081600000, 0x0000000081500000| Untracked 
|  22|0x0000000081600000, 0x0000000081700000, 0x0000000081700000|100%| O|  |TAMS 0x0000000081700000, 0x0000000081600000| Untracked 
|  23|0x0000000081700000, 0x0000000081800000, 0x0000000081800000|100%| O|  |TAMS 0x0000000081800000, 0x0000000081700000| Untracked 
|  24|0x0000000081800000, 0x0000000081900000, 0x0000000081900000|100%| O|  |TAMS 0x0000000081900000, 0x0000000081800000| Untracked 
|  25|0x0000000081900000, 0x0000000081a00000, 0x0000000081a00000|100%| O|  |TAMS 0x0000000081a00000, 0x0000000081900000| Untracked 
|  26|0x0000000081a00000, 0x0000000081b00000, 0x0000000081b00000|100%| O|  |TAMS 0x0000000081b00000, 0x0000000081a00000| Untracked 
|  27|0x0000000081b00000, 0x0000000081c00000, 0x0000000081c00000|100%| O|  |TAMS 0x0000000081c00000, 0x0000000081b00000| Untracked 
|  28|0x0000000081c00000, 0x0000000081d00000, 0x0000000081d00000|100%| O|  |TAMS 0x0000000081d00000, 0x0000000081c00000| Untracked 
|  29|0x0000000081d00000, 0x0000000081e00000, 0x0000000081e00000|100%| O|  |TAMS 0x0000000081e00000, 0x0000000081d00000| Untracked 
|  30|0x0000000081e00000, 0x0000000081f00000, 0x0000000081f00000|100%| O|  |TAMS 0x0000000081f00000, 0x0000000081e00000| Untracked 
|  31|0x0000000081f00000, 0x0000000082000000, 0x0000000082000000|100%|HS|  |TAMS 0x0000000082000000, 0x0000000081f00000| Complete 
|  32|0x0000000082000000, 0x0000000082100000, 0x0000000082100000|100%| O|  |TAMS 0x0000000082100000, 0x0000000082000000| Untracked 
|  33|0x0000000082100000, 0x0000000082200000, 0x0000000082200000|100%| O|  |TAMS 0x0000000082200000, 0x0000000082100000| Untracked 
|  34|0x0000000082200000, 0x0000000082300000, 0x0000000082300000|100%| O|  |TAMS 0x0000000082200000, 0x0000000082200000| Untracked 
|  35|0x0000000082300000, 0x0000000082400000, 0x0000000082400000|100%| O|  |TAMS 0x0000000082400000, 0x0000000082300000| Untracked 
|  36|0x0000000082400000, 0x0000000082500000, 0x0000000082500000|100%| O|  |TAMS 0x0000000082500000, 0x0000000082400000| Untracked 
|  37|0x0000000082500000, 0x0000000082600000, 0x0000000082600000|100%| O|  |TAMS 0x0000000082600000, 0x0000000082500000| Untracked 
|  38|0x0000000082600000, 0x0000000082700000, 0x0000000082700000|100%| O|  |TAMS 0x0000000082700000, 0x0000000082600000| Untracked 
|  39|0x0000000082700000, 0x0000000082800000, 0x0000000082800000|100%|HS|  |TAMS 0x0000000082700000, 0x0000000082700000| Complete 
|  40|0x0000000082800000, 0x0000000082900000, 0x0000000082900000|100%| O|  |TAMS 0x0000000082900000, 0x0000000082800000| Untracked 
|  41|0x0000000082900000, 0x0000000082a00000, 0x0000000082a00000|100%| O|  |TAMS 0x0000000082a00000, 0x0000000082900000| Untracked 
|  42|0x0000000082a00000, 0x0000000082b00000, 0x0000000082b00000|100%|HS|  |TAMS 0x0000000082b00000, 0x0000000082a00000| Complete 
|  43|0x0000000082b00000, 0x0000000082c00000, 0x0000000082c00000|100%|HC|  |TAMS 0x0000000082c00000, 0x0000000082b00000| Complete 
|  44|0x0000000082c00000, 0x0000000082d00000, 0x0000000082d00000|100%|HS|  |TAMS 0x0000000082d00000, 0x0000000082c00000| Complete 
|  45|0x0000000082d00000, 0x0000000082e00000, 0x0000000082e00000|100%|HC|  |TAMS 0x0000000082e00000, 0x0000000082d00000| Complete 
|  46|0x0000000082e00000, 0x0000000082f00000, 0x0000000082f00000|100%|HS|  |TAMS 0x0000000082f00000, 0x0000000082e00000| Complete 
|  47|0x0000000082f00000, 0x0000000083000000, 0x0000000083000000|100%|HC|  |TAMS 0x0000000083000000, 0x0000000082f00000| Complete 
|  48|0x0000000083000000, 0x0000000083100000, 0x0000000083100000|100%|HC|  |TAMS 0x0000000083100000, 0x0000000083000000| Complete 
|  49|0x0000000083100000, 0x0000000083200000, 0x0000000083200000|100%|HC|  |TAMS 0x0000000083200000, 0x0000000083100000| Complete 
|  50|0x0000000083200000, 0x0000000083300000, 0x0000000083300000|100%|HS|  |TAMS 0x0000000083300000, 0x0000000083200000| Complete 
|  51|0x0000000083300000, 0x0000000083400000, 0x0000000083400000|100%|HC|  |TAMS 0x0000000083400000, 0x0000000083300000| Complete 
|  52|0x0000000083400000, 0x0000000083500000, 0x0000000083500000|100%|HC|  |TAMS 0x0000000083500000, 0x0000000083400000| Complete 
|  53|0x0000000083500000, 0x0000000083600000, 0x0000000083600000|100%|HC|  |TAMS 0x0000000083600000, 0x0000000083500000| Complete 
|  54|0x0000000083600000, 0x0000000083700000, 0x0000000083700000|100%| O|  |TAMS 0x0000000083700000, 0x0000000083600000| Untracked 
|  55|0x0000000083700000, 0x0000000083800000, 0x0000000083800000|100%| O|  |TAMS 0x0000000083800000, 0x0000000083700000| Untracked 
|  56|0x0000000083800000, 0x0000000083900000, 0x0000000083900000|100%| O|  |TAMS 0x0000000083900000, 0x0000000083800000| Untracked 
|  57|0x0000000083900000, 0x0000000083a00000, 0x0000000083a00000|100%| O|  |TAMS 0x0000000083a00000, 0x0000000083900000| Untracked 
|  58|0x0000000083a00000, 0x0000000083b00000, 0x0000000083b00000|100%| O|  |TAMS 0x0000000083b00000, 0x0000000083a00000| Untracked 
|  59|0x0000000083b00000, 0x0000000083c00000, 0x0000000083c00000|100%| O|  |TAMS 0x0000000083c00000, 0x0000000083b00000| Untracked 
|  60|0x0000000083c00000, 0x0000000083d00000, 0x0000000083d00000|100%| O|  |TAMS 0x0000000083d00000, 0x0000000083c00000| Untracked 
|  61|0x0000000083d00000, 0x0000000083e00000, 0x0000000083e00000|100%| O|  |TAMS 0x0000000083e00000, 0x0000000083d00000| Untracked 
|  62|0x0000000083e00000, 0x0000000083f00000, 0x0000000083f00000|100%| O|  |TAMS 0x0000000083e00000, 0x0000000083e00000| Untracked 
|  63|0x0000000083f00000, 0x0000000084000000, 0x0000000084000000|100%| O|  |TAMS 0x0000000084000000, 0x0000000083f00000| Untracked 
|  64|0x0000000084000000, 0x0000000084100000, 0x0000000084100000|100%| O|  |TAMS 0x0000000084100000, 0x0000000084000000| Untracked 
|  65|0x0000000084100000, 0x0000000084200000, 0x0000000084200000|100%| O|  |TAMS 0x0000000084200000, 0x0000000084100000| Untracked 
|  66|0x0000000084200000, 0x0000000084300000, 0x0000000084300000|100%| O|  |TAMS 0x0000000084300000, 0x0000000084200000| Untracked 
|  67|0x0000000084300000, 0x0000000084400000, 0x0000000084400000|100%| O|  |TAMS 0x0000000084400000, 0x0000000084300000| Untracked 
|  68|0x0000000084400000, 0x0000000084500000, 0x0000000084500000|100%| O|  |TAMS 0x0000000084500000, 0x0000000084400000| Untracked 
|  69|0x0000000084500000, 0x0000000084600000, 0x0000000084600000|100%|HS|  |TAMS 0x0000000084600000, 0x0000000084500000| Complete 
|  70|0x0000000084600000, 0x0000000084700000, 0x0000000084700000|100%|HS|  |TAMS 0x0000000084700000, 0x0000000084600000| Complete 
|  71|0x0000000084700000, 0x0000000084800000, 0x0000000084800000|100%| O|  |TAMS 0x0000000084800000, 0x0000000084700000| Untracked 
|  72|0x0000000084800000, 0x0000000084900000, 0x0000000084900000|100%|HS|  |TAMS 0x0000000084900000, 0x0000000084800000| Complete 
|  73|0x0000000084900000, 0x0000000084a00000, 0x0000000084a00000|100%|HS|  |TAMS 0x0000000084a00000, 0x0000000084900000| Complete 
|  74|0x0000000084a00000, 0x0000000084b00000, 0x0000000084b00000|100%| O|  |TAMS 0x0000000084b00000, 0x0000000084a00000| Untracked 
|  75|0x0000000084b00000, 0x0000000084c00000, 0x0000000084c00000|100%| O|  |TAMS 0x0000000084c00000, 0x0000000084b00000| Untracked 
|  76|0x0000000084c00000, 0x0000000084d00000, 0x0000000084d00000|100%| O|  |TAMS 0x0000000084d00000, 0x0000000084c00000| Untracked 
|  77|0x0000000084d00000, 0x0000000084e00000, 0x0000000084e00000|100%| O|  |TAMS 0x0000000084e00000, 0x0000000084d00000| Untracked 
|  78|0x0000000084e00000, 0x0000000084f00000, 0x0000000084f00000|100%| O|  |TAMS 0x0000000084f00000, 0x0000000084e00000| Untracked 
|  79|0x0000000084f00000, 0x0000000085000000, 0x0000000085000000|100%| O|  |TAMS 0x0000000085000000, 0x0000000084f00000| Untracked 
|  80|0x0000000085000000, 0x0000000085100000, 0x0000000085100000|100%| O|  |TAMS 0x0000000085100000, 0x0000000085000000| Untracked 
|  81|0x0000000085100000, 0x0000000085200000, 0x0000000085200000|100%| O|  |TAMS 0x0000000085200000, 0x0000000085100000| Untracked 
|  82|0x0000000085200000, 0x0000000085300000, 0x0000000085300000|100%| O|  |TAMS 0x0000000085300000, 0x0000000085200000| Untracked 
|  83|0x0000000085300000, 0x0000000085400000, 0x0000000085400000|100%| O|  |TAMS 0x0000000085400000, 0x0000000085300000| Untracked 
|  84|0x0000000085400000, 0x0000000085500000, 0x0000000085500000|100%| O|  |TAMS 0x0000000085500000, 0x0000000085400000| Untracked 
|  85|0x0000000085500000, 0x0000000085600000, 0x0000000085600000|100%| O|  |TAMS 0x0000000085600000, 0x0000000085500000| Untracked 
|  86|0x0000000085600000, 0x0000000085700000, 0x0000000085700000|100%| O|  |TAMS 0x0000000085600000, 0x0000000085600000| Untracked 
|  87|0x0000000085700000, 0x0000000085800000, 0x0000000085800000|100%| O|  |TAMS 0x0000000085800000, 0x0000000085700000| Untracked 
|  88|0x0000000085800000, 0x0000000085900000, 0x0000000085900000|100%| O|  |TAMS 0x0000000085900000, 0x0000000085800000| Untracked 
|  89|0x0000000085900000, 0x0000000085a00000, 0x0000000085a00000|100%| O|  |TAMS 0x0000000085a00000, 0x0000000085900000| Untracked 
|  90|0x0000000085a00000, 0x0000000085b00000, 0x0000000085b00000|100%| O|  |TAMS 0x0000000085b00000, 0x0000000085a00000| Untracked 
|  91|0x0000000085b00000, 0x0000000085c00000, 0x0000000085c00000|100%| O|  |TAMS 0x0000000085c00000, 0x0000000085b00000| Untracked 
|  92|0x0000000085c00000, 0x0000000085d00000, 0x0000000085d00000|100%| O|  |TAMS 0x0000000085c1d200, 0x0000000085c00000| Untracked 
|  93|0x0000000085d00000, 0x0000000085e00000, 0x0000000085e00000|100%| O|  |TAMS 0x0000000085d00000, 0x0000000085d00000| Untracked 
|  94|0x0000000085e00000, 0x0000000085f00000, 0x0000000085f00000|100%| O|  |TAMS 0x0000000085e00000, 0x0000000085e00000| Untracked 
|  95|0x0000000085f00000, 0x0000000086000000, 0x0000000086000000|100%| O|  |TAMS 0x0000000085f00000, 0x0000000085f00000| Untracked 
|  96|0x0000000086000000, 0x0000000086100000, 0x0000000086100000|100%| O|  |TAMS 0x0000000086000000, 0x0000000086000000| Untracked 
|  97|0x0000000086100000, 0x0000000086200000, 0x0000000086200000|100%| O|  |TAMS 0x0000000086100000, 0x0000000086100000| Untracked 
|  98|0x0000000086200000, 0x0000000086300000, 0x0000000086300000|100%| O|  |TAMS 0x0000000086200000, 0x0000000086200000| Untracked 
|  99|0x0000000086300000, 0x0000000086400000, 0x0000000086400000|100%|HS|  |TAMS 0x0000000086300000, 0x0000000086300000| Complete 
| 100|0x0000000086400000, 0x0000000086500000, 0x0000000086500000|100%| O|  |TAMS 0x0000000086400000, 0x0000000086400000| Untracked 
| 101|0x0000000086500000, 0x0000000086600000, 0x0000000086600000|100%|HS|  |TAMS 0x0000000086500000, 0x0000000086500000| Complete 
| 102|0x0000000086600000, 0x0000000086700000, 0x0000000086700000|100%|HC|  |TAMS 0x0000000086600000, 0x0000000086600000| Complete 
| 103|0x0000000086700000, 0x0000000086800000, 0x0000000086800000|100%| O|  |TAMS 0x0000000086700000, 0x0000000086700000| Untracked 
| 104|0x0000000086800000, 0x0000000086900000, 0x0000000086900000|100%| O|  |TAMS 0x0000000086800000, 0x0000000086800000| Untracked 
| 105|0x0000000086900000, 0x0000000086a00000, 0x0000000086a00000|100%| O|  |TAMS 0x0000000086900000, 0x0000000086900000| Untracked 
| 106|0x0000000086a00000, 0x0000000086b00000, 0x0000000086b00000|100%| O|  |TAMS 0x0000000086a00000, 0x0000000086a00000| Untracked 
| 107|0x0000000086b00000, 0x0000000086c00000, 0x0000000086c00000|100%| O|  |TAMS 0x0000000086b00000, 0x0000000086b00000| Untracked 
| 108|0x0000000086c00000, 0x0000000086d00000, 0x0000000086d00000|100%| O|  |TAMS 0x0000000086c00000, 0x0000000086c00000| Untracked 
| 109|0x0000000086d00000, 0x0000000086e00000, 0x0000000086e00000|100%| O|  |TAMS 0x0000000086d00000, 0x0000000086d00000| Untracked 
| 110|0x0000000086e00000, 0x0000000086f00000, 0x0000000086f00000|100%| O|  |TAMS 0x0000000086e00000, 0x0000000086e00000| Untracked 
| 111|0x0000000086f00000, 0x0000000087000000, 0x0000000087000000|100%| O|  |TAMS 0x0000000086f00000, 0x0000000086f00000| Untracked 
| 112|0x0000000087000000, 0x0000000087100000, 0x0000000087100000|100%| O|  |TAMS 0x0000000087000000, 0x0000000087000000| Untracked 
| 113|0x0000000087100000, 0x0000000087200000, 0x0000000087200000|100%| O|  |TAMS 0x0000000087100000, 0x0000000087100000| Untracked 
| 114|0x0000000087200000, 0x0000000087300000, 0x0000000087300000|100%| O|  |TAMS 0x0000000087200000, 0x0000000087200000| Untracked 
| 115|0x0000000087300000, 0x0000000087400000, 0x0000000087400000|100%| O|  |TAMS 0x0000000087300000, 0x0000000087300000| Untracked 
| 116|0x0000000087400000, 0x0000000087500000, 0x0000000087500000|100%| O|  |TAMS 0x0000000087400000, 0x0000000087400000| Untracked 
| 117|0x0000000087500000, 0x0000000087600000, 0x0000000087600000|100%| O|  |TAMS 0x0000000087500000, 0x0000000087500000| Untracked 
| 118|0x0000000087600000, 0x0000000087700000, 0x0000000087700000|100%| O|  |TAMS 0x0000000087600000, 0x0000000087600000| Untracked 
| 119|0x0000000087700000, 0x0000000087800000, 0x0000000087800000|100%| O|  |TAMS 0x0000000087700000, 0x0000000087700000| Untracked 
| 120|0x0000000087800000, 0x0000000087900000, 0x0000000087900000|100%| O|  |TAMS 0x0000000087800000, 0x0000000087800000| Untracked 
| 121|0x0000000087900000, 0x0000000087a00000, 0x0000000087a00000|100%| O|  |TAMS 0x0000000087900000, 0x0000000087900000| Untracked 
| 122|0x0000000087a00000, 0x0000000087b00000, 0x0000000087b00000|100%| O|  |TAMS 0x0000000087a00000, 0x0000000087a00000| Untracked 
| 123|0x0000000087b00000, 0x0000000087c00000, 0x0000000087c00000|100%| O|  |TAMS 0x0000000087b00000, 0x0000000087b00000| Untracked 
| 124|0x0000000087c00000, 0x0000000087d00000, 0x0000000087d00000|100%| O|  |TAMS 0x0000000087c00000, 0x0000000087c00000| Untracked 
| 125|0x0000000087d00000, 0x0000000087e00000, 0x0000000087e00000|100%| O|  |TAMS 0x0000000087d00000, 0x0000000087d00000| Untracked 
| 126|0x0000000087e00000, 0x0000000087f00000, 0x0000000087f00000|100%| O|  |TAMS 0x0000000087e00000, 0x0000000087e00000| Untracked 
| 127|0x0000000087f00000, 0x0000000088000000, 0x0000000088000000|100%| O|  |TAMS 0x0000000087f00000, 0x0000000087f00000| Untracked 
| 128|0x0000000088000000, 0x0000000088100000, 0x0000000088100000|100%| O|  |TAMS 0x0000000088000000, 0x0000000088000000| Untracked 
| 129|0x0000000088100000, 0x0000000088200000, 0x0000000088200000|100%| O|  |TAMS 0x0000000088100000, 0x0000000088100000| Untracked 
| 130|0x0000000088200000, 0x0000000088300000, 0x0000000088300000|100%| O|  |TAMS 0x0000000088200000, 0x0000000088200000| Untracked 
| 131|0x0000000088300000, 0x0000000088400000, 0x0000000088400000|100%| O|  |TAMS 0x0000000088300000, 0x0000000088300000| Untracked 
| 132|0x0000000088400000, 0x0000000088500000, 0x0000000088500000|100%| O|  |TAMS 0x0000000088400000, 0x0000000088400000| Untracked 
| 133|0x0000000088500000, 0x0000000088600000, 0x0000000088600000|100%| O|  |TAMS 0x0000000088500000, 0x0000000088500000| Untracked 
| 134|0x0000000088600000, 0x0000000088700000, 0x0000000088700000|100%| O|  |TAMS 0x0000000088600000, 0x0000000088600000| Untracked 
| 135|0x0000000088700000, 0x0000000088800000, 0x0000000088800000|100%| O|  |TAMS 0x0000000088700000, 0x0000000088700000| Untracked 
| 136|0x0000000088800000, 0x0000000088900000, 0x0000000088900000|100%| O|  |TAMS 0x0000000088800000, 0x0000000088800000| Untracked 
| 137|0x0000000088900000, 0x0000000088a00000, 0x0000000088a00000|100%| O|  |TAMS 0x0000000088900000, 0x0000000088900000| Untracked 
| 138|0x0000000088a00000, 0x0000000088b00000, 0x0000000088b00000|100%|HS|  |TAMS 0x0000000088a00000, 0x0000000088a00000| Complete 
| 139|0x0000000088b00000, 0x0000000088c00000, 0x0000000088c00000|100%| O|  |TAMS 0x0000000088b00000, 0x0000000088b00000| Untracked 
| 140|0x0000000088c00000, 0x0000000088d00000, 0x0000000088d00000|100%| O|  |TAMS 0x0000000088c00000, 0x0000000088c00000| Untracked 
| 141|0x0000000088d00000, 0x0000000088e00000, 0x0000000088e00000|100%| O|  |TAMS 0x0000000088d00000, 0x0000000088d00000| Untracked 
| 142|0x0000000088e00000, 0x0000000088f00000, 0x0000000088f00000|100%| O|  |TAMS 0x0000000088e00000, 0x0000000088e00000| Untracked 
| 143|0x0000000088f00000, 0x0000000089000000, 0x0000000089000000|100%| O|  |TAMS 0x0000000088f00000, 0x0000000088f00000| Untracked 
| 144|0x0000000089000000, 0x0000000089100000, 0x0000000089100000|100%| O|  |TAMS 0x0000000089000000, 0x0000000089000000| Untracked 
| 145|0x0000000089100000, 0x0000000089200000, 0x0000000089200000|100%| O|  |TAMS 0x0000000089100000, 0x0000000089100000| Untracked 
| 146|0x0000000089200000, 0x0000000089300000, 0x0000000089300000|100%| O|  |TAMS 0x0000000089200000, 0x0000000089200000| Untracked 
| 147|0x0000000089300000, 0x0000000089400000, 0x0000000089400000|100%| O|  |TAMS 0x0000000089300000, 0x0000000089300000| Untracked 
| 148|0x0000000089400000, 0x0000000089500000, 0x0000000089500000|100%| O|  |TAMS 0x0000000089400000, 0x0000000089400000| Untracked 
| 149|0x0000000089500000, 0x0000000089600000, 0x0000000089600000|100%| O|  |TAMS 0x0000000089500000, 0x0000000089500000| Untracked 
| 150|0x0000000089600000, 0x0000000089700000, 0x0000000089700000|100%| O|  |TAMS 0x0000000089600000, 0x0000000089600000| Untracked 
| 151|0x0000000089700000, 0x0000000089800000, 0x0000000089800000|100%| O|  |TAMS 0x0000000089700000, 0x0000000089700000| Untracked 
| 152|0x0000000089800000, 0x0000000089900000, 0x0000000089900000|100%| O|  |TAMS 0x0000000089800000, 0x0000000089800000| Untracked 
| 153|0x0000000089900000, 0x0000000089a00000, 0x0000000089a00000|100%| O|  |TAMS 0x0000000089900000, 0x0000000089900000| Untracked 
| 154|0x0000000089a00000, 0x0000000089b00000, 0x0000000089b00000|100%| O|  |TAMS 0x0000000089a00000, 0x0000000089a00000| Untracked 
| 155|0x0000000089b00000, 0x0000000089c00000, 0x0000000089c00000|100%| O|  |TAMS 0x0000000089b00000, 0x0000000089b00000| Untracked 
| 156|0x0000000089c00000, 0x0000000089d00000, 0x0000000089d00000|100%| O|  |TAMS 0x0000000089c00000, 0x0000000089c00000| Untracked 
| 157|0x0000000089d00000, 0x0000000089e00000, 0x0000000089e00000|100%| O|  |TAMS 0x0000000089d00000, 0x0000000089d00000| Untracked 
| 158|0x0000000089e00000, 0x0000000089f00000, 0x0000000089f00000|100%|HS|  |TAMS 0x0000000089e00000, 0x0000000089e00000| Complete 
| 159|0x0000000089f00000, 0x000000008a000000, 0x000000008a000000|100%|HS|  |TAMS 0x0000000089f00000, 0x0000000089f00000| Complete 
| 160|0x000000008a000000, 0x000000008a100000, 0x000000008a100000|100%| O|  |TAMS 0x000000008a000000, 0x000000008a000000| Untracked 
| 161|0x000000008a100000, 0x000000008a200000, 0x000000008a200000|100%| O|  |TAMS 0x000000008a100000, 0x000000008a100000| Untracked 
| 162|0x000000008a200000, 0x000000008a300000, 0x000000008a300000|100%| O|  |TAMS 0x000000008a200000, 0x000000008a200000| Untracked 
| 163|0x000000008a300000, 0x000000008a400000, 0x000000008a400000|100%| O|  |TAMS 0x000000008a300000, 0x000000008a300000| Untracked 
| 164|0x000000008a400000, 0x000000008a500000, 0x000000008a500000|100%| O|  |TAMS 0x000000008a400000, 0x000000008a400000| Untracked 
| 165|0x000000008a500000, 0x000000008a600000, 0x000000008a600000|100%| O|  |TAMS 0x000000008a500000, 0x000000008a500000| Untracked 
| 166|0x000000008a600000, 0x000000008a700000, 0x000000008a700000|100%| O|  |TAMS 0x000000008a600000, 0x000000008a600000| Untracked 
| 167|0x000000008a700000, 0x000000008a800000, 0x000000008a800000|100%| O|  |TAMS 0x000000008a700000, 0x000000008a700000| Untracked 
| 168|0x000000008a800000, 0x000000008a900000, 0x000000008a900000|100%| O|  |TAMS 0x000000008a800000, 0x000000008a800000| Untracked 
| 169|0x000000008a900000, 0x000000008aa00000, 0x000000008aa00000|100%| O|  |TAMS 0x000000008a900000, 0x000000008a900000| Untracked 
| 170|0x000000008aa00000, 0x000000008ab00000, 0x000000008ab00000|100%| O|  |TAMS 0x000000008aa00000, 0x000000008aa00000| Untracked 
| 171|0x000000008ab00000, 0x000000008ac00000, 0x000000008ac00000|100%| O|  |TAMS 0x000000008ab00000, 0x000000008ab00000| Untracked 
| 172|0x000000008ac00000, 0x000000008ad00000, 0x000000008ad00000|100%| O|  |TAMS 0x000000008ac00000, 0x000000008ac00000| Untracked 
| 173|0x000000008ad00000, 0x000000008ad00000, 0x000000008ae00000|  0%| F|  |TAMS 0x000000008ad00000, 0x000000008ad00000| Untracked 
| 174|0x000000008ae00000, 0x000000008ae00000, 0x000000008af00000|  0%| F|  |TAMS 0x000000008ae00000, 0x000000008ae00000| Untracked 
| 175|0x000000008af00000, 0x000000008af00000, 0x000000008b000000|  0%| F|  |TAMS 0x000000008af00000, 0x000000008af00000| Untracked 
| 176|0x000000008b000000, 0x000000008b000000, 0x000000008b100000|  0%| F|  |TAMS 0x000000008b000000, 0x000000008b000000| Untracked 
| 177|0x000000008b100000, 0x000000008b100000, 0x000000008b200000|  0%| F|  |TAMS 0x000000008b100000, 0x000000008b100000| Untracked 
| 178|0x000000008b200000, 0x000000008b200000, 0x000000008b300000|  0%| F|  |TAMS 0x000000008b200000, 0x000000008b200000| Untracked 
| 179|0x000000008b300000, 0x000000008b300000, 0x000000008b400000|  0%| F|  |TAMS 0x000000008b300000, 0x000000008b300000| Untracked 
| 180|0x000000008b400000, 0x000000008b400000, 0x000000008b500000|  0%| F|  |TAMS 0x000000008b400000, 0x000000008b400000| Untracked 
| 181|0x000000008b500000, 0x000000008b500000, 0x000000008b600000|  0%| F|  |TAMS 0x000000008b500000, 0x000000008b500000| Untracked 
| 182|0x000000008b600000, 0x000000008b600000, 0x000000008b700000|  0%| F|  |TAMS 0x000000008b600000, 0x000000008b600000| Untracked 
| 183|0x000000008b700000, 0x000000008b700000, 0x000000008b800000|  0%| F|  |TAMS 0x000000008b700000, 0x000000008b700000| Untracked 
| 184|0x000000008b800000, 0x000000008b800000, 0x000000008b900000|  0%| F|  |TAMS 0x000000008b800000, 0x000000008b800000| Untracked 
| 185|0x000000008b900000, 0x000000008b900000, 0x000000008ba00000|  0%| F|  |TAMS 0x000000008b900000, 0x000000008b900000| Untracked 
| 186|0x000000008ba00000, 0x000000008ba00000, 0x000000008bb00000|  0%| F|  |TAMS 0x000000008ba00000, 0x000000008ba00000| Untracked 
| 187|0x000000008bb00000, 0x000000008bb00000, 0x000000008bc00000|  0%| F|  |TAMS 0x000000008bb00000, 0x000000008bb00000| Untracked 
| 188|0x000000008bc00000, 0x000000008bc00000, 0x000000008bd00000|  0%| F|  |TAMS 0x000000008bc00000, 0x000000008bc00000| Untracked 
| 189|0x000000008bd00000, 0x000000008bd00000, 0x000000008be00000|  0%| F|  |TAMS 0x000000008bd00000, 0x000000008bd00000| Untracked 
| 190|0x000000008be00000, 0x000000008be00000, 0x000000008bf00000|  0%| F|  |TAMS 0x000000008be00000, 0x000000008be00000| Untracked 
| 191|0x000000008bf00000, 0x000000008bf00000, 0x000000008c000000|  0%| F|  |TAMS 0x000000008bf00000, 0x000000008bf00000| Untracked 
| 192|0x000000008c000000, 0x000000008c000000, 0x000000008c100000|  0%| F|  |TAMS 0x000000008c000000, 0x000000008c000000| Untracked 
| 193|0x000000008c100000, 0x000000008c100000, 0x000000008c200000|  0%| F|  |TAMS 0x000000008c100000, 0x000000008c100000| Untracked 
| 194|0x000000008c200000, 0x000000008c200000, 0x000000008c300000|  0%| F|  |TAMS 0x000000008c200000, 0x000000008c200000| Untracked 
| 195|0x000000008c300000, 0x000000008c300000, 0x000000008c400000|  0%| F|  |TAMS 0x000000008c300000, 0x000000008c300000| Untracked 
| 196|0x000000008c400000, 0x000000008c400000, 0x000000008c500000|  0%| F|  |TAMS 0x000000008c400000, 0x000000008c400000| Untracked 
| 197|0x000000008c500000, 0x000000008c500000, 0x000000008c600000|  0%| F|  |TAMS 0x000000008c500000, 0x000000008c500000| Untracked 
| 198|0x000000008c600000, 0x000000008c600000, 0x000000008c700000|  0%| F|  |TAMS 0x000000008c600000, 0x000000008c600000| Untracked 
| 199|0x000000008c700000, 0x000000008c700000, 0x000000008c800000|  0%| F|  |TAMS 0x000000008c700000, 0x000000008c700000| Untracked 
| 200|0x000000008c800000, 0x000000008c800000, 0x000000008c900000|  0%| F|  |TAMS 0x000000008c800000, 0x000000008c800000| Untracked 
| 201|0x000000008c900000, 0x000000008c900000, 0x000000008ca00000|  0%| F|  |TAMS 0x000000008c900000, 0x000000008c900000| Untracked 
| 202|0x000000008ca00000, 0x000000008ca00000, 0x000000008cb00000|  0%| F|  |TAMS 0x000000008ca00000, 0x000000008ca00000| Untracked 
| 203|0x000000008cb00000, 0x000000008cb58038, 0x000000008cc00000| 34%| S|CS|TAMS 0x000000008cb00000, 0x000000008cb00000| Complete 
| 204|0x000000008cc00000, 0x000000008cd00000, 0x000000008cd00000|100%| S|CS|TAMS 0x000000008cc00000, 0x000000008cc00000| Complete 
| 205|0x000000008cd00000, 0x000000008ce00000, 0x000000008ce00000|100%| S|CS|TAMS 0x000000008cd00000, 0x000000008cd00000| Complete 
| 206|0x000000008ce00000, 0x000000008cf00000, 0x000000008cf00000|100%| S|CS|TAMS 0x000000008ce00000, 0x000000008ce00000| Complete 
| 207|0x000000008cf00000, 0x000000008d000000, 0x000000008d000000|100%| S|CS|TAMS 0x000000008cf00000, 0x000000008cf00000| Complete 
| 208|0x000000008d000000, 0x000000008d000000, 0x000000008d100000|  0%| F|  |TAMS 0x000000008d000000, 0x000000008d000000| Untracked 
| 209|0x000000008d100000, 0x000000008d100000, 0x000000008d200000|  0%| F|  |TAMS 0x000000008d100000, 0x000000008d100000| Untracked 
| 210|0x000000008d200000, 0x000000008d200000, 0x000000008d300000|  0%| F|  |TAMS 0x000000008d200000, 0x000000008d200000| Untracked 
| 211|0x000000008d300000, 0x000000008d300000, 0x000000008d400000|  0%| F|  |TAMS 0x000000008d300000, 0x000000008d300000| Untracked 
| 212|0x000000008d400000, 0x000000008d400000, 0x000000008d500000|  0%| F|  |TAMS 0x000000008d400000, 0x000000008d400000| Untracked 
| 213|0x000000008d500000, 0x000000008d500000, 0x000000008d600000|  0%| F|  |TAMS 0x000000008d500000, 0x000000008d500000| Untracked 
| 214|0x000000008d600000, 0x000000008d600000, 0x000000008d700000|  0%| F|  |TAMS 0x000000008d600000, 0x000000008d600000| Untracked 
| 215|0x000000008d700000, 0x000000008d700000, 0x000000008d800000|  0%| F|  |TAMS 0x000000008d700000, 0x000000008d700000| Untracked 
| 216|0x000000008d800000, 0x000000008d800000, 0x000000008d900000|  0%| F|  |TAMS 0x000000008d800000, 0x000000008d800000| Untracked 
| 217|0x000000008d900000, 0x000000008d900000, 0x000000008da00000|  0%| F|  |TAMS 0x000000008d900000, 0x000000008d900000| Untracked 
| 218|0x000000008da00000, 0x000000008da00000, 0x000000008db00000|  0%| F|  |TAMS 0x000000008da00000, 0x000000008da00000| Untracked 
| 219|0x000000008db00000, 0x000000008db00000, 0x000000008dc00000|  0%| F|  |TAMS 0x000000008db00000, 0x000000008db00000| Untracked 
| 220|0x000000008dc00000, 0x000000008dc00000, 0x000000008dd00000|  0%| F|  |TAMS 0x000000008dc00000, 0x000000008dc00000| Untracked 
| 221|0x000000008dd00000, 0x000000008dd00000, 0x000000008de00000|  0%| F|  |TAMS 0x000000008dd00000, 0x000000008dd00000| Untracked 
| 222|0x000000008de00000, 0x000000008de00000, 0x000000008df00000|  0%| F|  |TAMS 0x000000008de00000, 0x000000008de00000| Untracked 
| 223|0x000000008df00000, 0x000000008df00000, 0x000000008e000000|  0%| F|  |TAMS 0x000000008df00000, 0x000000008df00000| Untracked 
| 224|0x000000008e000000, 0x000000008e000000, 0x000000008e100000|  0%| F|  |TAMS 0x000000008e000000, 0x000000008e000000| Untracked 
| 225|0x000000008e100000, 0x000000008e100000, 0x000000008e200000|  0%| F|  |TAMS 0x000000008e100000, 0x000000008e100000| Untracked 
| 226|0x000000008e200000, 0x000000008e200000, 0x000000008e300000|  0%| F|  |TAMS 0x000000008e200000, 0x000000008e200000| Untracked 
| 227|0x000000008e300000, 0x000000008e300000, 0x000000008e400000|  0%| F|  |TAMS 0x000000008e300000, 0x000000008e300000| Untracked 
| 228|0x000000008e400000, 0x000000008e400000, 0x000000008e500000|  0%| F|  |TAMS 0x000000008e400000, 0x000000008e400000| Untracked 
| 229|0x000000008e500000, 0x000000008e500000, 0x000000008e600000|  0%| F|  |TAMS 0x000000008e500000, 0x000000008e500000| Untracked 
| 230|0x000000008e600000, 0x000000008e600000, 0x000000008e700000|  0%| F|  |TAMS 0x000000008e600000, 0x000000008e600000| Untracked 
| 231|0x000000008e700000, 0x000000008e700000, 0x000000008e800000|  0%| F|  |TAMS 0x000000008e700000, 0x000000008e700000| Untracked 
| 232|0x000000008e800000, 0x000000008e800000, 0x000000008e900000|  0%| F|  |TAMS 0x000000008e800000, 0x000000008e800000| Untracked 
| 233|0x000000008e900000, 0x000000008e900000, 0x000000008ea00000|  0%| F|  |TAMS 0x000000008e900000, 0x000000008e900000| Untracked 
| 234|0x000000008ea00000, 0x000000008ea00000, 0x000000008eb00000|  0%| F|  |TAMS 0x000000008ea00000, 0x000000008ea00000| Untracked 
| 235|0x000000008eb00000, 0x000000008eb00000, 0x000000008ec00000|  0%| F|  |TAMS 0x000000008eb00000, 0x000000008eb00000| Untracked 
| 236|0x000000008ec00000, 0x000000008ec00000, 0x000000008ed00000|  0%| F|  |TAMS 0x000000008ec00000, 0x000000008ec00000| Untracked 
| 237|0x000000008ed00000, 0x000000008ed00000, 0x000000008ee00000|  0%| F|  |TAMS 0x000000008ed00000, 0x000000008ed00000| Untracked 
| 238|0x000000008ee00000, 0x000000008ee00000, 0x000000008ef00000|  0%| F|  |TAMS 0x000000008ee00000, 0x000000008ee00000| Untracked 
| 239|0x000000008ef00000, 0x000000008ef00000, 0x000000008f000000|  0%| F|  |TAMS 0x000000008ef00000, 0x000000008ef00000| Untracked 
| 240|0x000000008f000000, 0x000000008f000000, 0x000000008f100000|  0%| F|  |TAMS 0x000000008f000000, 0x000000008f000000| Untracked 
| 241|0x000000008f100000, 0x000000008f100000, 0x000000008f200000|  0%| F|  |TAMS 0x000000008f100000, 0x000000008f100000| Untracked 
| 242|0x000000008f200000, 0x000000008f200000, 0x000000008f300000|  0%| F|  |TAMS 0x000000008f200000, 0x000000008f200000| Untracked 

Card table byte_map: [0x00000269f3b90000,0x00000269f3f90000] _byte_map_base: 0x00000269f3790000

Marking Bits (Prev, Next): (CMBitMap*) 0x00000269ebfca2e0, (CMBitMap*) 0x00000269ebfca320
 Prev Bits: [0x00000269f4390000, 0x00000269f6390000)
 Next Bits: [0x00000269f6390000, 0x00000269f8390000)

Polling page: 0x00000269eb760000

Metaspace:

Usage:
  Non-class:     99.65 MB used.
      Class:     15.92 MB used.
       Both:    115.57 MB used.

Virtual space:
  Non-class space:      104.00 MB reserved,     100.25 MB ( 96%) committed,  13 nodes.
      Class space:      412.00 MB reserved,      16.44 MB (  4%) committed,  1 nodes.
             Both:      516.00 MB reserved,     116.69 MB ( 23%) committed. 

Chunk freelists:
   Non-Class:  2.89 MB
       Class:  3.44 MB
        Both:  6.33 MB

MaxMetaspaceSize: 512.00 MB
CompressedClassSpaceSize: 412.00 MB
Initial GC threshold: 21.00 MB
Current GC threshold: 132.50 MB
CDS: on
MetaspaceReclaimPolicy: balanced
 - commit_granule_bytes: 65536.
 - commit_granule_words: 8192.
 - virtual_space_node_default_size: 1048576.
 - enlarge_chunks_in_place: 1.
 - new_chunks_are_fully_committed: 0.
 - uncommit_free_chunks: 1.
 - use_allocation_guard: 0.
 - handle_deallocations: 1.


Internal statistics:

num_allocs_failed_limit: 3.
num_arena_births: 1398.
num_arena_deaths: 0.
num_vsnodes_births: 14.
num_vsnodes_deaths: 0.
num_space_committed: 1867.
num_space_uncommitted: 0.
num_chunks_returned_to_freelist: 3.
num_chunks_taken_from_freelist: 6461.
num_chunk_merges: 3.
num_chunk_splits: 4197.
num_chunks_enlarged: 2741.
num_purges: 0.
num_inconsistent_stats: 0.

CodeHeap 'non-profiled nmethods': size=120000Kb used=7867Kb max_used=7867Kb free=112133Kb
 bounds [0x0000026987ad0000, 0x0000026988280000, 0x000002698f000000]
CodeHeap 'profiled nmethods': size=120000Kb used=29466Kb max_used=29466Kb free=90534Kb
 bounds [0x00000269805a0000, 0x0000026982270000, 0x0000026987ad0000]
CodeHeap 'non-nmethods': size=5760Kb used=2477Kb max_used=2535Kb free=3283Kb
 bounds [0x0000026980000000, 0x0000026980290000, 0x00000269805a0000]
 total_blobs=15744 nmethods=14729 adapters=926
 compilation: enabled
              stopped_count=0, restarted_count=0
 full_count=0

Compilation events (20 events):
Event: 131.952 Thread 0x00000269fa8601b0 17278       3       java.util.Formatter$FormatSpecifier::printString (107 bytes)
Event: 131.954 Thread 0x00000269fa8601b0 nmethod 17278 0x0000026982261890 code [0x0000026982261b60, 0x0000026982262af8]
Event: 131.954 Thread 0x00000269fa8601b0 17277       1       org.apache.http.ProtocolVersion::getProtocol (5 bytes)
Event: 131.954 Thread 0x00000269fa8601b0 nmethod 17277 0x000002698827e010 code [0x000002698827e1a0, 0x000002698827e278]
Event: 131.959 Thread 0x00000269fa8601b0 17281       1       java.net.URI::getPort (5 bytes)
Event: 131.959 Thread 0x00000269fa8601b0 nmethod 17281 0x000002698827e310 code [0x000002698827e4a0, 0x000002698827e578]
Event: 131.977 Thread 0x00000269fa8601b0 17282       3       com.sun.crypto.provider.GaloisCounterMode::expandToOneBlock (67 bytes)
Event: 131.979 Thread 0x00000269fa8601b0 nmethod 17282 0x0000026982263010 code [0x0000026982263260, 0x0000026982263b38]
Event: 131.979 Thread 0x00000269fa8601b0 17283       3       com.sun.crypto.provider.GCTR::<init> (69 bytes)
Event: 131.980 Thread 0x00000269fa8601b0 nmethod 17283 0x0000026982263e10 code [0x00000269822640a0, 0x0000026982264a68]
Event: 131.981 Thread 0x00000269fa8601b0 17284       3       com.sun.crypto.provider.CounterMode::<init> (41 bytes)
Event: 131.982 Thread 0x00000269fa8601b0 nmethod 17284 0x0000026982264e10 code [0x0000026982264fe0, 0x0000026982265548]
Event: 131.982 Thread 0x00000269fa8601b0 17285       1       org.apache.http.message.BasicHttpResponse::getEntity (5 bytes)
Event: 131.982 Thread 0x00000269fa8601b0 nmethod 17285 0x000002698827e610 code [0x000002698827e7a0, 0x000002698827e878]
Event: 131.983 Thread 0x00000269fa8601b0 17286       3       org.apache.http.util.TextUtils::containsBlanks (41 bytes)
Event: 131.983 Thread 0x00000269fa8601b0 nmethod 17286 0x0000026982265690 code [0x00000269822658a0, 0x0000026982265e78]
Event: 131.983 Thread 0x00000269fa8601b0 17287       3       org.apache.http.client.protocol.HttpClientContext::adapt (23 bytes)
Event: 131.984 Thread 0x00000269fa8601b0 nmethod 17287 0x0000026982266010 code [0x00000269822661e0, 0x00000269822666f8]
Event: 131.984 Thread 0x00000269fa8601b0 17288       1       org.apache.http.HttpHost::getSchemeName (5 bytes)
Event: 131.984 Thread 0x00000269fa8601b0 nmethod 17288 0x000002698827e910 code [0x000002698827eaa0, 0x000002698827eb78]

GC Heap History (20 events):
Event: 114.644 GC heap after
{Heap after GC invocations=73 (full 0):
 garbage-first heap   total 206848K, used 155095K [0x0000000080000000, 0x0000000100000000)
  region size 1024K, 3 young (3072K), 3 survivors (3072K)
 Metaspace       used 110262K, committed 111296K, reserved 520192K
  class space    used 15289K, committed 15744K, reserved 421888K
}
Event: 114.830 GC heap before
{Heap before GC invocations=73 (full 0):
 garbage-first heap   total 206848K, used 176599K [0x0000000080000000, 0x0000000100000000)
  region size 1024K, 24 young (24576K), 3 survivors (3072K)
 Metaspace       used 110262K, committed 111296K, reserved 520192K
  class space    used 15289K, committed 15744K, reserved 421888K
}
Event: 114.840 GC heap after
{Heap after GC invocations=74 (full 0):
 garbage-first heap   total 206848K, used 154840K [0x0000000080000000, 0x0000000100000000)
  region size 1024K, 2 young (2048K), 2 survivors (2048K)
 Metaspace       used 110262K, committed 111296K, reserved 520192K
  class space    used 15289K, committed 15744K, reserved 421888K
}
Event: 115.033 GC heap before
{Heap before GC invocations=74 (full 0):
 garbage-first heap   total 206848K, used 177368K [0x0000000080000000, 0x0000000100000000)
  region size 1024K, 24 young (24576K), 2 survivors (2048K)
 Metaspace       used 110262K, committed 111296K, reserved 520192K
  class space    used 15289K, committed 15744K, reserved 421888K
}
Event: 115.039 GC heap after
{Heap after GC invocations=75 (full 0):
 garbage-first heap   total 206848K, used 155141K [0x0000000080000000, 0x0000000100000000)
  region size 1024K, 2 young (2048K), 2 survivors (2048K)
 Metaspace       used 110262K, committed 111296K, reserved 520192K
  class space    used 15289K, committed 15744K, reserved 421888K
}
Event: 115.341 GC heap before
{Heap before GC invocations=75 (full 0):
 garbage-first heap   total 206848K, used 178693K [0x0000000080000000, 0x0000000100000000)
  region size 1024K, 25 young (25600K), 2 survivors (2048K)
 Metaspace       used 110268K, committed 111296K, reserved 520192K
  class space    used 15289K, committed 15744K, reserved 421888K
}
Event: 115.553 GC heap after
{Heap after GC invocations=76 (full 0):
 garbage-first heap   total 248832K, used 155570K [0x0000000080000000, 0x0000000100000000)
  region size 1024K, 2 young (2048K), 2 survivors (2048K)
 Metaspace       used 110268K, committed 111296K, reserved 520192K
  class space    used 15289K, committed 15744K, reserved 421888K
}
Event: 116.016 GC heap before
{Heap before GC invocations=76 (full 0):
 garbage-first heap   total 248832K, used 209842K [0x0000000080000000, 0x0000000100000000)
  region size 1024K, 55 young (56320K), 2 survivors (2048K)
 Metaspace       used 110268K, committed 111296K, reserved 520192K
  class space    used 15289K, committed 15744K, reserved 421888K
}
Event: 116.026 GC heap after
{Heap after GC invocations=77 (full 0):
 garbage-first heap   total 248832K, used 156332K [0x0000000080000000, 0x0000000100000000)
  region size 1024K, 3 young (3072K), 3 survivors (3072K)
 Metaspace       used 110268K, committed 111296K, reserved 520192K
  class space    used 15289K, committed 15744K, reserved 421888K
}
Event: 118.219 GC heap before
{Heap before GC invocations=77 (full 0):
 garbage-first heap   total 248832K, used 211628K [0x0000000080000000, 0x0000000100000000)
  region size 1024K, 57 young (58368K), 3 survivors (3072K)
 Metaspace       used 111424K, committed 112512K, reserved 520192K
  class space    used 15436K, committed 15936K, reserved 421888K
}
Event: 118.242 GC heap after
{Heap after GC invocations=78 (full 0):
 garbage-first heap   total 248832K, used 161311K [0x0000000080000000, 0x0000000100000000)
  region size 1024K, 8 young (8192K), 8 survivors (8192K)
 Metaspace       used 111424K, committed 112512K, reserved 520192K
  class space    used 15436K, committed 15936K, reserved 421888K
}
Event: 119.389 GC heap before
{Heap before GC invocations=78 (full 0):
 garbage-first heap   total 248832K, used 210463K [0x0000000080000000, 0x0000000100000000)
  region size 1024K, 56 young (57344K), 8 survivors (8192K)
 Metaspace       used 112560K, committed 113664K, reserved 520192K
  class space    used 15549K, committed 16064K, reserved 421888K
}
Event: 119.429 GC heap after
{Heap after GC invocations=79 (full 0):
 garbage-first heap   total 248832K, used 164989K [0x0000000080000000, 0x0000000100000000)
  region size 1024K, 4 young (4096K), 4 survivors (4096K)
 Metaspace       used 112560K, committed 113664K, reserved 520192K
  class space    used 15549K, committed 16064K, reserved 421888K
}
Event: 121.488 GC heap before
{Heap before GC invocations=79 (full 0):
 garbage-first heap   total 248832K, used 212093K [0x0000000080000000, 0x0000000100000000)
  region size 1024K, 49 young (50176K), 4 survivors (4096K)
 Metaspace       used 112641K, committed 113728K, reserved 520192K
  class space    used 15557K, committed 16064K, reserved 421888K
}
Event: 121.508 GC heap after
{Heap after GC invocations=80 (full 0):
 garbage-first heap   total 248832K, used 172521K [0x0000000080000000, 0x0000000100000000)
  region size 1024K, 7 young (7168K), 7 survivors (7168K)
 Metaspace       used 112641K, committed 113728K, reserved 520192K
  class space    used 15557K, committed 16064K, reserved 421888K
}
Event: 123.934 GC heap before
{Heap before GC invocations=80 (full 0):
 garbage-first heap   total 248832K, used 211433K [0x0000000080000000, 0x0000000100000000)
  region size 1024K, 45 young (46080K), 7 survivors (7168K)
 Metaspace       used 113879K, committed 115008K, reserved 528384K
  class space    used 15708K, committed 16256K, reserved 421888K
}
Event: 123.961 GC heap after
{Heap after GC invocations=81 (full 0):
 garbage-first heap   total 248832K, used 177512K [0x0000000080000000, 0x0000000100000000)
  region size 1024K, 5 young (5120K), 5 survivors (5120K)
 Metaspace       used 113879K, committed 115008K, reserved 528384K
  class space    used 15708K, committed 16256K, reserved 421888K
}
Event: 125.362 GC heap before
{Heap before GC invocations=81 (full 0):
 garbage-first heap   total 248832K, used 211304K [0x0000000080000000, 0x0000000100000000)
  region size 1024K, 38 young (38912K), 5 survivors (5120K)
 Metaspace       used 116493K, committed 117632K, reserved 528384K
  class space    used 16129K, committed 16640K, reserved 421888K
}
Event: 125.391 GC heap after
{Heap after GC invocations=82 (full 0):
 garbage-first heap   total 248832K, used 179091K [0x0000000080000000, 0x0000000100000000)
  region size 1024K, 2 young (2048K), 2 survivors (2048K)
 Metaspace       used 116493K, committed 117632K, reserved 528384K
  class space    used 16129K, committed 16640K, reserved 421888K
}
Event: 132.011 GC heap before
{Heap before GC invocations=82 (full 0):
 garbage-first heap   total 248832K, used 212883K [0x0000000080000000, 0x0000000100000000)
  region size 1024K, 35 young (35840K), 2 survivors (2048K)
 Metaspace       used 118345K, committed 119488K, reserved 528384K
  class space    used 16303K, committed 16832K, reserved 421888K
}

Deoptimization events (20 events):
Event: 128.600 Thread 0x00000269fd03f220 DEOPT PACKING pc=0x0000026981641d8c sp=0x000000d023ef4180
Event: 128.600 Thread 0x00000269fd03f220 DEOPT UNPACKING pc=0x0000026980052b43 sp=0x000000d023ef3600 mode 0
Event: 128.600 Thread 0x00000269fd03f220 Uncommon trap: trap_request=0xffffffbe fr.pc=0x0000026988251308 relative=0x0000000000000ce8
Event: 128.600 Thread 0x00000269fd03f220 Uncommon trap: reason=profile_predicate action=maybe_recompile pc=0x0000026988251308 method=java.math.BigInteger.montReduce([I[III)[I @ 9 c2
Event: 128.600 Thread 0x00000269fd03f220 DEOPT PACKING pc=0x0000026988251308 sp=0x000000d023ef4650
Event: 128.600 Thread 0x00000269fd03f220 DEOPT UNPACKING pc=0x00000269800523a3 sp=0x000000d023ef4620 mode 2
Event: 128.602 Thread 0x00000269fd03f220 DEOPT PACKING pc=0x0000026981641d8c sp=0x000000d023ef4470
Event: 128.602 Thread 0x00000269fd03f220 DEOPT UNPACKING pc=0x0000026980052b43 sp=0x000000d023ef38f0 mode 0
Event: 129.599 Thread 0x00000269fd03f220 Uncommon trap: trap_request=0xffffff45 fr.pc=0x0000026988078434 relative=0x0000000000000914
Event: 129.599 Thread 0x00000269fd03f220 Uncommon trap: reason=unstable_if action=reinterpret pc=0x0000026988078434 method=org.gradle.api.internal.artifacts.ivyservice.resolveengine.graph.builder.ComponentState.alreadyResolved()Z @ 11 c2
Event: 129.599 Thread 0x00000269fd03f220 DEOPT PACKING pc=0x0000026988078434 sp=0x000000d023ef8290
Event: 129.599 Thread 0x00000269fd03f220 DEOPT UNPACKING pc=0x00000269800523a3 sp=0x000000d023ef8200 mode 2
Event: 131.076 Thread 0x00000269fd03f220 DEOPT PACKING pc=0x0000026981bc17c2 sp=0x000000d023ef4e80
Event: 131.076 Thread 0x00000269fd03f220 DEOPT UNPACKING pc=0x0000026980052b43 sp=0x000000d023ef4370 mode 0
Event: 131.461 Thread 0x0000026997db4050 DEOPT PACKING pc=0x00000269806551b5 sp=0x000000d0280fb970
Event: 131.461 Thread 0x0000026997db4050 DEOPT UNPACKING pc=0x0000026980052b43 sp=0x000000d0280fae08 mode 0
Event: 131.468 Thread 0x0000026997db4520 Uncommon trap: trap_request=0xffffffcc fr.pc=0x000002698827a914 relative=0x0000000000000174
Event: 131.469 Thread 0x0000026997db4520 Uncommon trap: reason=intrinsic_or_type_checked_inlining action=make_not_entrant pc=0x000002698827a914 method=java.util.ArrayList$SubList.toArray([Ljava/lang/Object;)[Ljava/lang/Object; @ 58 c2
Event: 131.469 Thread 0x0000026997db4520 DEOPT PACKING pc=0x000002698827a914 sp=0x000000d027ffb770
Event: 131.475 Thread 0x0000026997db4520 DEOPT UNPACKING pc=0x00000269800523a3 sp=0x000000d027ffb730 mode 2

Classes unloaded (0 events):
No events

Classes redefined (0 events):
No events

Internal exceptions (20 events):
Event: 119.253 Thread 0x00000269fd03f220 Exception <a 'java/lang/ClassNotFoundException'{0x000000008c7f2240}: org/gradle/api/internal/file/CompositeFileTreeBeanInfo> (0x000000008c7f2240) 
thrown [t:\workspace\open\src\hotspot\share\classfile\systemDictionary.cpp, line 256]
Event: 119.255 Thread 0x00000269fd03f220 Exception <a 'java/lang/ClassNotFoundException'{0x000000008c607cd8}: org/gradle/api/internal/file/CompositeFileCollectionBeanInfo> (0x000000008c607cd8) 
thrown [t:\workspace\open\src\hotspot\share\classfile\systemDictionary.cpp, line 256]
Event: 119.256 Thread 0x00000269fd03f220 Exception <a 'java/lang/ClassNotFoundException'{0x000000008c61d750}: org/gradle/api/internal/file/AbstractFileCollectionBeanInfo> (0x000000008c61d750) 
thrown [t:\workspace\open\src\hotspot\share\classfile\systemDictionary.cpp, line 256]
Event: 119.258 Thread 0x00000269fd03f220 Exception <a 'java/lang/ClassNotFoundException'{0x000000008c632c48}: org/gradle/api/internal/file/AbstractFileCollectionCustomizer> (0x000000008c632c48) 
thrown [t:\workspace\open\src\hotspot\share\classfile\systemDictionary.cpp, line 256]
Event: 119.260 Thread 0x00000269fd03f220 Exception <a 'java/lang/ClassNotFoundException'{0x000000008c6592c0}: org/gradle/api/internal/file/CompositeFileCollectionCustomizer> (0x000000008c6592c0) 
thrown [t:\workspace\open\src\hotspot\share\classfile\systemDictionary.cpp, line 256]
Event: 119.263 Thread 0x00000269fd03f220 Exception <a 'java/lang/ClassNotFoundException'{0x000000008c675f58}: org/gradle/api/internal/file/CompositeFileTreeCustomizer> (0x000000008c675f58) 
thrown [t:\workspace\open\src\hotspot\share\classfile\systemDictionary.cpp, line 256]
Event: 119.265 Thread 0x00000269fd03f220 Exception <a 'java/lang/ClassNotFoundException'{0x000000008c696af0}: org/gradle/api/internal/file/collections/DefaultConfigurableFileTreeCustomizer> (0x000000008c696af0) 
thrown [t:\workspace\open\src\hotspot\share\classfile\systemDictionary.cpp, line 256]
Event: 119.387 Thread 0x00000269fd03f220 Exception <a 'java/lang/ClassNotFoundException'{0x000000008c3e7df8}: build_9a8n8v3uzdviejbmmv4owvtqbBeanInfo> (0x000000008c3e7df8) 
thrown [t:\workspace\open\src\hotspot\share\classfile\systemDictionary.cpp, line 256]
Event: 119.388 Thread 0x00000269fd03f220 Exception <a 'java/lang/ClassNotFoundException'{0x000000008c3ee728}: build_9a8n8v3uzdviejbmmv4owvtqbCustomizer> (0x000000008c3ee728) 
thrown [t:\workspace\open\src\hotspot\share\classfile\systemDictionary.cpp, line 256]
Event: 121.828 Thread 0x00000269fd03f220 Implicit null exception at 0x0000026987ef87fc to 0x0000026987ef8c9c
Event: 121.855 Thread 0x00000269fd03f220 Exception <a 'java/lang/ClassNotFoundException'{0x000000008ebd0660}: build_9a8n8v3uzdviejbmmv4owvtqbBeanInfo> (0x000000008ebd0660) 
thrown [t:\workspace\open\src\hotspot\share\classfile\systemDictionary.cpp, line 256]
Event: 121.855 Thread 0x00000269fd03f220 Exception <a 'java/lang/ClassNotFoundException'{0x000000008ebd6f30}: build_9a8n8v3uzdviejbmmv4owvtqbCustomizer> (0x000000008ebd6f30) 
thrown [t:\workspace\open\src\hotspot\share\classfile\systemDictionary.cpp, line 256]
Event: 121.992 Thread 0x00000269fd03f220 Exception <a 'java/lang/ClassNotFoundException'{0x000000008e96e490}: build_9a8n8v3uzdviejbmmv4owvtqb$_run_closure1BeanInfo> (0x000000008e96e490) 
thrown [t:\workspace\open\src\hotspot\share\classfile\systemDictionary.cpp, line 256]
Event: 121.993 Thread 0x00000269fd03f220 Exception <a 'java/lang/ClassNotFoundException'{0x000000008e979f80}: build_9a8n8v3uzdviejbmmv4owvtqb$_run_closure1Customizer> (0x000000008e979f80) 
thrown [t:\workspace\open\src\hotspot\share\classfile\systemDictionary.cpp, line 256]
Event: 124.609 Thread 0x00000269fd03f220 Exception <a 'java/lang/NullPointerException'{0x000000008e3e72e0}> (0x000000008e3e72e0) 
thrown [t:\workspace\open\src\hotspot\share\interpreter\linkResolver.cpp, line 1440]
Event: 124.941 Thread 0x00000269fd03f220 Implicit null exception at 0x00000269881bcdae to 0x00000269881c2698
Event: 125.587 Thread 0x00000269fd03f220 Exception <a 'sun/nio/fs/WindowsException'{0x000000008ef4b7c0}> (0x000000008ef4b7c0) 
thrown [t:\workspace\open\src\hotspot\share\prims\jni.cpp, line 516]
Event: 125.588 Thread 0x00000269fd03f220 Exception <a 'sun/nio/fs/WindowsException'{0x000000008ef4ce00}> (0x000000008ef4ce00) 
thrown [t:\workspace\open\src\hotspot\share\prims\jni.cpp, line 516]
Event: 125.588 Thread 0x00000269fd03f220 Exception <a 'sun/nio/fs/WindowsException'{0x000000008ef4e490}> (0x000000008ef4e490) 
thrown [t:\workspace\open\src\hotspot\share\prims\jni.cpp, line 516]
Event: 125.588 Thread 0x00000269fd03f220 Exception <a 'sun/nio/fs/WindowsException'{0x000000008ef4fb20}> (0x000000008ef4fb20) 
thrown [t:\workspace\open\src\hotspot\share\prims\jni.cpp, line 516]

VM Operations (20 events):
Event: 124.453 Executing VM operation: HandshakeAllThreads done
Event: 124.453 Executing VM operation: HandshakeAllThreads
Event: 124.454 Executing VM operation: HandshakeAllThreads done
Event: 124.958 Executing VM operation: ICBufferFull
Event: 124.975 Executing VM operation: ICBufferFull done
Event: 125.362 Executing VM operation: G1CollectForAllocation
Event: 125.391 Executing VM operation: G1CollectForAllocation done
Event: 126.395 Executing VM operation: Cleanup
Event: 126.395 Executing VM operation: Cleanup done
Event: 127.397 Executing VM operation: Cleanup
Event: 127.397 Executing VM operation: Cleanup done
Event: 128.070 Executing VM operation: HandshakeAllThreads
Event: 128.070 Executing VM operation: HandshakeAllThreads done
Event: 129.077 Executing VM operation: Cleanup
Event: 129.077 Executing VM operation: Cleanup done
Event: 130.078 Executing VM operation: Cleanup
Event: 130.079 Executing VM operation: Cleanup done
Event: 131.081 Executing VM operation: Cleanup
Event: 131.081 Executing VM operation: Cleanup done
Event: 132.011 Executing VM operation: G1CollectForAllocation

Events (20 events):
Event: 128.594 loading class sun/security/ssl/CertificateMessage$CertificateEntry done
Event: 128.603 loading class sun/security/ssl/CertificateVerify$T13CertificateVerifyMessage
Event: 128.604 loading class sun/security/ssl/CertificateVerify$T13CertificateVerifyMessage done
Event: 128.612 loading class sun/security/ssl/SSLBasicKeyDerivation
Event: 128.614 loading class sun/security/ssl/SSLBasicKeyDerivation done
Event: 128.614 loading class sun/security/ssl/SSLBasicKeyDerivation$SecretSizeSpec
Event: 128.614 loading class sun/security/ssl/SSLBasicKeyDerivation$SecretSizeSpec done
Event: 128.734 loading class sun/security/ssl/PostHandshakeContext
Event: 128.736 loading class sun/security/ssl/PostHandshakeContext done
Event: 128.737 loading class sun/security/ssl/NewSessionTicket$T13NewSessionTicketMessage
Event: 128.739 loading class sun/security/ssl/NewSessionTicket$T13NewSessionTicketMessage done
Event: 128.900 Thread 0x00000269fdb6e3e0 Thread added: 0x00000269fdb6e3e0
Event: 128.900 Thread 0x00000269fdb6d0a0 Thread added: 0x00000269fdb6d0a0
Event: 130.924 loading class com/sun/org/apache/xerces/internal/dom/DeferredCommentImpl
Event: 130.927 loading class com/sun/org/apache/xerces/internal/dom/CommentImpl
Event: 130.929 loading class com/sun/org/apache/xerces/internal/dom/CommentImpl done
Event: 130.929 loading class com/sun/org/apache/xerces/internal/dom/DeferredCommentImpl done
Event: 131.181 Thread 0x00000269fce6b980 Thread added: 0x00000269fce6b980
Event: 131.181 Thread 0x0000026997db4520 Thread added: 0x0000026997db4520
Event: 131.181 Thread 0x0000026997db4050 Thread added: 0x0000026997db4050


Dynamic libraries:
0x00007ff6442b0000 - 0x00007ff6442c0000 	C:\Program Files\Java\jdk-17\bin\java.exe
0x00007ff8250f0000 - 0x00007ff8252e8000 	C:\Windows\SYSTEM32\ntdll.dll
0x00007ff823540000 - 0x00007ff8235fd000 	C:\Windows\System32\KERNEL32.DLL
0x00007ff822e00000 - 0x00007ff8230f6000 	C:\Windows\System32\KERNELBASE.dll
0x00007ff822d00000 - 0x00007ff822e00000 	C:\Windows\System32\ucrtbase.dll
0x00007ff80bb90000 - 0x00007ff80bbaa000 	C:\Program Files\Java\jdk-17\bin\VCRUNTIME140.dll
0x00007ff81d0f0000 - 0x00007ff81d108000 	C:\Program Files\Java\jdk-17\bin\jli.dll
0x00007ff823c90000 - 0x00007ff823d40000 	C:\Windows\System32\ADVAPI32.dll
0x00007ff824fa0000 - 0x00007ff82503e000 	C:\Windows\System32\msvcrt.dll
0x00007ff823d70000 - 0x00007ff823e10000 	C:\Windows\System32\sechost.dll
0x00007ff823e10000 - 0x00007ff823f33000 	C:\Windows\System32\RPCRT4.dll
0x00007ff823100000 - 0x00007ff823127000 	C:\Windows\System32\bcrypt.dll
0x00007ff823fd0000 - 0x00007ff82416f000 	C:\Windows\System32\USER32.dll
0x00007ff822c10000 - 0x00007ff822c32000 	C:\Windows\System32\win32u.dll
0x00007ff80f520000 - 0x00007ff80f7ba000 	C:\Windows\WinSxS\amd64_microsoft.windows.common-controls_6595b64144ccf1df_6.0.19041.4355_none_60b8b9eb71f62e16\COMCTL32.dll
0x00007ff823c60000 - 0x00007ff823c8b000 	C:\Windows\System32\GDI32.dll
0x00007ff822a40000 - 0x00007ff822b57000 	C:\Windows\System32\gdi32full.dll
0x00007ff8227b0000 - 0x00007ff82284d000 	C:\Windows\System32\msvcp_win.dll
0x00007ff819940000 - 0x00007ff81994a000 	C:\Windows\SYSTEM32\VERSION.dll
0x00007ff823d40000 - 0x00007ff823d6f000 	C:\Windows\System32\IMM32.DLL
0x00007ff81e4c0000 - 0x00007ff81e4cc000 	C:\Program Files\Java\jdk-17\bin\vcruntime140_1.dll
0x00007ff809a00000 - 0x00007ff809a8d000 	C:\Program Files\Java\jdk-17\bin\msvcp140.dll
0x00007fffc5640000 - 0x00007fffc61fe000 	C:\Program Files\Java\jdk-17\bin\server\jvm.dll
0x00007ff825040000 - 0x00007ff825048000 	C:\Windows\System32\PSAPI.DLL
0x00007ff81cd40000 - 0x00007ff81cd49000 	C:\Windows\SYSTEM32\WSOCK32.dll
0x00007ff80e1e0000 - 0x00007ff80e207000 	C:\Windows\SYSTEM32\WINMM.dll
0x00007ff824990000 - 0x00007ff8249fb000 	C:\Windows\System32\WS2_32.dll
0x00007ff820630000 - 0x00007ff820642000 	C:\Windows\SYSTEM32\kernel.appcore.dll
0x00007ff81d120000 - 0x00007ff81d12a000 	C:\Program Files\Java\jdk-17\bin\jimage.dll
0x00007ff812190000 - 0x00007ff812374000 	C:\Windows\SYSTEM32\DBGHELP.DLL
0x00007ff811750000 - 0x00007ff811784000 	C:\Windows\SYSTEM32\dbgcore.DLL
0x00007ff822850000 - 0x00007ff8228d2000 	C:\Windows\System32\bcryptPrimitives.dll
0x00007ff812d60000 - 0x00007ff812d6e000 	C:\Program Files\Java\jdk-17\bin\instrument.dll
0x00007ff80bb60000 - 0x00007ff80bb85000 	C:\Program Files\Java\jdk-17\bin\java.dll
0x00007ffff7b40000 - 0x00007ffff7c16000 	C:\Program Files\Java\jdk-17\bin\svml.dll
0x00007ff824220000 - 0x00007ff82498c000 	C:\Windows\System32\SHELL32.dll
0x00007ff820830000 - 0x00007ff820fcd000 	C:\Windows\SYSTEM32\windows.storage.dll
0x00007ff8231e0000 - 0x00007ff823533000 	C:\Windows\System32\combase.dll
0x00007ff822100000 - 0x00007ff82212e000 	C:\Windows\SYSTEM32\Wldp.dll
0x00007ff823900000 - 0x00007ff8239cd000 	C:\Windows\System32\OLEAUT32.dll
0x00007ff824170000 - 0x00007ff82421d000 	C:\Windows\System32\SHCORE.dll
0x00007ff8237a0000 - 0x00007ff8237f5000 	C:\Windows\System32\shlwapi.dll
0x00007ff8226e0000 - 0x00007ff822704000 	C:\Windows\SYSTEM32\profapi.dll
0x00007ff80a0e0000 - 0x00007ff80a0f8000 	C:\Program Files\Java\jdk-17\bin\zip.dll
0x00007ff80bb40000 - 0x00007ff80bb59000 	C:\Program Files\Java\jdk-17\bin\net.dll
0x00007ff81af10000 - 0x00007ff81b01a000 	C:\Windows\SYSTEM32\WINHTTP.dll
0x00007ff821e60000 - 0x00007ff821eca000 	C:\Windows\system32\mswsock.dll
0x00007ff80a2e0000 - 0x00007ff80a2f5000 	C:\Program Files\Java\jdk-17\bin\nio.dll
0x00007ff81d0a0000 - 0x00007ff81d0b0000 	C:\Program Files\Java\jdk-17\bin\verify.dll
0x00007ff80aa80000 - 0x00007ff80aaa7000 	C:\Users\ROHIT\.gradle\native\c067742578af261105cb4f569cf0c3c89f3d7b1fecec35dd04571415982c5e48\windows-amd64\native-platform.dll
0x00007ff809d80000 - 0x00007ff809ec4000 	C:\Users\ROHIT\.gradle\native\38dada09dfb8b06ba9b0570ebf7e218e3eb74d4ef43ca46872605cf95ebc2f47\windows-amd64\native-platform-file-events.dll
0x00007ff811fc0000 - 0x00007ff811fc9000 	C:\Program Files\Java\jdk-17\bin\management.dll
0x00007ff811f80000 - 0x00007ff811f8b000 	C:\Program Files\Java\jdk-17\bin\management_ext.dll
0x00007ff822060000 - 0x00007ff822078000 	C:\Windows\SYSTEM32\CRYPTSP.dll
0x00007ff821780000 - 0x00007ff8217b4000 	C:\Windows\system32\rsaenh.dll
0x00007ff822690000 - 0x00007ff8226be000 	C:\Windows\SYSTEM32\USERENV.dll
0x00007ff822050000 - 0x00007ff82205c000 	C:\Windows\SYSTEM32\CRYPTBASE.dll
0x00007ff821b40000 - 0x00007ff821b7b000 	C:\Windows\SYSTEM32\IPHLPAPI.DLL
0x00007ff823b80000 - 0x00007ff823b88000 	C:\Windows\System32\NSI.dll
0x00007ff81b4f0000 - 0x00007ff81b507000 	C:\Windows\SYSTEM32\dhcpcsvc6.DLL
0x00007ff81bfe0000 - 0x00007ff81bffd000 	C:\Windows\SYSTEM32\dhcpcsvc.DLL
0x00007ff821b80000 - 0x00007ff821c4a000 	C:\Windows\SYSTEM32\DNSAPI.dll
0x00007ff812d50000 - 0x00007ff812d5e000 	C:\Program Files\Java\jdk-17\bin\sunmscapi.dll
0x00007ff8228e0000 - 0x00007ff822a3e000 	C:\Windows\System32\CRYPT32.dll
0x00007ff822170000 - 0x00007ff822199000 	C:\Windows\SYSTEM32\ncrypt.dll
0x00007ff822130000 - 0x00007ff82216b000 	C:\Windows\SYSTEM32\NTASN1.dll
0x00007fffef2e0000 - 0x00007fffef2e7000 	C:\Windows\system32\wshunix.dll
0x00007ff80d6d0000 - 0x00007ff80d6e7000 	C:\Windows\system32\napinsp.dll
0x00007ff80d670000 - 0x00007ff80d68b000 	C:\Windows\system32\pnrpnsp.dll
0x00007ff80d650000 - 0x00007ff80d665000 	C:\Windows\system32\wshbth.dll
0x00007ff81cfa0000 - 0x00007ff81cfbd000 	C:\Windows\system32\NLAapi.dll
0x00007ff80d630000 - 0x00007ff80d642000 	C:\Windows\System32\winrnr.dll
0x0000000065880000 - 0x00000000658a6000 	C:\Program Files\Bonjour\mdnsNSP.dll
0x00007ff816e50000 - 0x00007ff816e5a000 	C:\Windows\System32\rasadhlp.dll
0x00007ff8161e0000 - 0x00007ff816260000 	C:\Windows\System32\fwpuclnt.dll

dbghelp: loaded successfully - version: 4.0.5 - missing functions: none
symbol engine: initialized successfully - sym options: 0x614 - pdb path: .;C:\Program Files\Java\jdk-17\bin;C:\Windows\SYSTEM32;C:\Windows\WinSxS\amd64_microsoft.windows.common-controls_6595b64144ccf1df_6.0.19041.4355_none_60b8b9eb71f62e16;C:\Program Files\Java\jdk-17\bin\server;C:\Users\ROHIT\.gradle\native\c067742578af261105cb4f569cf0c3c89f3d7b1fecec35dd04571415982c5e48\windows-amd64;C:\Users\ROHIT\.gradle\native\38dada09dfb8b06ba9b0570ebf7e218e3eb74d4ef43ca46872605cf95ebc2f47\windows-amd64;C:\Program Files\Bonjour

VM Arguments:
jvm_args: -XX:MaxMetaspaceSize=512m --add-opens=java.base/java.util=ALL-UNNAMED --add-opens=java.base/java.lang=ALL-UNNAMED --add-opens=java.base/java.lang.invoke=ALL-UNNAMED --add-opens=java.prefs/java.util.prefs=ALL-UNNAMED --add-opens=java.base/java.nio.charset=ALL-UNNAMED --add-opens=java.base/java.net=ALL-UNNAMED --add-opens=java.base/java.util.concurrent.atomic=ALL-UNNAMED -Xmx2048m -Dfile.encoding=windows-1252 -Duser.country=IN -Duser.language=en -Duser.variant -javaagent:C:\Users\ROHIT\.gradle\wrapper\dists\gradle-8.6-all\3mbtmo166bl6vumsh5k2lkq5h\gradle-8.6\lib\agents\gradle-instrumentation-agent-8.6.jar 
java_command: org.gradle.launcher.daemon.bootstrap.GradleDaemon 8.6
java_class_path (initial): C:\Users\ROHIT\.gradle\wrapper\dists\gradle-8.6-all\3mbtmo166bl6vumsh5k2lkq5h\gradle-8.6\lib\gradle-launcher-8.6.jar
Launcher Type: SUN_STANDARD

[Global flags]
     intx CICompilerCount                          = 3                                         {product} {ergonomic}
   size_t CompressedClassSpaceSize                 = 432013312                                 {product} {ergonomic}
     uint ConcGCThreads                            = 1                                         {product} {ergonomic}
     uint G1ConcRefinementThreads                  = 4                                         {product} {ergonomic}
   size_t G1HeapRegionSize                         = 1048576                                   {product} {ergonomic}
    uintx GCDrainStackTargetSize                   = 64                                        {product} {ergonomic}
   size_t InitialHeapSize                          = 67108864                                  {product} {ergonomic}
   size_t MarkStackSize                            = 4194304                                   {product} {ergonomic}
   size_t MaxHeapSize                              = 2147483648                                {product} {command line}
   size_t MaxMetaspaceSize                         = 536870912                                 {product} {command line}
   size_t MaxNewSize                               = 1287651328                                {product} {ergonomic}
   size_t MinHeapDeltaBytes                        = 1048576                                   {product} {ergonomic}
   size_t MinHeapSize                              = 8388608                                   {product} {ergonomic}
    uintx NonNMethodCodeHeapSize                   = 5832780                                {pd product} {ergonomic}
    uintx NonProfiledCodeHeapSize                  = 122912730                              {pd product} {ergonomic}
    uintx ProfiledCodeHeapSize                     = 122912730                              {pd product} {ergonomic}
    uintx ReservedCodeCacheSize                    = 251658240                              {pd product} {ergonomic}
     bool SegmentedCodeCache                       = true                                      {product} {ergonomic}
   size_t SoftMaxHeapSize                          = 2147483648                             {manageable} {ergonomic}
     bool UseCompressedClassPointers               = true                           {product lp64_product} {ergonomic}
     bool UseCompressedOops                        = true                           {product lp64_product} {ergonomic}
     bool UseG1GC                                  = true                                      {product} {ergonomic}
     bool UseLargePagesIndividualAllocation        = false                                  {pd product} {ergonomic}

Logging:
Log output configuration:
 #0: stdout all=warning uptime,level,tags
 #1: stderr all=off uptime,level,tags

Environment Variables:
CLASSPATH=C:\MTS\project\reactnative\newthree\myapp\android\\gradle\wrapper\gradle-wrapper.jar
PATH=C:\MTS\project\reactnative\newthree\myapp\node_modules\.bin;C:\MTS\project\reactnative\newthree\myapp\node_modules\.bin;C:\MTS\project\reactnative\newthree\node_modules\.bin;C:\MTS\project\reactnative\node_modules\.bin;C:\MTS\project\node_modules\.bin;C:\MTS\node_modules\.bin;C:\node_modules\.bin;C:\Users\ROHIT\AppData\Roaming\npm\node_modules\npm\node_modules\@npmcli\run-script\lib\node-gyp-bin;C:\PROGRAM FILES\COMMON FILES\ORACLE\JAVA\JAVAPATH;C:\PROGRAM FILES\DELL\DW WLAN CARD;C:\PROGRAM FILES (X86)\INTEL\ICLS CLIENT\;C:\PROGRAM FILES\INTEL\ICLS CLIENT\;C:\Windows\SYSTEM32;C:\Windows;C:\Windows\SYSTEM32\WBEM;C:\Windows\SYSTEM32\WINDOWSPOWERSHELL\V1.0\;C:\Windows\SYSTEM32\OPENSSH\;C:\PROGRAM FILES (X86)\INTEL\INTEL(R) MANAGEMENT ENGINE COMPONENTS\DAL;C:\PROGRAM FILES\INTEL\INTEL(R) MANAGEMENT ENGINE COMPONENTS\DAL;C:\PROGRAM FILES (X86)\INTEL\INTEL(R) MANAGEMENT ENGINE COMPONENTS\IPT;C:\PROGRAM FILES\INTEL\INTEL(R) MANAGEMENT ENGINE COMPONENTS\IPT;C:\PROGRAM FILES\DOTNET\;C:\PROGRAM FILES\MYSQL\MYSQL SERVER 8.0\BIN;C:\PROGRAM FILES\JAVA\JDK-17;C:\PROGRAM FILES\JAVA\JDK-17;C:\Program Files\nodejs\;C:\ProgramData\chocolatey\bin;C:\Users\ROHIT\AppData\Local\Android\Sdk\platform-tools;C:\Program Files\MySQL\MySQL Shell 8.0\bin\;C:\Users\ROHIT\AppData\Local\Microsoft\WindowsApps;C:\Users\ROHIT\AppData\Local\Programs\Microsoft VS Code\bin;C:\Users\ROHIT\AppData\Roaming\npm;C:\Users\ROHIT\AppData\Local\Android\Sdk;C:\Users\ROHIT\AppData\Local\Android\Sdk\emulator;C:\Users\ROHIT\AppData\Local\Android\Sdk\platform-tools;C:\Users\ROHIT\AppData\Local\Android\Sdk\tools;C:\Users\ROHIT\AppData\Local\Android\Sdk\tools\bin;C:\Program Files\Java\jdk-17;
USERNAME=ROHIT
LANG=en_US.UTF-8
OS=Windows_NT
PROCESSOR_IDENTIFIER=Intel64 Family 6 Model 61 Stepping 4, GenuineIntel



---------------  S Y S T E M  ---------------

OS:
 Windows 10 , 64 bit Build 19041 (10.0.19041.3636)
OS uptime: 3 days 12:29 hours

CPU: total 4 (initial active 4) (2 cores per cpu, 2 threads per core) family 6 model 61 stepping 4 microcode 0x2f, cx8, cmov, fxsr, ht, mmx, 3dnowpref, sse, sse2, sse3, ssse3, sse4.1, sse4.2, popcnt, lzcnt, tsc, tscinvbit, avx, avx2, aes, erms, clmul, bmi1, bmi2, adx, fma, vzeroupper, clflush

Memory: 4k page, system-wide physical 4007M (347M free)
TotalPageFile size 16295M (AvailPageFile size 90M)
current process WorkingSet (physical memory assigned to process): 405M, peak: 414M
current process commit charge ("private bytes"): 599M, peak: 842M

vm_info: Java HotSpot(TM) 64-Bit Server VM (17+35-LTS-2724) for windows-amd64 JRE (17+35-LTS-2724), built on Aug  5 2021 23:28:28 by "mach5one" with MS VC++ 16.8 (VS2019)

END.
