#
# There is insufficient memory for the Java Runtime Environment to continue.
# Native memory allocation (mmap) failed to map 258998272 bytes for G1 virtual space
# Possible reasons:
#   The system is out of physical RAM or swap space
#   The process is running with CompressedOops enabled, and the Java Heap may be blocking the growth of the native heap
# Possible solutions:
#   Reduce memory load on the system
#   Increase physical memory or swap space
#   Check if swap backing store is full
#   Decrease Java heap size (-Xmx/-Xms)
#   Decrease number of Java threads
#   Decrease Java thread stack sizes (-Xss)
#   Set larger code cache with -XX:ReservedCodeCacheSize=
#   JVM is running with Unscaled Compressed Oops mode in which the Java heap is
#     placed in the first 4GB address space. The Java Heap base address is the
#     maximum limit for the native heap growth. Please use -XX:HeapBaseMinAddress
#     to set the Java Heap base and to place the Java Heap above 4GB virtual address.
# This output file may be truncated or incomplete.
#
#  Out of Memory Error (os_windows.cpp:3469), pid=17988, tid=16320
#
# JRE version: Java(TM) SE Runtime Environment (17.0+35) (build 17+35-LTS-2724)
# Java VM: Java HotSpot(TM) 64-Bit Server VM (17+35-LTS-2724, mixed mode, sharing, tiered, compressed oops, compressed class ptrs, g1 gc, windows-amd64)
# No core dump will be written. Minidumps are not enabled by default on client versions of Windows
#

---------------  S U M M A R Y ------------

Command Line: -XX:MaxMetaspaceSize=512m --add-opens=java.base/java.util=ALL-UNNAMED --add-opens=java.base/java.lang=ALL-UNNAMED --add-opens=java.base/java.lang.invoke=ALL-UNNAMED --add-opens=java.prefs/java.util.prefs=ALL-UNNAMED --add-opens=java.base/java.nio.charset=ALL-UNNAMED --add-opens=java.base/java.net=ALL-UNNAMED --add-opens=java.base/java.util.concurrent.atomic=ALL-UNNAMED -Xmx2048m -Dfile.encoding=windows-1252 -Duser.country=IN -Duser.language=en -Duser.variant -javaagent:C:\Users\ROHIT\.gradle\wrapper\dists\gradle-8.6-all\3mbtmo166bl6vumsh5k2lkq5h\gradle-8.6\lib\agents\gradle-instrumentation-agent-8.6.jar org.gradle.launcher.daemon.bootstrap.GradleDaemon 8.6

Host: Intel(R) Core(TM) i3-5005U CPU @ 2.00GHz, 4 cores, 3G,  Windows 10 , 64 bit Build 19041 (10.0.19041.4597)
Time: Thu Jul 18 16:23:02 2024 India Standard Time elapsed time: 254.811974 seconds (0d 0h 4m 14s)

---------------  T H R E A D  ---------------

Current thread (0x000002278cf02830):  VMThread "VM Thread" [stack: 0x0000009087500000,0x0000009087600000] [id=16320]

Stack: [0x0000009087500000,0x0000009087600000]
Native frames: (J=compiled Java code, j=interpreted, Vv=VM code, C=native code)
V  [jvm.dll+0x66f8ea]
V  [jvm.dll+0x7ce224]
V  [jvm.dll+0x7cf9ce]
V  [jvm.dll+0x7d0033]
V  [jvm.dll+0x242bb5]
V  [jvm.dll+0x66c909]
V  [jvm.dll+0x6613d2]
V  [jvm.dll+0x30082b]
V  [jvm.dll+0x307db6]
V  [jvm.dll+0x357a0e]
V  [jvm.dll+0x357c3f]
V  [jvm.dll+0x2d7ae8]
V  [jvm.dll+0x2d5db4]
V  [jvm.dll+0x2d53bc]
V  [jvm.dll+0x318d1b]
V  [jvm.dll+0x7d44cb]
V  [jvm.dll+0x7d5204]
V  [jvm.dll+0x7d571c]
V  [jvm.dll+0x7d5af4]
V  [jvm.dll+0x7d5bc0]
V  [jvm.dll+0x77e7ea]
V  [jvm.dll+0x66e715]
C  [ucrtbase.dll+0x21bb2]
C  [KERNEL32.DLL+0x17374]
C  [ntdll.dll+0x4cc91]

VM_Operation (0x0000009088bf74c0): G1CollectForAllocation, mode: safepoint, requested by thread 0x00000227ac6dafb0


---------------  P R O C E S S  ---------------

Threads class SMR info:
_java_thread_list=0x00000227b60b7d30, length=84, elements={
0x000002278ce3bb70, 0x000002278cf0d450, 0x000002278cf0e2c0, 0x00000227aa6a0630,
0x00000227aa6a11e0, 0x00000227aa6a3ca0, 0x00000227aa6a4650, 0x00000227aa6a5330,
0x00000227aa6a7d30, 0x00000227aa725380, 0x000002278cef3df0, 0x00000227ab1d75c0,
0x00000227ac81ba70, 0x00000227abd399f0, 0x00000227ac5e4950, 0x00000227ac5e3780,
0x00000227ac5e3c50, 0x00000227aa710440, 0x00000227ac6dafb0, 0x00000227abb374a0,
0x00000227abb36b00, 0x00000227abb39650, 0x00000227abb37e40, 0x00000227abb39ff0,
0x00000227abb39180, 0x00000227acca6b90, 0x00000227accaa550, 0x00000227acca7530,
0x00000227accaaef0, 0x00000227acca66c0, 0x00000227acca5850, 0x00000227acca9bb0,
0x00000227acca61f0, 0x00000227acca7ed0, 0x00000227accabd60, 0x00000227acca9210,
0x00000227acca96e0, 0x00000227aca1b880, 0x00000227aca1b3b0, 0x00000227aca1aa10,
0x00000227aca1a070, 0x00000227b0fafd90, 0x00000227aca1a540, 0x00000227abc31d10,
0x00000227acca5380, 0x00000227af7c2070, 0x00000227af7c2ee0, 0x00000227af7c2540,
0x00000227af0ea1a0, 0x00000227b1218160, 0x00000227b0faf8c0, 0x00000227b11d6190,
0x00000227b11d57f0, 0x00000227b11d4e50, 0x00000227b11d5320, 0x00000227af0e84c0,
0x00000227af0eb010, 0x00000227af7c2a10, 0x00000227af7c33b0, 0x00000227af7c3880,
0x00000227ae8d9d30, 0x00000227b1218b00, 0x00000227af0e9330, 0x00000227af0e9800,
0x00000227b1218fd0, 0x00000227b4baf6b0, 0x00000227b4bafb80, 0x00000227af0ea670,
0x00000227b11d6660, 0x00000227b11d7000, 0x00000227af0e8990, 0x00000227af0eb4e0,
0x00000227af0eab40, 0x00000227b4bacb60, 0x00000227af0e7ff0, 0x00000227aca1aee0,
0x00000227ae8da6d0, 0x00000227b6066200, 0x00000227b6067a10, 0x00000227b4baf1e0,
0x00000227b4bae370, 0x00000227b11d44b0, 0x00000227b60683b0, 0x00000227b4bad500
}

Java Threads: ( => current thread )
  0x000002278ce3bb70 JavaThread "main" [_thread_blocked, id=17028, stack(0x0000009086f00000,0x0000009087000000)]
  0x000002278cf0d450 JavaThread "Reference Handler" daemon [_thread_blocked, id=3908, stack(0x0000009087600000,0x0000009087700000)]
  0x000002278cf0e2c0 JavaThread "Finalizer" daemon [_thread_blocked, id=5056, stack(0x0000009087700000,0x0000009087800000)]
  0x00000227aa6a0630 JavaThread "Signal Dispatcher" daemon [_thread_blocked, id=16060, stack(0x0000009087800000,0x0000009087900000)]
  0x00000227aa6a11e0 JavaThread "Attach Listener" daemon [_thread_blocked, id=6648, stack(0x0000009087900000,0x0000009087a00000)]
  0x00000227aa6a3ca0 JavaThread "Service Thread" daemon [_thread_blocked, id=2072, stack(0x0000009087a00000,0x0000009087b00000)]
  0x00000227aa6a4650 JavaThread "Monitor Deflation Thread" daemon [_thread_blocked, id=10772, stack(0x0000009087b00000,0x0000009087c00000)]
  0x00000227aa6a5330 JavaThread "C2 CompilerThread0" daemon [_thread_blocked, id=4776, stack(0x0000009087c00000,0x0000009087d00000)]
  0x00000227aa6a7d30 JavaThread "C1 CompilerThread0" daemon [_thread_blocked, id=19104, stack(0x0000009087d00000,0x0000009087e00000)]
  0x00000227aa725380 JavaThread "Sweeper thread" daemon [_thread_blocked, id=11848, stack(0x0000009087e00000,0x0000009087f00000)]
  0x000002278cef3df0 JavaThread "Common-Cleaner" daemon [_thread_blocked, id=10068, stack(0x0000009087f00000,0x0000009088000000)]
  0x00000227ab1d75c0 JavaThread "Notification Thread" daemon [_thread_blocked, id=4508, stack(0x0000009088000000,0x0000009088100000)]
  0x00000227ac81ba70 JavaThread "Daemon health stats" [_thread_blocked, id=13544, stack(0x0000009088200000,0x0000009088300000)]
  0x00000227abd399f0 JavaThread "Incoming local TCP Connector on port 62530" [_thread_in_native, id=14880, stack(0x0000009088600000,0x0000009088700000)]
  0x00000227ac5e4950 JavaThread "Daemon periodic checks" [_thread_blocked, id=12484, stack(0x0000009088700000,0x0000009088800000)]
  0x00000227ac5e3780 JavaThread "Daemon" [_thread_blocked, id=15492, stack(0x0000009088800000,0x0000009088900000)]
  0x00000227ac5e3c50 JavaThread "Handler for socket connection from /127.0.0.1:62530 to /127.0.0.1:62531" [_thread_in_native, id=6228, stack(0x0000009088900000,0x0000009088a00000)]
  0x00000227aa710440 JavaThread "Cancel handler" [_thread_blocked, id=4800, stack(0x0000009088a00000,0x0000009088b00000)]
  0x00000227ac6dafb0 JavaThread "Daemon worker" [_thread_blocked, id=18344, stack(0x0000009088b00000,0x0000009088c00000)]
  0x00000227abb374a0 JavaThread "Asynchronous log dispatcher for DefaultDaemonConnection: socket connection from /127.0.0.1:62530 to /127.0.0.1:62531" [_thread_blocked, id=7832, stack(0x0000009088c00000,0x0000009088d00000)]
  0x00000227abb36b00 JavaThread "Daemon client event forwarder" [_thread_blocked, id=17128, stack(0x0000009088e00000,0x0000009088f00000)]
  0x00000227abb39650 JavaThread "Cache worker for journal cache (C:\Users\ROHIT\.gradle\caches\journal-1)" [_thread_blocked, id=464, stack(0x0000009088f00000,0x0000009089000000)]
  0x00000227abb37e40 JavaThread "File lock request listener" [_thread_in_native, id=2140, stack(0x0000009089000000,0x0000009089100000)]
  0x00000227abb39ff0 JavaThread "Cache worker for file hash cache (C:\Users\ROHIT\.gradle\caches\8.6\fileHashes)" [_thread_blocked, id=18356, stack(0x0000009089100000,0x0000009089200000)]
  0x00000227abb39180 JavaThread "File watcher server" daemon [_thread_blocked, id=10972, stack(0x0000009089200000,0x0000009089300000)]
  0x00000227acca6b90 JavaThread "File watcher consumer" daemon [_thread_blocked, id=8608, stack(0x0000009089300000,0x0000009089400000)]
  0x00000227accaa550 JavaThread "Cache worker for checksums cache (C:\MTS\project\reactnative\newthree\myapp\android\.gradle\8.6\checksums)" [_thread_blocked, id=2736, stack(0x0000009089400000,0x0000009089500000)]
  0x00000227acca7530 JavaThread "Cache worker for file hash cache (C:\MTS\project\reactnative\newthree\myapp\android\.gradle\8.6\fileHashes)" [_thread_blocked, id=15748, stack(0x0000009089500000,0x0000009089600000)]
  0x00000227accaaef0 JavaThread "Cache worker for cache directory md-supplier (C:\Users\ROHIT\.gradle\caches\8.6\md-supplier)" [_thread_blocked, id=15680, stack(0x0000009089600000,0x0000009089700000)]
  0x00000227acca66c0 JavaThread "Cache worker for cache directory md-rule (C:\Users\ROHIT\.gradle\caches\8.6\md-rule)" [_thread_blocked, id=13928, stack(0x0000009089700000,0x0000009089800000)]
  0x00000227acca5850 JavaThread "Cache worker for file content cache (C:\Users\ROHIT\.gradle\caches\8.6\fileContent)" [_thread_blocked, id=3144, stack(0x0000009089800000,0x0000009089900000)]
  0x00000227acca9bb0 JavaThread "jar transforms" [_thread_blocked, id=11572, stack(0x0000009089900000,0x0000009089a00000)]
  0x00000227acca61f0 JavaThread "jar transforms Thread 2" [_thread_blocked, id=15892, stack(0x0000009089a00000,0x0000009089b00000)]
  0x00000227acca7ed0 JavaThread "jar transforms Thread 3" [_thread_blocked, id=12816, stack(0x0000009089b00000,0x0000009089c00000)]
  0x00000227accabd60 JavaThread "jar transforms Thread 4" [_thread_blocked, id=4136, stack(0x0000009089c00000,0x0000009089d00000)]
  0x00000227acca9210 JavaThread "Unconstrained build operations" [_thread_blocked, id=18460, stack(0x0000009086c00000,0x0000009086d00000)]
  0x00000227acca96e0 JavaThread "Unconstrained build operations Thread 2" [_thread_blocked, id=10172, stack(0x0000009086d00000,0x0000009086e00000)]
  0x00000227aca1b880 JavaThread "Cache worker for Build Output Cleanup Cache (C:\MTS\project\reactnative\newthree\myapp\node_modules\@react-native\gradle-plugin\.gradle\buildOutputCleanup)" [_thread_blocked, id=17412, stack(0x0000009086e00000,0x0000009086f00000)]
  0x00000227aca1b3b0 JavaThread "Unconstrained build operations Thread 3" [_thread_blocked, id=10900, stack(0x000000908a200000,0x000000908a300000)]
  0x00000227aca1aa10 JavaThread "Unconstrained build operations Thread 4" [_thread_blocked, id=9040, stack(0x000000908a300000,0x000000908a400000)]
  0x00000227aca1a070 JavaThread "Unconstrained build operations Thread 5" [_thread_blocked, id=15852, stack(0x000000908a400000,0x000000908a500000)]
  0x00000227b0fafd90 JavaThread "build event listener" [_thread_blocked, id=6288, stack(0x000000908a500000,0x000000908a600000)]
  0x00000227aca1a540 JavaThread "Memory manager" [_thread_blocked, id=13328, stack(0x000000908a600000,0x000000908a700000)]
  0x00000227abc31d10 JavaThread "Cache worker for Build Output Cleanup Cache (C:\MTS\project\reactnative\newthree\myapp\android\.gradle\buildOutputCleanup)" [_thread_blocked, id=1888, stack(0x0000009088d00000,0x0000009088e00000)]
  0x00000227acca5380 JavaThread "ForkJoinPool.commonPool-worker-1" daemon [_thread_blocked, id=18504, stack(0x000000908a700000,0x000000908a800000)]
  0x00000227af7c2070 JavaThread "Execution worker" [_thread_blocked, id=19408, stack(0x000000908ab00000,0x000000908ac00000)]
  0x00000227af7c2ee0 JavaThread "Execution worker Thread 2" [_thread_blocked, id=13496, stack(0x000000908ac00000,0x000000908ad00000)]
  0x00000227af7c2540 JavaThread "Execution worker Thread 3" [_thread_blocked, id=15992, stack(0x000000908ad00000,0x000000908ae00000)]
  0x00000227af0ea1a0 JavaThread "Cache worker for execution history cache (C:\MTS\project\reactnative\newthree\myapp\node_modules\@react-native\gradle-plugin\.gradle\8.6\executionHistory)" [_thread_blocked, id=11056, stack(0x000000908ae00000,0x000000908af00000)]
  0x00000227b1218160 JavaThread "Unconstrained build operations Thread 6" [_thread_blocked, id=7720, stack(0x000000908af00000,0x000000908b000000)]
  0x00000227b0faf8c0 JavaThread "Unconstrained build operations Thread 7" [_thread_blocked, id=16636, stack(0x000000908b000000,0x000000908b100000)]
  0x00000227b11d6190 JavaThread "Unconstrained build operations Thread 8" [_thread_blocked, id=9336, stack(0x000000908b100000,0x000000908b200000)]
  0x00000227b11d57f0 JavaThread "Unconstrained build operations Thread 9" [_thread_blocked, id=19264, stack(0x000000908b200000,0x000000908b300000)]
  0x00000227b11d4e50 JavaThread "Unconstrained build operations Thread 10" [_thread_blocked, id=15440, stack(0x000000908b300000,0x000000908b400000)]
  0x00000227b11d5320 JavaThread "Unconstrained build operations Thread 11" [_thread_blocked, id=14504, stack(0x000000908b400000,0x000000908b500000)]
  0x00000227af0e84c0 JavaThread "Unconstrained build operations Thread 12" [_thread_blocked, id=12780, stack(0x000000908b500000,0x000000908b600000)]
  0x00000227af0eb010 JavaThread "Unconstrained build operations Thread 13" [_thread_blocked, id=18084, stack(0x000000908b600000,0x000000908b700000)]
  0x00000227af7c2a10 JavaThread "Unconstrained build operations Thread 14" [_thread_blocked, id=3212, stack(0x000000908b700000,0x000000908b800000)]
  0x00000227af7c33b0 JavaThread "Unconstrained build operations Thread 15" [_thread_blocked, id=8620, stack(0x000000908b800000,0x000000908b900000)]
  0x00000227af7c3880 JavaThread "Unconstrained build operations Thread 16" [_thread_blocked, id=716, stack(0x000000908b900000,0x000000908ba00000)]
  0x00000227ae8d9d30 JavaThread "build event listener" [_thread_blocked, id=11060, stack(0x000000908ba00000,0x000000908bb00000)]
  0x00000227b1218b00 JavaThread "Unconstrained build operations Thread 17" [_thread_blocked, id=3636, stack(0x000000908a800000,0x000000908a900000)]
  0x00000227af0e9330 JavaThread "Unconstrained build operations Thread 18" [_thread_blocked, id=13372, stack(0x000000908aa00000,0x000000908ab00000)]
  0x00000227af0e9800 JavaThread "Unconstrained build operations Thread 19" [_thread_blocked, id=9456, stack(0x000000908bb00000,0x000000908bc00000)]
  0x00000227b1218fd0 JavaThread "Unconstrained build operations Thread 20" [_thread_blocked, id=2564, stack(0x000000908bc00000,0x000000908bd00000)]
  0x00000227b4baf6b0 JavaThread "Unconstrained build operations Thread 21" [_thread_blocked, id=14296, stack(0x000000908bd00000,0x000000908be00000)]
  0x00000227b4bafb80 JavaThread "Unconstrained build operations Thread 22" [_thread_blocked, id=17756, stack(0x000000908be00000,0x000000908bf00000)]
  0x00000227af0ea670 JavaThread "Unconstrained build operations Thread 23" [_thread_blocked, id=12264, stack(0x000000908c000000,0x000000908c100000)]
  0x00000227b11d6660 JavaThread "Unconstrained build operations Thread 24" [_thread_blocked, id=12048, stack(0x000000908c100000,0x000000908c200000)]
  0x00000227b11d7000 JavaThread "Unconstrained build operations Thread 25" [_thread_blocked, id=5280, stack(0x000000908c200000,0x000000908c300000)]
  0x00000227af0e8990 JavaThread "Unconstrained build operations Thread 26" [_thread_blocked, id=16556, stack(0x000000908c300000,0x000000908c400000)]
  0x00000227af0eb4e0 JavaThread "Unconstrained build operations Thread 27" [_thread_blocked, id=17044, stack(0x000000908c400000,0x000000908c500000)]
  0x00000227af0eab40 JavaThread "Unconstrained build operations Thread 28" [_thread_blocked, id=1648, stack(0x000000908c500000,0x000000908c600000)]
  0x00000227b4bacb60 JavaThread "Unconstrained build operations Thread 29" [_thread_blocked, id=10744, stack(0x000000908c600000,0x000000908c700000)]
  0x00000227af0e7ff0 JavaThread "Unconstrained build operations Thread 30" [_thread_blocked, id=15792, stack(0x000000908c700000,0x000000908c800000)]
  0x00000227aca1aee0 JavaThread "Unconstrained build operations Thread 31" [_thread_blocked, id=8860, stack(0x000000908c800000,0x000000908c900000)]
  0x00000227ae8da6d0 JavaThread "Unconstrained build operations Thread 32" [_thread_blocked, id=1244, stack(0x000000908c900000,0x000000908ca00000)]
  0x00000227b6066200 JavaThread "Unconstrained build operations Thread 33" [_thread_blocked, id=16276, stack(0x000000908ca00000,0x000000908cb00000)]
  0x00000227b6067a10 JavaThread "Unconstrained build operations Thread 34" [_thread_blocked, id=8456, stack(0x000000908cb00000,0x000000908cc00000)]
  0x00000227b4baf1e0 JavaThread "Unconstrained build operations Thread 35" [_thread_blocked, id=808, stack(0x0000009089d00000,0x0000009089e00000)]
  0x00000227b4bae370 JavaThread "Unconstrained build operations Thread 36" [_thread_blocked, id=12560, stack(0x0000009089e00000,0x0000009089f00000)]
  0x00000227b11d44b0 JavaThread "Unconstrained build operations Thread 37" [_thread_blocked, id=16452, stack(0x0000009089f00000,0x000000908a000000)]
  0x00000227b60683b0 JavaThread "ForkJoinPool.commonPool-worker-4" daemon [_thread_blocked, id=10424, stack(0x000000908a900000,0x000000908aa00000)]
  0x00000227b4bad500 JavaThread "ForkJoinPool.commonPool-worker-5" daemon [_thread_blocked, id=9232, stack(0x000000908cc00000,0x000000908cd00000)]

Other Threads:
=>0x000002278cf02830 VMThread "VM Thread" [stack: 0x0000009087500000,0x0000009087600000] [id=16320]
  0x000002278ce3cb20 WatcherThread [stack: 0x0000009088100000,0x0000009088200000] [id=9692]
  0x000002278ce7abe0 GCTaskThread "GC Thread#0" [stack: 0x0000009087000000,0x0000009087100000] [id=18508]
  0x00000227ab59a620 GCTaskThread "GC Thread#1" [stack: 0x0000009088300000,0x0000009088400000] [id=12284]
  0x00000227ab4c91d0 GCTaskThread "GC Thread#2" [stack: 0x0000009088400000,0x0000009088500000] [id=16936]
  0x00000227abbec080 GCTaskThread "GC Thread#3" [stack: 0x0000009088500000,0x0000009088600000] [id=10472]
  0x000002278ce8bb20 ConcurrentGCThread "G1 Main Marker" [stack: 0x0000009087100000,0x0000009087200000] [id=9272]
  0x000002278ce8ccd0 ConcurrentGCThread "G1 Conc#0" [stack: 0x0000009087200000,0x0000009087300000] [id=15448]
  0x000002278cedcd80 ConcurrentGCThread "G1 Refine#0" [stack: 0x0000009087300000,0x0000009087400000] [id=13796]
  0x00000227b0fa9260 ConcurrentGCThread "G1 Refine#1" [stack: 0x000000908bf00000,0x000000908c000000] [id=1080]
  0x000002278cedd7a0 ConcurrentGCThread "G1 Service" [stack: 0x0000009087400000,0x0000009087500000] [id=16184]

Threads with active compile tasks:

VM state: at safepoint (normal execution)

VM Mutex/Monitor currently owned by a thread:  ([mutex/lock_event])
[0x000002278ce39280] Threads_lock - owner thread: 0x000002278cf02830
[0x000002278ce382c0] Heap_lock - owner thread: 0x00000227ac6dafb0

Heap address: 0x0000000080000000, size: 2048 MB, Compressed Oops mode: 32-bit

CDS archive(s) mapped at: [0x0000000800000000-0x0000000800bc0000-0x0000000800bc0000), size 12320768, SharedBaseAddress: 0x0000000800000000, ArchiveRelocationMode: 0.
Compressed class space mapped at: 0x0000000800c00000-0x000000081a800000, reserved size: 432013312
Narrow klass base: 0x0000000800000000, Narrow klass shift: 0, Narrow klass range: 0x100000000

GC Precious Log:
 CPUs: 4 total, 4 available
 Memory: 4007M
 Large Page Support: Disabled
 NUMA Support: Disabled
 Compressed Oops: Enabled (32-bit)
 Heap Region Size: 1M
 Heap Min Capacity: 8M
 Heap Initial Capacity: 64M
 Heap Max Capacity: 2G
 Pre-touch: Disabled
 Parallel Workers: 4
 Concurrent Workers: 1
 Concurrent Refinement Workers: 4
 Periodic GC: Disabled

Heap:
 garbage-first heap   total 329728K, used 196608K [0x0000000080000000, 0x0000000100000000)
  region size 1024K, 2 young (2048K), 2 survivors (2048K)
 Metaspace       used 106222K, committed 107520K, reserved 520192K
  class space    used 14790K, committed 15360K, reserved 421888K

Heap Regions: E=young(eden), S=young(survivor), O=old, HS=humongous(starts), HC=humongous(continues), CS=collection set, F=free, OA=open archive, CA=closed archive, TAMS=top-at-mark-start (previous, next)
|   0|0x0000000080000000, 0x0000000080100000, 0x0000000080100000|100%| O|  |TAMS 0x0000000080100000, 0x0000000080000000| Untracked 
|   1|0x0000000080100000, 0x0000000080200000, 0x0000000080200000|100%| O|  |TAMS 0x0000000080200000, 0x0000000080100000| Untracked 
|   2|0x0000000080200000, 0x0000000080300000, 0x0000000080300000|100%|HS|  |TAMS 0x0000000080300000, 0x0000000080200000| Complete 
|   3|0x0000000080300000, 0x0000000080400000, 0x0000000080400000|100%|HC|  |TAMS 0x0000000080400000, 0x0000000080300000| Complete 
|   4|0x0000000080400000, 0x0000000080500000, 0x0000000080500000|100%|HC|  |TAMS 0x0000000080500000, 0x0000000080400000| Complete 
|   5|0x0000000080500000, 0x0000000080600000, 0x0000000080600000|100%|HC|  |TAMS 0x0000000080600000, 0x0000000080500000| Complete 
|   6|0x0000000080600000, 0x0000000080700000, 0x0000000080700000|100%| O|  |TAMS 0x0000000080700000, 0x0000000080600000| Untracked 
|   7|0x0000000080700000, 0x0000000080800000, 0x0000000080800000|100%| O|  |TAMS 0x0000000080800000, 0x0000000080700000| Untracked 
|   8|0x0000000080800000, 0x0000000080900000, 0x0000000080900000|100%| O|  |TAMS 0x0000000080900000, 0x0000000080800000| Untracked 
|   9|0x0000000080900000, 0x0000000080a00000, 0x0000000080a00000|100%| O|  |TAMS 0x0000000080a00000, 0x0000000080900000| Untracked 
|  10|0x0000000080a00000, 0x0000000080b00000, 0x0000000080b00000|100%| O|  |TAMS 0x0000000080b00000, 0x0000000080a00000| Untracked 
|  11|0x0000000080b00000, 0x0000000080c00000, 0x0000000080c00000|100%| O|  |TAMS 0x0000000080c00000, 0x0000000080b00000| Untracked 
|  12|0x0000000080c00000, 0x0000000080d00000, 0x0000000080d00000|100%| O|  |TAMS 0x0000000080d00000, 0x0000000080c00000| Untracked 
|  13|0x0000000080d00000, 0x0000000080e00000, 0x0000000080e00000|100%| O|  |TAMS 0x0000000080e00000, 0x0000000080d00000| Untracked 
|  14|0x0000000080e00000, 0x0000000080f00000, 0x0000000080f00000|100%| O|  |TAMS 0x0000000080f00000, 0x0000000080e00000| Untracked 
|  15|0x0000000080f00000, 0x0000000081000000, 0x0000000081000000|100%| O|  |TAMS 0x0000000081000000, 0x0000000080f00000| Untracked 
|  16|0x0000000081000000, 0x0000000081100000, 0x0000000081100000|100%| O|  |TAMS 0x0000000081100000, 0x0000000081000000| Untracked 
|  17|0x0000000081100000, 0x0000000081200000, 0x0000000081200000|100%| O|  |TAMS 0x0000000081200000, 0x0000000081100000| Untracked 
|  18|0x0000000081200000, 0x0000000081300000, 0x0000000081300000|100%| O|  |TAMS 0x0000000081300000, 0x0000000081200000| Untracked 
|  19|0x0000000081300000, 0x0000000081400000, 0x0000000081400000|100%| O|  |TAMS 0x0000000081400000, 0x0000000081300000| Untracked 
|  20|0x0000000081400000, 0x0000000081500000, 0x0000000081500000|100%| O|  |TAMS 0x0000000081500000, 0x0000000081400000| Untracked 
|  21|0x0000000081500000, 0x0000000081600000, 0x0000000081600000|100%| O|  |TAMS 0x0000000081600000, 0x0000000081500000| Untracked 
|  22|0x0000000081600000, 0x0000000081700000, 0x0000000081700000|100%| O|  |TAMS 0x0000000081700000, 0x0000000081600000| Untracked 
|  23|0x0000000081700000, 0x0000000081800000, 0x0000000081800000|100%| O|  |TAMS 0x0000000081800000, 0x0000000081700000| Untracked 
|  24|0x0000000081800000, 0x0000000081900000, 0x0000000081900000|100%| O|  |TAMS 0x0000000081900000, 0x0000000081800000| Untracked 
|  25|0x0000000081900000, 0x0000000081a00000, 0x0000000081a00000|100%| O|  |TAMS 0x0000000081a00000, 0x0000000081900000| Untracked 
|  26|0x0000000081a00000, 0x0000000081b00000, 0x0000000081b00000|100%| O|  |TAMS 0x0000000081b00000, 0x0000000081a00000| Untracked 
|  27|0x0000000081b00000, 0x0000000081c00000, 0x0000000081c00000|100%| O|  |TAMS 0x0000000081c00000, 0x0000000081b00000| Untracked 
|  28|0x0000000081c00000, 0x0000000081d00000, 0x0000000081d00000|100%| O|  |TAMS 0x0000000081d00000, 0x0000000081c00000| Untracked 
|  29|0x0000000081d00000, 0x0000000081e00000, 0x0000000081e00000|100%|HS|  |TAMS 0x0000000081e00000, 0x0000000081d00000| Complete 
|  30|0x0000000081e00000, 0x0000000081f00000, 0x0000000081f00000|100%| O|  |TAMS 0x0000000081f00000, 0x0000000081e00000| Untracked 
|  31|0x0000000081f00000, 0x0000000082000000, 0x0000000082000000|100%| O|  |TAMS 0x0000000082000000, 0x0000000081f00000| Untracked 
|  32|0x0000000082000000, 0x0000000082100000, 0x0000000082100000|100%| O|  |TAMS 0x0000000082100000, 0x0000000082000000| Untracked 
|  33|0x0000000082100000, 0x0000000082200000, 0x0000000082200000|100%| O|  |TAMS 0x0000000082200000, 0x0000000082100000| Untracked 
|  34|0x0000000082200000, 0x0000000082300000, 0x0000000082300000|100%| O|  |TAMS 0x0000000082300000, 0x0000000082200000| Untracked 
|  35|0x0000000082300000, 0x0000000082400000, 0x0000000082400000|100%| O|  |TAMS 0x0000000082400000, 0x0000000082300000| Untracked 
|  36|0x0000000082400000, 0x0000000082500000, 0x0000000082500000|100%| O|  |TAMS 0x0000000082500000, 0x0000000082400000| Untracked 
|  37|0x0000000082500000, 0x0000000082600000, 0x0000000082600000|100%| O|  |TAMS 0x0000000082600000, 0x0000000082500000| Untracked 
|  38|0x0000000082600000, 0x0000000082700000, 0x0000000082700000|100%| O|  |TAMS 0x0000000082700000, 0x0000000082600000| Untracked 
|  39|0x0000000082700000, 0x0000000082800000, 0x0000000082800000|100%| O|  |TAMS 0x0000000082800000, 0x0000000082700000| Untracked 
|  40|0x0000000082800000, 0x0000000082900000, 0x0000000082900000|100%| O|  |TAMS 0x0000000082900000, 0x0000000082800000| Untracked 
|  41|0x0000000082900000, 0x0000000082a00000, 0x0000000082a00000|100%| O|  |TAMS 0x0000000082a00000, 0x0000000082900000| Untracked 
|  42|0x0000000082a00000, 0x0000000082b00000, 0x0000000082b00000|100%|HS|  |TAMS 0x0000000082b00000, 0x0000000082a00000| Complete 
|  43|0x0000000082b00000, 0x0000000082c00000, 0x0000000082c00000|100%|HC|  |TAMS 0x0000000082c00000, 0x0000000082b00000| Complete 
|  44|0x0000000082c00000, 0x0000000082d00000, 0x0000000082d00000|100%|HS|  |TAMS 0x0000000082d00000, 0x0000000082c00000| Complete 
|  45|0x0000000082d00000, 0x0000000082e00000, 0x0000000082e00000|100%|HC|  |TAMS 0x0000000082e00000, 0x0000000082d00000| Complete 
|  46|0x0000000082e00000, 0x0000000082f00000, 0x0000000082f00000|100%|HS|  |TAMS 0x0000000082f00000, 0x0000000082e00000| Complete 
|  47|0x0000000082f00000, 0x0000000083000000, 0x0000000083000000|100%|HS|  |TAMS 0x0000000083000000, 0x0000000082f00000| Complete 
|  48|0x0000000083000000, 0x0000000083100000, 0x0000000083100000|100%| O|  |TAMS 0x0000000083100000, 0x0000000083000000| Untracked 
|  49|0x0000000083100000, 0x0000000083200000, 0x0000000083200000|100%| O|  |TAMS 0x0000000083200000, 0x0000000083100000| Untracked 
|  50|0x0000000083200000, 0x0000000083300000, 0x0000000083300000|100%|HS|  |TAMS 0x0000000083300000, 0x0000000083200000| Complete 
|  51|0x0000000083300000, 0x0000000083400000, 0x0000000083400000|100%|HC|  |TAMS 0x0000000083400000, 0x0000000083300000| Complete 
|  52|0x0000000083400000, 0x0000000083500000, 0x0000000083500000|100%|HC|  |TAMS 0x0000000083500000, 0x0000000083400000| Complete 
|  53|0x0000000083500000, 0x0000000083600000, 0x0000000083600000|100%|HC|  |TAMS 0x0000000083600000, 0x0000000083500000| Complete 
|  54|0x0000000083600000, 0x0000000083700000, 0x0000000083700000|100%|HS|  |TAMS 0x0000000083700000, 0x0000000083600000| Complete 
|  55|0x0000000083700000, 0x0000000083800000, 0x0000000083800000|100%|HC|  |TAMS 0x0000000083800000, 0x0000000083700000| Complete 
|  56|0x0000000083800000, 0x0000000083900000, 0x0000000083900000|100%|HC|  |TAMS 0x0000000083900000, 0x0000000083800000| Complete 
|  57|0x0000000083900000, 0x0000000083a00000, 0x0000000083a00000|100%|HC|  |TAMS 0x0000000083a00000, 0x0000000083900000| Complete 
|  58|0x0000000083a00000, 0x0000000083b00000, 0x0000000083b00000|100%| O|  |TAMS 0x0000000083b00000, 0x0000000083a00000| Untracked 
|  59|0x0000000083b00000, 0x0000000083c00000, 0x0000000083c00000|100%| O|  |TAMS 0x0000000083c00000, 0x0000000083b00000| Untracked 
|  60|0x0000000083c00000, 0x0000000083d00000, 0x0000000083d00000|100%| O|  |TAMS 0x0000000083d00000, 0x0000000083c00000| Untracked 
|  61|0x0000000083d00000, 0x0000000083e00000, 0x0000000083e00000|100%| O|  |TAMS 0x0000000083e00000, 0x0000000083d00000| Untracked 
|  62|0x0000000083e00000, 0x0000000083f00000, 0x0000000083f00000|100%| O|  |TAMS 0x0000000083f00000, 0x0000000083e00000| Untracked 
|  63|0x0000000083f00000, 0x0000000084000000, 0x0000000084000000|100%|HS|  |TAMS 0x0000000084000000, 0x0000000083f00000| Complete 
|  64|0x0000000084000000, 0x0000000084100000, 0x0000000084100000|100%|HS|  |TAMS 0x0000000084100000, 0x0000000084000000| Complete 
|  65|0x0000000084100000, 0x0000000084200000, 0x0000000084200000|100%| O|  |TAMS 0x0000000084200000, 0x0000000084100000| Untracked 
|  66|0x0000000084200000, 0x0000000084300000, 0x0000000084300000|100%|HS|  |TAMS 0x0000000084300000, 0x0000000084200000| Complete 
|  67|0x0000000084300000, 0x0000000084400000, 0x0000000084400000|100%|HS|  |TAMS 0x0000000084400000, 0x0000000084300000| Complete 
|  68|0x0000000084400000, 0x0000000084500000, 0x0000000084500000|100%| O|  |TAMS 0x0000000084500000, 0x0000000084400000| Untracked 
|  69|0x0000000084500000, 0x0000000084600000, 0x0000000084600000|100%| O|  |TAMS 0x0000000084600000, 0x0000000084500000| Untracked 
|  70|0x0000000084600000, 0x0000000084700000, 0x0000000084700000|100%| O|  |TAMS 0x0000000084700000, 0x0000000084600000| Untracked 
|  71|0x0000000084700000, 0x0000000084800000, 0x0000000084800000|100%| O|  |TAMS 0x0000000084800000, 0x0000000084700000| Untracked 
|  72|0x0000000084800000, 0x0000000084900000, 0x0000000084900000|100%| O|  |TAMS 0x0000000084900000, 0x0000000084800000| Untracked 
|  73|0x0000000084900000, 0x0000000084a00000, 0x0000000084a00000|100%| O|  |TAMS 0x0000000084a00000, 0x0000000084900000| Untracked 
|  74|0x0000000084a00000, 0x0000000084b00000, 0x0000000084b00000|100%| O|  |TAMS 0x0000000084b00000, 0x0000000084a00000| Untracked 
|  75|0x0000000084b00000, 0x0000000084c00000, 0x0000000084c00000|100%| O|  |TAMS 0x0000000084c00000, 0x0000000084b00000| Untracked 
|  76|0x0000000084c00000, 0x0000000084d00000, 0x0000000084d00000|100%| O|  |TAMS 0x0000000084d00000, 0x0000000084c00000| Untracked 
|  77|0x0000000084d00000, 0x0000000084e00000, 0x0000000084e00000|100%| O|  |TAMS 0x0000000084e00000, 0x0000000084d00000| Untracked 
|  78|0x0000000084e00000, 0x0000000084f00000, 0x0000000084f00000|100%| O|  |TAMS 0x0000000084f00000, 0x0000000084e00000| Untracked 
|  79|0x0000000084f00000, 0x0000000085000000, 0x0000000085000000|100%| O|  |TAMS 0x0000000085000000, 0x0000000084f00000| Untracked 
|  80|0x0000000085000000, 0x0000000085100000, 0x0000000085100000|100%| O|  |TAMS 0x0000000085100000, 0x0000000085000000| Untracked 
|  81|0x0000000085100000, 0x0000000085200000, 0x0000000085200000|100%| O|  |TAMS 0x0000000085200000, 0x0000000085100000| Untracked 
|  82|0x0000000085200000, 0x0000000085300000, 0x0000000085300000|100%| O|  |TAMS 0x0000000085300000, 0x0000000085200000| Untracked 
|  83|0x0000000085300000, 0x0000000085400000, 0x0000000085400000|100%| O|  |TAMS 0x0000000085400000, 0x0000000085300000| Untracked 
|  84|0x0000000085400000, 0x0000000085500000, 0x0000000085500000|100%| O|  |TAMS 0x0000000085500000, 0x0000000085400000| Untracked 
|  85|0x0000000085500000, 0x0000000085600000, 0x0000000085600000|100%| O|  |TAMS 0x0000000085500000, 0x0000000085500000| Untracked 
|  86|0x0000000085600000, 0x0000000085700000, 0x0000000085700000|100%| O|  |TAMS 0x0000000085700000, 0x0000000085600000| Untracked 
|  87|0x0000000085700000, 0x0000000085800000, 0x0000000085800000|100%| O|  |TAMS 0x0000000085800000, 0x0000000085700000| Untracked 
|  88|0x0000000085800000, 0x0000000085900000, 0x0000000085900000|100%| O|  |TAMS 0x0000000085900000, 0x0000000085800000| Untracked 
|  89|0x0000000085900000, 0x0000000085a00000, 0x0000000085a00000|100%| O|  |TAMS 0x0000000085a00000, 0x0000000085900000| Untracked 
|  90|0x0000000085a00000, 0x0000000085b00000, 0x0000000085b00000|100%| O|  |TAMS 0x0000000085b00000, 0x0000000085a00000| Untracked 
|  91|0x0000000085b00000, 0x0000000085c00000, 0x0000000085c00000|100%| O|  |TAMS 0x0000000085c00000, 0x0000000085b00000| Untracked 
|  92|0x0000000085c00000, 0x0000000085d00000, 0x0000000085d00000|100%| O|  |TAMS 0x0000000085d00000, 0x0000000085c00000| Untracked 
|  93|0x0000000085d00000, 0x0000000085e00000, 0x0000000085e00000|100%| O|  |TAMS 0x0000000085e00000, 0x0000000085d00000| Untracked 
|  94|0x0000000085e00000, 0x0000000085f00000, 0x0000000085f00000|100%| O|  |TAMS 0x0000000085f00000, 0x0000000085e00000| Untracked 
|  95|0x0000000085f00000, 0x0000000086000000, 0x0000000086000000|100%| O|  |TAMS 0x0000000086000000, 0x0000000085f00000| Untracked 
|  96|0x0000000086000000, 0x0000000086100000, 0x0000000086100000|100%| O|  |TAMS 0x0000000086100000, 0x0000000086000000| Untracked 
|  97|0x0000000086100000, 0x0000000086200000, 0x0000000086200000|100%| O|  |TAMS 0x0000000086200000, 0x0000000086100000| Untracked 
|  98|0x0000000086200000, 0x0000000086300000, 0x0000000086300000|100%| O|  |TAMS 0x0000000086300000, 0x0000000086200000| Untracked 
|  99|0x0000000086300000, 0x0000000086400000, 0x0000000086400000|100%| O|  |TAMS 0x0000000086400000, 0x0000000086300000| Untracked 
| 100|0x0000000086400000, 0x0000000086500000, 0x0000000086500000|100%| O|  |TAMS 0x0000000086500000, 0x0000000086400000| Untracked 
| 101|0x0000000086500000, 0x0000000086600000, 0x0000000086600000|100%| O|  |TAMS 0x0000000086600000, 0x0000000086500000| Untracked 
| 102|0x0000000086600000, 0x0000000086700000, 0x0000000086700000|100%| O|  |TAMS 0x0000000086700000, 0x0000000086600000| Untracked 
| 103|0x0000000086700000, 0x0000000086800000, 0x0000000086800000|100%| O|  |TAMS 0x0000000086800000, 0x0000000086700000| Untracked 
| 104|0x0000000086800000, 0x0000000086900000, 0x0000000086900000|100%|HS|  |TAMS 0x0000000086900000, 0x0000000086800000| Complete 
| 105|0x0000000086900000, 0x0000000086a00000, 0x0000000086a00000|100%|HS|  |TAMS 0x0000000086a00000, 0x0000000086900000| Complete 
| 106|0x0000000086a00000, 0x0000000086b00000, 0x0000000086b00000|100%| O|  |TAMS 0x0000000086b00000, 0x0000000086a00000| Untracked 
| 107|0x0000000086b00000, 0x0000000086c00000, 0x0000000086c00000|100%|HS|  |TAMS 0x0000000086c00000, 0x0000000086b00000| Complete 
| 108|0x0000000086c00000, 0x0000000086d00000, 0x0000000086d00000|100%|HC|  |TAMS 0x0000000086d00000, 0x0000000086c00000| Complete 
| 109|0x0000000086d00000, 0x0000000086e00000, 0x0000000086e00000|100%|HS|  |TAMS 0x0000000086e00000, 0x0000000086d00000| Complete 
| 110|0x0000000086e00000, 0x0000000086f00000, 0x0000000086f00000|100%|HC|  |TAMS 0x0000000086f00000, 0x0000000086e00000| Complete 
| 111|0x0000000086f00000, 0x0000000087000000, 0x0000000087000000|100%|HC|  |TAMS 0x0000000087000000, 0x0000000086f00000| Complete 
| 112|0x0000000087000000, 0x0000000087100000, 0x0000000087100000|100%|HS|  |TAMS 0x0000000087100000, 0x0000000087000000| Complete 
| 113|0x0000000087100000, 0x0000000087200000, 0x0000000087200000|100%|HC|  |TAMS 0x0000000087200000, 0x0000000087100000| Complete 
| 114|0x0000000087200000, 0x0000000087300000, 0x0000000087300000|100%| O|  |TAMS 0x0000000087300000, 0x0000000087200000| Untracked 
| 115|0x0000000087300000, 0x0000000087400000, 0x0000000087400000|100%| O|  |TAMS 0x0000000087400000, 0x0000000087300000| Untracked 
| 116|0x0000000087400000, 0x0000000087500000, 0x0000000087500000|100%| O|  |TAMS 0x0000000087500000, 0x0000000087400000| Untracked 
| 117|0x0000000087500000, 0x0000000087600000, 0x0000000087600000|100%| O|  |TAMS 0x0000000087600000, 0x0000000087500000| Untracked 
| 118|0x0000000087600000, 0x0000000087700000, 0x0000000087700000|100%| O|  |TAMS 0x0000000087700000, 0x0000000087600000| Untracked 
| 119|0x0000000087700000, 0x0000000087800000, 0x0000000087800000|100%| O|  |TAMS 0x0000000087800000, 0x0000000087700000| Untracked 
| 120|0x0000000087800000, 0x0000000087900000, 0x0000000087900000|100%| O|  |TAMS 0x0000000087900000, 0x0000000087800000| Untracked 
| 121|0x0000000087900000, 0x0000000087a00000, 0x0000000087a00000|100%| O|  |TAMS 0x0000000087a00000, 0x0000000087900000| Untracked 
| 122|0x0000000087a00000, 0x0000000087b00000, 0x0000000087b00000|100%| O|  |TAMS 0x0000000087b00000, 0x0000000087a00000| Untracked 
| 123|0x0000000087b00000, 0x0000000087c00000, 0x0000000087c00000|100%| O|  |TAMS 0x0000000087c00000, 0x0000000087b00000| Untracked 
| 124|0x0000000087c00000, 0x0000000087d00000, 0x0000000087d00000|100%| O|  |TAMS 0x0000000087d00000, 0x0000000087c00000| Untracked 
| 125|0x0000000087d00000, 0x0000000087e00000, 0x0000000087e00000|100%| O|  |TAMS 0x0000000087e00000, 0x0000000087d00000| Untracked 
| 126|0x0000000087e00000, 0x0000000087f00000, 0x0000000087f00000|100%| O|  |TAMS 0x0000000087f00000, 0x0000000087e00000| Untracked 
| 127|0x0000000087f00000, 0x0000000088000000, 0x0000000088000000|100%| O|  |TAMS 0x0000000088000000, 0x0000000087f00000| Untracked 
| 128|0x0000000088000000, 0x0000000088100000, 0x0000000088100000|100%| O|  |TAMS 0x0000000088100000, 0x0000000088000000| Untracked 
| 129|0x0000000088100000, 0x0000000088200000, 0x0000000088200000|100%| O|  |TAMS 0x0000000088200000, 0x0000000088100000| Untracked 
| 130|0x0000000088200000, 0x0000000088300000, 0x0000000088300000|100%| O|  |TAMS 0x0000000088300000, 0x0000000088200000| Untracked 
| 131|0x0000000088300000, 0x0000000088400000, 0x0000000088400000|100%| O|  |TAMS 0x0000000088400000, 0x0000000088300000| Untracked 
| 132|0x0000000088400000, 0x0000000088500000, 0x0000000088500000|100%| O|  |TAMS 0x0000000088500000, 0x0000000088400000| Untracked 
| 133|0x0000000088500000, 0x0000000088600000, 0x0000000088600000|100%| O|  |TAMS 0x0000000088600000, 0x0000000088500000| Untracked 
| 134|0x0000000088600000, 0x0000000088700000, 0x0000000088700000|100%| O|  |TAMS 0x0000000088700000, 0x0000000088600000| Untracked 
| 135|0x0000000088700000, 0x0000000088800000, 0x0000000088800000|100%| O|  |TAMS 0x0000000088800000, 0x0000000088700000| Untracked 
| 136|0x0000000088800000, 0x0000000088900000, 0x0000000088900000|100%| O|  |TAMS 0x0000000088900000, 0x0000000088800000| Untracked 
| 137|0x0000000088900000, 0x0000000088a00000, 0x0000000088a00000|100%| O|  |TAMS 0x0000000088a00000, 0x0000000088900000| Untracked 
| 138|0x0000000088a00000, 0x0000000088b00000, 0x0000000088b00000|100%| O|  |TAMS 0x0000000088b00000, 0x0000000088a00000| Untracked 
| 139|0x0000000088b00000, 0x0000000088c00000, 0x0000000088c00000|100%| O|  |TAMS 0x0000000088c00000, 0x0000000088b00000| Untracked 
| 140|0x0000000088c00000, 0x0000000088d00000, 0x0000000088d00000|100%| O|  |TAMS 0x0000000088d00000, 0x0000000088c00000| Untracked 
| 141|0x0000000088d00000, 0x0000000088e00000, 0x0000000088e00000|100%| O|  |TAMS 0x0000000088e00000, 0x0000000088d00000| Untracked 
| 142|0x0000000088e00000, 0x0000000088f00000, 0x0000000088f00000|100%| O|  |TAMS 0x0000000088e00000, 0x0000000088e00000| Untracked 
| 143|0x0000000088f00000, 0x0000000088f00000, 0x0000000089000000|  0%| F|  |TAMS 0x0000000088f00000, 0x0000000088f00000| Untracked 
| 144|0x0000000089000000, 0x0000000089100000, 0x0000000089100000|100%|HS|  |TAMS 0x0000000089100000, 0x0000000089000000| Complete 
| 145|0x0000000089100000, 0x0000000089200000, 0x0000000089200000|100%| O|  |TAMS 0x0000000089200000, 0x0000000089100000| Untracked 
| 146|0x0000000089200000, 0x0000000089300000, 0x0000000089300000|100%| O|  |TAMS 0x0000000089300000, 0x0000000089200000| Untracked 
| 147|0x0000000089300000, 0x0000000089400000, 0x0000000089400000|100%| O|  |TAMS 0x0000000089400000, 0x0000000089300000| Untracked 
| 148|0x0000000089400000, 0x0000000089500000, 0x0000000089500000|100%| O|  |TAMS 0x0000000089500000, 0x0000000089400000| Untracked 
| 149|0x0000000089500000, 0x0000000089600000, 0x0000000089600000|100%| O|  |TAMS 0x0000000089600000, 0x0000000089500000| Untracked 
| 150|0x0000000089600000, 0x0000000089700000, 0x0000000089700000|100%| O|  |TAMS 0x0000000089700000, 0x0000000089600000| Untracked 
| 151|0x0000000089700000, 0x0000000089800000, 0x0000000089800000|100%| O|  |TAMS 0x0000000089800000, 0x0000000089700000| Untracked 
| 152|0x0000000089800000, 0x0000000089900000, 0x0000000089900000|100%| O|  |TAMS 0x0000000089900000, 0x0000000089800000| Untracked 
| 153|0x0000000089900000, 0x0000000089a00000, 0x0000000089a00000|100%| O|  |TAMS 0x0000000089a00000, 0x0000000089900000| Untracked 
| 154|0x0000000089a00000, 0x0000000089a00000, 0x0000000089b00000|  0%| F|  |TAMS 0x0000000089a00000, 0x0000000089a00000| Untracked 
| 155|0x0000000089b00000, 0x0000000089c00000, 0x0000000089c00000|100%| O|  |TAMS 0x0000000089c00000, 0x0000000089b00000| Untracked 
| 156|0x0000000089c00000, 0x0000000089d00000, 0x0000000089d00000|100%| O|  |TAMS 0x0000000089d00000, 0x0000000089c00000| Untracked 
| 157|0x0000000089d00000, 0x0000000089e00000, 0x0000000089e00000|100%| O|  |TAMS 0x0000000089e00000, 0x0000000089d00000| Untracked 
| 158|0x0000000089e00000, 0x0000000089f00000, 0x0000000089f00000|100%| O|  |TAMS 0x0000000089f00000, 0x0000000089e00000| Untracked 
| 159|0x0000000089f00000, 0x000000008a000000, 0x000000008a000000|100%| O|  |TAMS 0x000000008a000000, 0x0000000089f00000| Untracked 
| 160|0x000000008a000000, 0x000000008a100000, 0x000000008a100000|100%| O|  |TAMS 0x000000008a100000, 0x000000008a000000| Untracked 
| 161|0x000000008a100000, 0x000000008a200000, 0x000000008a200000|100%| O|  |TAMS 0x000000008a200000, 0x000000008a100000| Untracked 
| 162|0x000000008a200000, 0x000000008a300000, 0x000000008a300000|100%| O|  |TAMS 0x000000008a300000, 0x000000008a200000| Untracked 
| 163|0x000000008a300000, 0x000000008a300000, 0x000000008a400000|  0%| F|  |TAMS 0x000000008a300000, 0x000000008a300000| Untracked 
| 164|0x000000008a400000, 0x000000008a500000, 0x000000008a500000|100%| O|  |TAMS 0x000000008a400000, 0x000000008a400000| Untracked 
| 165|0x000000008a500000, 0x000000008a500000, 0x000000008a600000|  0%| F|  |TAMS 0x000000008a500000, 0x000000008a500000| Untracked 
| 166|0x000000008a600000, 0x000000008a700000, 0x000000008a700000|100%| O|  |TAMS 0x000000008a700000, 0x000000008a600000| Untracked 
| 167|0x000000008a700000, 0x000000008a800000, 0x000000008a800000|100%| O|  |TAMS 0x000000008a800000, 0x000000008a700000| Untracked 
| 168|0x000000008a800000, 0x000000008a800000, 0x000000008a900000|  0%| F|  |TAMS 0x000000008a800000, 0x000000008a800000| Untracked 
| 169|0x000000008a900000, 0x000000008aa00000, 0x000000008aa00000|100%| O|  |TAMS 0x000000008aa00000, 0x000000008a900000| Untracked 
| 170|0x000000008aa00000, 0x000000008ab00000, 0x000000008ab00000|100%| O|  |TAMS 0x000000008ab00000, 0x000000008aa00000| Untracked 
| 171|0x000000008ab00000, 0x000000008ac00000, 0x000000008ac00000|100%| O|  |TAMS 0x000000008ac00000, 0x000000008ab00000| Untracked 
| 172|0x000000008ac00000, 0x000000008ad00000, 0x000000008ad00000|100%| O|  |TAMS 0x000000008ad00000, 0x000000008ac00000| Untracked 
| 173|0x000000008ad00000, 0x000000008ae00000, 0x000000008ae00000|100%| O|  |TAMS 0x000000008ae00000, 0x000000008ad00000| Untracked 
| 174|0x000000008ae00000, 0x000000008af00000, 0x000000008af00000|100%| O|  |TAMS 0x000000008af00000, 0x000000008ae00000| Untracked 
| 175|0x000000008af00000, 0x000000008b000000, 0x000000008b000000|100%| O|  |TAMS 0x000000008b000000, 0x000000008af00000| Untracked 
| 176|0x000000008b000000, 0x000000008b100000, 0x000000008b100000|100%| O|  |TAMS 0x000000008b100000, 0x000000008b000000| Untracked 
| 177|0x000000008b100000, 0x000000008b200000, 0x000000008b200000|100%| O|  |TAMS 0x000000008b18aa00, 0x000000008b100000| Untracked 
| 178|0x000000008b200000, 0x000000008b300000, 0x000000008b300000|100%| O|  |TAMS 0x000000008b200000, 0x000000008b200000| Untracked 
| 179|0x000000008b300000, 0x000000008b400000, 0x000000008b400000|100%| O|  |TAMS 0x000000008b300000, 0x000000008b300000| Untracked 
| 180|0x000000008b400000, 0x000000008b500000, 0x000000008b500000|100%| O|  |TAMS 0x000000008b400000, 0x000000008b400000| Untracked 
| 181|0x000000008b500000, 0x000000008b600000, 0x000000008b600000|100%| O|  |TAMS 0x000000008b500000, 0x000000008b500000| Untracked 
| 182|0x000000008b600000, 0x000000008b700000, 0x000000008b700000|100%| O|  |TAMS 0x000000008b600000, 0x000000008b600000| Untracked 
| 183|0x000000008b700000, 0x000000008b800000, 0x000000008b800000|100%| O|  |TAMS 0x000000008b700000, 0x000000008b700000| Untracked 
| 184|0x000000008b800000, 0x000000008b900000, 0x000000008b900000|100%| O|  |TAMS 0x000000008b800000, 0x000000008b800000| Untracked 
| 185|0x000000008b900000, 0x000000008ba00000, 0x000000008ba00000|100%| O|  |TAMS 0x000000008b900000, 0x000000008b900000| Untracked 
| 186|0x000000008ba00000, 0x000000008bb00000, 0x000000008bb00000|100%| O|  |TAMS 0x000000008ba00000, 0x000000008ba00000| Untracked 
| 187|0x000000008bb00000, 0x000000008bc00000, 0x000000008bc00000|100%| O|  |TAMS 0x000000008bb00000, 0x000000008bb00000| Untracked 
| 188|0x000000008bc00000, 0x000000008bd00000, 0x000000008bd00000|100%| O|  |TAMS 0x000000008bc00000, 0x000000008bc00000| Untracked 
| 189|0x000000008bd00000, 0x000000008be00000, 0x000000008be00000|100%| O|  |TAMS 0x000000008bd00000, 0x000000008bd00000| Untracked 
| 190|0x000000008be00000, 0x000000008bf00000, 0x000000008bf00000|100%| O|  |TAMS 0x000000008be00000, 0x000000008be00000| Untracked 
| 191|0x000000008bf00000, 0x000000008c000000, 0x000000008c000000|100%| O|  |TAMS 0x000000008bf00000, 0x000000008bf00000| Untracked 
| 192|0x000000008c000000, 0x000000008c100000, 0x000000008c100000|100%| O|  |TAMS 0x000000008c000000, 0x000000008c000000| Untracked 
| 193|0x000000008c100000, 0x000000008c200000, 0x000000008c200000|100%| O|  |TAMS 0x000000008c100000, 0x000000008c100000| Untracked 
| 194|0x000000008c200000, 0x000000008c300000, 0x000000008c300000|100%| O|  |TAMS 0x000000008c200000, 0x000000008c200000| Untracked 
| 195|0x000000008c300000, 0x000000008c300000, 0x000000008c400000|  0%| F|  |TAMS 0x000000008c300000, 0x000000008c300000| Untracked 
| 196|0x000000008c400000, 0x000000008c400000, 0x000000008c500000|  0%| F|  |TAMS 0x000000008c400000, 0x000000008c400000| Untracked 
| 197|0x000000008c500000, 0x000000008c500000, 0x000000008c600000|  0%| F|  |TAMS 0x000000008c500000, 0x000000008c500000| Untracked 
| 198|0x000000008c600000, 0x000000008c600000, 0x000000008c700000|  0%| F|  |TAMS 0x000000008c600000, 0x000000008c600000| Untracked 
| 199|0x000000008c700000, 0x000000008c700000, 0x000000008c800000|  0%| F|  |TAMS 0x000000008c700000, 0x000000008c700000| Untracked 
| 200|0x000000008c800000, 0x000000008c800000, 0x000000008c900000|  0%| F|  |TAMS 0x000000008c800000, 0x000000008c800000| Untracked 
| 201|0x000000008c900000, 0x000000008c900000, 0x000000008ca00000|  0%| F|  |TAMS 0x000000008c900000, 0x000000008c900000| Untracked 
| 202|0x000000008ca00000, 0x000000008ca00000, 0x000000008cb00000|  0%| F|  |TAMS 0x000000008ca00000, 0x000000008ca00000| Untracked 
| 203|0x000000008cb00000, 0x000000008cb00000, 0x000000008cc00000|  0%| F|  |TAMS 0x000000008cb00000, 0x000000008cb00000| Untracked 
| 204|0x000000008cc00000, 0x000000008cc00000, 0x000000008cd00000|  0%| F|  |TAMS 0x000000008cc00000, 0x000000008cc00000| Untracked 
| 205|0x000000008cd00000, 0x000000008cd00000, 0x000000008ce00000|  0%| F|  |TAMS 0x000000008cd00000, 0x000000008cd00000| Untracked 
| 206|0x000000008ce00000, 0x000000008ce00000, 0x000000008cf00000|  0%| F|  |TAMS 0x000000008ce00000, 0x000000008ce00000| Untracked 
| 207|0x000000008cf00000, 0x000000008cf00000, 0x000000008d000000|  0%| F|  |TAMS 0x000000008cf00000, 0x000000008cf00000| Untracked 
| 208|0x000000008d000000, 0x000000008d000000, 0x000000008d100000|  0%| F|  |TAMS 0x000000008d000000, 0x000000008d000000| Untracked 
| 209|0x000000008d100000, 0x000000008d100000, 0x000000008d200000|  0%| F|  |TAMS 0x000000008d100000, 0x000000008d100000| Untracked 
| 210|0x000000008d200000, 0x000000008d200000, 0x000000008d300000|  0%| F|  |TAMS 0x000000008d200000, 0x000000008d200000| Untracked 
| 211|0x000000008d300000, 0x000000008d300000, 0x000000008d400000|  0%| F|  |TAMS 0x000000008d300000, 0x000000008d300000| Untracked 
| 212|0x000000008d400000, 0x000000008d400000, 0x000000008d500000|  0%| F|  |TAMS 0x000000008d400000, 0x000000008d400000| Untracked 
| 213|0x000000008d500000, 0x000000008d500000, 0x000000008d600000|  0%| F|  |TAMS 0x000000008d500000, 0x000000008d500000| Untracked 
| 214|0x000000008d600000, 0x000000008d600000, 0x000000008d700000|  0%| F|  |TAMS 0x000000008d600000, 0x000000008d600000| Untracked 
| 215|0x000000008d700000, 0x000000008d700000, 0x000000008d800000|  0%| F|  |TAMS 0x000000008d700000, 0x000000008d700000| Untracked 
| 216|0x000000008d800000, 0x000000008d800000, 0x000000008d900000|  0%| F|  |TAMS 0x000000008d800000, 0x000000008d800000| Untracked 
| 217|0x000000008d900000, 0x000000008d900000, 0x000000008da00000|  0%| F|  |TAMS 0x000000008d900000, 0x000000008d900000| Untracked 
| 218|0x000000008da00000, 0x000000008da00000, 0x000000008db00000|  0%| F|  |TAMS 0x000000008da00000, 0x000000008da00000| Untracked 
| 219|0x000000008db00000, 0x000000008db00000, 0x000000008dc00000|  0%| F|  |TAMS 0x000000008db00000, 0x000000008db00000| Untracked 
| 220|0x000000008dc00000, 0x000000008dc00000, 0x000000008dd00000|  0%| F|  |TAMS 0x000000008dc00000, 0x000000008dc00000| Untracked 
| 221|0x000000008dd00000, 0x000000008dd00000, 0x000000008de00000|  0%| F|  |TAMS 0x000000008dd00000, 0x000000008dd00000| Untracked 
| 222|0x000000008de00000, 0x000000008de00000, 0x000000008df00000|  0%| F|  |TAMS 0x000000008de00000, 0x000000008de00000| Untracked 
| 223|0x000000008df00000, 0x000000008df00000, 0x000000008e000000|  0%| F|  |TAMS 0x000000008df00000, 0x000000008df00000| Untracked 
| 224|0x000000008e000000, 0x000000008e000000, 0x000000008e100000|  0%| F|  |TAMS 0x000000008e000000, 0x000000008e000000| Untracked 
| 225|0x000000008e100000, 0x000000008e100000, 0x000000008e200000|  0%| F|  |TAMS 0x000000008e100000, 0x000000008e100000| Untracked 
| 226|0x000000008e200000, 0x000000008e200000, 0x000000008e300000|  0%| F|  |TAMS 0x000000008e200000, 0x000000008e200000| Untracked 
| 227|0x000000008e300000, 0x000000008e300000, 0x000000008e400000|  0%| F|  |TAMS 0x000000008e300000, 0x000000008e300000| Untracked 
| 228|0x000000008e400000, 0x000000008e400000, 0x000000008e500000|  0%| F|  |TAMS 0x000000008e400000, 0x000000008e400000| Untracked 
| 229|0x000000008e500000, 0x000000008e500000, 0x000000008e600000|  0%| F|  |TAMS 0x000000008e500000, 0x000000008e500000| Untracked 
| 230|0x000000008e600000, 0x000000008e600000, 0x000000008e700000|  0%| F|  |TAMS 0x000000008e600000, 0x000000008e600000| Untracked 
| 231|0x000000008e700000, 0x000000008e700000, 0x000000008e800000|  0%| F|  |TAMS 0x000000008e700000, 0x000000008e700000| Untracked 
| 232|0x000000008e800000, 0x000000008e800000, 0x000000008e900000|  0%| F|  |TAMS 0x000000008e800000, 0x000000008e800000| Untracked 
| 233|0x000000008e900000, 0x000000008e900000, 0x000000008ea00000|  0%| F|  |TAMS 0x000000008e900000, 0x000000008e900000| Untracked 
| 234|0x000000008ea00000, 0x000000008ea00000, 0x000000008eb00000|  0%| F|  |TAMS 0x000000008ea00000, 0x000000008ea00000| Untracked 
| 235|0x000000008eb00000, 0x000000008eb00000, 0x000000008ec00000|  0%| F|  |TAMS 0x000000008eb00000, 0x000000008eb00000| Untracked 
| 236|0x000000008ec00000, 0x000000008ec00000, 0x000000008ed00000|  0%| F|  |TAMS 0x000000008ec00000, 0x000000008ec00000| Untracked 
| 237|0x000000008ed00000, 0x000000008ed00000, 0x000000008ee00000|  0%| F|  |TAMS 0x000000008ed00000, 0x000000008ed00000| Untracked 
| 238|0x000000008ee00000, 0x000000008ee00000, 0x000000008ef00000|  0%| F|  |TAMS 0x000000008ee00000, 0x000000008ee00000| Untracked 
| 239|0x000000008ef00000, 0x000000008ef00000, 0x000000008f000000|  0%| F|  |TAMS 0x000000008ef00000, 0x000000008ef00000| Untracked 
| 240|0x000000008f000000, 0x000000008f000000, 0x000000008f100000|  0%| F|  |TAMS 0x000000008f000000, 0x000000008f000000| Untracked 
| 241|0x000000008f100000, 0x000000008f100000, 0x000000008f200000|  0%| F|  |TAMS 0x000000008f100000, 0x000000008f100000| Untracked 
| 242|0x000000008f200000, 0x000000008f200000, 0x000000008f300000|  0%| F|  |TAMS 0x000000008f200000, 0x000000008f200000| Untracked 
| 243|0x000000008f300000, 0x000000008f300000, 0x000000008f400000|  0%| F|  |TAMS 0x000000008f300000, 0x000000008f300000| Untracked 
| 244|0x000000008f400000, 0x000000008f400000, 0x000000008f500000|  0%| F|  |TAMS 0x000000008f400000, 0x000000008f400000| Untracked 
| 245|0x000000008f500000, 0x000000008f500000, 0x000000008f600000|  0%| F|  |TAMS 0x000000008f500000, 0x000000008f500000| Untracked 
| 246|0x000000008f600000, 0x000000008f600000, 0x000000008f700000|  0%| F|  |TAMS 0x000000008f600000, 0x000000008f600000| Untracked 
| 247|0x000000008f700000, 0x000000008f700000, 0x000000008f800000|  0%| F|  |TAMS 0x000000008f700000, 0x000000008f700000| Untracked 
| 248|0x000000008f800000, 0x000000008f800000, 0x000000008f900000|  0%| F|  |TAMS 0x000000008f800000, 0x000000008f800000| Untracked 
| 249|0x000000008f900000, 0x000000008f900000, 0x000000008fa00000|  0%| F|  |TAMS 0x000000008f900000, 0x000000008f900000| Untracked 
| 250|0x000000008fa00000, 0x000000008fa00000, 0x000000008fb00000|  0%| F|  |TAMS 0x000000008fa00000, 0x000000008fa00000| Untracked 
| 251|0x000000008fb00000, 0x000000008fb00000, 0x000000008fc00000|  0%| F|  |TAMS 0x000000008fb00000, 0x000000008fb00000| Untracked 
| 252|0x000000008fc00000, 0x000000008fc00000, 0x000000008fd00000|  0%| F|  |TAMS 0x000000008fc00000, 0x000000008fc00000| Untracked 
| 253|0x000000008fd00000, 0x000000008fd00000, 0x000000008fe00000|  0%| F|  |TAMS 0x000000008fd00000, 0x000000008fd00000| Untracked 
| 254|0x000000008fe00000, 0x000000008fe00000, 0x000000008ff00000|  0%| F|  |TAMS 0x000000008fe00000, 0x000000008fe00000| Untracked 
| 255|0x000000008ff00000, 0x000000008ff00000, 0x0000000090000000|  0%| F|  |TAMS 0x000000008ff00000, 0x000000008ff00000| Untracked 
| 256|0x0000000090000000, 0x0000000090000000, 0x0000000090100000|  0%| F|  |TAMS 0x0000000090000000, 0x0000000090000000| Untracked 
| 257|0x0000000090100000, 0x0000000090100000, 0x0000000090200000|  0%| F|  |TAMS 0x0000000090100000, 0x0000000090100000| Untracked 
| 258|0x0000000090200000, 0x0000000090200000, 0x0000000090300000|  0%| F|  |TAMS 0x0000000090200000, 0x0000000090200000| Untracked 
| 259|0x0000000090300000, 0x0000000090300000, 0x0000000090400000|  0%| F|  |TAMS 0x0000000090300000, 0x0000000090300000| Untracked 
| 260|0x0000000090400000, 0x0000000090400000, 0x0000000090500000|  0%| F|  |TAMS 0x0000000090400000, 0x0000000090400000| Untracked 
| 261|0x0000000090500000, 0x0000000090500000, 0x0000000090600000|  0%| F|  |TAMS 0x0000000090500000, 0x0000000090500000| Untracked 
| 262|0x0000000090600000, 0x0000000090600000, 0x0000000090700000|  0%| F|  |TAMS 0x0000000090600000, 0x0000000090600000| Untracked 
| 263|0x0000000090700000, 0x0000000090700000, 0x0000000090800000|  0%| F|  |TAMS 0x0000000090700000, 0x0000000090700000| Untracked 
| 264|0x0000000090800000, 0x0000000090800000, 0x0000000090900000|  0%| F|  |TAMS 0x0000000090800000, 0x0000000090800000| Untracked 
| 265|0x0000000090900000, 0x0000000090900000, 0x0000000090a00000|  0%| F|  |TAMS 0x0000000090900000, 0x0000000090900000| Untracked 
| 266|0x0000000090a00000, 0x0000000090a00000, 0x0000000090b00000|  0%| F|  |TAMS 0x0000000090a00000, 0x0000000090a00000| Untracked 
| 267|0x0000000090b00000, 0x0000000090b00000, 0x0000000090c00000|  0%| F|  |TAMS 0x0000000090b00000, 0x0000000090b00000| Untracked 
| 268|0x0000000090c00000, 0x0000000090c00000, 0x0000000090d00000|  0%| F|  |TAMS 0x0000000090c00000, 0x0000000090c00000| Untracked 
| 269|0x0000000090d00000, 0x0000000090d00000, 0x0000000090e00000|  0%| F|  |TAMS 0x0000000090d00000, 0x0000000090d00000| Untracked 
| 270|0x0000000090e00000, 0x0000000090e00000, 0x0000000090f00000|  0%| F|  |TAMS 0x0000000090e00000, 0x0000000090e00000| Untracked 
| 271|0x0000000090f00000, 0x0000000090f00000, 0x0000000091000000|  0%| F|  |TAMS 0x0000000090f00000, 0x0000000090f00000| Untracked 
| 272|0x0000000091000000, 0x0000000091000000, 0x0000000091100000|  0%| F|  |TAMS 0x0000000091000000, 0x0000000091000000| Untracked 
| 273|0x0000000091100000, 0x0000000091100000, 0x0000000091200000|  0%| F|  |TAMS 0x0000000091100000, 0x0000000091100000| Untracked 
| 274|0x0000000091200000, 0x0000000091200000, 0x0000000091300000|  0%| F|  |TAMS 0x0000000091200000, 0x0000000091200000| Untracked 
| 275|0x0000000091300000, 0x0000000091300000, 0x0000000091400000|  0%| F|  |TAMS 0x0000000091300000, 0x0000000091300000| Untracked 
| 276|0x0000000091400000, 0x0000000091400000, 0x0000000091500000|  0%| F|  |TAMS 0x0000000091400000, 0x0000000091400000| Untracked 
| 277|0x0000000091500000, 0x0000000091500000, 0x0000000091600000|  0%| F|  |TAMS 0x0000000091500000, 0x0000000091500000| Untracked 
| 278|0x0000000091600000, 0x0000000091600000, 0x0000000091700000|  0%| F|  |TAMS 0x0000000091600000, 0x0000000091600000| Untracked 
| 279|0x0000000091700000, 0x0000000091700000, 0x0000000091800000|  0%| F|  |TAMS 0x0000000091700000, 0x0000000091700000| Untracked 
| 280|0x0000000091800000, 0x0000000091800000, 0x0000000091900000|  0%| F|  |TAMS 0x0000000091800000, 0x0000000091800000| Untracked 
| 281|0x0000000091900000, 0x0000000091900000, 0x0000000091a00000|  0%| F|  |TAMS 0x0000000091900000, 0x0000000091900000| Untracked 
| 282|0x0000000091a00000, 0x0000000091a00000, 0x0000000091b00000|  0%| F|  |TAMS 0x0000000091a00000, 0x0000000091a00000| Untracked 
| 283|0x0000000091b00000, 0x0000000091b00000, 0x0000000091c00000|  0%| F|  |TAMS 0x0000000091b00000, 0x0000000091b00000| Untracked 
| 284|0x0000000091c00000, 0x0000000091c00000, 0x0000000091d00000|  0%| F|  |TAMS 0x0000000091c00000, 0x0000000091c00000| Untracked 
| 285|0x0000000091d00000, 0x0000000091d00000, 0x0000000091e00000|  0%| F|  |TAMS 0x0000000091d00000, 0x0000000091d00000| Untracked 
| 286|0x0000000091e00000, 0x0000000091e00000, 0x0000000091f00000|  0%| F|  |TAMS 0x0000000091e00000, 0x0000000091e00000| Untracked 
| 287|0x0000000091f00000, 0x0000000091f00000, 0x0000000092000000|  0%| F|  |TAMS 0x0000000091f00000, 0x0000000091f00000| Untracked 
| 288|0x0000000092000000, 0x0000000092000000, 0x0000000092100000|  0%| F|  |TAMS 0x0000000092000000, 0x0000000092000000| Untracked 
| 289|0x0000000092100000, 0x0000000092100000, 0x0000000092200000|  0%| F|  |TAMS 0x0000000092100000, 0x0000000092100000| Untracked 
| 290|0x0000000092200000, 0x0000000092200000, 0x0000000092300000|  0%| F|  |TAMS 0x0000000092200000, 0x0000000092200000| Untracked 
| 291|0x0000000092300000, 0x0000000092300000, 0x0000000092400000|  0%| F|  |TAMS 0x0000000092300000, 0x0000000092300000| Untracked 
| 292|0x0000000092400000, 0x0000000092400000, 0x0000000092500000|  0%| F|  |TAMS 0x0000000092400000, 0x0000000092400000| Untracked 
| 293|0x0000000092500000, 0x0000000092500000, 0x0000000092600000|  0%| F|  |TAMS 0x0000000092500000, 0x0000000092500000| Untracked 
| 294|0x0000000092600000, 0x0000000092600000, 0x0000000092700000|  0%| F|  |TAMS 0x0000000092600000, 0x0000000092600000| Untracked 
| 295|0x0000000092700000, 0x0000000092700000, 0x0000000092800000|  0%| F|  |TAMS 0x0000000092700000, 0x0000000092700000| Untracked 
| 296|0x0000000092800000, 0x0000000092800000, 0x0000000092900000|  0%| F|  |TAMS 0x0000000092800000, 0x0000000092800000| Untracked 
| 297|0x0000000092900000, 0x0000000092900000, 0x0000000092a00000|  0%| F|  |TAMS 0x0000000092900000, 0x0000000092900000| Untracked 
| 298|0x0000000092a00000, 0x0000000092a00000, 0x0000000092b00000|  0%| F|  |TAMS 0x0000000092a00000, 0x0000000092a00000| Untracked 
| 299|0x0000000092b00000, 0x0000000092b00000, 0x0000000092c00000|  0%| F|  |TAMS 0x0000000092b00000, 0x0000000092b00000| Untracked 
| 300|0x0000000092c00000, 0x0000000092c00000, 0x0000000092d00000|  0%| F|  |TAMS 0x0000000092c00000, 0x0000000092c00000| Untracked 
| 301|0x0000000092d00000, 0x0000000092d00000, 0x0000000092e00000|  0%| F|  |TAMS 0x0000000092d00000, 0x0000000092d00000| Untracked 
| 302|0x0000000092e00000, 0x0000000092e00000, 0x0000000092f00000|  0%| F|  |TAMS 0x0000000092e00000, 0x0000000092e00000| Untracked 
| 303|0x0000000092f00000, 0x0000000092f00000, 0x0000000093000000|  0%| F|  |TAMS 0x0000000092f00000, 0x0000000092f00000| Untracked 
| 304|0x0000000093000000, 0x0000000093000000, 0x0000000093100000|  0%| F|  |TAMS 0x0000000093000000, 0x0000000093000000| Untracked 
| 305|0x0000000093100000, 0x0000000093100000, 0x0000000093200000|  0%| F|  |TAMS 0x0000000093100000, 0x0000000093100000| Untracked 
| 306|0x0000000093200000, 0x0000000093200000, 0x0000000093300000|  0%| F|  |TAMS 0x0000000093200000, 0x0000000093200000| Untracked 
| 307|0x0000000093300000, 0x0000000093300000, 0x0000000093400000|  0%| F|  |TAMS 0x0000000093300000, 0x0000000093300000| Untracked 
| 308|0x0000000093400000, 0x0000000093400000, 0x0000000093500000|  0%| F|  |TAMS 0x0000000093400000, 0x0000000093400000| Untracked 
| 309|0x0000000093500000, 0x0000000093500000, 0x0000000093600000|  0%| F|  |TAMS 0x0000000093500000, 0x0000000093500000| Untracked 
| 310|0x0000000093600000, 0x0000000093700000, 0x0000000093700000|100%| S|CS|TAMS 0x0000000093600000, 0x0000000093600000| Complete 
| 311|0x0000000093700000, 0x0000000093800000, 0x0000000093800000|100%| S|CS|TAMS 0x0000000093700000, 0x0000000093700000| Complete 
| 312|0x0000000093800000, 0x0000000093800000, 0x0000000093900000|  0%| F|  |TAMS 0x0000000093800000, 0x0000000093800000| Untracked 
| 313|0x0000000093900000, 0x0000000093900000, 0x0000000093a00000|  0%| F|  |TAMS 0x0000000093900000, 0x0000000093900000| Untracked 
| 314|0x0000000093a00000, 0x0000000093a00000, 0x0000000093b00000|  0%| F|  |TAMS 0x0000000093a00000, 0x0000000093a00000| Untracked 
| 315|0x0000000093b00000, 0x0000000093b00000, 0x0000000093c00000|  0%| F|  |TAMS 0x0000000093b00000, 0x0000000093b00000| Untracked 
| 316|0x0000000093c00000, 0x0000000093c00000, 0x0000000093d00000|  0%| F|  |TAMS 0x0000000093c00000, 0x0000000093c00000| Untracked 
| 317|0x0000000093d00000, 0x0000000093d00000, 0x0000000093e00000|  0%| F|  |TAMS 0x0000000093d00000, 0x0000000093d00000| Untracked 
| 318|0x0000000093e00000, 0x0000000093e00000, 0x0000000093f00000|  0%| F|  |TAMS 0x0000000093e00000, 0x0000000093e00000| Untracked 
| 319|0x0000000093f00000, 0x0000000093f00000, 0x0000000094000000|  0%| F|  |TAMS 0x0000000093f00000, 0x0000000093f00000| Untracked 
| 320|0x0000000094000000, 0x0000000094000000, 0x0000000094100000|  0%| F|  |TAMS 0x0000000094000000, 0x0000000094000000| Untracked 
| 321|0x0000000094100000, 0x0000000094100000, 0x0000000094200000|  0%| F|  |TAMS 0x0000000094100000, 0x0000000094100000| Untracked 

Card table byte_map: [0x00000227a3a40000,0x00000227a3e40000] _byte_map_base: 0x00000227a3640000

Marking Bits (Prev, Next): (CMBitMap*) 0x000002278ce7b230, (CMBitMap*) 0x000002278ce7b1f0
 Prev Bits: [0x00000227a6240000, 0x00000227a8240000)
 Next Bits: [0x00000227a4240000, 0x00000227a6240000)

Polling page: 0x000002278c610000

Metaspace:

Usage:
  Non-class:     89.29 MB used.
      Class:     14.44 MB used.
       Both:    103.73 MB used.

Virtual space:
  Non-class space:       96.00 MB reserved,      90.00 MB ( 94%) committed,  12 nodes.
      Class space:      412.00 MB reserved,      15.00 MB (  4%) committed,  1 nodes.
             Both:      508.00 MB reserved,     105.00 MB ( 21%) committed. 

Chunk freelists:
   Non-Class:  1.41 MB
       Class:  911.00 KB
        Both:  2.30 MB

MaxMetaspaceSize: 512.00 MB
CompressedClassSpaceSize: 412.00 MB
Initial GC threshold: 21.00 MB
Current GC threshold: 170.94 MB
CDS: on
MetaspaceReclaimPolicy: balanced
 - commit_granule_bytes: 65536.
 - commit_granule_words: 8192.
 - virtual_space_node_default_size: 1048576.
 - enlarge_chunks_in_place: 1.
 - new_chunks_are_fully_committed: 0.
 - uncommit_free_chunks: 1.
 - use_allocation_guard: 0.
 - handle_deallocations: 1.


Internal statistics:

num_allocs_failed_limit: 15.
num_arena_births: 1580.
num_arena_deaths: 0.
num_vsnodes_births: 13.
num_vsnodes_deaths: 0.
num_space_committed: 1680.
num_space_uncommitted: 0.
num_chunks_returned_to_freelist: 15.
num_chunks_taken_from_freelist: 6427.
num_chunk_merges: 12.
num_chunk_splits: 4121.
num_chunks_enlarged: 2541.
num_purges: 0.
num_inconsistent_stats: 0.

CodeHeap 'non-profiled nmethods': size=120000Kb used=8827Kb max_used=8827Kb free=111172Kb
 bounds [0x000002279c110000, 0x000002279c9b0000, 0x00000227a3640000]
CodeHeap 'profiled nmethods': size=120000Kb used=25925Kb max_used=26405Kb free=94074Kb
 bounds [0x0000022794be0000, 0x00000227965b0000, 0x000002279c110000]
CodeHeap 'non-nmethods': size=5760Kb used=2420Kb max_used=2478Kb free=3340Kb
 bounds [0x0000022794640000, 0x00000227948b0000, 0x0000022794be0000]
 total_blobs=13904 nmethods=12949 adapters=867
 compilation: enabled
              stopped_count=0, restarted_count=0
 full_count=0

Compilation events (20 events):
Event: 254.431 Thread 0x00000227aa6a7d30 nmethod 15349 0x000002279618a990 code [0x000002279618ab60, 0x000002279618af78]
Event: 254.434 Thread 0x00000227aa6a7d30 15350       1       com.android.build.api.variant.impl.SourcesImpl::getKotlin (5 bytes)
Event: 254.435 Thread 0x00000227aa6a7d30 nmethod 15350 0x000002279c9a6b10 code [0x000002279c9a6ca0, 0x000002279c9a6d78]
Event: 254.439 Thread 0x00000227aa6a7d30 15351       1       com.android.build.api.variant.impl.SourcesImpl::getManifestFile (5 bytes)
Event: 254.439 Thread 0x00000227aa6a7d30 nmethod 15351 0x000002279c9a6e10 code [0x000002279c9a6fa0, 0x000002279c9a7078]
Event: 254.439 Thread 0x00000227aa6a7d30 15353       3       com.android.build.gradle.tasks.ProcessLibraryManifest_Decorated::$gradleFactory (13 bytes)
Event: 254.439 Thread 0x00000227aa6a7d30 nmethod 15353 0x000002279618a590 code [0x000002279618a740, 0x000002279618a8e8]
Event: 254.439 Thread 0x00000227aa6a7d30 15352       1       com.android.build.api.variant.impl.SourcesImpl::getManifestOverlayFiles (5 bytes)
Event: 254.439 Thread 0x00000227aa6a7d30 nmethod 15352 0x000002279c9a7110 code [0x000002279c9a72a0, 0x000002279c9a7378]
Event: 254.492 Thread 0x00000227aa6a5330 nmethod 15296 0x000002279c9a7410 code [0x000002279c9a7840, 0x000002279c9abba0]
Event: 254.493 Thread 0x00000227aa6a5330 15348       4       com.google.common.collect.Hashing::smear (19 bytes)
Event: 254.494 Thread 0x00000227aa6a5330 nmethod 15348 0x000002279c9ad410 code [0x000002279c9ad580, 0x000002279c9ad5f8]
Event: 254.494 Thread 0x00000227aa6a5330 15324       4       org.gradle.api.internal.provider.DefaultProperty::set (32 bytes)
Event: 254.503 Thread 0x00000227aa6a5330 nmethod 15324 0x000002279c9ad710 code [0x000002279c9ad8e0, 0x000002279c9adeb8]
Event: 254.503 Thread 0x00000227aa6a5330 15310       4       it.unimi.dsi.fastutil.objects.ReferenceArrayList::remove (138 bytes)
Event: 254.506 Thread 0x00000227aa6a5330 nmethod 15310 0x000002279c9ae310 code [0x000002279c9ae4a0, 0x000002279c9ae618]
Event: 254.506 Thread 0x00000227aa6a5330 15315       4       kotlin.collections.MapsKt__MapsKt::emptyMap (13 bytes)
Event: 254.507 Thread 0x00000227aa6a5330 nmethod 15315 0x000002279c9ae790 code [0x000002279c9ae900, 0x000002279c9ae958]
Event: 254.507 Thread 0x00000227aa6a5330 15314       4       it.unimi.dsi.fastutil.objects.ReferenceArrayList::add (55 bytes)
Event: 254.509 Thread 0x00000227aa6a5330 nmethod 15314 0x000002279c9aea90 code [0x000002279c9aec20, 0x000002279c9aedf8]

GC Heap History (20 events):
Event: 181.175 GC heap after
{Heap after GC invocations=54 (full 0):
 garbage-first heap   total 233472K, used 118682K [0x0000000080000000, 0x0000000100000000)
  region size 1024K, 12 young (12288K), 12 survivors (12288K)
 Metaspace       used 94953K, committed 95936K, reserved 512000K
  class space    used 13381K, committed 13824K, reserved 421888K
}
Event: 186.420 GC heap before
{Heap before GC invocations=54 (full 0):
 garbage-first heap   total 233472K, used 198554K [0x0000000080000000, 0x0000000100000000)
  region size 1024K, 81 young (82944K), 12 survivors (12288K)
 Metaspace       used 96682K, committed 97792K, reserved 512000K
  class space    used 13547K, committed 14080K, reserved 421888K
}
Event: 186.712 GC heap after
{Heap after GC invocations=55 (full 0):
 garbage-first heap   total 233472K, used 142627K [0x0000000080000000, 0x0000000100000000)
  region size 1024K, 11 young (11264K), 11 survivors (11264K)
 Metaspace       used 96682K, committed 97792K, reserved 512000K
  class space    used 13547K, committed 14080K, reserved 421888K
}
Event: 190.334 GC heap before
{Heap before GC invocations=55 (full 0):
 garbage-first heap   total 233472K, used 187683K [0x0000000080000000, 0x0000000100000000)
  region size 1024K, 56 young (57344K), 11 survivors (11264K)
 Metaspace       used 97658K, committed 98816K, reserved 512000K
  class space    used 13663K, committed 14208K, reserved 421888K
}
Event: 190.521 GC heap after
{Heap after GC invocations=56 (full 0):
 garbage-first heap   total 286720K, used 154112K [0x0000000080000000, 0x0000000100000000)
  region size 1024K, 7 young (7168K), 7 survivors (7168K)
 Metaspace       used 97658K, committed 98816K, reserved 512000K
  class space    used 13663K, committed 14208K, reserved 421888K
}
Event: 204.598 GC heap before
{Heap before GC invocations=56 (full 0):
 garbage-first heap   total 286720K, used 214528K [0x0000000080000000, 0x0000000100000000)
  region size 1024K, 66 young (67584K), 7 survivors (7168K)
 Metaspace       used 98469K, committed 99648K, reserved 512000K
  class space    used 13759K, committed 14336K, reserved 421888K
}
Event: 204.883 GC heap after
{Heap after GC invocations=57 (full 0):
 garbage-first heap   total 286720K, used 167424K [0x0000000080000000, 0x0000000100000000)
  region size 1024K, 9 young (9216K), 9 survivors (9216K)
 Metaspace       used 98469K, committed 99648K, reserved 512000K
  class space    used 13759K, committed 14336K, reserved 421888K
}
Event: 211.890 GC heap before
{Heap before GC invocations=57 (full 0):
 garbage-first heap   total 286720K, used 194048K [0x0000000080000000, 0x0000000100000000)
  region size 1024K, 36 young (36864K), 9 survivors (9216K)
 Metaspace       used 98640K, committed 99776K, reserved 512000K
  class space    used 13786K, committed 14336K, reserved 421888K
}
Event: 212.137 GC heap after
{Heap after GC invocations=58 (full 0):
 garbage-first heap   total 286720K, used 174590K [0x0000000080000000, 0x0000000100000000)
  region size 1024K, 5 young (5120K), 5 survivors (5120K)
 Metaspace       used 98640K, committed 99776K, reserved 512000K
  class space    used 13786K, committed 14336K, reserved 421888K
}
Event: 226.005 GC heap before
{Heap before GC invocations=59 (full 0):
 garbage-first heap   total 319488K, used 217598K [0x0000000080000000, 0x0000000100000000)
  region size 1024K, 48 young (49152K), 5 survivors (5120K)
 Metaspace       used 100318K, committed 101632K, reserved 512000K
  class space    used 13985K, committed 14592K, reserved 421888K
}
Event: 226.220 GC heap after
{Heap after GC invocations=60 (full 0):
 garbage-first heap   total 319488K, used 180224K [0x0000000080000000, 0x0000000100000000)
  region size 1024K, 6 young (6144K), 6 survivors (6144K)
 Metaspace       used 100318K, committed 101632K, reserved 512000K
  class space    used 13985K, committed 14592K, reserved 421888K
}
Event: 227.038 GC heap before
{Heap before GC invocations=60 (full 0):
 garbage-first heap   total 319488K, used 188416K [0x0000000080000000, 0x0000000100000000)
  region size 1024K, 15 young (15360K), 6 survivors (6144K)
 Metaspace       used 100323K, committed 101632K, reserved 512000K
  class space    used 13985K, committed 14592K, reserved 421888K
}
Event: 227.265 GC heap after
{Heap after GC invocations=61 (full 0):
 garbage-first heap   total 319488K, used 179754K [0x0000000080000000, 0x0000000100000000)
  region size 1024K, 2 young (2048K), 2 survivors (2048K)
 Metaspace       used 100323K, committed 101632K, reserved 512000K
  class space    used 13985K, committed 14592K, reserved 421888K
}
Event: 239.419 GC heap before
{Heap before GC invocations=61 (full 0):
 garbage-first heap   total 319488K, used 225834K [0x0000000080000000, 0x0000000100000000)
  region size 1024K, 46 young (47104K), 2 survivors (2048K)
 Metaspace       used 101336K, committed 102656K, reserved 512000K
  class space    used 14116K, committed 14720K, reserved 421888K
}
Event: 239.540 GC heap after
{Heap after GC invocations=62 (full 0):
 garbage-first heap   total 319488K, used 189762K [0x0000000080000000, 0x0000000100000000)
  region size 1024K, 6 young (6144K), 6 survivors (6144K)
 Metaspace       used 101336K, committed 102656K, reserved 512000K
  class space    used 14116K, committed 14720K, reserved 421888K
}
Event: 242.396 GC heap before
{Heap before GC invocations=62 (full 0):
 garbage-first heap   total 319488K, used 215362K [0x0000000080000000, 0x0000000100000000)
  region size 1024K, 31 young (31744K), 6 survivors (6144K)
 Metaspace       used 103294K, committed 104576K, reserved 520192K
  class space    used 14435K, committed 15040K, reserved 421888K
}
Event: 242.480 GC heap after
{Heap after GC invocations=63 (full 0):
 garbage-first heap   total 319488K, used 191448K [0x0000000080000000, 0x0000000100000000)
  region size 1024K, 2 young (2048K), 2 survivors (2048K)
 Metaspace       used 103294K, committed 104576K, reserved 520192K
  class space    used 14435K, committed 15040K, reserved 421888K
}
Event: 252.994 GC heap before
{Heap before GC invocations=64 (full 0):
 garbage-first heap   total 329728K, used 240600K [0x0000000080000000, 0x0000000100000000)
  region size 1024K, 51 young (52224K), 2 survivors (2048K)
 Metaspace       used 106055K, committed 107392K, reserved 520192K
  class space    used 14779K, committed 15360K, reserved 421888K
}
Event: 253.187 GC heap after
{Heap after GC invocations=65 (full 0):
 garbage-first heap   total 329728K, used 194980K [0x0000000080000000, 0x0000000100000000)
  region size 1024K, 6 young (6144K), 6 survivors (6144K)
 Metaspace       used 106055K, committed 107392K, reserved 520192K
  class space    used 14779K, committed 15360K, reserved 421888K
}
Event: 254.515 GC heap before
{Heap before GC invocations=65 (full 0):
 garbage-first heap   total 329728K, used 205220K [0x0000000080000000, 0x0000000100000000)
  region size 1024K, 16 young (16384K), 6 survivors (6144K)
 Metaspace       used 106222K, committed 107520K, reserved 520192K
  class space    used 14790K, committed 15360K, reserved 421888K
}

Deoptimization events (20 events):
Event: 252.644 Thread 0x00000227ac6dafb0 Uncommon trap: trap_request=0xffffffc6 fr.pc=0x000002279c8f6198 relative=0x0000000000000a98
Event: 252.644 Thread 0x00000227ac6dafb0 Uncommon trap: reason=bimorphic_or_optimized_type_check action=maybe_recompile pc=0x000002279c8f6198 method=org.gradle.internal.component.model.DefaultAttributeMatcher$CachedQuery.from(Lorg/gradle/api/internal/attributes/ImmutableAttributes;Ljava/util/Lis
Event: 252.644 Thread 0x00000227ac6dafb0 DEOPT PACKING pc=0x000002279c8f6198 sp=0x0000009088bfa120
Event: 252.644 Thread 0x00000227ac6dafb0 DEOPT UNPACKING pc=0x00000227946923a3 sp=0x0000009088bfa100 mode 2
Event: 252.644 Thread 0x00000227ac6dafb0 Uncommon trap: trap_request=0xffffffc6 fr.pc=0x000002279c8f6198 relative=0x0000000000000a98
Event: 252.644 Thread 0x00000227ac6dafb0 Uncommon trap: reason=bimorphic_or_optimized_type_check action=maybe_recompile pc=0x000002279c8f6198 method=org.gradle.internal.component.model.DefaultAttributeMatcher$CachedQuery.from(Lorg/gradle/api/internal/attributes/ImmutableAttributes;Ljava/util/Lis
Event: 252.644 Thread 0x00000227ac6dafb0 DEOPT PACKING pc=0x000002279c8f6198 sp=0x0000009088bfa120
Event: 252.644 Thread 0x00000227ac6dafb0 DEOPT UNPACKING pc=0x00000227946923a3 sp=0x0000009088bfa100 mode 2
Event: 253.199 Thread 0x000002278cf0e2c0 Uncommon trap: trap_request=0xffffff45 fr.pc=0x000002279c7a68b8 relative=0x0000000000000778
Event: 253.199 Thread 0x000002278cf0e2c0 Uncommon trap: reason=unstable_if action=reinterpret pc=0x000002279c7a68b8 method=java.lang.ThreadLocal.remove()V @ 9 c2
Event: 253.199 Thread 0x000002278cf0e2c0 DEOPT PACKING pc=0x000002279c7a68b8 sp=0x00000090877fefa0
Event: 253.199 Thread 0x000002278cf0e2c0 DEOPT UNPACKING pc=0x00000227946923a3 sp=0x00000090877fef68 mode 2
Event: 253.694 Thread 0x00000227ac6dafb0 Uncommon trap: trap_request=0xffffff45 fr.pc=0x000002279c725ad0 relative=0x0000000000000210
Event: 253.695 Thread 0x00000227ac6dafb0 Uncommon trap: reason=unstable_if action=reinterpret pc=0x000002279c725ad0 method=it.unimi.dsi.fastutil.objects.ReferenceOpenHashSet.add(Ljava/lang/Object;)Z @ 74 c2
Event: 253.696 Thread 0x00000227ac6dafb0 DEOPT PACKING pc=0x000002279c725ad0 sp=0x0000009088bf7bf0
Event: 253.696 Thread 0x00000227ac6dafb0 DEOPT UNPACKING pc=0x00000227946923a3 sp=0x0000009088bf7b38 mode 2
Event: 253.705 Thread 0x00000227ac6dafb0 Uncommon trap: trap_request=0xffffff45 fr.pc=0x000002279c785eb4 relative=0x0000000000000554
Event: 253.708 Thread 0x00000227ac6dafb0 Uncommon trap: reason=unstable_if action=reinterpret pc=0x000002279c785eb4 method=it.unimi.dsi.fastutil.objects.ReferenceOpenHashSet.remove(Ljava/lang/Object;)Z @ 85 c2
Event: 253.708 Thread 0x00000227ac6dafb0 DEOPT PACKING pc=0x000002279c785eb4 sp=0x0000009088bf7bf0
Event: 253.709 Thread 0x00000227ac6dafb0 DEOPT UNPACKING pc=0x00000227946923a3 sp=0x0000009088bf7ad8 mode 2

Classes unloaded (0 events):
No events

Classes redefined (0 events):
No events

Internal exceptions (20 events):
Event: 223.149 Thread 0x00000227ac6dafb0 Exception <a 'java/lang/ClassNotFoundException'{0x00000000924ee508}: build_9a8n8v3uzdviejbmmv4owvtqbBeanInfo> (0x00000000924ee508) 
thrown [t:\workspace\open\src\hotspot\share\classfile\systemDictionary.cpp, line 256]
Event: 223.150 Thread 0x00000227ac6dafb0 Exception <a 'java/lang/ClassNotFoundException'{0x00000000924f4e68}: build_9a8n8v3uzdviejbmmv4owvtqbCustomizer> (0x00000000924f4e68) 
thrown [t:\workspace\open\src\hotspot\share\classfile\systemDictionary.cpp, line 256]
Event: 228.727 Thread 0x00000227ac6dafb0 Exception <a 'java/lang/ClassNotFoundException'{0x0000000092ff44e0}: build_9a8n8v3uzdviejbmmv4owvtqbBeanInfo> (0x0000000092ff44e0) 
thrown [t:\workspace\open\src\hotspot\share\classfile\systemDictionary.cpp, line 256]
Event: 228.760 Thread 0x00000227ac6dafb0 Exception <a 'java/lang/ClassNotFoundException'{0x0000000092ffade0}: build_9a8n8v3uzdviejbmmv4owvtqbCustomizer> (0x0000000092ffade0) 
thrown [t:\workspace\open\src\hotspot\share\classfile\systemDictionary.cpp, line 256]
Event: 231.840 Thread 0x00000227ac6dafb0 Exception <a 'java/lang/ClassNotFoundException'{0x00000000926c3148}: build_9a8n8v3uzdviejbmmv4owvtqb$_run_closure1BeanInfo> (0x00000000926c3148) 
thrown [t:\workspace\open\src\hotspot\share\classfile\systemDictionary.cpp, line 256]
Event: 231.905 Thread 0x00000227ac6dafb0 Exception <a 'java/lang/ClassNotFoundException'{0x00000000926ceb38}: build_9a8n8v3uzdviejbmmv4owvtqb$_run_closure1Customizer> (0x00000000926ceb38) 
thrown [t:\workspace\open\src\hotspot\share\classfile\systemDictionary.cpp, line 256]
Event: 239.328 Thread 0x00000227ac6dafb0 Implicit null exception at 0x000002279c3f165a to 0x000002279c3f2514
Event: 239.331 Thread 0x00000227ac6dafb0 Implicit null exception at 0x000002279c492c10 to 0x000002279c492ce8
Event: 239.404 Thread 0x00000227ac6dafb0 Implicit null exception at 0x000002279c688639 to 0x000002279c688774
Event: 239.555 Thread 0x00000227ac6dafb0 Implicit null exception at 0x000002279c64b1ce to 0x000002279c64bbac
Event: 239.584 Thread 0x00000227ac6dafb0 Implicit null exception at 0x000002279c784615 to 0x000002279c784f88
Event: 239.585 Thread 0x00000227ac6dafb0 Implicit null exception at 0x000002279c797fb9 to 0x000002279c7980f4
Event: 241.634 Thread 0x00000227ac6dafb0 Exception <a 'java/lang/NullPointerException'{0x00000000925b19b0}> (0x00000000925b19b0) 
thrown [t:\workspace\open\src\hotspot\share\interpreter\linkResolver.cpp, line 1440]
Event: 242.628 Thread 0x00000227ac6dafb0 Implicit null exception at 0x000002279c57ba10 to 0x000002279c57c0a0
Event: 242.876 Thread 0x00000227ac6dafb0 Implicit null exception at 0x000002279c26f5ed to 0x000002279c26fbb4
Event: 245.923 Thread 0x00000227ac6dafb0 Exception <a 'sun/nio/fs/WindowsException'{0x000000009390a1e8}> (0x000000009390a1e8) 
thrown [t:\workspace\open\src\hotspot\share\prims\jni.cpp, line 516]
Event: 245.931 Thread 0x00000227ac6dafb0 Exception <a 'sun/nio/fs/WindowsException'{0x000000009390b828}> (0x000000009390b828) 
thrown [t:\workspace\open\src\hotspot\share\prims\jni.cpp, line 516]
Event: 245.931 Thread 0x00000227ac6dafb0 Exception <a 'sun/nio/fs/WindowsException'{0x000000009390ceb8}> (0x000000009390ceb8) 
thrown [t:\workspace\open\src\hotspot\share\prims\jni.cpp, line 516]
Event: 245.931 Thread 0x00000227ac6dafb0 Exception <a 'sun/nio/fs/WindowsException'{0x000000009390e548}> (0x000000009390e548) 
thrown [t:\workspace\open\src\hotspot\share\prims\jni.cpp, line 516]
Event: 253.198 Thread 0x000002278cf0e2c0 Implicit null exception at 0x000002279c7a617d to 0x000002279c7a68a8

VM Operations (20 events):
Event: 245.737 Executing VM operation: Cleanup done
Event: 246.618 Executing VM operation: G1Concurrent
Event: 246.646 Executing VM operation: G1Concurrent done
Event: 247.647 Executing VM operation: Cleanup
Event: 247.663 Executing VM operation: Cleanup done
Event: 248.695 Executing VM operation: Cleanup
Event: 248.701 Executing VM operation: Cleanup done
Event: 249.702 Executing VM operation: Cleanup
Event: 249.721 Executing VM operation: Cleanup done
Event: 250.723 Executing VM operation: Cleanup
Event: 250.723 Executing VM operation: Cleanup done
Event: 251.738 Executing VM operation: Cleanup
Event: 251.738 Executing VM operation: Cleanup done
Event: 252.753 Executing VM operation: Cleanup
Event: 252.805 Executing VM operation: Cleanup done
Event: 252.983 Executing VM operation: G1CollectForAllocation
Event: 253.188 Executing VM operation: G1CollectForAllocation done
Event: 254.195 Executing VM operation: Cleanup
Event: 254.197 Executing VM operation: Cleanup done
Event: 254.511 Executing VM operation: G1CollectForAllocation

Events (20 events):
Event: 245.560 loading class java/util/regex/Pattern$Neg
Event: 245.563 loading class java/util/regex/Pattern$Neg done
Event: 245.796 loading class javax/xml/datatype/DatatypeConfigurationException
Event: 245.797 loading class javax/xml/datatype/DatatypeConfigurationException done
Event: 245.801 loading class jdk/internal/reflect/UnsafeIntegerFieldAccessorImpl
Event: 245.803 loading class jdk/internal/reflect/UnsafeIntegerFieldAccessorImpl done
Event: 245.932 loading class java/util/EnumMap$EntrySet
Event: 245.937 loading class java/util/EnumMap$EntrySet done
Event: 245.938 loading class java/util/EnumMap$EntryIterator
Event: 245.939 loading class java/util/EnumMap$EnumMapIterator
Event: 245.943 loading class java/util/EnumMap$EnumMapIterator done
Event: 245.943 loading class java/util/EnumMap$EntryIterator done
Event: 245.943 loading class java/util/EnumMap$EntryIterator$Entry
Event: 245.944 loading class java/util/EnumMap$EntryIterator$Entry done
Event: 246.056 loading class jdk/internal/reflect/UnsafeBooleanFieldAccessorImpl
Event: 246.059 loading class jdk/internal/reflect/UnsafeBooleanFieldAccessorImpl done
Event: 249.134 loading class java/io/CharArrayWriter
Event: 249.142 loading class java/io/CharArrayWriter done
Event: 249.245 loading class java/io/SequenceInputStream
Event: 249.247 loading class java/io/SequenceInputStream done


Dynamic libraries:
0x00007ff6b2e50000 - 0x00007ff6b2e60000 	C:\Program Files\Java\jdk-17\bin\java.exe
0x00007ff96f770000 - 0x00007ff96f968000 	C:\Windows\SYSTEM32\ntdll.dll
0x00007ff96f3d0000 - 0x00007ff96f491000 	C:\Windows\System32\KERNEL32.DLL
0x00007ff96d090000 - 0x00007ff96d386000 	C:\Windows\System32\KERNELBASE.dll
0x00007ff96d3c0000 - 0x00007ff96d4c0000 	C:\Windows\System32\ucrtbase.dll
0x00007ff959890000 - 0x00007ff9598a8000 	C:\Program Files\Java\jdk-17\bin\jli.dll
0x00007ff9598b0000 - 0x00007ff9598ca000 	C:\Program Files\Java\jdk-17\bin\VCRUNTIME140.dll
0x00007ff96df70000 - 0x00007ff96e020000 	C:\Windows\System32\ADVAPI32.dll
0x00007ff96d9c0000 - 0x00007ff96da5e000 	C:\Windows\System32\msvcrt.dll
0x00007ff96f4a0000 - 0x00007ff96f540000 	C:\Windows\System32\sechost.dll
0x00007ff96e240000 - 0x00007ff96e363000 	C:\Windows\System32\RPCRT4.dll
0x00007ff96d390000 - 0x00007ff96d3b7000 	C:\Windows\System32\bcrypt.dll
0x00007ff96d800000 - 0x00007ff96d99f000 	C:\Windows\System32\USER32.dll
0x00007ff96d770000 - 0x00007ff96d792000 	C:\Windows\System32\win32u.dll
0x00007ff96eae0000 - 0x00007ff96eb0b000 	C:\Windows\System32\GDI32.dll
0x00007ff95b4c0000 - 0x00007ff95b75a000 	C:\Windows\WinSxS\amd64_microsoft.windows.common-controls_6595b64144ccf1df_6.0.19041.4355_none_60b8b9eb71f62e16\COMCTL32.dll
0x00007ff96d600000 - 0x00007ff96d717000 	C:\Windows\System32\gdi32full.dll
0x00007ff96ce20000 - 0x00007ff96cebd000 	C:\Windows\System32\msvcp_win.dll
0x00007ff962d60000 - 0x00007ff962d6a000 	C:\Windows\SYSTEM32\VERSION.dll
0x00007ff96f380000 - 0x00007ff96f3af000 	C:\Windows\System32\IMM32.DLL
0x00007ff9663c0000 - 0x00007ff9663cc000 	C:\Program Files\Java\jdk-17\bin\vcruntime140_1.dll
0x00007ff950af0000 - 0x00007ff950b7d000 	C:\Program Files\Java\jdk-17\bin\msvcp140.dll
0x00007ff9097f0000 - 0x00007ff90a3ae000 	C:\Program Files\Java\jdk-17\bin\server\jvm.dll
0x00007ff96d9a0000 - 0x00007ff96d9a8000 	C:\Windows\System32\PSAPI.DLL
0x00007ff95b3d0000 - 0x00007ff95b3f7000 	C:\Windows\SYSTEM32\WINMM.dll
0x00007ff95d820000 - 0x00007ff95d829000 	C:\Windows\SYSTEM32\WSOCK32.dll
0x00007ff96ed80000 - 0x00007ff96edeb000 	C:\Windows\System32\WS2_32.dll
0x00007ff96abc0000 - 0x00007ff96abd2000 	C:\Windows\SYSTEM32\kernel.appcore.dll
0x00007ff964c10000 - 0x00007ff964c1a000 	C:\Program Files\Java\jdk-17\bin\jimage.dll
0x00007ff965460000 - 0x00007ff965644000 	C:\Windows\SYSTEM32\DBGHELP.DLL
0x00007ff964eb0000 - 0x00007ff964ee4000 	C:\Windows\SYSTEM32\dbgcore.DLL
0x00007ff96d570000 - 0x00007ff96d5f2000 	C:\Windows\System32\bcryptPrimitives.dll
0x00007ff956b70000 - 0x00007ff956b7e000 	C:\Program Files\Java\jdk-17\bin\instrument.dll
0x00007ff950180000 - 0x00007ff9501a5000 	C:\Program Files\Java\jdk-17\bin\java.dll
0x00007ff9323e0000 - 0x00007ff9324b6000 	C:\Program Files\Java\jdk-17\bin\svml.dll
0x00007ff96e370000 - 0x00007ff96eadc000 	C:\Windows\System32\SHELL32.dll
0x00007ff96aea0000 - 0x00007ff96b63e000 	C:\Windows\SYSTEM32\windows.storage.dll
0x00007ff96dc10000 - 0x00007ff96df63000 	C:\Windows\System32\combase.dll
0x00007ff96c770000 - 0x00007ff96c79e000 	C:\Windows\SYSTEM32\Wldp.dll
0x00007ff96e160000 - 0x00007ff96e22d000 	C:\Windows\System32\OLEAUT32.dll
0x00007ff96e0b0000 - 0x00007ff96e15d000 	C:\Windows\System32\SHCORE.dll
0x00007ff96eb10000 - 0x00007ff96eb65000 	C:\Windows\System32\shlwapi.dll
0x00007ff96cd50000 - 0x00007ff96cd74000 	C:\Windows\SYSTEM32\profapi.dll
0x00007ff950bb0000 - 0x00007ff950bc8000 	C:\Program Files\Java\jdk-17\bin\zip.dll
0x00007ff9594b0000 - 0x00007ff9594c9000 	C:\Program Files\Java\jdk-17\bin\net.dll
0x00007ff963610000 - 0x00007ff96371a000 	C:\Windows\SYSTEM32\WINHTTP.dll
0x00007ff96c4d0000 - 0x00007ff96c53a000 	C:\Windows\system32\mswsock.dll
0x00007ff9511b0000 - 0x00007ff9511c5000 	C:\Program Files\Java\jdk-17\bin\nio.dll
0x00007ff963120000 - 0x00007ff963130000 	C:\Program Files\Java\jdk-17\bin\verify.dll
0x00007ff942720000 - 0x00007ff942747000 	C:\Users\ROHIT\.gradle\native\c067742578af261105cb4f569cf0c3c89f3d7b1fecec35dd04571415982c5e48\windows-amd64\native-platform.dll
0x00007ff92d6e0000 - 0x00007ff92d824000 	C:\Users\ROHIT\.gradle\native\38dada09dfb8b06ba9b0570ebf7e218e3eb74d4ef43ca46872605cf95ebc2f47\windows-amd64\native-platform-file-events.dll
0x00007ff9627e0000 - 0x00007ff9627e9000 	C:\Program Files\Java\jdk-17\bin\management.dll
0x00007ff95a670000 - 0x00007ff95a67b000 	C:\Program Files\Java\jdk-17\bin\management_ext.dll
0x00007ff96c6d0000 - 0x00007ff96c6e8000 	C:\Windows\SYSTEM32\CRYPTSP.dll
0x00007ff96bdf0000 - 0x00007ff96be24000 	C:\Windows\system32\rsaenh.dll
0x00007ff96ccc0000 - 0x00007ff96ccee000 	C:\Windows\SYSTEM32\USERENV.dll
0x00007ff96c6c0000 - 0x00007ff96c6cc000 	C:\Windows\SYSTEM32\CRYPTBASE.dll
0x00007ff96c1b0000 - 0x00007ff96c1eb000 	C:\Windows\SYSTEM32\IPHLPAPI.DLL
0x00007ff96d9b0000 - 0x00007ff96d9b8000 	C:\Windows\System32\NSI.dll
0x00007ff9644c0000 - 0x00007ff9644d7000 	C:\Windows\SYSTEM32\dhcpcsvc6.DLL
0x00007ff964e90000 - 0x00007ff964ead000 	C:\Windows\SYSTEM32\dhcpcsvc.DLL
0x00007ff96c1f0000 - 0x00007ff96c2ba000 	C:\Windows\SYSTEM32\DNSAPI.dll
0x00007ff9569b0000 - 0x00007ff9569be000 	C:\Program Files\Java\jdk-17\bin\sunmscapi.dll
0x00007ff96cec0000 - 0x00007ff96d01e000 	C:\Windows\System32\CRYPT32.dll
0x00007ff96c7e0000 - 0x00007ff96c809000 	C:\Windows\SYSTEM32\ncrypt.dll
0x00007ff96c7a0000 - 0x00007ff96c7db000 	C:\Windows\SYSTEM32\NTASN1.dll
0x00007ff9619a0000 - 0x00007ff9619a7000 	C:\Windows\system32\wshunix.dll
0x00007ff9519e0000 - 0x00007ff9519f7000 	C:\Windows\system32\napinsp.dll
0x00007ff9519c0000 - 0x00007ff9519db000 	C:\Windows\system32\pnrpnsp.dll
0x00007ff9670a0000 - 0x00007ff9670b5000 	C:\Windows\system32\wshbth.dll
0x00007ff966610000 - 0x00007ff96662d000 	C:\Windows\system32\NLAapi.dll
0x00007ff9519a0000 - 0x00007ff9519b2000 	C:\Windows\System32\winrnr.dll
0x0000000068980000 - 0x00000000689a6000 	C:\Program Files\Bonjour\mdnsNSP.dll
0x00007ff964470000 - 0x00007ff96447a000 	C:\Windows\System32\rasadhlp.dll
0x00007ff962470000 - 0x00007ff9624f0000 	C:\Windows\System32\fwpuclnt.dll

dbghelp: loaded successfully - version: 4.0.5 - missing functions: none
symbol engine: initialized successfully - sym options: 0x614 - pdb path: .;C:\Program Files\Java\jdk-17\bin;C:\Windows\SYSTEM32;C:\Windows\WinSxS\amd64_microsoft.windows.common-controls_6595b64144ccf1df_6.0.19041.4355_none_60b8b9eb71f62e16;C:\Program Files\Java\jdk-17\bin\server;C:\Users\ROHIT\.gradle\native\c067742578af261105cb4f569cf0c3c89f3d7b1fecec35dd04571415982c5e48\windows-amd64;C:\Users\ROHIT\.gradle\native\38dada09dfb8b06ba9b0570ebf7e218e3eb74d4ef43ca46872605cf95ebc2f47\windows-amd64;C:\Program Files\Bonjour

VM Arguments:
jvm_args: -XX:MaxMetaspaceSize=512m --add-opens=java.base/java.util=ALL-UNNAMED --add-opens=java.base/java.lang=ALL-UNNAMED --add-opens=java.base/java.lang.invoke=ALL-UNNAMED --add-opens=java.prefs/java.util.prefs=ALL-UNNAMED --add-opens=java.base/java.nio.charset=ALL-UNNAMED --add-opens=java.base/java.net=ALL-UNNAMED --add-opens=java.base/java.util.concurrent.atomic=ALL-UNNAMED -Xmx2048m -Dfile.encoding=windows-1252 -Duser.country=IN -Duser.language=en -Duser.variant -javaagent:C:\Users\ROHIT\.gradle\wrapper\dists\gradle-8.6-all\3mbtmo166bl6vumsh5k2lkq5h\gradle-8.6\lib\agents\gradle-instrumentation-agent-8.6.jar 
java_command: org.gradle.launcher.daemon.bootstrap.GradleDaemon 8.6
java_class_path (initial): C:\Users\ROHIT\.gradle\wrapper\dists\gradle-8.6-all\3mbtmo166bl6vumsh5k2lkq5h\gradle-8.6\lib\gradle-launcher-8.6.jar
Launcher Type: SUN_STANDARD

[Global flags]
     intx CICompilerCount                          = 3                                         {product} {ergonomic}
   size_t CompressedClassSpaceSize                 = 432013312                                 {product} {ergonomic}
     uint ConcGCThreads                            = 1                                         {product} {ergonomic}
     uint G1ConcRefinementThreads                  = 4                                         {product} {ergonomic}
   size_t G1HeapRegionSize                         = 1048576                                   {product} {ergonomic}
    uintx GCDrainStackTargetSize                   = 64                                        {product} {ergonomic}
   size_t InitialHeapSize                          = 67108864                                  {product} {ergonomic}
   size_t MarkStackSize                            = 4194304                                   {product} {ergonomic}
   size_t MaxHeapSize                              = 2147483648                                {product} {command line}
   size_t MaxMetaspaceSize                         = 536870912                                 {product} {command line}
   size_t MaxNewSize                               = 1287651328                                {product} {ergonomic}
   size_t MinHeapDeltaBytes                        = 1048576                                   {product} {ergonomic}
   size_t MinHeapSize                              = 8388608                                   {product} {ergonomic}
    uintx NonNMethodCodeHeapSize                   = 5832780                                {pd product} {ergonomic}
    uintx NonProfiledCodeHeapSize                  = 122912730                              {pd product} {ergonomic}
    uintx ProfiledCodeHeapSize                     = 122912730                              {pd product} {ergonomic}
    uintx ReservedCodeCacheSize                    = 251658240                              {pd product} {ergonomic}
     bool SegmentedCodeCache                       = true                                      {product} {ergonomic}
   size_t SoftMaxHeapSize                          = 2147483648                             {manageable} {ergonomic}
     bool UseCompressedClassPointers               = true                           {product lp64_product} {ergonomic}
     bool UseCompressedOops                        = true                           {product lp64_product} {ergonomic}
     bool UseG1GC                                  = true                                      {product} {ergonomic}
     bool UseLargePagesIndividualAllocation        = false                                  {pd product} {ergonomic}

Logging:
Log output configuration:
 #0: stdout all=warning uptime,level,tags
 #1: stderr all=off uptime,level,tags

Environment Variables:
CLASSPATH=C:\MTS\project\reactnative\newthree\myapp\android\\gradle\wrapper\gradle-wrapper.jar
PATH=C:\MTS\project\reactnative\newthree\myapp\node_modules\.bin;C:\MTS\project\reactnative\newthree\myapp\node_modules\.bin;C:\MTS\project\reactnative\newthree\node_modules\.bin;C:\MTS\project\reactnative\node_modules\.bin;C:\MTS\project\node_modules\.bin;C:\MTS\node_modules\.bin;C:\node_modules\.bin;C:\Users\ROHIT\AppData\Roaming\npm\node_modules\npm\node_modules\@npmcli\run-script\lib\node-gyp-bin;C:\MTS\project\reactnative\newthree\myapp\node_modules\.bin;C:\MTS\project\reactnative\newthree\myapp\node_modules\.bin;C:\MTS\project\reactnative\newthree\node_modules\.bin;C:\MTS\project\reactnative\node_modules\.bin;C:\MTS\project\node_modules\.bin;C:\MTS\node_modules\.bin;C:\node_modules\.bin;C:\Users\ROHIT\AppData\Roaming\npm\node_modules\npm\node_modules\@npmcli\run-script\lib\node-gyp-bin;C:\PROGRAM FILES\COMMON FILES\ORACLE\JAVA\JAVAPATH;C:\PROGRAM FILES\DELL\DW WLAN CARD;C:\PROGRAM FILES (X86)\INTEL\ICLS CLIENT\;C:\PROGRAM FILES\INTEL\ICLS CLIENT\;C:\Windows\SYSTEM32;C:\Windows;C:\Windows\SYSTEM32\WBEM;C:\Windows\SYSTEM32\WINDOWSPOWERSHELL\V1.0\;C:\Windows\SYSTEM32\OPENSSH\;C:\PROGRAM FILES (X86)\INTEL\INTEL(R) MANAGEMENT ENGINE COMPONENTS\DAL;C:\PROGRAM FILES\INTEL\INTEL(R) MANAGEMENT ENGINE COMPONENTS\DAL;C:\PROGRAM FILES (X86)\INTEL\INTEL(R) MANAGEMENT ENGINE COMPONENTS\IPT;C:\PROGRAM FILES\INTEL\INTEL(R) MANAGEMENT ENGINE COMPONENTS\IPT;C:\PROGRAM FILES\DOTNET\;C:\PROGRAM FILES\MYSQL\MYSQL SERVER 8.0\BIN;C:\PROGRAM FILES\JAVA\JDK-17;C:\PROGRAM FILES\JAVA\JDK-17;C:\Program Files\nodejs\;C:\ProgramData\chocolatey\bin;C:\Users\ROHIT\AppData\Local\Android\Sdk\platform-tools;C:\Program Files\MySQL\MySQL Shell 8.0\bin\;C:\Users\ROHIT\AppData\Local\Microsoft\WindowsApps;C:\Users\ROHIT\AppData\Local\Programs\Microsoft VS Code\bin;C:\Users\ROHIT\AppData\Roaming\npm;C:\Users\ROHIT\AppData\Local\Android\Sdk;C:\Users\ROHIT\AppData\Local\Android\Sdk\emulator;C:\Users\ROHIT\AppData\Local\Android\Sdk\platform-tools;C:\Users\ROHIT\AppData\Local\Android\Sdk\tools;C:\Users\ROHI
USERNAME=ROHIT
LANG=en_US.UTF-8
OS=Windows_NT
PROCESSOR_IDENTIFIER=Intel64 Family 6 Model 61 Stepping 4, GenuineIntel



---------------  S Y S T E M  ---------------

OS:
 Windows 10 , 64 bit Build 19041 (10.0.19041.4597)
OS uptime: 4 days 23:28 hours

CPU: total 4 (initial active 4) (2 cores per cpu, 2 threads per core) family 6 model 61 stepping 4 microcode 0x2f, cx8, cmov, fxsr, ht, mmx, 3dnowpref, sse, sse2, sse3, ssse3, sse4.1, sse4.2, popcnt, lzcnt, tsc, tscinvbit, avx, avx2, aes, erms, clmul, bmi1, bmi2, adx, fma, vzeroupper, clflush

Memory: 4k page, system-wide physical 4007M (84M free)
TotalPageFile size 16295M (AvailPageFile size 215M)
current process WorkingSet (physical memory assigned to process): 213M, peak: 344M
current process commit charge ("private bytes"): 673M, peak: 920M

vm_info: Java HotSpot(TM) 64-Bit Server VM (17+35-LTS-2724) for windows-amd64 JRE (17+35-LTS-2724), built on Aug  5 2021 23:28:28 by "mach5one" with MS VC++ 16.8 (VS2019)

END.
